#
# There is insufficient memory for the Java Runtime Environment to continue.
# Native memory allocation (malloc) failed to allocate 303216 bytes for Chunk::new
# Possible reasons:
#   The system is out of physical RAM or swap space
#   In 32 bit mode, the process size limit was hit
# Possible solutions:
#   Reduce memory load on the system
#   Increase physical memory or swap space
#   Check if swap backing store is full
#   Use 64 bit Java on a 64 bit OS
#   Decrease Java heap size (-Xmx/-Xms)
#   Decrease number of Java threads
#   Decrease Java thread stack sizes (-Xss)
#   Set larger code cache with -XX:ReservedCodeCacheSize=
# This output file may be truncated or incomplete.
#
#  Out of Memory Error (allocation.cpp:390), pid=24260, tid=0x0000000000005a14
#
# JRE version: Java(TM) SE Runtime Environment (8.0_191-b12) (build 1.8.0_191-b12)
# Java VM: Java HotSpot(TM) 64-Bit Server VM (25.191-b12 mixed mode windows-amd64 compressed oops)
# Failed to write core dump. Minidumps are not enabled by default on client versions of Windows
#

---------------  T H R E A D  ---------------

Current thread (0x0000000016c94800):  JavaThread "C2 CompilerThread2" daemon [_thread_in_native, id=23060, stack(0x0000000017760000,0x0000000017860000)]

Stack: [0x0000000017760000,0x0000000017860000]
[error occurred during error reporting (printing stack bounds), id 0xc0000005]

Native frames: (J=compiled Java code, j=interpreted, Vv=VM code, C=native code)


Current CompileTask:
C2: 122879 3795   !   4       java.io.PrintStream::write (83 bytes)


---------------  P R O C E S S  ---------------

Java Threads: ( => current thread )
  0x0000000016f73000 JavaThread "Thread-5" [_thread_in_native, id=25444, stack(0x000000001dae0000,0x000000001dbe0000)]
  0x0000000018cc8000 JavaThread "Thread-4" [_thread_in_native, id=17952, stack(0x000000001d9e0000,0x000000001dae0000)]
  0x0000000018cc7800 JavaThread "Thread-3" [_thread_blocked, id=5824, stack(0x000000001d8e0000,0x000000001d9e0000)]
  0x0000000019fcd800 JavaThread "ThreadedStreamConsumer" daemon [_thread_in_native, id=10836, stack(0x000000001d6e0000,0x000000001d7e0000)]
  0x0000000017ff5800 JavaThread "ping-timer-10s" daemon [_thread_blocked, id=14496, stack(0x000000001d5e0000,0x000000001d6e0000)]
  0x0000000018978000 JavaThread "timeout-check-timer" daemon [_thread_blocked, id=17416, stack(0x000000001d4e0000,0x000000001d5e0000)]
  0x0000000017ff1000 JavaThread "resolver-5" daemon [_thread_blocked, id=27160, stack(0x000000001d3e0000,0x000000001d4e0000)]
  0x0000000018117800 JavaThread "resolver-4" daemon [_thread_blocked, id=16076, stack(0x000000001d2e0000,0x000000001d3e0000)]
  0x0000000018116800 JavaThread "resolver-3" daemon [_thread_blocked, id=19144, stack(0x000000001d1e0000,0x000000001d2e0000)]
  0x00000000191e7000 JavaThread "resolver-2" daemon [_thread_blocked, id=11772, stack(0x000000001d0e0000,0x000000001d1e0000)]
  0x00000000191e6800 JavaThread "resolver-1" daemon [_thread_blocked, id=22192, stack(0x000000001caa0000,0x000000001cba0000)]
  0x0000000016d29800 JavaThread "Service Thread" daemon [_thread_blocked, id=23244, stack(0x0000000017960000,0x0000000017a60000)]
  0x0000000016cfa000 JavaThread "C1 CompilerThread3" daemon [_thread_blocked, id=27948, stack(0x0000000017860000,0x0000000017960000)]
=>0x0000000016c94800 JavaThread "C2 CompilerThread2" daemon [_thread_in_native, id=23060, stack(0x0000000017760000,0x0000000017860000)]
  0x0000000016c8f800 JavaThread "C2 CompilerThread1" daemon [_thread_in_native, id=16036, stack(0x0000000017660000,0x0000000017760000)]
  0x0000000016c8b000 JavaThread "C2 CompilerThread0" daemon [_thread_blocked, id=24856, stack(0x0000000017560000,0x0000000017660000)]
  0x0000000016c89000 JavaThread "Attach Listener" daemon [_thread_blocked, id=15184, stack(0x0000000017460000,0x0000000017560000)]
  0x0000000016c87000 JavaThread "Signal Dispatcher" daemon [_thread_blocked, id=6840, stack(0x0000000017360000,0x0000000017460000)]
  0x0000000002698000 JavaThread "Finalizer" daemon [_thread_blocked, id=24688, stack(0x0000000017160000,0x0000000017260000)]
  0x0000000016c80800 JavaThread "Reference Handler" daemon [_thread_blocked, id=9360, stack(0x0000000017060000,0x0000000017160000)]
  0x00000000025a2800 JavaThread "main" [_thread_in_native, id=19884, stack(0x00000000023e0000,0x00000000024e0000)]

Other Threads:
  0x0000000014e79800 VMThread [stack: 0x0000000016b60000,0x0000000016c60000] [id=24880]
  0x0000000016d0f800 WatcherThread [stack: 0x0000000017a60000,0x0000000017b60000] [id=16104]

VM state:not at safepoint (normal execution)

VM Mutex/Monitor currently owned by a thread: None

Heap:
 PSYoungGen      total 29696K, used 2509K [0x00000000ec900000, 0x00000000f0800000, 0x0000000100000000)
  eden space 28160K, 4% used [0x00000000ec900000,0x00000000eca56c48,0x00000000ee480000)
  from space 1536K, 74% used [0x00000000efa80000,0x00000000efb9ca18,0x00000000efc00000)
  to   space 8192K, 0% used [0x00000000f0000000,0x00000000f0000000,0x00000000f0800000)
 ParOldGen       total 40960K, used 18420K [0x00000000c5a00000, 0x00000000c8200000, 0x00000000ec900000)
  object space 40960K, 44% used [0x00000000c5a00000,0x00000000c6bfd220,0x00000000c8200000)
 Metaspace       used 19584K, capacity 20018K, committed 20352K, reserved 1067008K
  class space    used 2199K, capacity 2318K, committed 2432K, reserved 1048576K

Card table byte_map: [0x0000000011a60000,0x0000000011c40000] byte_map_base: 0x0000000011433000

Marking Bits: (ParMarkBitMap*) 0x00000000587f3e30
 Begin Bits: [0x0000000012580000, 0x0000000013418000)
 End Bits:   [0x0000000013418000, 0x00000000142b0000)

Polling page: 0x0000000000b20000

CodeCache: size=245760Kb used=11636Kb max_used=11658Kb free=234123Kb
 bounds [0x00000000026a0000, 0x0000000003220000, 0x00000000116a0000]
 total_blobs=3708 nmethods=3303 adapters=318
 compilation: enabled

Compilation events (10 events):
Event: 122.784 Thread 0x0000000016c94800 nmethod 3793 0x00000000029b9b10 code [0x00000000029b9c60, 0x00000000029ba328]
Event: 122.789 Thread 0x0000000016c8f800 3794       4       java.io.PrintStream::print (9 bytes)
Event: 122.790 Thread 0x0000000016c94800 3795   !   4       java.io.PrintStream::write (83 bytes)
Event: 122.793 Thread 0x0000000016c8b000 nmethod 3791 0x0000000003211590 code [0x0000000003211940, 0x00000000032131f8]
Event: 122.797 Thread 0x0000000016c8b000 3796   !   4       sun.nio.cs.StreamEncoder::write (78 bytes)
Event: 122.819 Thread 0x0000000016c8b000 nmethod 3796 0x0000000002d0ab50 code [0x0000000002d0ace0, 0x0000000002d0b5b8]
Event: 122.826 Thread 0x0000000016c8b000 3797       4       sun.nio.cs.SingleByte$Encoder::encodeLoop (28 bytes)
Event: 122.844 Thread 0x0000000016c8b000 nmethod 3797 0x0000000002b76850 code [0x0000000002b769a0, 0x0000000002b76ff8]
Event: 122.845 Thread 0x0000000016c8b000 3798   !   4       java.io.BufferedWriter::flushBuffer (53 bytes)
Event: 122.850 Thread 0x0000000016c8b000 nmethod 3798 0x0000000002c91050 code [0x0000000002c911a0, 0x0000000002c915a8]

GC Heap History (10 events):
Event: 11.237 GC heap before
{Heap before GC invocations=7 (full 0):
 PSYoungGen      total 35840K, used 35005K [0x00000000ec900000, 0x00000000ef300000, 0x0000000100000000)
  eden space 30208K, 100% used [0x00000000ec900000,0x00000000ee680000,0x00000000ee680000)
  from space 5632K, 85% used [0x00000000eec80000,0x00000000ef12f508,0x00000000ef200000)
  to   space 6144K, 0% used [0x00000000ee680000,0x00000000ee680000,0x00000000eec80000)
 ParOldGen       total 40960K, used 7226K [0x00000000c5a00000, 0x00000000c8200000, 0x00000000ec900000)
  object space 40960K, 17% used [0x00000000c5a00000,0x00000000c610e838,0x00000000c8200000)
 Metaspace       used 15564K, capacity 15790K, committed 16128K, reserved 1062912K
  class space    used 1848K, capacity 1941K, committed 2048K, reserved 1048576K
Event: 11.262 GC heap after
Heap after GC invocations=7 (full 0):
 PSYoungGen      total 36352K, used 4880K [0x00000000ec900000, 0x00000000f1000000, 0x0000000100000000)
  eden space 30208K, 0% used [0x00000000ec900000,0x00000000ec900000,0x00000000ee680000)
  from space 6144K, 79% used [0x00000000ee680000,0x00000000eeb44030,0x00000000eec80000)
  to   space 6144K, 0% used [0x00000000f0a00000,0x00000000f0a00000,0x00000000f1000000)
 ParOldGen       total 40960K, used 8218K [0x00000000c5a00000, 0x00000000c8200000, 0x00000000ec900000)
  object space 40960K, 20% used [0x00000000c5a00000,0x00000000c62068c8,0x00000000c8200000)
 Metaspace       used 15564K, capacity 15790K, committed 16128K, reserved 1062912K
  class space    used 1848K, capacity 1941K, committed 2048K, reserved 1048576K
}
Event: 16.616 GC heap before
{Heap before GC invocations=8 (full 0):
 PSYoungGen      total 36352K, used 35088K [0x00000000ec900000, 0x00000000f1000000, 0x0000000100000000)
  eden space 30208K, 100% used [0x00000000ec900000,0x00000000ee680000,0x00000000ee680000)
  from space 6144K, 79% used [0x00000000ee680000,0x00000000eeb44030,0x00000000eec80000)
  to   space 6144K, 0% used [0x00000000f0a00000,0x00000000f0a00000,0x00000000f1000000)
 ParOldGen       total 40960K, used 8218K [0x00000000c5a00000, 0x00000000c8200000, 0x00000000ec900000)
  object space 40960K, 20% used [0x00000000c5a00000,0x00000000c62068c8,0x00000000c8200000)
 Metaspace       used 16422K, capacity 16812K, committed 16896K, reserved 1064960K
  class space    used 1935K, capacity 2046K, committed 2048K, reserved 1048576K
Event: 16.639 GC heap after
Heap after GC invocations=8 (full 0):
 PSYoungGen      total 35840K, used 6131K [0x00000000ec900000, 0x00000000f1000000, 0x0000000100000000)
  eden space 29696K, 0% used [0x00000000ec900000,0x00000000ec900000,0x00000000ee600000)
  from space 6144K, 99% used [0x00000000f0a00000,0x00000000f0ffcf60,0x00000000f1000000)
  to   space 7168K, 0% used [0x00000000f0200000,0x00000000f0200000,0x00000000f0900000)
 ParOldGen       total 40960K, used 9143K [0x00000000c5a00000, 0x00000000c8200000, 0x00000000ec900000)
  object space 40960K, 22% used [0x00000000c5a00000,0x00000000c62ede78,0x00000000c8200000)
 Metaspace       used 16422K, capacity 16812K, committed 16896K, reserved 1064960K
  class space    used 1935K, capacity 2046K, committed 2048K, reserved 1048576K
}
Event: 18.844 GC heap before
{Heap before GC invocations=9 (full 0):
 PSYoungGen      total 35840K, used 35827K [0x00000000ec900000, 0x00000000f1000000, 0x0000000100000000)
  eden space 29696K, 100% used [0x00000000ec900000,0x00000000ee600000,0x00000000ee600000)
  from space 6144K, 99% used [0x00000000f0a00000,0x00000000f0ffcf60,0x00000000f1000000)
  to   space 7168K, 0% used [0x00000000f0200000,0x00000000f0200000,0x00000000f0900000)
 ParOldGen       total 40960K, used 9143K [0x00000000c5a00000, 0x00000000c8200000, 0x00000000ec900000)
  object space 40960K, 22% used [0x00000000c5a00000,0x00000000c62ede78,0x00000000c8200000)
 Metaspace       used 17088K, capacity 17518K, committed 17792K, reserved 1064960K
  class space    used 1971K, capacity 2089K, committed 2176K, reserved 1048576K
Event: 18.854 GC heap after
Heap after GC invocations=9 (full 0):
 PSYoungGen      total 34816K, used 5216K [0x00000000ec900000, 0x00000000f0a80000, 0x0000000100000000)
  eden space 29184K, 0% used [0x00000000ec900000,0x00000000ec900000,0x00000000ee580000)
  from space 5632K, 92% used [0x00000000f0200000,0x00000000f07180b8,0x00000000f0780000)
  to   space 3072K, 0% used [0x00000000f0780000,0x00000000f0780000,0x00000000f0a80000)
 ParOldGen       total 40960K, used 11191K [0x00000000c5a00000, 0x00000000c8200000, 0x00000000ec900000)
  object space 40960K, 27% used [0x00000000c5a00000,0x00000000c64edea8,0x00000000c8200000)
 Metaspace       used 17088K, capacity 17518K, committed 17792K, reserved 1064960K
  class space    used 1971K, capacity 2089K, committed 2176K, reserved 1048576K
}
Event: 22.109 GC heap before
{Heap before GC invocations=10 (full 0):
 PSYoungGen      total 34816K, used 34400K [0x00000000ec900000, 0x00000000f0a80000, 0x0000000100000000)
  eden space 29184K, 100% used [0x00000000ec900000,0x00000000ee580000,0x00000000ee580000)
  from space 5632K, 92% used [0x00000000f0200000,0x00000000f07180b8,0x00000000f0780000)
  to   space 3072K, 0% used [0x00000000f0780000,0x00000000f0780000,0x00000000f0a80000)
 ParOldGen       total 40960K, used 11191K [0x00000000c5a00000, 0x00000000c8200000, 0x00000000ec900000)
  object space 40960K, 27% used [0x00000000c5a00000,0x00000000c64edea8,0x00000000c8200000)
 Metaspace       used 18474K, capacity 18962K, committed 19200K, reserved 1067008K
  class space    used 2095K, capacity 2222K, committed 2304K, reserved 1048576K
Event: 22.122 GC heap after
Heap after GC invocations=10 (full 0):
 PSYoungGen      total 31744K, used 3072K [0x00000000ec900000, 0x00000000f0a80000, 0x0000000100000000)
  eden space 28672K, 0% used [0x00000000ec900000,0x00000000ec900000,0x00000000ee500000)
  from space 3072K, 100% used [0x00000000f0780000,0x00000000f0a80000,0x00000000f0a80000)
  to   space 8192K, 0% used [0x00000000efa80000,0x00000000efa80000,0x00000000f0280000)
 ParOldGen       total 40960K, used 15636K [0x00000000c5a00000, 0x00000000c8200000, 0x00000000ec900000)
  object space 40960K, 38% used [0x00000000c5a00000,0x00000000c6945220,0x00000000c8200000)
 Metaspace       used 18474K, capacity 18962K, committed 19200K, reserved 1067008K
  class space    used 2095K, capacity 2222K, committed 2304K, reserved 1048576K
}
Event: 78.781 GC heap before
{Heap before GC invocations=11 (full 0):
 PSYoungGen      total 31744K, used 31744K [0x00000000ec900000, 0x00000000f0a80000, 0x0000000100000000)
  eden space 28672K, 100% used [0x00000000ec900000,0x00000000ee500000,0x00000000ee500000)
  from space 3072K, 100% used [0x00000000f0780000,0x00000000f0a80000,0x00000000f0a80000)
  to   space 8192K, 0% used [0x00000000efa80000,0x00000000efa80000,0x00000000f0280000)
 ParOldGen       total 40960K, used 15636K [0x00000000c5a00000, 0x00000000c8200000, 0x00000000ec900000)
  object space 40960K, 38% used [0x00000000c5a00000,0x00000000c6945220,0x00000000c8200000)
 Metaspace       used 19584K, capacity 20018K, committed 20352K, reserved 1067008K
  class space    used 2199K, capacity 2318K, committed 2432K, reserved 1048576K
Event: 78.815 GC heap after
Heap after GC invocations=11 (full 0):
 PSYoungGen      total 29696K, used 1138K [0x00000000ec900000, 0x00000000f0800000, 0x0000000100000000)
  eden space 28160K, 0% used [0x00000000ec900000,0x00000000ec900000,0x00000000ee480000)
  from space 1536K, 74% used [0x00000000efa80000,0x00000000efb9ca18,0x00000000efc00000)
  to   space 8192K, 0% used [0x00000000f0000000,0x00000000f0000000,0x00000000f0800000)
 ParOldGen       total 40960K, used 18420K [0x00000000c5a00000, 0x00000000c8200000, 0x00000000ec900000)
  object space 40960K, 44% used [0x00000000c5a00000,0x00000000c6bfd220,0x00000000c8200000)
 Metaspace       used 19584K, capacity 20018K, committed 20352K, reserved 1067008K
  class space    used 2199K, capacity 2318K, committed 2432K, reserved 1048576K
}

Deoptimization events (10 events):
Event: 23.104 Thread 0x00000000025a2800 Uncommon trap: reason=class_check action=maybe_recompile pc=0x0000000002e21530 method=java.util.Collections$UnmodifiableMap$UnmodifiableEntrySet$1.next()Ljava/util/Map$Entry; @ 8
Event: 23.104 Thread 0x00000000025a2800 Uncommon trap: reason=class_check action=maybe_recompile pc=0x0000000002e3f140 method=java.util.Collections$UnmodifiableMap$UnmodifiableEntrySet$UnmodifiableEntry.getKey()Ljava/lang/Object; @ 4
Event: 23.104 Thread 0x00000000025a2800 Uncommon trap: reason=class_check action=maybe_recompile pc=0x0000000002e3d2c0 method=java.util.Collections$UnmodifiableMap$UnmodifiableEntrySet$UnmodifiableEntry.getValue()Ljava/lang/Object; @ 4
Event: 23.104 Thread 0x00000000025a2800 Uncommon trap: reason=class_check action=maybe_recompile pc=0x0000000002e1ef4c method=java.util.Collections$UnmodifiableMap$UnmodifiableEntrySet$1.hasNext()Z @ 4
Event: 23.104 Thread 0x00000000025a2800 Uncommon trap: reason=class_check action=maybe_recompile pc=0x0000000002e21530 method=java.util.Collections$UnmodifiableMap$UnmodifiableEntrySet$1.next()Ljava/util/Map$Entry; @ 8
Event: 23.104 Thread 0x00000000025a2800 Uncommon trap: reason=class_check action=maybe_recompile pc=0x0000000002e3f140 method=java.util.Collections$UnmodifiableMap$UnmodifiableEntrySet$UnmodifiableEntry.getKey()Ljava/lang/Object; @ 4
Event: 23.104 Thread 0x00000000025a2800 Uncommon trap: reason=class_check action=maybe_recompile pc=0x0000000002e3d2c0 method=java.util.Collections$UnmodifiableMap$UnmodifiableEntrySet$UnmodifiableEntry.getValue()Ljava/lang/Object; @ 4
Event: 24.831 Thread 0x0000000019fcd800 Uncommon trap: reason=unstable_if action=reinterpret pc=0x0000000003063d6c method=java.util.StringTokenizer.nextToken()Ljava/lang/String; @ 5
Event: 35.447 Thread 0x0000000019fcd800 Uncommon trap: reason=unstable_if action=reinterpret pc=0x0000000002db7048 method=java.nio.charset.CharsetDecoder.decode(Ljava/nio/ByteBuffer;Ljava/nio/CharBuffer;Z)Ljava/nio/charset/CoderResult; @ 1
Event: 38.358 Thread 0x0000000018cc8000 Uncommon trap: reason=unstable_if action=reinterpret pc=0x00000000031f5d70 method=java.io.BufferedReader.readLine(Z)Ljava/lang/String; @ 192

Classes redefined (0 events):
No events

Internal exceptions (10 events):
Event: 6.500 Thread 0x00000000025a2800 Exception <a 'java/lang/NullPointerException'> (0x00000000ecb93838) thrown at [C:\re\workspace\8-2-build-windows-amd64-cygwin\jdk8u191\11896\hotspot\src\share\vm\interpreter\linkResolver.cpp, line 1185]
Event: 6.500 Thread 0x00000000025a2800 Exception <a 'java/lang/NullPointerException'> (0x00000000ecb93a50) thrown at [C:\re\workspace\8-2-build-windows-amd64-cygwin\jdk8u191\11896\hotspot\src\share\vm\interpreter\linkResolver.cpp, line 1185]
Event: 8.082 Thread 0x00000000025a2800 Implicit null exception at 0x0000000002c95e23 to 0x0000000002c96fe5
Event: 12.190 Thread 0x00000000025a2800 Implicit null exception at 0x0000000002a56e95 to 0x0000000002a57065
Event: 12.195 Thread 0x00000000025a2800 Implicit null exception at 0x00000000029a606f to 0x00000000029a60d9
Event: 16.255 Thread 0x00000000025a2800 Implicit null exception at 0x0000000002ee103d to 0x0000000002ee143d
Event: 20.519 Thread 0x00000000025a2800 Implicit null exception at 0x0000000002dd8c60 to 0x0000000002dd8cd1
Event: 20.519 Thread 0x00000000025a2800 Implicit null exception at 0x0000000002db5bf0 to 0x0000000002db5c41
Event: 22.036 Thread 0x00000000025a2800 Implicit null exception at 0x0000000002c7f7b7 to 0x0000000002c7f9fd
Event: 22.957 Thread 0x00000000025a2800 Exception <a 'sun/nio/fs/WindowsException'> (0x00000000ee05a910) thrown at [C:\re\workspace\8-2-build-windows-amd64-cygwin\jdk8u191\11896\hotspot\src\share\vm\prims\jni.cpp, line 709]

Events (10 events):
Event: 77.293 Thread 0x0000000019fcd800 DEOPT UNPACKING pc=0x00000000026e7490 sp=0x000000001d7debe8 mode 0
Event: 78.781 Executing VM operation: ParallelGCFailedAllocation
Event: 78.815 Executing VM operation: ParallelGCFailedAllocation done
Event: 86.362 Thread 0x0000000016cfa000 flushing nmethod 0x000000000280ce50
Event: 122.650 Thread 0x0000000016c94800 flushing nmethod 0x00000000029ac8d0
Event: 122.651 Thread 0x0000000016c94800 flushing nmethod 0x00000000029b9650
Event: 122.819 Thread 0x0000000016c8b000 flushing nmethod 0x0000000002b74390
Event: 122.819 Thread 0x0000000016c8b000 flushing nmethod 0x0000000002b765d0
Event: 122.819 Thread 0x0000000016c8b000 flushing nmethod 0x0000000002b86bd0
Event: 122.844 Thread 0x0000000016c8b000 flushing nmethod 0x0000000002bffb10


Dynamic libraries:
0x00007ff742850000 - 0x00007ff742887000 	C:\Program Files\Java\jdk1.8.0_191\bin\java.exe
0x00007ffe98430000 - 0x00007ffe98624000 	C:\WINDOWS\SYSTEM32\ntdll.dll
0x00007ffe96840000 - 0x00007ffe968fd000 	C:\WINDOWS\System32\KERNEL32.DLL
0x00007ffe95fb0000 - 0x00007ffe96277000 	C:\WINDOWS\System32\KERNELBASE.dll
0x00007ffe97870000 - 0x00007ffe9791a000 	C:\WINDOWS\System32\ADVAPI32.dll
0x00007ffe96c80000 - 0x00007ffe96d1e000 	C:\WINDOWS\System32\msvcrt.dll
0x00007ffe981b0000 - 0x00007ffe9824b000 	C:\WINDOWS\System32\sechost.dll
0x00007ffe97460000 - 0x00007ffe97583000 	C:\WINDOWS\System32\RPCRT4.dll
0x00007ffe98250000 - 0x00007ffe983f0000 	C:\WINDOWS\System32\USER32.dll
0x00007ffe95ca0000 - 0x00007ffe95cc2000 	C:\WINDOWS\System32\win32u.dll
0x00007ffe97cf0000 - 0x00007ffe97d1a000 	C:\WINDOWS\System32\GDI32.dll
0x00007ffe96390000 - 0x00007ffe9649a000 	C:\WINDOWS\System32\gdi32full.dll
0x00007ffe95c00000 - 0x00007ffe95c9d000 	C:\WINDOWS\System32\msvcp_win.dll
0x00007ffe95d20000 - 0x00007ffe95e20000 	C:\WINDOWS\System32\ucrtbase.dll
0x00007ffe77640000 - 0x00007ffe778da000 	C:\WINDOWS\WinSxS\amd64_microsoft.windows.common-controls_6595b64144ccf1df_6.0.19041.1_none_b555e41d4684ddec\COMCTL32.dll
0x00007ffe97a60000 - 0x00007ffe97a90000 	C:\WINDOWS\System32\IMM32.DLL
0x000000005a0d0000 - 0x000000005a1a2000 	C:\Program Files\Java\jdk1.8.0_191\jre\bin\msvcr100.dll
0x0000000057fd0000 - 0x0000000058874000 	C:\Program Files\Java\jdk1.8.0_191\jre\bin\server\jvm.dll
0x00007ffe97c80000 - 0x00007ffe97c88000 	C:\WINDOWS\System32\PSAPI.DLL
0x00007ffe73670000 - 0x00007ffe73679000 	C:\WINDOWS\SYSTEM32\WSOCK32.dll
0x00007ffe97800000 - 0x00007ffe9786b000 	C:\WINDOWS\System32\WS2_32.dll
0x00007ffe8a380000 - 0x00007ffe8a3a7000 	C:\WINDOWS\SYSTEM32\WINMM.dll
0x00007ffe8d670000 - 0x00007ffe8d67a000 	C:\WINDOWS\SYSTEM32\VERSION.dll
0x000000005a0c0000 - 0x000000005a0cf000 	C:\Program Files\Java\jdk1.8.0_191\jre\bin\verify.dll
0x000000005a090000 - 0x000000005a0b9000 	C:\Program Files\Java\jdk1.8.0_191\jre\bin\java.dll
0x000000005a070000 - 0x000000005a086000 	C:\Program Files\Java\jdk1.8.0_191\jre\bin\zip.dll
0x00007ffe96d20000 - 0x00007ffe97455000 	C:\WINDOWS\System32\SHELL32.dll
0x00007ffe93aa0000 - 0x00007ffe9422f000 	C:\WINDOWS\SYSTEM32\windows.storage.dll
0x00007ffe96900000 - 0x00007ffe96c53000 	C:\WINDOWS\System32\combase.dll
0x00007ffe95460000 - 0x00007ffe9548b000 	C:\WINDOWS\SYSTEM32\Wldp.dll
0x00007ffe979b0000 - 0x00007ffe97a5e000 	C:\WINDOWS\System32\SHCORE.dll
0x00007ffe97c90000 - 0x00007ffe97ce5000 	C:\WINDOWS\System32\shlwapi.dll
0x00007ffe95ac0000 - 0x00007ffe95adf000 	C:\WINDOWS\SYSTEM32\profapi.dll
0x00007ffe8e540000 - 0x00007ffe8e54a000 	C:\apache-maven-3.6.3-bin\apache-maven-3.6.3\lib\jansi-native\windows64\jansi.dll
0x000000005a050000 - 0x000000005a06a000 	C:\Program Files\Java\jdk1.8.0_191\jre\bin\net.dll
0x00007ffe95250000 - 0x00007ffe952ba000 	C:\WINDOWS\system32\mswsock.dll
0x000000005a030000 - 0x000000005a041000 	C:\Program Files\Java\jdk1.8.0_191\jre\bin\nio.dll
0x000000005a020000 - 0x000000005a02d000 	C:\Program Files\Java\jdk1.8.0_191\jre\bin\management.dll
0x00007ffe6fe70000 - 0x00007ffe6fe87000 	C:\WINDOWS\system32\napinsp.dll
0x00007ffe6fe50000 - 0x00007ffe6fe6b000 	C:\WINDOWS\system32\pnrpnsp.dll
0x00007ffe907a0000 - 0x00007ffe907b5000 	C:\WINDOWS\system32\wshbth.dll
0x00007ffe90fb0000 - 0x00007ffe90fcd000 	C:\WINDOWS\system32\NLAapi.dll
0x00007ffe94f60000 - 0x00007ffe94f9b000 	C:\WINDOWS\SYSTEM32\IPHLPAPI.DLL
0x00007ffe94fa0000 - 0x00007ffe9506a000 	C:\WINDOWS\SYSTEM32\DNSAPI.dll
0x00007ffe97d20000 - 0x00007ffe97d29000 	C:\WINDOWS\System32\NSI.dll
0x00007ffe6fd90000 - 0x00007ffe6fda2000 	C:\WINDOWS\System32\winrnr.dll
0x00007ffe8cad0000 - 0x00007ffe8cada000 	C:\Windows\System32\rasadhlp.dll
0x00007ffe8ca50000 - 0x00007ffe8cacf000 	C:\WINDOWS\System32\fwpuclnt.dll
0x00007ffe95f80000 - 0x00007ffe95fa7000 	C:\WINDOWS\System32\bcrypt.dll
0x00007ffe954a0000 - 0x00007ffe954b8000 	C:\WINDOWS\SYSTEM32\CRYPTSP.dll
0x00007ffe94c00000 - 0x00007ffe94c34000 	C:\WINDOWS\system32\rsaenh.dll
0x00007ffe95a40000 - 0x00007ffe95a6e000 	C:\WINDOWS\SYSTEM32\USERENV.dll
0x00007ffe95b80000 - 0x00007ffe95bff000 	C:\WINDOWS\System32\bcryptprimitives.dll
0x00007ffe953d0000 - 0x00007ffe953dc000 	C:\WINDOWS\SYSTEM32\CRYPTBASE.dll
0x00007ffe8ce60000 - 0x00007ffe8ce77000 	C:\WINDOWS\SYSTEM32\dhcpcsvc6.DLL
0x00007ffe8d990000 - 0x00007ffe8d9ad000 	C:\WINDOWS\SYSTEM32\dhcpcsvc.DLL

VM Arguments:
jvm_args: -Dclassworlds.conf=C:\apache-maven-3.6.3-bin\apache-maven-3.6.3\bin\..\bin\m2.conf -Dmaven.home=C:\apache-maven-3.6.3-bin\apache-maven-3.6.3\bin\.. -Dlibrary.jansi.path=C:\apache-maven-3.6.3-bin\apache-maven-3.6.3\bin\..\lib\jansi-native -Dmaven.multiModuleProjectDirectory=C:\Users\salma\IdeaProjects\My_TestNG-project 
java_command: org.codehaus.plexus.classworlds.launcher.Launcher test -P groupRegression
java_class_path (initial): C:\apache-maven-3.6.3-bin\apache-maven-3.6.3\bin\..\boot\plexus-classworlds-2.6.0.jar
Launcher Type: SUN_STANDARD

Environment Variables:
JAVA_HOME=C:\Program Files\Java\jdk1.8.0_191
PATH=C:\oraclexe\app\oracle\product\11.2.0\server\bin;C:\Program Files (x86)\Common Files\Oracle\Java\javapath;C:\WINDOWS\system32;C:\WINDOWS;C:\WINDOWS\System32\Wbem;C:\WINDOWS\System32\WindowsPowerShell\v1.0\;C:\WINDOWS\System32\OpenSSH\;C:\Program Files\Java\jdk1.8.0_191\bin;C:\Program Files\Microsoft SQL Server\Client SDK\ODBC\130\Tools\Binn\;C:\Program Files (x86)\Microsoft SQL Server\140\Tools\Binn\;C:\Program Files\Microsoft SQL Server\140\Tools\Binn\;C:\Program Files\Microsoft SQL Server\140\DTS\Binn\;C:\Program Files\Liquid Technologies\Liquid Studio 2019\XmlDataBinder17\Redist17\cpp\win32\bin;C:\Program Files\Liquid Technologies\Liquid Studio 2019\XmlDataBinder17\Redist17\cpp\win64\bin;C:\Program Files\Git\cmd;C:\Program Files\Docker\Docker\resources\bin;C:\ProgramData\DockerDesktop\version-bin;C:\apache-maven-3.6.3-bin\apache-maven-3.6.3\bin;C:\Program Files\nodejs\;C:\Program Files\MySQL\MySQL Shell 8.0\bin\;C:\Users\salma\AppData\Local\Programs\Microsoft VS Code\bin;C:\Users\salma\AppData\Local\Microsoft\WindowsApps;C:\Users\salma\AppData\Roaming\npm
USERNAME=salma
OS=Windows_NT
PROCESSOR_IDENTIFIER=AMD64 Family 23 Model 17 Stepping 0, AuthenticAMD



---------------  S Y S T E M  ---------------

OS: Windows 10.0 , 64 bit Build 19041 (10.0.19041.292)

CPU:total 8 (initial active 8) (8 cores per cpu, 1 threads per core) family 23 model 17 stepping 0, cmov, cx8, fxsr, mmx, sse, sse2, sse3, ssse3, sse4.1, sse4.2, popcnt, avx, avx2, aes, clmul, mmxext, 3dnowpref, lzcnt, sse4a, tsc, tscinvbit, tscinv, bmi1

Memory: 4k page, physical 3821944k(119384k free), swap 15356280k(1548k free)

vm_info: Java HotSpot(TM) 64-Bit Server VM (25.191-b12) for windows-amd64 JRE (1.8.0_191-b12), built on Oct  6 2018 09:29:03 by "java_re" with MS VC++ 10.0 (VS2010)

time: Sun Jul 19 00:05:08 2020
elapsed time: 122 seconds (0d 0h 2m 2s)

