15:41:34.446 [TestNG-test=Regression-1] INFO  com.business.Utilities.Base - chrome-headless launched
15:41:34.446 [TestNG-test=Regression-2] INFO  com.business.Utilities.Base - chrome-headless launched
15:41:34.446 [TestNG-test=Regression-4] INFO  com.business.Utilities.Base - chrome-headless launched
15:41:34.446 [TestNG-test=Regression-3] INFO  com.business.Utilities.Base - chrome-headless launched
15:41:38.494 [TestNG-test=Regression-4] INFO  com.business.Utilities.Base - browser closed
15:41:42.205 [TestNG-test=Regression-4] INFO  com.business.Utilities.Base - chrome-headless launched
15:41:43.838 [TestNG-test=Regression-1] INFO  com.business.Utilities.Base - browser closed
15:41:44.647 [TestNG-test=Regression-2] INFO  com.business.Tests.BrushUp - verified editbox contains given value
15:41:45.398 [TestNG-test=Regression-2] INFO  com.business.Utilities.Base - browser closed
15:41:47.232 [TestNG-test=Regression-1] INFO  com.business.Utilities.Base - chrome-headless launched
15:41:48.787 [TestNG-test=Regression-2] INFO  com.business.Utilities.Base - chrome-headless launched
15:41:49.823 [TestNG-test=Regression-3] INFO  com.business.Utilities.Base - browser closed
15:41:53.109 [TestNG-test=Regression-3] INFO  com.business.Utilities.Base - chrome-headless launched
15:41:54.881 [TestNG-test=Regression-2] INFO  com.business.Utilities.Base - browser closed
15:41:58.111 [TestNG-test=Regression-2] INFO  com.business.Utilities.Base - chrome-headless launched
15:42:02.125 [TestNG-test=Regression-4] INFO  com.business.Utilities.Base - browser closed
15:42:03.706 [TestNG-test=Regression-3] INFO  com.business.Utilities.Base - browser closed
15:42:04.100 [TestNG-test=Regression-2] INFO  com.business.Utilities.Base - browser closed
15:42:05.358 [TestNG-test=Regression-4] INFO  com.business.Utilities.Base - chrome-headless launched
15:42:06.943 [TestNG-test=Regression-3] INFO  com.business.Utilities.Base - chrome-headless launched
15:42:07.290 [TestNG-test=Regression-2] INFO  com.business.Utilities.Base - chrome-headless launched
15:42:13.321 [TestNG-test=Regression-2] INFO  com.business.Utilities.Base - browser closed
15:42:16.528 [TestNG-test=Regression-2] INFO  com.business.Utilities.Base - chrome-headless launched
15:42:22.538 [TestNG-test=Regression-2] INFO  com.business.Utilities.Base - browser closed
15:42:25.718 [TestNG-test=Regression-2] INFO  com.business.Utilities.Base - chrome-headless launched
15:42:28.729 [TestNG-test=Regression-2] INFO  com.business.Utilities.Base - browser closed
15:42:31.956 [TestNG-test=Regression-2] INFO  com.business.Utilities.Base - chrome-headless launched
15:42:37.054 [TestNG-test=Regression-2] INFO  com.business.Utilities.Base - browser closed
15:42:40.241 [TestNG-test=Regression-2] INFO  com.business.Utilities.Base - chrome-headless launched
15:42:41.961 [TestNG-test=Regression-2] INFO  com.business.Utilities.Base - browser closed
15:42:45.170 [TestNG-test=Regression-2] INFO  com.business.Utilities.Base - chrome-headless launched
15:42:47.202 [TestNG-test=Regression-2] INFO  com.business.Utilities.Base - browser closed
15:42:49.625 [TestNG-test=Regression-1] INFO  com.business.Tests.Actions_mouse - navigated to website
15:42:49.674 [TestNG-test=Regression-3] INFO  com.business.Utilities.Base - browser closed
15:42:50.330 [TestNG-test=Regression-4] INFO  com.business.Utilities.Base - browser closed
15:42:50.492 [TestNG-test=Regression-2] INFO  com.business.Utilities.Base - chrome-headless launched
15:42:52.870 [TestNG-test=Regression-2] INFO  com.business.Utilities.Base - browser closed
15:42:53.914 [TestNG-test=Regression-4] INFO  com.business.Utilities.Base - chrome-headless launched
15:42:54.728 [TestNG-test=Regression-1] INFO  com.business.Tests.Actions_mouse - switching to the frame
15:42:55.829 [TestNG-test=Regression-1] INFO  com.business.Utilities.Base - browser closed
15:42:56.083 [TestNG-test=Regression-2] INFO  com.business.Utilities.Base - chrome-headless launched
15:42:58.512 [TestNG-test=Regression-2] INFO  com.business.Utilities.Base - browser closed
15:42:59.175 [TestNG-test=Regression-1] INFO  com.business.Utilities.Base - chrome-headless launched
15:43:01.901 [TestNG-test=Regression-2] INFO  com.business.Utilities.Base - chrome-headless launched
15:43:08.211 [TestNG-test=Regression-1] INFO  com.business.Utilities.Base - browser closed
15:43:08.838 [TestNG-test=Regression-4] INFO  com.business.Utilities.Base - browser closed
15:43:10.738 [TestNG-test=Regression-2] INFO  com.business.Utilities.Base - browser closed
15:43:13.113 [TestNG-test=Regression-4] INFO  com.business.Utilities.Base - chrome-headless launched
15:43:13.113 [TestNG-test=Regression-1] INFO  com.business.Utilities.Base - chrome-headless launched
15:43:14.280 [TestNG-test=Regression-2] INFO  com.business.Utilities.Base - chrome-headless launched
15:43:18.936 [TestNG-test=Regression-2] INFO  com.business.Utilities.Base - browser closed
15:43:20.989 [TestNG-test=Regression-3] INFO  com.business.Utilities.Base - chrome-headless launched
15:43:22.232 [TestNG-test=Regression-2] INFO  com.business.Utilities.Base - chrome-headless launched
15:43:25.823 [TestNG-test=Regression-2] INFO  com.business.Utilities.Base - browser closed
15:43:29.145 [TestNG-test=Regression-3] INFO  com.business.Utilities.Base - browser closed
15:43:29.292 [TestNG-test=Regression-2] INFO  com.business.Utilities.Base - chrome-headless launched
15:43:31.924 [TestNG-test=Regression-1] INFO  com.business.Utilities.Base - browser closed
15:43:31.988 [TestNG-test=Regression-4] INFO  com.business.Utilities.Base - browser closed
15:43:32.557 [TestNG-test=Regression-3] INFO  com.business.Utilities.Base - chrome-headless launched
15:43:34.186 [TestNG-test=Regression-3] INFO  com.business.Utilities.Base - browser closed
15:43:36.635 [TestNG-test=Regression-4] INFO  com.business.Tests.JDBC_tasks_using_DBUtils - lastname is Babayev
15:43:37.540 [TestNG-test=Regression-3] INFO  com.business.Utilities.Base - chrome-headless launched
15:43:39.706 [TestNG-test=Regression-3] INFO  com.business.Utilities.Base - browser closed
15:43:42.138 [TestNG-test=Regression-1] INFO  com.business.Utilities.Base - chrome-headless launched
15:43:42.928 [TestNG-test=Regression-3] INFO  com.business.Utilities.Base - chrome-headless launched
15:43:43.366 [TestNG-test=Regression-4] INFO  com.business.Utilities.Base - chrome-headless launched
15:43:49.274 [TestNG-test=Regression-3] INFO  com.business.Utilities.Base - browser closed
15:43:52.122 [TestNG-test=Regression-1] INFO  com.business.Utilities.Base - browser closed
15:43:52.740 [TestNG-test=Regression-3] INFO  com.business.Utilities.Base - chrome-headless launched
15:43:56.196 [TestNG-test=Regression-1] INFO  com.business.Utilities.Base - chrome-headless launched
15:44:35.797 [TestNG-test=Regression-1] INFO  com.business.Utilities.Base - browser closed
15:44:42.461 [TestNG-test=Regression-2] INFO  com.business.Utilities.Base - browser closed
15:44:44.560 [TestNG-test=Regression-1] INFO  com.business.Utilities.Base - chrome-headless launched
15:44:46.533 [TestNG-test=Regression-1] INFO  com.business.Tests.Popup_JS_with_Lof4J - navigated the website
15:44:46.749 [TestNG-test=Regression-1] INFO  com.business.Tests.Popup_JS_with_Lof4J - clicked text generating JS popup
15:44:46.926 [TestNG-test=Regression-2] INFO  com.business.Utilities.Base - chrome-headless launched
15:44:48.786 [TestNG-test=Regression-1] INFO  com.business.Tests.Popup_JS_with_Lof4J - alert presents,alert text is: I am a JS Alert
15:44:50.163 [TestNG-test=Regression-2] INFO  com.business.Utilities.Base - browser closed
15:44:50.961 [TestNG-test=Regression-1] INFO  com.business.Tests.Popup_JS_with_Lof4J - alert presents,alert dismissed
15:44:52.861 [TestNG-test=Regression-1] INFO  com.business.Utilities.Base - browser closed
15:44:54.714 [TestNG-test=Regression-3] INFO  com.business.Utilities.Base - browser closed
15:44:55.354 [TestNG-test=Regression-2] INFO  com.business.Utilities.Base - chrome-headless launched
15:44:57.707 [TestNG-test=Regression-1] INFO  com.business.Utilities.Base - chrome-headless launched
15:45:00.449 [TestNG-test=Regression-2] INFO  com.business.Utilities.Base - browser closed
15:45:00.972 [TestNG-test=Regression-3] INFO  com.business.Utilities.Base - chrome-headless launched
15:45:01.741 [TestNG-test=Regression-3] INFO  com.business.Utilities.Base - browser closed
15:45:02.919 [TestNG-test=Regression-1] INFO  com.business.Utilities.Base - browser closed
15:45:04.427 [TestNG-test=Regression-2] INFO  com.business.Utilities.Base - chrome-headless launched
15:45:05.158 [TestNG-test=Regression-2] INFO  com.business.Utilities.Base - browser closed
15:45:06.044 [TestNG-test=Regression-3] INFO  com.business.Utilities.Base - chrome-headless launched
15:45:06.756 [TestNG-test=Regression-1] INFO  com.business.Utilities.Base - chrome-headless launched
15:45:09.001 [TestNG-test=Regression-2] INFO  com.business.Utilities.Base - chrome-headless launched
15:45:12.695 [TestNG-test=Regression-3] INFO  com.business.Utilities.Base - browser closed
15:45:20.743 [TestNG-test=Regression-3] INFO  com.business.Utilities.Base - chrome-headless launched
15:45:22.798 [TestNG-test=Regression-1] INFO  com.business.Utilities.Base - browser closed
15:45:23.658 [TestNG-test=Regression-3] INFO  com.business.Utilities.Base - browser closed
15:45:26.861 [TestNG-test=Regression-1] INFO  com.business.Utilities.Base - chrome-headless launched
15:45:27.544 [TestNG-test=Regression-3] INFO  com.business.Utilities.Base - chrome-headless launched
15:45:29.585 [TestNG-test=Regression-4] INFO  com.business.Utilities.Base - browser closed
15:45:30.371 [TestNG-test=Regression-3] INFO  com.business.Utilities.Base - browser closed
15:45:32.869 [TestNG-test=Regression-1] INFO  com.business.Utilities.Base - browser closed
15:45:32.891 [TestNG-test=Regression-4] INFO  com.business.Utilities.Base - chrome-headless launched
15:45:33.628 [TestNG-test=Regression-3] INFO  com.business.Utilities.Base - chrome-headless launched
15:45:35.886 [TestNG-test=Regression-3] INFO  com.business.Utilities.Base - browser closed
15:45:36.108 [TestNG-test=Regression-1] INFO  com.business.Utilities.Base - chrome-headless launched
15:45:39.091 [TestNG-test=Regression-3] INFO  com.business.Utilities.Base - chrome-headless launched
15:45:41.349 [TestNG-test=Regression-4] INFO  com.business.Utilities.Base - browser closed
15:45:42.206 [TestNG-test=Regression-3] INFO  com.business.Utilities.Base - browser closed
15:45:44.183 [TestNG-test=Regression-1] INFO  com.business.Utilities.Base - browser closed
15:45:45.379 [TestNG-test=Regression-3] INFO  com.business.Utilities.Base - chrome-headless launched
15:45:47.375 [TestNG-test=Regression-1] INFO  com.business.Utilities.Base - chrome-headless launched
15:45:47.449 [TestNG-test=Regression-3] INFO  com.business.Utilities.Base - browser closed
15:45:50.645 [TestNG-test=Regression-3] INFO  com.business.Utilities.Base - chrome-headless launched
15:45:52.926 [TestNG-test=Regression-3] INFO  com.business.Utilities.Base - browser closed
15:45:55.011 [TestNG-test=Regression-1] INFO  com.business.Utilities.Base - browser closed
15:45:55.089 [TestNG-test=Regression-2] INFO  com.business.Utilities.Base - browser closed
15:45:56.127 [TestNG-test=Regression-3] INFO  com.business.Utilities.Base - chrome-headless launched
15:45:58.047 [TestNG-test=Regression-3] INFO  com.business.Utilities.Base - browser closed
15:46:01.255 [TestNG-test=Regression-3] INFO  com.business.Utilities.Base - chrome-headless launched
15:46:03.048 [TestNG-test=Regression-3] INFO  com.business.Utilities.Base - browser closed
15:50:29.944 [main] INFO  com.business.Utilities.Base - chrome-headless launched
15:50:32.382 [main] INFO  com.business.Tests.Actions_mouse - navigated to website
15:50:37.556 [main] INFO  com.business.Tests.Actions_mouse - switching to the frame
15:50:39.389 [main] INFO  com.business.Utilities.Base - browser closed
15:51:10.047 [main] INFO  com.business.Utilities.Base - chrome launched
15:51:10.746 [main] INFO  com.business.Tests.Actions_mouse - navigated to website
15:51:15.852 [main] INFO  com.business.Tests.Actions_mouse - switching to the frame
15:51:17.691 [main] INFO  com.business.Utilities.Base - browser closed
15:53:37.108 [main] INFO  com.business.Utilities.Base - chrome launched
15:53:47.896 [main] INFO  com.business.Utilities.Base - browser closed
15:54:26.043 [main] INFO  com.business.Utilities.Base - chrome launched
15:54:41.663 [main] INFO  com.business.Utilities.Base - browser closed
15:55:02.873 [main] INFO  com.business.Utilities.Base - chrome launched
15:55:12.750 [main] INFO  com.business.Utilities.Base - browser closed
15:55:26.145 [main] INFO  com.business.Utilities.Base - chrome launched
15:55:40.591 [main] INFO  com.business.Utilities.Base - browser closed
15:56:04.427 [main] INFO  com.business.Utilities.Base - chrome launched
15:56:20.291 [main] INFO  com.business.Utilities.Base - browser closed
15:56:35.746 [main] INFO  com.business.Utilities.Base - chrome launched
15:56:50.841 [main] INFO  com.business.Utilities.Base - browser closed
15:59:36.878 [main] INFO  com.business.Utilities.Base - chrome launched
15:59:50.776 [main] INFO  com.business.Utilities.Base - browser closed
16:00:08.505 [main] INFO  com.business.Utilities.Base - chrome launched
16:00:21.139 [main] INFO  com.business.Utilities.Base - browser closed
16:01:42.631 [main] INFO  com.business.Utilities.Base - chrome launched
16:01:43.848 [main] INFO  com.business.Tests.ParametrizedTest - navigating to :https://opensource-demo.orangehrmlive.com/index.php/dashboard
16:01:51.093 [main] INFO  com.business.Tests.ParametrizedTest - verified editbox contains given value
16:01:52.352 [main] INFO  com.business.Utilities.Base - browser closed
16:03:34.382 [main] INFO  com.business.Utilities.Base - chrome launched
16:03:49.297 [main] INFO  com.business.Utilities.Base - browser closed
16:06:12.887 [main] INFO  com.business.Utilities.Base - chrome launched
16:06:14.946 [main] INFO  com.business.Tests.Actions_mouse - navigated to website
16:06:20.071 [main] INFO  com.business.Tests.Actions_mouse - switching to the frame
16:06:22.549 [main] INFO  com.business.Tests.Actions_mouse - dragging the element and dropping to drop field
16:06:22.680 [main] INFO  com.business.Tests.Actions_mouse - waiting for confirmation text to be visible
16:06:22.711 [main] INFO  com.business.Tests.Actions_mouse - element dropped 
16:06:23.883 [main] INFO  com.business.Utilities.Base - browser closed
16:11:57.698 [TestNG-test=Regression-4] INFO  com.business.Utilities.Base - chrome-headless launched
16:11:57.698 [TestNG-test=Regression-1] INFO  com.business.Utilities.Base - chrome-headless launched
16:11:57.698 [TestNG-test=Regression-2] INFO  com.business.Utilities.Base - chrome-headless launched
16:11:57.698 [TestNG-test=Regression-3] INFO  com.business.Utilities.Base - chrome-headless launched
16:12:03.511 [TestNG-test=Regression-4] INFO  com.business.Utilities.Base - browser closed
16:12:06.909 [TestNG-test=Regression-4] INFO  com.business.Utilities.Base - chrome-headless launched
16:12:07.349 [TestNG-test=Regression-1] INFO  com.business.Utilities.Base - browser closed
16:12:09.386 [TestNG-test=Regression-2] INFO  com.business.Tests.BrushUp - verified editbox contains given value
16:12:10.011 [TestNG-test=Regression-2] INFO  com.business.Utilities.Base - browser closed
16:12:10.699 [TestNG-test=Regression-1] INFO  com.business.Utilities.Base - chrome-headless launched
16:12:12.920 [TestNG-test=Regression-1] INFO  com.business.Tests.Actions_mouse - navigated to website
16:12:13.003 [TestNG-test=Regression-3] INFO  com.business.Utilities.Base - browser closed
16:12:13.294 [TestNG-test=Regression-2] INFO  com.business.Utilities.Base - chrome-headless launched
16:12:16.158 [TestNG-test=Regression-3] INFO  com.business.Utilities.Base - chrome-headless launched
16:12:18.002 [TestNG-test=Regression-1] INFO  com.business.Tests.Actions_mouse - switching to the frame
16:12:19.078 [TestNG-test=Regression-1] INFO  com.business.Utilities.Base - browser closed
16:12:19.702 [TestNG-test=Regression-2] INFO  com.business.Utilities.Base - browser closed
16:12:21.124 [TestNG-test=Regression-4] INFO  com.business.Utilities.Base - browser closed
16:12:22.233 [TestNG-test=Regression-1] INFO  com.business.Utilities.Base - chrome-headless launched
16:12:22.897 [TestNG-test=Regression-2] INFO  com.business.Utilities.Base - chrome-headless launched
16:12:24.265 [TestNG-test=Regression-4] INFO  com.business.Utilities.Base - chrome-headless launched
16:12:26.054 [TestNG-test=Regression-1] INFO  com.business.Utilities.Base - browser closed
16:12:28.537 [TestNG-test=Regression-3] INFO  com.business.Utilities.Base - browser closed
16:12:29.270 [TestNG-test=Regression-1] INFO  com.business.Utilities.Base - chrome-headless launched
16:12:29.286 [TestNG-test=Regression-2] INFO  com.business.Utilities.Base - browser closed
16:12:31.716 [TestNG-test=Regression-3] INFO  com.business.Utilities.Base - chrome-headless launched
16:12:32.583 [TestNG-test=Regression-2] INFO  com.business.Utilities.Base - chrome-headless launched
16:12:38.751 [TestNG-test=Regression-2] INFO  com.business.Utilities.Base - browser closed
16:12:41.996 [TestNG-test=Regression-2] INFO  com.business.Utilities.Base - chrome-headless launched
16:12:44.063 [TestNG-test=Regression-1] INFO  com.business.Utilities.Base - browser closed
16:12:47.256 [TestNG-test=Regression-1] INFO  com.business.Utilities.Base - chrome-headless launched
16:12:47.476 [TestNG-test=Regression-2] INFO  com.business.Utilities.Base - browser closed
16:12:49.223 [TestNG-test=Regression-1] INFO  com.business.Utilities.Base - browser closed
16:12:50.638 [TestNG-test=Regression-2] INFO  com.business.Utilities.Base - chrome-headless launched
16:12:52.358 [TestNG-test=Regression-1] INFO  com.business.Utilities.Base - chrome-headless launched
16:12:53.207 [TestNG-test=Regression-2] INFO  com.business.Utilities.Base - browser closed
16:12:53.872 [TestNG-test=Regression-1] INFO  com.business.Utilities.Base - browser closed
16:12:56.355 [TestNG-test=Regression-2] INFO  com.business.Utilities.Base - chrome-headless launched
16:12:56.985 [TestNG-test=Regression-1] INFO  com.business.Utilities.Base - chrome-headless launched
16:12:58.341 [TestNG-test=Regression-2] INFO  com.business.Utilities.Base - browser closed
16:12:58.703 [TestNG-test=Regression-1] INFO  com.business.Utilities.Base - browser closed
16:13:01.441 [TestNG-test=Regression-2] INFO  com.business.Utilities.Base - chrome-headless launched
16:13:03.395 [TestNG-test=Regression-2] INFO  com.business.Utilities.Base - browser closed
16:13:06.742 [TestNG-test=Regression-2] INFO  com.business.Utilities.Base - chrome-headless launched
16:13:09.088 [TestNG-test=Regression-3] INFO  com.business.Utilities.Base - browser closed
16:13:11.367 [TestNG-test=Regression-4] INFO  com.business.Utilities.Base - browser closed
16:13:13.120 [TestNG-test=Regression-3] INFO  com.business.Utilities.Base - chrome-headless launched
16:13:15.177 [TestNG-test=Regression-4] INFO  com.business.Utilities.Base - chrome-headless launched
16:13:18.100 [TestNG-test=Regression-3] INFO  com.business.Utilities.Base - browser closed
16:13:21.142 [TestNG-test=Regression-2] INFO  com.business.Utilities.Base - browser closed
16:13:21.411 [TestNG-test=Regression-3] INFO  com.business.Utilities.Base - chrome-headless launched
16:13:22.458 [TestNG-test=Regression-4] INFO  com.business.Utilities.Base - browser closed
16:13:23.641 [TestNG-test=Regression-1] INFO  com.business.Utilities.Base - chrome-headless launched
16:13:24.352 [TestNG-test=Regression-2] INFO  com.business.Utilities.Base - chrome-headless launched
16:13:24.897 [TestNG-test=Regression-3] INFO  com.business.Utilities.Base - browser closed
16:13:25.747 [TestNG-test=Regression-4] INFO  com.business.Utilities.Base - chrome-headless launched
16:13:26.374 [TestNG-test=Regression-1] INFO  com.business.Utilities.Base - browser closed
16:13:27.260 [TestNG-test=Regression-4] INFO  com.business.Utilities.Base - browser closed
16:13:28.106 [TestNG-test=Regression-3] INFO  com.business.Utilities.Base - chrome-headless launched
16:13:30.685 [TestNG-test=Regression-4] INFO  com.business.Utilities.Base - chrome-headless launched
16:13:32.890 [TestNG-test=Regression-4] INFO  com.business.Utilities.Base - browser closed
16:13:35.280 [TestNG-test=Regression-4] INFO  com.business.Tests.JDBC_tasks_using_DBUtils - lastname is Babayev
16:13:38.106 [TestNG-test=Regression-1] INFO  com.business.Utilities.Base - chrome-headless launched
16:13:38.533 [TestNG-test=Regression-4] INFO  com.business.Utilities.Base - chrome-headless launched
16:13:39.231 [TestNG-test=Regression-2] INFO  com.business.Utilities.Base - browser closed
16:13:42.479 [TestNG-test=Regression-2] INFO  com.business.Utilities.Base - chrome-headless launched
16:13:45.458 [TestNG-test=Regression-4] INFO  com.business.Utilities.Base - browser closed
16:13:48.428 [TestNG-test=Regression-1] INFO  com.business.Utilities.Base - browser closed
16:13:48.722 [TestNG-test=Regression-4] INFO  com.business.Utilities.Base - chrome-headless launched
16:13:52.083 [TestNG-test=Regression-1] INFO  com.business.Utilities.Base - chrome-headless launched
16:14:26.031 [TestNG-test=Regression-1] INFO  com.business.Utilities.Base - browser closed
16:14:33.207 [TestNG-test=Regression-1] INFO  com.business.Utilities.Base - chrome-headless launched
16:14:35.240 [TestNG-test=Regression-3] INFO  com.business.Utilities.Base - browser closed
16:14:35.303 [TestNG-test=Regression-1] INFO  com.business.Tests.Popup_JS_with_Lof4J - navigated the website
16:14:35.549 [TestNG-test=Regression-1] INFO  com.business.Tests.Popup_JS_with_Lof4J - clicked text generating JS popup
16:14:35.872 [TestNG-test=Regression-4] INFO  com.business.Utilities.Base - browser closed
16:14:37.693 [TestNG-test=Regression-1] INFO  com.business.Tests.Popup_JS_with_Lof4J - alert presents,alert text is: I am a JS Alert
16:14:39.724 [TestNG-test=Regression-1] INFO  com.business.Tests.Popup_JS_with_Lof4J - alert presents,alert dismissed
16:14:40.616 [TestNG-test=Regression-3] INFO  com.business.Utilities.Base - chrome-headless launched
16:14:41.025 [TestNG-test=Regression-1] INFO  com.business.Utilities.Base - browser closed
16:14:41.803 [TestNG-test=Regression-4] INFO  com.business.Utilities.Base - chrome-headless launched
16:14:44.840 [TestNG-test=Regression-3] INFO  com.business.Utilities.Base - browser closed
16:14:45.598 [TestNG-test=Regression-4] INFO  com.business.Utilities.Base - browser closed
16:14:46.633 [TestNG-test=Regression-1] INFO  com.business.Utilities.Base - chrome-headless launched
16:14:48.614 [TestNG-test=Regression-3] INFO  com.business.Utilities.Base - chrome-headless launched
16:14:48.944 [TestNG-test=Regression-4] INFO  com.business.Utilities.Base - chrome-headless launched
16:14:49.282 [TestNG-test=Regression-3] INFO  com.business.Utilities.Base - browser closed
16:14:49.561 [TestNG-test=Regression-4] INFO  com.business.Utilities.Base - browser closed
16:14:49.815 [TestNG-test=Regression-1] INFO  com.business.Utilities.Base - browser closed
16:14:52.975 [TestNG-test=Regression-3] INFO  com.business.Utilities.Base - chrome-headless launched
16:14:53.303 [TestNG-test=Regression-4] INFO  com.business.Utilities.Base - chrome-headless launched
16:14:53.528 [TestNG-test=Regression-1] INFO  com.business.Utilities.Base - chrome-headless launched
16:15:03.560 [TestNG-test=Regression-3] INFO  com.business.Utilities.Base - browser closed
16:15:04.371 [TestNG-test=Regression-4] INFO  com.business.Utilities.Base - browser closed
16:15:08.918 [TestNG-test=Regression-3] INFO  com.business.Utilities.Base - chrome-headless launched
16:15:10.077 [TestNG-test=Regression-4] INFO  com.business.Utilities.Base - chrome-headless launched
16:15:11.104 [TestNG-test=Regression-3] INFO  com.business.Utilities.Base - browser closed
16:15:14.443 [TestNG-test=Regression-3] INFO  com.business.Utilities.Base - chrome-headless launched
16:15:15.795 [TestNG-test=Regression-4] INFO  com.business.Utilities.Base - browser closed
16:15:16.930 [TestNG-test=Regression-3] INFO  com.business.Utilities.Base - browser closed
16:15:17.510 [TestNG-test=Regression-2] INFO  com.business.Utilities.Base - browser closed
16:15:19.093 [TestNG-test=Regression-4] INFO  com.business.Utilities.Base - chrome-headless launched
16:15:20.122 [TestNG-test=Regression-3] INFO  com.business.Utilities.Base - chrome-headless launched
16:15:20.688 [TestNG-test=Regression-2] INFO  com.business.Utilities.Base - chrome-headless launched
16:15:21.985 [TestNG-test=Regression-3] INFO  com.business.Utilities.Base - browser closed
16:15:25.151 [TestNG-test=Regression-3] INFO  com.business.Utilities.Base - chrome-headless launched
16:15:26.261 [TestNG-test=Regression-4] INFO  com.business.Utilities.Base - browser closed
16:15:27.250 [TestNG-test=Regression-3] INFO  com.business.Utilities.Base - browser closed
16:15:28.746 [TestNG-test=Regression-2] INFO  com.business.Utilities.Base - browser closed
16:15:29.355 [TestNG-test=Regression-4] INFO  com.business.Utilities.Base - chrome-headless launched
16:15:30.313 [TestNG-test=Regression-3] INFO  com.business.Utilities.Base - chrome-headless launched
16:15:32.095 [TestNG-test=Regression-3] INFO  com.business.Utilities.Base - browser closed
16:15:35.175 [TestNG-test=Regression-3] INFO  com.business.Utilities.Base - chrome-headless launched
16:15:36.512 [TestNG-test=Regression-4] INFO  com.business.Utilities.Base - browser closed
16:15:37.098 [TestNG-test=Regression-3] INFO  com.business.Utilities.Base - browser closed
16:15:37.702 [TestNG-test=Regression-1] INFO  com.business.Utilities.Base - browser closed
16:15:40.161 [TestNG-test=Regression-3] INFO  com.business.Utilities.Base - chrome-headless launched
16:15:41.903 [TestNG-test=Regression-3] INFO  com.business.Utilities.Base - browser closed
16:15:44.992 [TestNG-test=Regression-3] INFO  com.business.Utilities.Base - chrome-headless launched
16:15:46.738 [TestNG-test=Regression-3] INFO  com.business.Utilities.Base - browser closed
16:17:47.886 [main] INFO  com.business.Utilities.Base - chrome-headless launched
16:18:25.786 [main] INFO  com.business.Utilities.Base - browser closed
16:19:33.026 [main] INFO  com.business.Utilities.Base - chrome-headless launched
16:20:11.708 [main] INFO  com.business.Utilities.Base - browser closed
16:21:16.343 [main] INFO  com.business.Utilities.Base - chrome launched
16:21:30.313 [main] INFO  com.business.Utilities.Base - browser closed
16:21:52.378 [main] INFO  com.business.Utilities.Base - chrome-headless launched
16:22:29.725 [main] INFO  com.business.Utilities.Base - browser closed
16:23:26.434 [main] INFO  com.business.Utilities.Base - chrome-headless launched
16:24:04.397 [main] INFO  com.business.Utilities.Base - browser closed
16:24:32.268 [main] INFO  com.business.Utilities.Base - chrome launched
16:24:48.827 [main] INFO  com.business.Utilities.Base - browser closed
16:31:16.097 [main] INFO  com.business.Utilities.Base - chrome-headless launched
16:31:53.586 [main] INFO  com.business.Utilities.Base - browser closed
16:32:21.340 [main] INFO  com.business.Utilities.Base - chrome launched
16:32:37.264 [main] INFO  com.business.Utilities.Base - browser closed
