00:46:30.606 [TestNG-test=Regression-3] INFO  com.business.Utilities.Base - chrome-headless launched
00:46:30.606 [TestNG-test=Regression-2] INFO  com.business.Utilities.Base - chrome-headless launched
00:46:30.606 [TestNG-test=Regression-1] INFO  com.business.Utilities.Base - chrome-headless launched
00:46:35.085 [TestNG-test=Regression-3] INFO  com.business.Utilities.Base - browser closed
00:46:39.103 [TestNG-test=Regression-3] INFO  com.business.Utilities.Base - chrome-headless launched
00:46:43.523 [TestNG-test=Regression-1] INFO  com.business.Utilities.Base - browser closed
00:46:43.842 [TestNG-test=Regression-2] INFO  com.business.Utilities.Base - browser closed
00:46:48.109 [TestNG-test=Regression-1] INFO  com.business.Utilities.Base - chrome-headless launched
00:46:48.110 [TestNG-test=Regression-2] INFO  com.business.Utilities.Base - chrome-headless launched
00:46:49.769 [TestNG-test=Regression-1] INFO  com.business.Tests.Actions_mouse - navigated to website
00:46:54.877 [TestNG-test=Regression-1] INFO  com.business.Tests.Actions_mouse - switching to the frame
00:46:55.682 [TestNG-test=Regression-2] INFO  com.business.Utilities.Base - browser closed
00:46:57.520 [TestNG-test=Regression-1] INFO  com.business.Tests.Actions_mouse - dragging the element and dropping to drop field
00:46:57.573 [TestNG-test=Regression-1] INFO  com.business.Tests.Actions_mouse - waiting for confirmation text to be visible
00:46:57.599 [TestNG-test=Regression-1] INFO  com.business.Tests.Actions_mouse - element dropped 
00:46:57.642 [TestNG-test=Regression-1] INFO  com.business.Utilities.Base - browser closed
00:46:57.837 [TestNG-test=Regression-3] INFO  com.business.Utilities.Base - browser closed
00:46:59.673 [TestNG-test=Regression-2] INFO  com.business.Utilities.Base - chrome-headless launched
00:47:02.283 [TestNG-test=Regression-1] INFO  com.business.Utilities.Base - chrome-headless launched
00:47:02.428 [TestNG-test=Regression-3] INFO  com.business.Utilities.Base - chrome-headless launched
00:47:05.937 [TestNG-test=Regression-1] INFO  com.business.Utilities.Base - browser closed
00:47:05.996 [TestNG-test=Regression-2] INFO  com.business.Utilities.Base - browser closed
00:47:10.770 [TestNG-test=Regression-2] INFO  com.business.Utilities.Base - chrome-headless launched
00:47:10.976 [TestNG-test=Regression-1] INFO  com.business.Utilities.Base - chrome-headless launched
00:47:16.615 [TestNG-test=Regression-2] INFO  com.business.Utilities.Base - browser closed
00:47:20.387 [TestNG-test=Regression-2] INFO  com.business.Utilities.Base - chrome-headless launched
00:47:25.054 [TestNG-test=Regression-1] INFO  com.business.Utilities.Base - browser closed
00:47:26.561 [TestNG-test=Regression-2] INFO  com.business.Utilities.Base - browser closed
00:47:28.996 [TestNG-test=Regression-1] INFO  com.business.Utilities.Base - chrome-headless launched
00:47:29.027 [TestNG-test=Regression-1] INFO  com.business.Tests.Actions_mouse - navigating the amazon.com
00:47:30.591 [TestNG-test=Regression-2] INFO  com.business.Utilities.Base - chrome-headless launched
00:47:32.097 [TestNG-test=Regression-1] INFO  com.business.Tests.Actions_mouse - entering text in Uppercase
00:47:34.520 [TestNG-test=Regression-1] INFO  com.business.Tests.Actions_mouse - Verifying text added in Uppercase
00:47:34.545 [TestNG-test=Regression-1] INFO  com.business.Tests.Actions_mouse - text passed in Uppercase
00:47:34.626 [TestNG-test=Regression-1] INFO  com.business.Utilities.Base - browser closed
00:47:38.506 [TestNG-test=Regression-1] INFO  com.business.Utilities.Base - chrome-headless launched
00:47:38.762 [TestNG-test=Regression-2] INFO  com.business.Utilities.Base - browser closed
00:47:42.469 [TestNG-test=Regression-2] INFO  com.business.Utilities.Base - chrome-headless launched
00:48:04.440 [TestNG-test=Regression-2] INFO  com.business.Utilities.Base - browser closed
00:48:08.273 [TestNG-test=Regression-2] INFO  com.business.Utilities.Base - chrome-headless launched
00:48:10.358 [TestNG-test=Regression-2] INFO  com.business.Utilities.Base - browser closed
00:48:14.287 [TestNG-test=Regression-2] INFO  com.business.Utilities.Base - chrome-headless launched
00:48:20.850 [TestNG-test=Regression-2] INFO  com.business.Utilities.Base - browser closed
00:48:22.620 [TestNG-test=Regression-1] INFO  com.business.Utilities.Base - browser closed
00:48:24.759 [TestNG-test=Regression-2] INFO  com.business.Utilities.Base - chrome-headless launched
00:48:26.580 [TestNG-test=Regression-1] INFO  com.business.Utilities.Base - chrome-headless launched
00:48:27.608 [TestNG-test=Regression-2] INFO  com.business.Utilities.Base - browser closed
00:48:27.897 [TestNG-test=Regression-1] INFO  com.business.Utilities.Base - browser closed
00:48:31.464 [TestNG-test=Regression-2] INFO  com.business.Utilities.Base - chrome-headless launched
00:48:31.742 [TestNG-test=Regression-1] INFO  com.business.Utilities.Base - chrome-headless launched
00:48:33.463 [TestNG-test=Regression-1] INFO  com.business.Utilities.Base - browser closed
00:48:34.476 [TestNG-test=Regression-2] INFO  com.business.Utilities.Base - browser closed
00:48:37.260 [TestNG-test=Regression-1] INFO  com.business.Utilities.Base - chrome-headless launched
00:48:38.319 [TestNG-test=Regression-2] INFO  com.business.Utilities.Base - chrome-headless launched
00:48:40.329 [TestNG-test=Regression-1] INFO  com.business.Utilities.Base - browser closed
00:48:40.842 [TestNG-test=Regression-2] INFO  com.business.Utilities.Base - browser closed
00:48:44.820 [TestNG-test=Regression-2] INFO  com.business.Utilities.Base - chrome-headless launched
00:48:46.335 [TestNG-test=Regression-1] INFO  com.business.Utilities.Base - chrome-headless launched
00:48:49.204 [TestNG-test=Regression-1] INFO  com.business.Utilities.Base - browser closed
00:48:52.129 [TestNG-test=Regression-2] INFO  com.business.Utilities.Base - browser closed
00:48:53.084 [TestNG-test=Regression-1] INFO  com.business.Utilities.Base - chrome-headless launched
00:48:55.761 [TestNG-test=Regression-1] INFO  com.business.Utilities.Base - browser closed
00:48:55.845 [TestNG-test=Regression-2] INFO  com.business.Utilities.Base - chrome-headless launched
00:48:59.610 [TestNG-test=Regression-1] INFO  com.business.Utilities.Base - chrome-headless launched
00:49:01.759 [TestNG-test=Regression-1] INFO  com.business.Tests.HiddenElements - Element does not exist in the page
00:49:01.857 [TestNG-test=Regression-1] INFO  com.business.Utilities.Base - browser closed
00:49:03.227 [TestNG-test=Regression-2] INFO  com.business.Utilities.Base - browser closed
00:49:05.657 [TestNG-test=Regression-1] INFO  com.business.Utilities.Base - chrome-headless launched
00:49:07.135 [TestNG-test=Regression-2] INFO  com.business.Utilities.Base - chrome-headless launched
00:49:08.287 [TestNG-test=Regression-2] INFO  com.business.Utilities.Base - browser closed
00:49:10.345 [TestNG-test=Regression-1] INFO  com.business.Utilities.Base - browser closed
00:49:12.079 [TestNG-test=Regression-2] INFO  com.business.Utilities.Base - chrome-headless launched
00:49:13.766 [TestNG-test=Regression-2] INFO  com.business.Utilities.Base - browser closed
00:49:22.667 [TestNG-test=Regression-2] INFO  com.business.Utilities.Base - chrome-headless launched
00:49:22.917 [TestNG-test=Regression-1] INFO  com.business.Utilities.Base - chrome-headless launched
00:49:37.032 [TestNG-test=Regression-1] INFO  com.business.Utilities.Base - browser closed
00:49:40.883 [TestNG-test=Regression-1] INFO  com.business.Utilities.Base - chrome-headless launched
00:49:47.262 [TestNG-test=Regression-2] INFO  com.business.Utilities.Base - browser closed
00:49:51.154 [TestNG-test=Regression-2] INFO  com.business.Utilities.Base - chrome-headless launched
00:50:00.139 [TestNG-test=Regression-1] INFO  com.business.Utilities.Base - browser closed
00:50:03.997 [TestNG-test=Regression-1] INFO  com.business.Utilities.Base - chrome-headless launched
00:50:25.769 [TestNG-test=Regression-2] INFO  com.business.Utilities.Base - browser closed
00:50:43.495 [TestNG-test=Regression-2] INFO  com.business.Utilities.Base - chrome-headless launched
00:51:12.678 [TestNG-test=Regression-2] INFO  com.business.Utilities.Base - browser closed
00:51:17.962 [TestNG-test=Regression-2] INFO  com.business.Utilities.Base - chrome-headless launched
00:51:29.718 [TestNG-test=Regression-2] INFO  com.business.Utilities.Base - browser closed
00:51:35.207 [TestNG-test=Regression-2] INFO  com.business.Utilities.Base - chrome-headless launched
00:51:40.722 [TestNG-test=Regression-2] INFO  com.business.Tests.Popup_JS_with_Lof4J - navigated the website
00:51:42.306 [TestNG-test=Regression-2] INFO  com.business.Tests.Popup_JS_with_Lof4J - clicked text generating JS popup
00:51:43.322 [TestNG-test=Regression-2] INFO  com.business.Tests.Popup_JS_with_Lof4J - alert presents,alert text is: I am a JS Alert
00:51:45.415 [TestNG-test=Regression-2] INFO  com.business.Tests.Popup_JS_with_Lof4J - alert presents,alert dismissed
00:51:45.500 [TestNG-test=Regression-1] INFO  com.business.Utilities.Base - browser closed
00:51:45.582 [TestNG-test=Regression-2] INFO  com.business.Utilities.Base - browser closed
00:51:50.037 [TestNG-test=Regression-1] INFO  com.business.Utilities.Base - chrome-headless launched
00:51:50.166 [TestNG-test=Regression-2] INFO  com.business.Utilities.Base - chrome-headless launched
00:51:51.252 [TestNG-test=Regression-1] INFO  com.business.Utilities.Base - browser closed
00:51:52.050 [TestNG-test=Regression-2] INFO  com.business.Utilities.Base - browser closed
00:51:55.143 [TestNG-test=Regression-1] INFO  com.business.Utilities.Base - chrome-headless launched
00:51:55.975 [TestNG-test=Regression-2] INFO  com.business.Utilities.Base - chrome-headless launched
00:51:56.037 [TestNG-test=Regression-2] INFO  com.business.Utilities.Base - browser closed
00:51:58.755 [TestNG-test=Regression-1] INFO  com.business.Utilities.Base - browser closed
00:51:59.867 [TestNG-test=Regression-2] INFO  com.business.Utilities.Base - chrome-headless launched
00:51:59.917 [TestNG-test=Regression-2] INFO  com.business.Utilities.Base - browser closed
00:52:02.606 [TestNG-test=Regression-1] INFO  com.business.Utilities.Base - chrome-headless launched
00:52:03.742 [TestNG-test=Regression-2] INFO  com.business.Utilities.Base - chrome-headless launched
00:52:05.057 [TestNG-test=Regression-1] INFO  com.business.Utilities.Base - browser closed
00:52:08.893 [TestNG-test=Regression-1] INFO  com.business.Utilities.Base - chrome-headless launched
00:52:37.232 [TestNG-test=Regression-2] INFO  com.business.Utilities.Base - browser closed
00:52:39.933 [TestNG-test=Regression-1] INFO  com.business.Utilities.Base - browser closed
00:52:41.042 [TestNG-test=Regression-2] INFO  com.business.Utilities.Base - chrome-headless launched
00:52:43.741 [TestNG-test=Regression-1] INFO  com.business.Utilities.Base - chrome-headless launched
00:52:45.442 [TestNG-test=Regression-1] INFO  com.business.Tests.Tables_Static - Bach
00:52:45.459 [TestNG-test=Regression-1] INFO  com.business.Tests.Tables_Static - Frank
00:52:45.476 [TestNG-test=Regression-1] INFO  com.business.Tests.Tables_Static - fbach@yahoo.com
00:52:45.492 [TestNG-test=Regression-1] INFO  com.business.Tests.Tables_Static - $51.00
00:52:45.507 [TestNG-test=Regression-1] INFO  com.business.Tests.Tables_Static - http://www.frank.com
00:52:45.527 [TestNG-test=Regression-1] INFO  com.business.Tests.Tables_Static - edit delete
00:52:45.560 [TestNG-test=Regression-1] INFO  com.business.Utilities.Base - browser closed
00:52:46.605 [TestNG-test=Regression-2] INFO  com.business.Utilities.Base - browser closed
00:52:49.417 [TestNG-test=Regression-1] INFO  com.business.Utilities.Base - chrome-headless launched
00:52:50.388 [TestNG-test=Regression-2] INFO  com.business.Utilities.Base - chrome-headless launched
00:52:51.170 [TestNG-test=Regression-1] INFO  com.business.Tests.Tables_Static - Smith
00:52:51.191 [TestNG-test=Regression-1] INFO  com.business.Tests.Tables_Static - John
00:52:51.211 [TestNG-test=Regression-1] INFO  com.business.Tests.Tables_Static - jsmith@gmail.com
00:52:51.231 [TestNG-test=Regression-1] INFO  com.business.Tests.Tables_Static - $50.00
00:52:51.250 [TestNG-test=Regression-1] INFO  com.business.Tests.Tables_Static - http://www.jsmith.com
00:52:51.270 [TestNG-test=Regression-1] INFO  com.business.Tests.Tables_Static - edit delete
00:52:51.289 [TestNG-test=Regression-1] INFO  com.business.Tests.Tables_Static - Bach
00:52:51.309 [TestNG-test=Regression-1] INFO  com.business.Tests.Tables_Static - Frank
00:52:51.327 [TestNG-test=Regression-1] INFO  com.business.Tests.Tables_Static - fbach@yahoo.com
00:52:51.345 [TestNG-test=Regression-1] INFO  com.business.Tests.Tables_Static - $51.00
00:52:51.367 [TestNG-test=Regression-1] INFO  com.business.Tests.Tables_Static - http://www.frank.com
00:52:51.386 [TestNG-test=Regression-1] INFO  com.business.Tests.Tables_Static - edit delete
00:52:51.401 [TestNG-test=Regression-1] INFO  com.business.Tests.Tables_Static - Doe
00:52:51.418 [TestNG-test=Regression-1] INFO  com.business.Tests.Tables_Static - Jason
00:52:51.434 [TestNG-test=Regression-1] INFO  com.business.Tests.Tables_Static - jdoe@hotmail.com
00:52:51.451 [TestNG-test=Regression-1] INFO  com.business.Tests.Tables_Static - $100.00
00:52:51.470 [TestNG-test=Regression-1] INFO  com.business.Tests.Tables_Static - http://www.jdoe.com
00:52:51.491 [TestNG-test=Regression-1] INFO  com.business.Tests.Tables_Static - edit delete
00:52:51.509 [TestNG-test=Regression-1] INFO  com.business.Tests.Tables_Static - Conway
00:52:51.527 [TestNG-test=Regression-1] INFO  com.business.Tests.Tables_Static - Tim
00:52:51.541 [TestNG-test=Regression-1] INFO  com.business.Tests.Tables_Static - tconway@earthlink.net
00:52:51.556 [TestNG-test=Regression-1] INFO  com.business.Tests.Tables_Static - $50.00
00:52:51.577 [TestNG-test=Regression-1] INFO  com.business.Tests.Tables_Static - http://www.timconway.com
00:52:51.596 [TestNG-test=Regression-1] INFO  com.business.Tests.Tables_Static - edit delete
00:52:51.629 [TestNG-test=Regression-1] INFO  com.business.Utilities.Base - browser closed
00:52:55.437 [TestNG-test=Regression-1] INFO  com.business.Utilities.Base - chrome-headless launched
00:52:55.910 [TestNG-test=Regression-2] INFO  com.business.Utilities.Base - browser closed
00:52:57.251 [TestNG-test=Regression-1] INFO  com.business.Utilities.Base - browser closed
00:52:59.745 [TestNG-test=Regression-2] INFO  com.business.Utilities.Base - chrome-headless launched
00:53:01.008 [TestNG-test=Regression-1] INFO  com.business.Utilities.Base - chrome-headless launched
00:53:02.743 [TestNG-test=Regression-1] INFO  com.business.Tests.Tables_Static - Last Name
00:53:02.764 [TestNG-test=Regression-1] INFO  com.business.Tests.Tables_Static - First Name
00:53:02.783 [TestNG-test=Regression-1] INFO  com.business.Tests.Tables_Static - Email
00:53:02.799 [TestNG-test=Regression-1] INFO  com.business.Tests.Tables_Static - Due
00:53:02.815 [TestNG-test=Regression-1] INFO  com.business.Tests.Tables_Static - Web Site
00:53:02.837 [TestNG-test=Regression-1] INFO  com.business.Tests.Tables_Static - Action
00:53:02.883 [TestNG-test=Regression-1] INFO  com.business.Utilities.Base - browser closed
00:53:06.693 [TestNG-test=Regression-1] INFO  com.business.Utilities.Base - chrome-headless launched
00:53:07.374 [TestNG-test=Regression-2] INFO  com.business.Utilities.Base - browser closed
00:53:08.571 [TestNG-test=Regression-1] INFO  com.business.Tests.Tables_Static - Smith John jsmith@gmail.com $50.00 http://www.jsmith.com edit delete
00:53:08.597 [TestNG-test=Regression-1] INFO  com.business.Tests.Tables_Static - Bach Frank fbach@yahoo.com $51.00 http://www.frank.com edit delete
00:53:08.621 [TestNG-test=Regression-1] INFO  com.business.Tests.Tables_Static - Doe Jason jdoe@hotmail.com $100.00 http://www.jdoe.com edit delete
00:53:08.646 [TestNG-test=Regression-1] INFO  com.business.Tests.Tables_Static - Conway Tim tconway@earthlink.net $50.00 http://www.timconway.com edit delete
00:53:08.661 [TestNG-test=Regression-1] INFO  com.business.Tests.Tables_Static - Doe Jason jdoe@hotmail.com $100.00 http://www.jdoe.com edit delete
00:53:08.720 [TestNG-test=Regression-1] INFO  com.business.Utilities.Base - browser closed
00:53:11.179 [TestNG-test=Regression-2] INFO  com.business.Utilities.Base - chrome-headless launched
00:53:12.485 [TestNG-test=Regression-1] INFO  com.business.Utilities.Base - chrome-headless launched
00:53:14.630 [TestNG-test=Regression-1] INFO  com.business.Tests.Tables_Static - John
00:53:14.650 [TestNG-test=Regression-1] INFO  com.business.Tests.Tables_Static - Frank
00:53:14.669 [TestNG-test=Regression-1] INFO  com.business.Tests.Tables_Static - Jason
00:53:14.683 [TestNG-test=Regression-1] INFO  com.business.Tests.Tables_Static - Tim
00:53:14.714 [TestNG-test=Regression-1] INFO  com.business.Utilities.Base - browser closed
00:53:18.474 [TestNG-test=Regression-2] INFO  com.business.Utilities.Base - browser closed
00:53:18.477 [TestNG-test=Regression-1] INFO  com.business.Utilities.Base - chrome-headless launched
00:53:20.324 [TestNG-test=Regression-1] INFO  com.business.Tests.Tables_Static - Email
00:53:20.372 [TestNG-test=Regression-1] INFO  com.business.Utilities.Base - browser closed
00:53:22.268 [TestNG-test=Regression-2] INFO  com.business.Utilities.Base - chrome-headless launched
00:53:24.139 [TestNG-test=Regression-1] INFO  com.business.Utilities.Base - chrome-headless launched
00:53:26.069 [TestNG-test=Regression-1] INFO  com.business.Utilities.Base - browser closed
00:53:29.888 [TestNG-test=Regression-1] INFO  com.business.Utilities.Base - chrome-headless launched
00:53:30.526 [TestNG-test=Regression-2] INFO  com.business.Utilities.Base - browser closed
00:53:32.999 [TestNG-test=Regression-1] INFO  com.business.Utilities.Base - browser closed
01:02:10.228 [TestNG-test=Regression-2] INFO  com.business.Utilities.Base - chrome-headless launched
01:02:10.228 [TestNG-test=Regression-3] INFO  com.business.Utilities.Base - chrome-headless launched
01:02:10.228 [TestNG-test=Regression-1] INFO  com.business.Utilities.Base - chrome-headless launched
01:02:12.604 [TestNG-test=Regression-3] INFO  com.business.Utilities.Base - browser closed
01:02:16.812 [TestNG-test=Regression-3] INFO  com.business.Utilities.Base - chrome-headless launched
01:02:23.240 [TestNG-test=Regression-1] INFO  com.business.Utilities.Base - browser closed
01:02:24.188 [TestNG-test=Regression-2] INFO  com.business.Utilities.Base - browser closed
01:02:27.099 [TestNG-test=Regression-1] INFO  com.business.Utilities.Base - chrome-headless launched
01:02:28.070 [TestNG-test=Regression-2] INFO  com.business.Utilities.Base - chrome-headless launched
01:02:28.478 [TestNG-test=Regression-1] INFO  com.business.Tests.Actions_mouse - navigated to website
01:02:33.555 [TestNG-test=Regression-1] INFO  com.business.Tests.Actions_mouse - switching to the frame
01:02:34.391 [TestNG-test=Regression-2] INFO  com.business.Utilities.Base - browser closed
01:02:34.694 [TestNG-test=Regression-3] INFO  com.business.Utilities.Base - browser closed
01:02:35.960 [TestNG-test=Regression-1] INFO  com.business.Tests.Actions_mouse - dragging the element and dropping to drop field
01:02:36.288 [TestNG-test=Regression-1] INFO  com.business.Tests.Actions_mouse - waiting for confirmation text to be visible
01:02:36.413 [TestNG-test=Regression-1] INFO  com.business.Tests.Actions_mouse - element dropped 
01:02:36.490 [TestNG-test=Regression-1] INFO  com.business.Utilities.Base - browser closed
01:02:38.237 [TestNG-test=Regression-2] INFO  com.business.Utilities.Base - chrome-headless launched
01:02:38.957 [TestNG-test=Regression-3] INFO  com.business.Utilities.Base - chrome-headless launched
01:02:40.152 [TestNG-test=Regression-1] INFO  com.business.Utilities.Base - chrome-headless launched
01:02:43.390 [TestNG-test=Regression-1] INFO  com.business.Utilities.Base - browser closed
01:02:44.142 [TestNG-test=Regression-2] INFO  com.business.Utilities.Base - browser closed
01:02:47.132 [TestNG-test=Regression-1] INFO  com.business.Utilities.Base - chrome-headless launched
01:02:47.812 [TestNG-test=Regression-2] INFO  com.business.Utilities.Base - chrome-headless launched
01:02:53.922 [TestNG-test=Regression-2] INFO  com.business.Utilities.Base - browser closed
01:02:57.702 [TestNG-test=Regression-2] INFO  com.business.Utilities.Base - chrome-headless launched
01:03:00.224 [TestNG-test=Regression-1] INFO  com.business.Utilities.Base - browser closed
01:03:03.374 [TestNG-test=Regression-2] INFO  com.business.Utilities.Base - browser closed
01:03:03.984 [TestNG-test=Regression-1] INFO  com.business.Utilities.Base - chrome-headless launched
01:03:03.999 [TestNG-test=Regression-1] INFO  com.business.Tests.Actions_mouse - navigating the amazon.com
01:03:06.850 [TestNG-test=Regression-1] INFO  com.business.Tests.Actions_mouse - entering text in Uppercase
01:03:07.090 [TestNG-test=Regression-2] INFO  com.business.Utilities.Base - chrome-headless launched
01:03:09.177 [TestNG-test=Regression-1] INFO  com.business.Tests.Actions_mouse - Verifying text added in Uppercase
01:03:09.199 [TestNG-test=Regression-1] INFO  com.business.Tests.Actions_mouse - text passed in Uppercase
01:03:09.292 [TestNG-test=Regression-1] INFO  com.business.Utilities.Base - browser closed
01:03:13.012 [TestNG-test=Regression-1] INFO  com.business.Utilities.Base - chrome-headless launched
01:03:13.474 [TestNG-test=Regression-2] INFO  com.business.Utilities.Base - browser closed
01:03:17.182 [TestNG-test=Regression-2] INFO  com.business.Utilities.Base - chrome-headless launched
01:03:38.625 [TestNG-test=Regression-2] INFO  com.business.Utilities.Base - browser closed
01:03:42.310 [TestNG-test=Regression-2] INFO  com.business.Utilities.Base - chrome-headless launched
01:03:44.140 [TestNG-test=Regression-2] INFO  com.business.Utilities.Base - browser closed
01:03:47.796 [TestNG-test=Regression-2] INFO  com.business.Utilities.Base - chrome-headless launched
01:03:50.421 [TestNG-test=Regression-2] INFO  com.business.Utilities.Base - browser closed
01:03:54.162 [TestNG-test=Regression-2] INFO  com.business.Utilities.Base - chrome-headless launched
01:03:56.338 [TestNG-test=Regression-2] INFO  com.business.Utilities.Base - browser closed
01:03:59.995 [TestNG-test=Regression-2] INFO  com.business.Utilities.Base - chrome-headless launched
01:04:01.503 [TestNG-test=Regression-1] INFO  com.business.Utilities.Base - browser closed
01:04:02.209 [TestNG-test=Regression-2] INFO  com.business.Utilities.Base - browser closed
01:04:05.214 [TestNG-test=Regression-1] INFO  com.business.Utilities.Base - chrome-headless launched
01:04:05.852 [TestNG-test=Regression-2] INFO  com.business.Utilities.Base - chrome-headless launched
01:04:06.304 [TestNG-test=Regression-1] INFO  com.business.Utilities.Base - browser closed
01:04:08.472 [TestNG-test=Regression-2] INFO  com.business.Utilities.Base - browser closed
01:04:09.967 [TestNG-test=Regression-1] INFO  com.business.Utilities.Base - chrome-headless launched
01:04:11.321 [TestNG-test=Regression-1] INFO  com.business.Utilities.Base - browser closed
01:04:12.187 [TestNG-test=Regression-2] INFO  com.business.Utilities.Base - chrome-headless launched
01:04:14.277 [TestNG-test=Regression-2] INFO  com.business.Utilities.Base - browser closed
01:04:16.802 [TestNG-test=Regression-1] INFO  com.business.Utilities.Base - chrome-headless launched
01:04:17.902 [TestNG-test=Regression-2] INFO  com.business.Utilities.Base - chrome-headless launched
01:04:19.037 [TestNG-test=Regression-1] INFO  com.business.Utilities.Base - browser closed
01:04:22.671 [TestNG-test=Regression-1] INFO  com.business.Utilities.Base - chrome-headless launched
01:04:22.671 [TestNG-test=Regression-2] INFO  com.business.Utilities.Base - browser closed
01:04:24.905 [TestNG-test=Regression-1] INFO  com.business.Utilities.Base - browser closed
01:04:26.431 [TestNG-test=Regression-2] INFO  com.business.Utilities.Base - chrome-headless launched
01:04:28.532 [TestNG-test=Regression-1] INFO  com.business.Utilities.Base - chrome-headless launched
01:04:30.586 [TestNG-test=Regression-1] INFO  com.business.Tests.HiddenElements - Element does not exist in the page
01:04:30.668 [TestNG-test=Regression-1] INFO  com.business.Utilities.Base - browser closed
01:04:31.325 [TestNG-test=Regression-2] INFO  com.business.Utilities.Base - browser closed
01:04:34.394 [TestNG-test=Regression-1] INFO  com.business.Utilities.Base - chrome-headless launched
01:04:35.025 [TestNG-test=Regression-2] INFO  com.business.Utilities.Base - chrome-headless launched
01:04:36.074 [TestNG-test=Regression-2] INFO  com.business.Utilities.Base - browser closed
01:04:38.604 [TestNG-test=Regression-1] INFO  com.business.Utilities.Base - browser closed
01:04:39.794 [TestNG-test=Regression-2] INFO  com.business.Utilities.Base - chrome-headless launched
01:04:41.253 [TestNG-test=Regression-2] INFO  com.business.Utilities.Base - browser closed
01:04:48.775 [TestNG-test=Regression-2] INFO  com.business.Tests.JDBC_tasks_using_DBUtils - lastname is Babayev
01:04:48.869 [TestNG-test=Regression-2] INFO  com.business.Utilities.Base - chrome-headless launched
01:04:48.967 [TestNG-test=Regression-1] INFO  com.business.Utilities.Base - chrome-headless launched
01:05:05.584 [TestNG-test=Regression-2] INFO  com.business.Utilities.Base - browser closed
01:05:09.367 [TestNG-test=Regression-2] INFO  com.business.Utilities.Base - chrome-headless launched
01:05:12.945 [TestNG-test=Regression-1] INFO  com.business.Utilities.Base - browser closed
01:05:16.756 [TestNG-test=Regression-1] INFO  com.business.Utilities.Base - chrome-headless launched
01:05:27.297 [TestNG-test=Regression-2] INFO  com.business.Utilities.Base - browser closed
01:05:31.184 [TestNG-test=Regression-2] INFO  com.business.Utilities.Base - chrome-headless launched
01:06:50.230 [TestNG-test=Regression-2] INFO  com.business.Utilities.Base - browser closed
01:06:54.855 [TestNG-test=Regression-2] INFO  com.business.Utilities.Base - chrome-headless launched
01:07:04.903 [TestNG-test=Regression-2] INFO  com.business.Utilities.Base - browser closed
01:07:07.526 [TestNG-test=Regression-1] INFO  com.business.Utilities.Base - browser closed
01:07:08.698 [TestNG-test=Regression-2] INFO  com.business.Utilities.Base - chrome-headless launched
01:07:11.309 [TestNG-test=Regression-1] INFO  com.business.Utilities.Base - chrome-headless launched
01:07:12.939 [TestNG-test=Regression-1] INFO  com.business.Tests.Popup_JS_with_Lof4J - navigated the website
01:07:13.021 [TestNG-test=Regression-1] INFO  com.business.Tests.Popup_JS_with_Lof4J - clicked text generating JS popup
01:07:14.032 [TestNG-test=Regression-1] INFO  com.business.Tests.Popup_JS_with_Lof4J - alert presents,alert text is: I am a JS Alert
01:07:16.061 [TestNG-test=Regression-1] INFO  com.business.Tests.Popup_JS_with_Lof4J - alert presents,alert dismissed
01:07:16.098 [TestNG-test=Regression-1] INFO  com.business.Utilities.Base - browser closed
01:07:17.980 [TestNG-test=Regression-2] INFO  com.business.Utilities.Base - browser closed
01:07:19.837 [TestNG-test=Regression-1] INFO  com.business.Utilities.Base - chrome-headless launched
01:07:20.899 [TestNG-test=Regression-1] INFO  com.business.Utilities.Base - browser closed
01:07:21.729 [TestNG-test=Regression-2] INFO  com.business.Utilities.Base - chrome-headless launched
01:07:23.359 [TestNG-test=Regression-2] INFO  com.business.Utilities.Base - browser closed
01:07:24.609 [TestNG-test=Regression-1] INFO  com.business.Utilities.Base - chrome-headless launched
01:07:27.042 [TestNG-test=Regression-2] INFO  com.business.Utilities.Base - chrome-headless launched
01:07:27.094 [TestNG-test=Regression-2] INFO  com.business.Utilities.Base - browser closed
01:07:27.648 [TestNG-test=Regression-1] INFO  com.business.Utilities.Base - browser closed
01:07:30.794 [TestNG-test=Regression-2] INFO  com.business.Utilities.Base - chrome-headless launched
01:07:30.845 [TestNG-test=Regression-2] INFO  com.business.Utilities.Base - browser closed
01:07:31.401 [TestNG-test=Regression-1] INFO  com.business.Utilities.Base - chrome-headless launched
01:07:33.597 [TestNG-test=Regression-1] INFO  com.business.Utilities.Base - browser closed
01:07:34.566 [TestNG-test=Regression-2] INFO  com.business.Utilities.Base - chrome-headless launched
01:07:37.296 [TestNG-test=Regression-1] INFO  com.business.Utilities.Base - chrome-headless launched
01:08:05.975 [TestNG-test=Regression-1] INFO  com.business.Utilities.Base - browser closed
01:08:07.831 [TestNG-test=Regression-2] INFO  com.business.Utilities.Base - browser closed
01:08:09.762 [TestNG-test=Regression-1] INFO  com.business.Utilities.Base - chrome-headless launched
01:08:11.396 [TestNG-test=Regression-1] INFO  com.business.Tests.Tables_Static - Bach
01:08:11.411 [TestNG-test=Regression-1] INFO  com.business.Tests.Tables_Static - Frank
01:08:11.427 [TestNG-test=Regression-1] INFO  com.business.Tests.Tables_Static - fbach@yahoo.com
01:08:11.443 [TestNG-test=Regression-1] INFO  com.business.Tests.Tables_Static - $51.00
01:08:11.458 [TestNG-test=Regression-1] INFO  com.business.Tests.Tables_Static - http://www.frank.com
01:08:11.474 [TestNG-test=Regression-1] INFO  com.business.Tests.Tables_Static - edit delete
01:08:11.510 [TestNG-test=Regression-1] INFO  com.business.Utilities.Base - browser closed
01:08:11.526 [TestNG-test=Regression-2] INFO  com.business.Utilities.Base - chrome-headless launched
01:08:15.286 [TestNG-test=Regression-1] INFO  com.business.Utilities.Base - chrome-headless launched
01:08:16.427 [TestNG-test=Regression-2] INFO  com.business.Utilities.Base - browser closed
01:08:16.900 [TestNG-test=Regression-1] INFO  com.business.Tests.Tables_Static - Smith
01:08:16.912 [TestNG-test=Regression-1] INFO  com.business.Tests.Tables_Static - John
01:08:16.927 [TestNG-test=Regression-1] INFO  com.business.Tests.Tables_Static - jsmith@gmail.com
01:08:16.943 [TestNG-test=Regression-1] INFO  com.business.Tests.Tables_Static - $50.00
01:08:16.959 [TestNG-test=Regression-1] INFO  com.business.Tests.Tables_Static - http://www.jsmith.com
01:08:16.974 [TestNG-test=Regression-1] INFO  com.business.Tests.Tables_Static - edit delete
01:08:16.990 [TestNG-test=Regression-1] INFO  com.business.Tests.Tables_Static - Bach
01:08:17.006 [TestNG-test=Regression-1] INFO  com.business.Tests.Tables_Static - Frank
01:08:17.021 [TestNG-test=Regression-1] INFO  com.business.Tests.Tables_Static - fbach@yahoo.com
01:08:17.037 [TestNG-test=Regression-1] INFO  com.business.Tests.Tables_Static - $51.00
01:08:17.052 [TestNG-test=Regression-1] INFO  com.business.Tests.Tables_Static - http://www.frank.com
01:08:17.068 [TestNG-test=Regression-1] INFO  com.business.Tests.Tables_Static - edit delete
01:08:17.084 [TestNG-test=Regression-1] INFO  com.business.Tests.Tables_Static - Doe
01:08:17.099 [TestNG-test=Regression-1] INFO  com.business.Tests.Tables_Static - Jason
01:08:17.115 [TestNG-test=Regression-1] INFO  com.business.Tests.Tables_Static - jdoe@hotmail.com
01:08:17.131 [TestNG-test=Regression-1] INFO  com.business.Tests.Tables_Static - $100.00
01:08:17.131 [TestNG-test=Regression-1] INFO  com.business.Tests.Tables_Static - http://www.jdoe.com
01:08:17.162 [TestNG-test=Regression-1] INFO  com.business.Tests.Tables_Static - edit delete
01:08:17.177 [TestNG-test=Regression-1] INFO  com.business.Tests.Tables_Static - Conway
01:08:17.193 [TestNG-test=Regression-1] INFO  com.business.Tests.Tables_Static - Tim
01:08:17.209 [TestNG-test=Regression-1] INFO  com.business.Tests.Tables_Static - tconway@earthlink.net
01:08:17.224 [TestNG-test=Regression-1] INFO  com.business.Tests.Tables_Static - $50.00
01:08:17.240 [TestNG-test=Regression-1] INFO  com.business.Tests.Tables_Static - http://www.timconway.com
01:08:17.255 [TestNG-test=Regression-1] INFO  com.business.Tests.Tables_Static - edit delete
01:08:17.292 [TestNG-test=Regression-1] INFO  com.business.Utilities.Base - browser closed
01:08:20.088 [TestNG-test=Regression-2] INFO  com.business.Utilities.Base - chrome-headless launched
01:08:21.005 [TestNG-test=Regression-1] INFO  com.business.Utilities.Base - chrome-headless launched
01:08:22.807 [TestNG-test=Regression-1] INFO  com.business.Utilities.Base - browser closed
01:08:25.662 [TestNG-test=Regression-2] INFO  com.business.Utilities.Base - browser closed
01:08:26.485 [TestNG-test=Regression-1] INFO  com.business.Utilities.Base - chrome-headless launched
01:08:28.265 [TestNG-test=Regression-1] INFO  com.business.Tests.Tables_Static - Last Name
01:08:28.279 [TestNG-test=Regression-1] INFO  com.business.Tests.Tables_Static - First Name
01:08:28.294 [TestNG-test=Regression-1] INFO  com.business.Tests.Tables_Static - Email
01:08:28.310 [TestNG-test=Regression-1] INFO  com.business.Tests.Tables_Static - Due
01:08:28.326 [TestNG-test=Regression-1] INFO  com.business.Tests.Tables_Static - Web Site
01:08:28.341 [TestNG-test=Regression-1] INFO  com.business.Tests.Tables_Static - Action
01:08:28.392 [TestNG-test=Regression-1] INFO  com.business.Utilities.Base - browser closed
01:08:29.376 [TestNG-test=Regression-2] INFO  com.business.Utilities.Base - chrome-headless launched
01:08:31.995 [TestNG-test=Regression-1] INFO  com.business.Utilities.Base - chrome-headless launched
01:08:33.630 [TestNG-test=Regression-1] INFO  com.business.Tests.Tables_Static - Smith John jsmith@gmail.com $50.00 http://www.jsmith.com edit delete
01:08:33.647 [TestNG-test=Regression-1] INFO  com.business.Tests.Tables_Static - Bach Frank fbach@yahoo.com $51.00 http://www.frank.com edit delete
01:08:33.665 [TestNG-test=Regression-1] INFO  com.business.Tests.Tables_Static - Doe Jason jdoe@hotmail.com $100.00 http://www.jdoe.com edit delete
01:08:33.678 [TestNG-test=Regression-1] INFO  com.business.Tests.Tables_Static - Conway Tim tconway@earthlink.net $50.00 http://www.timconway.com edit delete
01:08:33.693 [TestNG-test=Regression-1] INFO  com.business.Tests.Tables_Static - Doe Jason jdoe@hotmail.com $100.00 http://www.jdoe.com edit delete
01:08:33.742 [TestNG-test=Regression-1] INFO  com.business.Utilities.Base - browser closed
01:08:36.493 [TestNG-test=Regression-2] INFO  com.business.Utilities.Base - browser closed
01:08:37.431 [TestNG-test=Regression-1] INFO  com.business.Utilities.Base - chrome-headless launched
01:08:39.134 [TestNG-test=Regression-1] INFO  com.business.Tests.Tables_Static - John
01:08:39.150 [TestNG-test=Regression-1] INFO  com.business.Tests.Tables_Static - Frank
01:08:39.160 [TestNG-test=Regression-1] INFO  com.business.Tests.Tables_Static - Jason
01:08:39.176 [TestNG-test=Regression-1] INFO  com.business.Tests.Tables_Static - Tim
01:08:39.210 [TestNG-test=Regression-1] INFO  com.business.Utilities.Base - browser closed
01:08:40.195 [TestNG-test=Regression-2] INFO  com.business.Utilities.Base - chrome-headless launched
01:08:42.841 [TestNG-test=Regression-1] INFO  com.business.Utilities.Base - chrome-headless launched
01:08:44.599 [TestNG-test=Regression-1] INFO  com.business.Tests.Tables_Static - Email
01:08:44.645 [TestNG-test=Regression-1] INFO  com.business.Utilities.Base - browser closed
01:08:47.441 [TestNG-test=Regression-2] INFO  com.business.Utilities.Base - browser closed
01:08:48.288 [TestNG-test=Regression-1] INFO  com.business.Utilities.Base - chrome-headless launched
01:08:50.757 [TestNG-test=Regression-1] INFO  com.business.Utilities.Base - browser closed
01:08:51.166 [TestNG-test=Regression-2] INFO  com.business.Utilities.Base - chrome-headless launched
01:08:54.445 [TestNG-test=Regression-1] INFO  com.business.Utilities.Base - chrome-headless launched
01:08:56.143 [TestNG-test=Regression-1] INFO  com.business.Utilities.Base - browser closed
01:08:59.138 [TestNG-test=Regression-2] INFO  com.business.Utilities.Base - browser closed
07:08:21.786 [TestNG-test=Regression-1] INFO  com.business.Utilities.Base - chrome-headless launched
07:08:21.790 [TestNG-test=Regression-2] INFO  com.business.Utilities.Base - chrome-headless launched
07:08:21.786 [TestNG-test=Regression-3] INFO  com.business.Utilities.Base - chrome-headless launched
07:08:26.341 [TestNG-test=Regression-3] INFO  com.business.Utilities.Base - browser closed
07:08:30.240 [TestNG-test=Regression-3] INFO  com.business.Utilities.Base - chrome-headless launched
07:08:35.109 [TestNG-test=Regression-2] INFO  com.business.Utilities.Base - browser closed
07:08:37.052 [TestNG-test=Regression-1] INFO  com.business.Utilities.Base - browser closed
07:08:38.976 [TestNG-test=Regression-2] INFO  com.business.Utilities.Base - chrome-headless launched
07:08:40.819 [TestNG-test=Regression-1] INFO  com.business.Utilities.Base - chrome-headless launched
07:08:42.276 [TestNG-test=Regression-1] INFO  com.business.Tests.Actions_mouse - navigated to website
07:08:46.209 [TestNG-test=Regression-2] INFO  com.business.Utilities.Base - browser closed
07:08:47.126 [TestNG-test=Regression-3] INFO  com.business.Utilities.Base - browser closed
07:08:47.336 [TestNG-test=Regression-1] INFO  com.business.Tests.Actions_mouse - switching to the frame
07:08:49.729 [TestNG-test=Regression-1] INFO  com.business.Tests.Actions_mouse - dragging the element and dropping to drop field
07:08:49.796 [TestNG-test=Regression-1] INFO  com.business.Tests.Actions_mouse - waiting for confirmation text to be visible
07:08:49.826 [TestNG-test=Regression-1] INFO  com.business.Tests.Actions_mouse - element dropped 
07:08:49.871 [TestNG-test=Regression-1] INFO  com.business.Utilities.Base - browser closed
07:08:49.919 [TestNG-test=Regression-2] INFO  com.business.Utilities.Base - chrome-headless launched
07:08:50.880 [TestNG-test=Regression-3] INFO  com.business.Utilities.Base - chrome-headless launched
07:08:53.620 [TestNG-test=Regression-1] INFO  com.business.Utilities.Base - chrome-headless launched
07:08:56.157 [TestNG-test=Regression-2] INFO  com.business.Utilities.Base - browser closed
07:08:58.518 [TestNG-test=Regression-1] INFO  com.business.Utilities.Base - browser closed
07:09:00.008 [TestNG-test=Regression-2] INFO  com.business.Utilities.Base - chrome-headless launched
07:09:02.259 [TestNG-test=Regression-1] INFO  com.business.Utilities.Base - chrome-headless launched
07:09:06.476 [TestNG-test=Regression-2] INFO  com.business.Utilities.Base - browser closed
07:09:10.270 [TestNG-test=Regression-2] INFO  com.business.Utilities.Base - chrome-headless launched
07:09:15.826 [TestNG-test=Regression-1] INFO  com.business.Utilities.Base - browser closed
07:09:16.736 [TestNG-test=Regression-2] INFO  com.business.Utilities.Base - browser closed
07:09:19.825 [TestNG-test=Regression-1] INFO  com.business.Utilities.Base - chrome-headless launched
07:09:19.829 [TestNG-test=Regression-1] INFO  com.business.Tests.Actions_mouse - navigating the amazon.com
07:09:20.652 [TestNG-test=Regression-2] INFO  com.business.Utilities.Base - chrome-headless launched
07:09:24.336 [TestNG-test=Regression-1] INFO  com.business.Tests.Actions_mouse - entering text in Uppercase
07:09:27.264 [TestNG-test=Regression-1] INFO  com.business.Tests.Actions_mouse - Verifying text added in Uppercase
07:09:27.292 [TestNG-test=Regression-1] INFO  com.business.Tests.Actions_mouse - text passed in Uppercase
07:09:27.369 [TestNG-test=Regression-2] INFO  com.business.Utilities.Base - browser closed
07:09:27.389 [TestNG-test=Regression-1] INFO  com.business.Utilities.Base - browser closed
07:09:31.099 [TestNG-test=Regression-2] INFO  com.business.Utilities.Base - chrome-headless launched
07:09:31.272 [TestNG-test=Regression-1] INFO  com.business.Utilities.Base - chrome-headless launched
07:09:52.448 [TestNG-test=Regression-2] INFO  com.business.Utilities.Base - browser closed
07:09:56.152 [TestNG-test=Regression-2] INFO  com.business.Utilities.Base - chrome-headless launched
07:09:58.321 [TestNG-test=Regression-2] INFO  com.business.Utilities.Base - browser closed
07:10:02.020 [TestNG-test=Regression-2] INFO  com.business.Utilities.Base - chrome-headless launched
07:10:05.620 [TestNG-test=Regression-2] INFO  com.business.Utilities.Base - browser closed
07:10:09.314 [TestNG-test=Regression-2] INFO  com.business.Utilities.Base - chrome-headless launched
07:10:13.842 [TestNG-test=Regression-1] INFO  com.business.Utilities.Base - browser closed
07:10:14.446 [TestNG-test=Regression-2] INFO  com.business.Utilities.Base - browser closed
07:10:17.573 [TestNG-test=Regression-1] INFO  com.business.Utilities.Base - chrome-headless launched
07:10:18.166 [TestNG-test=Regression-2] INFO  com.business.Utilities.Base - chrome-headless launched
07:10:18.661 [TestNG-test=Regression-1] INFO  com.business.Utilities.Base - browser closed
07:10:20.935 [TestNG-test=Regression-2] INFO  com.business.Utilities.Base - browser closed
07:10:22.360 [TestNG-test=Regression-1] INFO  com.business.Utilities.Base - chrome-headless launched
07:10:23.775 [TestNG-test=Regression-1] INFO  com.business.Utilities.Base - browser closed
07:10:24.670 [TestNG-test=Regression-2] INFO  com.business.Utilities.Base - chrome-headless launched
07:10:27.436 [TestNG-test=Regression-1] INFO  com.business.Utilities.Base - chrome-headless launched
07:10:29.433 [TestNG-test=Regression-1] INFO  com.business.Utilities.Base - browser closed
07:10:33.128 [TestNG-test=Regression-1] INFO  com.business.Utilities.Base - chrome-headless launched
07:10:36.657 [TestNG-test=Regression-1] INFO  com.business.Utilities.Base - browser closed
07:10:42.056 [TestNG-test=Regression-1] INFO  com.business.Utilities.Base - chrome-headless launched
07:10:44.692 [TestNG-test=Regression-1] INFO  com.business.Utilities.Base - browser closed
07:10:48.394 [TestNG-test=Regression-1] INFO  com.business.Utilities.Base - chrome-headless launched
07:10:50.896 [TestNG-test=Regression-1] INFO  com.business.Utilities.Base - browser closed
07:10:54.607 [TestNG-test=Regression-1] INFO  com.business.Utilities.Base - chrome-headless launched
07:10:57.095 [TestNG-test=Regression-2] INFO  com.business.Utilities.Base - browser closed
07:11:00.881 [TestNG-test=Regression-1] INFO  com.business.Utilities.Base - browser closed
07:11:00.995 [TestNG-test=Regression-2] INFO  com.business.Utilities.Base - chrome-headless launched
07:11:04.628 [TestNG-test=Regression-1] INFO  com.business.Utilities.Base - chrome-headless launched
07:11:05.832 [TestNG-test=Regression-1] INFO  com.business.Utilities.Base - browser closed
07:11:09.692 [TestNG-test=Regression-1] INFO  com.business.Utilities.Base - chrome-headless launched
07:11:11.630 [TestNG-test=Regression-1] INFO  com.business.Utilities.Base - browser closed
07:11:12.342 [TestNG-test=Regression-2] INFO  com.business.Tests.HiddenElements - Element does not exist in the page
07:11:12.433 [TestNG-test=Regression-2] INFO  com.business.Utilities.Base - browser closed
07:11:15.427 [TestNG-test=Regression-1] INFO  com.business.Utilities.Base - chrome-headless launched
07:11:19.953 [TestNG-test=Regression-1] INFO  com.business.Utilities.Base - browser closed
07:11:22.177 [TestNG-test=Regression-2] INFO  com.business.Tests.JDBC_tasks_using_DBUtils - lastname is Babayev
07:11:25.557 [TestNG-test=Regression-2] INFO  com.business.Utilities.Base - chrome-headless launched
07:11:25.656 [TestNG-test=Regression-1] INFO  com.business.Utilities.Base - chrome-headless launched
07:11:35.335 [TestNG-test=Regression-1] INFO  com.business.Utilities.Base - browser closed
07:11:39.125 [TestNG-test=Regression-1] INFO  com.business.Utilities.Base - chrome-headless launched
07:11:49.622 [TestNG-test=Regression-2] INFO  com.business.Utilities.Base - browser closed
07:11:53.419 [TestNG-test=Regression-2] INFO  com.business.Utilities.Base - chrome-headless launched
07:11:53.968 [TestNG-test=Regression-1] INFO  com.business.Utilities.Base - browser closed
07:11:57.819 [TestNG-test=Regression-1] INFO  com.business.Utilities.Base - chrome-headless launched
07:12:04.318 [TestNG-test=Regression-2] INFO  com.business.Utilities.Base - browser closed
07:12:08.541 [TestNG-test=Regression-2] INFO  com.business.Utilities.Base - chrome-headless launched
07:12:45.303 [TestNG-test=Regression-2] INFO  com.business.Utilities.Base - browser closed
07:12:56.898 [TestNG-test=Regression-2] INFO  com.business.Utilities.Base - chrome-headless launched
07:13:08.220 [TestNG-test=Regression-2] INFO  com.business.Utilities.Base - browser closed
07:13:12.481 [TestNG-test=Regression-2] INFO  com.business.Utilities.Base - chrome-headless launched
07:13:14.348 [TestNG-test=Regression-2] INFO  com.business.Tests.Popup_JS_with_Lof4J - navigated the website
07:13:14.511 [TestNG-test=Regression-2] INFO  com.business.Tests.Popup_JS_with_Lof4J - clicked text generating JS popup
07:13:15.543 [TestNG-test=Regression-2] INFO  com.business.Tests.Popup_JS_with_Lof4J - alert presents,alert text is: I am a JS Alert
07:13:17.571 [TestNG-test=Regression-2] INFO  com.business.Tests.Popup_JS_with_Lof4J - alert presents,alert dismissed
07:13:17.639 [TestNG-test=Regression-2] INFO  com.business.Utilities.Base - browser closed
07:13:21.916 [TestNG-test=Regression-2] INFO  com.business.Utilities.Base - chrome-headless launched
07:13:23.292 [TestNG-test=Regression-2] INFO  com.business.Utilities.Base - browser closed
07:13:33.675 [TestNG-test=Regression-2] INFO  com.business.Utilities.Base - chrome-headless launched
07:13:35.822 [TestNG-test=Regression-2] INFO  com.business.Utilities.Base - browser closed
07:13:37.470 [TestNG-test=Regression-1] INFO  com.business.Utilities.Base - browser closed
07:13:40.066 [TestNG-test=Regression-2] INFO  com.business.Utilities.Base - chrome-headless launched
07:13:41.653 [TestNG-test=Regression-1] INFO  com.business.Utilities.Base - chrome-headless launched
07:13:41.713 [TestNG-test=Regression-1] INFO  com.business.Utilities.Base - browser closed
07:13:42.143 [TestNG-test=Regression-2] INFO  com.business.Utilities.Base - browser closed
07:13:45.505 [TestNG-test=Regression-1] INFO  com.business.Utilities.Base - chrome-headless launched
07:13:45.553 [TestNG-test=Regression-1] INFO  com.business.Utilities.Base - browser closed
07:13:45.910 [TestNG-test=Regression-2] INFO  com.business.Utilities.Base - chrome-headless launched
07:13:48.192 [TestNG-test=Regression-2] INFO  com.business.Utilities.Base - browser closed
07:13:49.293 [TestNG-test=Regression-1] INFO  com.business.Utilities.Base - chrome-headless launched
07:13:51.956 [TestNG-test=Regression-2] INFO  com.business.Utilities.Base - chrome-headless launched
07:14:22.220 [TestNG-test=Regression-2] INFO  com.business.Utilities.Base - browser closed
07:14:23.171 [TestNG-test=Regression-1] INFO  com.business.Utilities.Base - browser closed
07:14:25.986 [TestNG-test=Regression-2] INFO  com.business.Utilities.Base - chrome-headless launched
07:14:26.862 [TestNG-test=Regression-1] INFO  com.business.Utilities.Base - chrome-headless launched
07:14:27.942 [TestNG-test=Regression-2] INFO  com.business.Tests.Tables_Static - Bach
07:14:27.969 [TestNG-test=Regression-2] INFO  com.business.Tests.Tables_Static - Frank
07:14:27.990 [TestNG-test=Regression-2] INFO  com.business.Tests.Tables_Static - fbach@yahoo.com
07:14:28.011 [TestNG-test=Regression-2] INFO  com.business.Tests.Tables_Static - $51.00
07:14:28.033 [TestNG-test=Regression-2] INFO  com.business.Tests.Tables_Static - http://www.frank.com
07:14:28.059 [TestNG-test=Regression-2] INFO  com.business.Tests.Tables_Static - edit delete
07:14:28.100 [TestNG-test=Regression-2] INFO  com.business.Utilities.Base - browser closed
07:14:31.837 [TestNG-test=Regression-2] INFO  com.business.Utilities.Base - chrome-headless launched
07:14:32.691 [TestNG-test=Regression-1] INFO  com.business.Utilities.Base - browser closed
07:14:33.784 [TestNG-test=Regression-2] INFO  com.business.Tests.Tables_Static - Smith
07:14:33.802 [TestNG-test=Regression-2] INFO  com.business.Tests.Tables_Static - John
07:14:33.833 [TestNG-test=Regression-2] INFO  com.business.Tests.Tables_Static - jsmith@gmail.com
07:14:33.854 [TestNG-test=Regression-2] INFO  com.business.Tests.Tables_Static - $50.00
07:14:33.872 [TestNG-test=Regression-2] INFO  com.business.Tests.Tables_Static - http://www.jsmith.com
07:14:33.893 [TestNG-test=Regression-2] INFO  com.business.Tests.Tables_Static - edit delete
07:14:33.916 [TestNG-test=Regression-2] INFO  com.business.Tests.Tables_Static - Bach
07:14:33.945 [TestNG-test=Regression-2] INFO  com.business.Tests.Tables_Static - Frank
07:14:33.946 [TestNG-test=Regression-2] INFO  com.business.Tests.Tables_Static - fbach@yahoo.com
07:14:33.977 [TestNG-test=Regression-2] INFO  com.business.Tests.Tables_Static - $51.00
07:14:33.993 [TestNG-test=Regression-2] INFO  com.business.Tests.Tables_Static - http://www.frank.com
07:14:34.009 [TestNG-test=Regression-2] INFO  com.business.Tests.Tables_Static - edit delete
07:14:34.024 [TestNG-test=Regression-2] INFO  com.business.Tests.Tables_Static - Doe
07:14:34.040 [TestNG-test=Regression-2] INFO  com.business.Tests.Tables_Static - Jason
07:14:34.071 [TestNG-test=Regression-2] INFO  com.business.Tests.Tables_Static - jdoe@hotmail.com
07:14:34.087 [TestNG-test=Regression-2] INFO  com.business.Tests.Tables_Static - $100.00
07:14:34.102 [TestNG-test=Regression-2] INFO  com.business.Tests.Tables_Static - http://www.jdoe.com
07:14:34.134 [TestNG-test=Regression-2] INFO  com.business.Tests.Tables_Static - edit delete
07:14:34.149 [TestNG-test=Regression-2] INFO  com.business.Tests.Tables_Static - Conway
07:14:34.170 [TestNG-test=Regression-2] INFO  com.business.Tests.Tables_Static - Tim
07:14:34.185 [TestNG-test=Regression-2] INFO  com.business.Tests.Tables_Static - tconway@earthlink.net
07:14:34.198 [TestNG-test=Regression-2] INFO  com.business.Tests.Tables_Static - $50.00
07:14:34.208 [TestNG-test=Regression-2] INFO  com.business.Tests.Tables_Static - http://www.timconway.com
07:14:34.224 [TestNG-test=Regression-2] INFO  com.business.Tests.Tables_Static - edit delete
07:14:34.261 [TestNG-test=Regression-2] INFO  com.business.Utilities.Base - browser closed
07:14:36.438 [TestNG-test=Regression-1] INFO  com.business.Utilities.Base - chrome-headless launched
07:14:37.951 [TestNG-test=Regression-2] INFO  com.business.Utilities.Base - chrome-headless launched
07:14:39.673 [TestNG-test=Regression-2] INFO  com.business.Utilities.Base - browser closed
07:14:41.867 [TestNG-test=Regression-1] INFO  com.business.Utilities.Base - browser closed
07:14:43.389 [TestNG-test=Regression-2] INFO  com.business.Utilities.Base - chrome-headless launched
07:14:45.050 [TestNG-test=Regression-2] INFO  com.business.Tests.Tables_Static - Last Name
07:14:45.065 [TestNG-test=Regression-2] INFO  com.business.Tests.Tables_Static - First Name
07:14:45.079 [TestNG-test=Regression-2] INFO  com.business.Tests.Tables_Static - Email
07:14:45.096 [TestNG-test=Regression-2] INFO  com.business.Tests.Tables_Static - Due
07:14:45.112 [TestNG-test=Regression-2] INFO  com.business.Tests.Tables_Static - Web Site
07:14:45.130 [TestNG-test=Regression-2] INFO  com.business.Tests.Tables_Static - Action
07:14:45.168 [TestNG-test=Regression-2] INFO  com.business.Utilities.Base - browser closed
07:14:45.583 [TestNG-test=Regression-1] INFO  com.business.Utilities.Base - chrome-headless launched
07:14:48.878 [TestNG-test=Regression-2] INFO  com.business.Utilities.Base - chrome-headless launched
07:14:50.500 [TestNG-test=Regression-2] INFO  com.business.Tests.Tables_Static - Smith John jsmith@gmail.com $50.00 http://www.jsmith.com edit delete
07:14:50.518 [TestNG-test=Regression-2] INFO  com.business.Tests.Tables_Static - Bach Frank fbach@yahoo.com $51.00 http://www.frank.com edit delete
07:14:50.538 [TestNG-test=Regression-2] INFO  com.business.Tests.Tables_Static - Doe Jason jdoe@hotmail.com $100.00 http://www.jdoe.com edit delete
07:14:50.557 [TestNG-test=Regression-2] INFO  com.business.Tests.Tables_Static - Conway Tim tconway@earthlink.net $50.00 http://www.timconway.com edit delete
07:14:50.570 [TestNG-test=Regression-2] INFO  com.business.Tests.Tables_Static - Doe Jason jdoe@hotmail.com $100.00 http://www.jdoe.com edit delete
07:14:50.627 [TestNG-test=Regression-2] INFO  com.business.Utilities.Base - browser closed
07:14:52.922 [TestNG-test=Regression-1] INFO  com.business.Utilities.Base - browser closed
07:14:54.321 [TestNG-test=Regression-2] INFO  com.business.Utilities.Base - chrome-headless launched
07:14:56.178 [TestNG-test=Regression-2] INFO  com.business.Tests.Tables_Static - John
07:14:56.193 [TestNG-test=Regression-2] INFO  com.business.Tests.Tables_Static - Frank
07:14:56.209 [TestNG-test=Regression-2] INFO  com.business.Tests.Tables_Static - Jason
07:14:56.223 [TestNG-test=Regression-2] INFO  com.business.Tests.Tables_Static - Tim
07:14:56.254 [TestNG-test=Regression-2] INFO  com.business.Utilities.Base - browser closed
07:14:56.618 [TestNG-test=Regression-1] INFO  com.business.Utilities.Base - chrome-headless launched
07:14:59.956 [TestNG-test=Regression-2] INFO  com.business.Utilities.Base - chrome-headless launched
07:15:01.842 [TestNG-test=Regression-2] INFO  com.business.Tests.Tables_Static - Email
07:15:01.888 [TestNG-test=Regression-2] INFO  com.business.Utilities.Base - browser closed
07:15:03.917 [TestNG-test=Regression-1] INFO  com.business.Utilities.Base - browser closed
07:15:05.528 [TestNG-test=Regression-2] INFO  com.business.Utilities.Base - chrome-headless launched
07:15:07.637 [TestNG-test=Regression-1] INFO  com.business.Utilities.Base - chrome-headless launched
07:15:07.821 [TestNG-test=Regression-2] INFO  com.business.Utilities.Base - browser closed
07:15:11.548 [TestNG-test=Regression-2] INFO  com.business.Utilities.Base - chrome-headless launched
07:15:13.528 [TestNG-test=Regression-2] INFO  com.business.Utilities.Base - browser closed
07:15:15.712 [TestNG-test=Regression-1] INFO  com.business.Utilities.Base - browser closed
07:51:12.435 [main] INFO  com.business.Utilities.Base - chrome-headless launched
07:51:21.639 [main] INFO  com.business.Utilities.Base - browser closed
21:55:23.087 [main] INFO  com.business.Utilities.Base - chrome-headless launched
21:55:23.218 [main] INFO  com.business.Utilities.Base - browser closed
