00:00:51.714 [TestNG-test=Regression-1] INFO  com.business.Utilities.Base - chrome-headless launched
00:00:56.912 [TestNG-test=Regression-2] INFO  com.business.Utilities.Base - browser closed
00:01:01.125 [TestNG-test=Regression-2] INFO  com.business.Utilities.Base - chrome-headless launched
00:01:05.340 [TestNG-test=Regression-1] INFO  com.business.Utilities.Base - browser closed
00:01:09.184 [TestNG-test=Regression-1] INFO  com.business.Utilities.Base - chrome-headless launched
00:01:10.866 [TestNG-test=Regression-2] INFO  com.business.Utilities.Base - browser closed
00:01:11.210 [TestNG-test=Regression-1] INFO  com.business.Tests.Popup_JS_with_Lof4J - navigated the website
00:01:11.286 [TestNG-test=Regression-1] INFO  com.business.Tests.Popup_JS_with_Lof4J - clicked text generating JS popup
00:01:12.298 [TestNG-test=Regression-1] INFO  com.business.Tests.Popup_JS_with_Lof4J - alert presents,alert text is: I am a JS Alert
00:01:14.316 [TestNG-test=Regression-1] INFO  com.business.Tests.Popup_JS_with_Lof4J - alert presents,alert dismissed
00:01:14.352 [TestNG-test=Regression-1] INFO  com.business.Utilities.Base - browser closed
00:01:14.562 [TestNG-test=Regression-2] INFO  com.business.Utilities.Base - chrome-headless launched
00:01:15.695 [TestNG-test=Regression-2] INFO  com.business.Utilities.Base - browser closed
00:01:18.053 [TestNG-test=Regression-1] INFO  com.business.Utilities.Base - chrome-headless launched
00:01:19.405 [TestNG-test=Regression-2] INFO  com.business.Utilities.Base - chrome-headless launched
00:01:19.655 [TestNG-test=Regression-1] INFO  com.business.Utilities.Base - browser closed
00:01:22.335 [TestNG-test=Regression-2] INFO  com.business.Utilities.Base - browser closed
00:01:23.349 [TestNG-test=Regression-1] INFO  com.business.Utilities.Base - chrome-headless launched
00:01:23.391 [TestNG-test=Regression-1] INFO  com.business.Utilities.Base - browser closed
00:01:26.076 [TestNG-test=Regression-2] INFO  com.business.Utilities.Base - chrome-headless launched
00:01:26.133 [TestNG-test=Regression-2] INFO  com.business.Utilities.Base - browser closed
00:01:27.079 [TestNG-test=Regression-1] INFO  com.business.Utilities.Base - chrome-headless launched
00:01:29.128 [TestNG-test=Regression-1] INFO  com.business.Utilities.Base - browser closed
00:01:29.849 [TestNG-test=Regression-2] INFO  com.business.Utilities.Base - chrome-headless launched
00:01:32.845 [TestNG-test=Regression-1] INFO  com.business.Utilities.Base - chrome-headless launched
00:01:59.075 [TestNG-test=Regression-1] INFO  com.business.Utilities.Base - browser closed
00:02:02.714 [TestNG-test=Regression-1] INFO  com.business.Utilities.Base - chrome-headless launched
00:02:02.891 [TestNG-test=Regression-2] INFO  com.business.Utilities.Base - browser closed
00:02:04.629 [TestNG-test=Regression-1] INFO  com.business.Tests.Tables_Static - Bach
00:02:04.643 [TestNG-test=Regression-1] INFO  com.business.Tests.Tables_Static - Frank
00:02:04.658 [TestNG-test=Regression-1] INFO  com.business.Tests.Tables_Static - fbach@yahoo.com
00:02:04.672 [TestNG-test=Regression-1] INFO  com.business.Tests.Tables_Static - $51.00
00:02:04.687 [TestNG-test=Regression-1] INFO  com.business.Tests.Tables_Static - http://www.frank.com
00:02:04.701 [TestNG-test=Regression-1] INFO  com.business.Tests.Tables_Static - edit delete
00:02:04.730 [TestNG-test=Regression-1] INFO  com.business.Utilities.Base - browser closed
00:02:06.504 [TestNG-test=Regression-2] INFO  com.business.Utilities.Base - chrome-headless launched
00:02:08.356 [TestNG-test=Regression-1] INFO  com.business.Utilities.Base - chrome-headless launched
00:02:10.659 [TestNG-test=Regression-1] INFO  com.business.Tests.Tables_Static - Smith
00:02:10.675 [TestNG-test=Regression-1] INFO  com.business.Tests.Tables_Static - John
00:02:10.691 [TestNG-test=Regression-1] INFO  com.business.Tests.Tables_Static - jsmith@gmail.com
00:02:10.708 [TestNG-test=Regression-1] INFO  com.business.Tests.Tables_Static - $50.00
00:02:10.729 [TestNG-test=Regression-1] INFO  com.business.Tests.Tables_Static - http://www.jsmith.com
00:02:10.748 [TestNG-test=Regression-1] INFO  com.business.Tests.Tables_Static - edit delete
00:02:10.768 [TestNG-test=Regression-1] INFO  com.business.Tests.Tables_Static - Bach
00:02:10.788 [TestNG-test=Regression-1] INFO  com.business.Tests.Tables_Static - Frank
00:02:10.811 [TestNG-test=Regression-1] INFO  com.business.Tests.Tables_Static - fbach@yahoo.com
00:02:10.831 [TestNG-test=Regression-1] INFO  com.business.Tests.Tables_Static - $51.00
00:02:10.857 [TestNG-test=Regression-1] INFO  com.business.Tests.Tables_Static - http://www.frank.com
00:02:10.875 [TestNG-test=Regression-1] INFO  com.business.Tests.Tables_Static - edit delete
00:02:10.889 [TestNG-test=Regression-1] INFO  com.business.Tests.Tables_Static - Doe
00:02:10.906 [TestNG-test=Regression-2] INFO  com.business.Utilities.Base - browser closed
00:02:10.908 [TestNG-test=Regression-1] INFO  com.business.Tests.Tables_Static - Jason
00:02:10.926 [TestNG-test=Regression-1] INFO  com.business.Tests.Tables_Static - jdoe@hotmail.com
00:02:10.941 [TestNG-test=Regression-1] INFO  com.business.Tests.Tables_Static - $100.00
00:02:10.958 [TestNG-test=Regression-1] INFO  com.business.Tests.Tables_Static - http://www.jdoe.com
00:02:10.975 [TestNG-test=Regression-1] INFO  com.business.Tests.Tables_Static - edit delete
00:02:10.989 [TestNG-test=Regression-1] INFO  com.business.Tests.Tables_Static - Conway
00:02:11.003 [TestNG-test=Regression-1] INFO  com.business.Tests.Tables_Static - Tim
00:02:11.018 [TestNG-test=Regression-1] INFO  com.business.Tests.Tables_Static - tconway@earthlink.net
00:02:11.032 [TestNG-test=Regression-1] INFO  com.business.Tests.Tables_Static - $50.00
00:02:11.048 [TestNG-test=Regression-1] INFO  com.business.Tests.Tables_Static - http://www.timconway.com
00:02:11.067 [TestNG-test=Regression-1] INFO  com.business.Tests.Tables_Static - edit delete
00:02:11.101 [TestNG-test=Regression-1] INFO  com.business.Utilities.Base - browser closed
00:02:14.572 [TestNG-test=Regression-2] INFO  com.business.Utilities.Base - chrome-headless launched
00:02:14.804 [TestNG-test=Regression-1] INFO  com.business.Utilities.Base - chrome-headless launched
00:02:17.388 [TestNG-test=Regression-1] INFO  com.business.Utilities.Base - browser closed
00:02:20.302 [TestNG-test=Regression-2] INFO  com.business.Utilities.Base - browser closed
00:02:21.020 [TestNG-test=Regression-1] INFO  com.business.Utilities.Base - chrome-headless launched
00:02:23.213 [TestNG-test=Regression-1] INFO  com.business.Tests.Tables_Static - Last Name
00:02:23.228 [TestNG-test=Regression-1] INFO  com.business.Tests.Tables_Static - First Name
00:02:23.243 [TestNG-test=Regression-1] INFO  com.business.Tests.Tables_Static - Email
00:02:23.257 [TestNG-test=Regression-1] INFO  com.business.Tests.Tables_Static - Due
00:02:23.272 [TestNG-test=Regression-1] INFO  com.business.Tests.Tables_Static - Web Site
00:02:23.287 [TestNG-test=Regression-1] INFO  com.business.Tests.Tables_Static - Action
00:02:23.329 [TestNG-test=Regression-1] INFO  com.business.Utilities.Base - browser closed
00:02:23.999 [TestNG-test=Regression-2] INFO  com.business.Utilities.Base - chrome-headless launched
00:02:26.930 [TestNG-test=Regression-1] INFO  com.business.Utilities.Base - chrome-headless launched
00:02:28.896 [TestNG-test=Regression-1] INFO  com.business.Tests.Tables_Static - Smith John jsmith@gmail.com $50.00 http://www.jsmith.com edit delete
00:02:28.914 [TestNG-test=Regression-1] INFO  com.business.Tests.Tables_Static - Bach Frank fbach@yahoo.com $51.00 http://www.frank.com edit delete
00:02:28.930 [TestNG-test=Regression-1] INFO  com.business.Tests.Tables_Static - Doe Jason jdoe@hotmail.com $100.00 http://www.jdoe.com edit delete
00:02:28.948 [TestNG-test=Regression-1] INFO  com.business.Tests.Tables_Static - Conway Tim tconway@earthlink.net $50.00 http://www.timconway.com edit delete
00:02:28.959 [TestNG-test=Regression-1] INFO  com.business.Tests.Tables_Static - Doe Jason jdoe@hotmail.com $100.00 http://www.jdoe.com edit delete
00:02:29.011 [TestNG-test=Regression-1] INFO  com.business.Utilities.Base - browser closed
00:02:31.424 [TestNG-test=Regression-2] INFO  com.business.Utilities.Base - browser closed
00:02:32.703 [TestNG-test=Regression-1] INFO  com.business.Utilities.Base - chrome-headless launched
00:02:34.829 [TestNG-test=Regression-1] INFO  com.business.Tests.Tables_Static - John
00:02:34.843 [TestNG-test=Regression-1] INFO  com.business.Tests.Tables_Static - Frank
00:02:34.858 [TestNG-test=Regression-1] INFO  com.business.Tests.Tables_Static - Jason
00:02:34.873 [TestNG-test=Regression-1] INFO  com.business.Tests.Tables_Static - Tim
00:02:34.902 [TestNG-test=Regression-1] INFO  com.business.Utilities.Base - browser closed
00:02:35.095 [TestNG-test=Regression-2] INFO  com.business.Utilities.Base - chrome-headless launched
00:02:38.496 [TestNG-test=Regression-1] INFO  com.business.Utilities.Base - chrome-headless launched
00:02:40.590 [TestNG-test=Regression-1] INFO  com.business.Tests.Tables_Static - Email
00:02:40.630 [TestNG-test=Regression-1] INFO  com.business.Utilities.Base - browser closed
00:02:42.651 [TestNG-test=Regression-2] INFO  com.business.Utilities.Base - browser closed
00:02:44.330 [TestNG-test=Regression-1] INFO  com.business.Utilities.Base - chrome-headless launched
00:02:46.353 [TestNG-test=Regression-2] INFO  com.business.Utilities.Base - chrome-headless launched
00:02:46.630 [TestNG-test=Regression-1] INFO  com.business.Utilities.Base - browser closed
00:02:50.328 [TestNG-test=Regression-1] INFO  com.business.Utilities.Base - chrome-headless launched
00:02:53.336 [TestNG-test=Regression-1] INFO  com.business.Utilities.Base - browser closed
00:02:54.755 [TestNG-test=Regression-2] INFO  com.business.Utilities.Base - browser closed
