12:03:57.083 [main] INFO  com.business.Utilities.Base - chrome launched
12:04:00.579 [main] INFO  com.business.Tests.Actions_mouse - navigated to website
12:04:00.741 [main] INFO  com.business.Tests.Actions_mouse - switching to the frame
12:04:04.197 [main] INFO  com.business.Utilities.Base - browser closed
12:04:43.305 [main] INFO  com.business.Utilities.Base - chrome launched
12:04:46.296 [main] INFO  com.business.Tests.Actions_mouse - navigated to website
12:04:48.437 [main] INFO  com.business.Tests.Actions_mouse - switching to the frame
12:04:51.102 [main] INFO  com.business.Utilities.Base - browser closed
12:05:27.156 [main] INFO  com.business.Utilities.Base - chrome launched
12:05:30.207 [main] INFO  com.business.Tests.Actions_mouse - navigated to website
12:05:35.315 [main] INFO  com.business.Tests.Actions_mouse - switching to the frame
12:05:38.342 [main] INFO  com.business.Utilities.Base - browser closed
12:06:46.294 [main] INFO  com.business.Utilities.Base - chrome launched
12:06:49.326 [main] INFO  com.business.Tests.Actions_mouse - navigated to website
12:06:54.428 [main] INFO  com.business.Tests.Actions_mouse - switching to the frame
12:06:57.366 [main] INFO  com.business.Utilities.Base - browser closed
12:07:43.412 [main] INFO  com.business.Utilities.Base - chrome launched
12:07:46.363 [main] INFO  com.business.Tests.Actions_mouse - navigated to website
12:07:51.644 [main] INFO  com.business.Tests.Actions_mouse - switching to the frame
12:07:57.401 [main] INFO  com.business.Utilities.Base - browser closed
12:08:59.947 [main] INFO  com.business.Utilities.Base - chrome launched
12:09:03.056 [main] INFO  com.business.Tests.Actions_mouse - navigated to website
12:09:08.245 [main] INFO  com.business.Tests.Actions_mouse - switching to the frame
12:09:10.820 [main] INFO  com.business.Tests.Actions_mouse - dragging the element and dropping to drop field
12:09:11.008 [main] INFO  com.business.Tests.Actions_mouse - waiting for confirmation text to be visible
12:09:11.054 [main] INFO  com.business.Tests.Actions_mouse - element dropped 
12:09:13.086 [main] INFO  com.business.Utilities.Base - browser closed
12:10:21.807 [main] INFO  com.business.Utilities.Base - chrome launched
12:10:25.260 [main] INFO  com.business.Tests.Actions_mouse - navigated to website
12:10:30.398 [main] INFO  com.business.Tests.Actions_mouse - switching to the frame
12:10:32.973 [main] INFO  com.business.Utilities.Base - browser closed
12:13:27.316 [main] INFO  com.business.Utilities.Base - chrome launched
12:13:30.080 [main] INFO  com.business.Tests.Actions_mouse - navigated to website
12:14:03.013 [main] INFO  com.business.Utilities.Base - browser closed
12:15:09.199 [main] INFO  com.business.Utilities.Base - chrome launched
12:15:12.576 [main] INFO  com.business.Tests.Actions_mouse - navigated to website
12:15:45.321 [main] INFO  com.business.Utilities.Base - browser closed
12:17:17.545 [main] INFO  com.business.Utilities.Base - chrome launched
12:18:16.038 [main] INFO  com.business.Tests.Actions_mouse - navigated to website
12:18:59.383 [main] INFO  com.business.Utilities.Base - browser closed
12:20:08.894 [main] INFO  com.business.Utilities.Base - chrome launched
12:20:11.088 [main] INFO  com.business.Tests.Actions_mouse - navigated to website
12:20:59.729 [main] INFO  com.business.Utilities.Base - browser closed
12:21:52.167 [main] INFO  com.business.Utilities.Base - chrome launched
12:22:54.777 [main] INFO  com.business.Tests.Actions_mouse - navigated to website
12:22:54.961 [main] INFO  com.business.Tests.Actions_mouse - switching to the frame
12:22:57.849 [main] INFO  com.business.Utilities.Base - browser closed
12:23:30.598 [main] INFO  com.business.Utilities.Base - chrome launched
12:23:33.892 [main] INFO  com.business.Tests.Actions_mouse - navigated to website
12:23:39.011 [main] INFO  com.business.Tests.Actions_mouse - switching to the frame
12:23:41.724 [main] INFO  com.business.Utilities.Base - browser closed
12:32:07.293 [main] INFO  com.business.Utilities.Base - chrome launched
12:32:10.265 [main] INFO  com.business.Tests.Actions_mouse - navigated to website
12:32:15.524 [main] INFO  com.business.Tests.Actions_mouse - switching to the frame
12:32:18.431 [main] INFO  com.business.Utilities.Base - browser closed
12:34:09.487 [main] INFO  com.business.Utilities.Base - chrome launched
12:34:11.806 [main] INFO  com.business.Tests.Actions_mouse - navigated to website
12:34:16.955 [main] INFO  com.business.Tests.Actions_mouse - switching to the frame
12:34:19.472 [main] INFO  com.business.Tests.Actions_mouse - dragging the element and dropping to drop field
12:34:19.613 [main] INFO  com.business.Tests.Actions_mouse - waiting for confirmation text to be visible
12:34:19.660 [main] INFO  com.business.Tests.Actions_mouse - element dropped 
12:34:21.707 [main] INFO  com.business.Utilities.Base - browser closed
12:34:47.705 [main] INFO  com.business.Utilities.Base - chrome launched
12:34:50.616 [main] INFO  com.business.Tests.Actions_mouse - navigated to website
12:34:55.746 [main] INFO  com.business.Tests.Actions_mouse - switching to the frame
12:34:58.448 [main] INFO  com.business.Utilities.Base - browser closed
12:37:19.039 [main] INFO  com.business.Utilities.Base - chrome launched
12:37:21.780 [main] INFO  com.business.Tests.Actions_mouse - navigated to website
12:37:26.905 [main] INFO  com.business.Tests.Actions_mouse - switching to the frame
12:37:29.462 [main] INFO  com.business.Tests.Actions_mouse - dragging the element and dropping to drop field
12:37:29.602 [main] INFO  com.business.Tests.Actions_mouse - waiting for confirmation text to be visible
12:37:29.649 [main] INFO  com.business.Tests.Actions_mouse - element dropped 
12:37:31.571 [main] INFO  com.business.Utilities.Base - browser closed
12:38:39.233 [main] INFO  com.business.Utilities.Base - chrome launched
12:38:41.849 [main] INFO  com.business.Tests.Actions_mouse - navigated to website
12:38:46.979 [main] INFO  com.business.Tests.Actions_mouse - switching to the frame
12:38:49.510 [main] INFO  com.business.Tests.Actions_mouse - dragging the element and dropping to drop field
12:38:49.650 [main] INFO  com.business.Tests.Actions_mouse - waiting for confirmation text to be visible
12:38:49.682 [main] INFO  com.business.Tests.Actions_mouse - element dropped 
12:38:51.479 [main] INFO  com.business.Utilities.Base - browser closed
12:39:55.997 [main] INFO  com.business.Utilities.Base - chrome launched
12:40:09.578 [main] INFO  com.business.Utilities.Base - browser closed
12:41:43.068 [main] INFO  com.business.Utilities.Base - chrome launched
12:41:57.336 [main] INFO  com.business.Utilities.Base - browser closed
12:42:55.518 [main] INFO  com.business.Utilities.Base - chrome launched
12:43:09.082 [main] INFO  com.business.Utilities.Base - browser closed
12:43:38.756 [main] INFO  com.business.Utilities.Base - chrome launched
12:43:52.208 [main] INFO  com.business.Utilities.Base - browser closed
12:44:20.896 [main] INFO  com.business.Utilities.Base - chrome launched
12:44:41.985 [main] INFO  com.business.Utilities.Base - browser closed
12:45:18.685 [main] INFO  com.business.Utilities.Base - chrome launched
12:45:41.351 [main] INFO  com.business.Utilities.Base - browser closed
12:47:49.517 [main] INFO  com.business.Utilities.Base - chrome launched
12:48:12.106 [main] INFO  com.business.Utilities.Base - browser closed
12:54:02.179 [main] INFO  com.business.Utilities.Base - chrome launched
12:54:31.136 [main] INFO  com.business.Utilities.Base - browser closed
12:59:44.626 [main] INFO  com.business.Utilities.Base - chrome launched
13:00:01.143 [main] INFO  com.business.Utilities.Base - browser closed
13:01:55.806 [main] INFO  com.business.Utilities.Base - chrome launched
13:02:06.502 [main] INFO  com.business.Tests.Dropdown_Dynamic - Chennai (MAA)
13:02:08.469 [main] INFO  com.business.Tests.Dropdown_Dynamic - Delhi (DEL)
13:02:11.559 [main] INFO  com.business.Utilities.Base - browser closed
13:16:37.913 [main] INFO  com.business.Tests.JDBC_tasks_using_DBUtils - lastname is 
13:16:37.960 [main] INFO  com.business.Tests.JDBC_tasks_using_DBUtils - lastname is 
13:16:37.960 [main] INFO  com.business.Tests.JDBC_tasks_using_DBUtils - lastname is 
13:16:37.960 [main] INFO  com.business.Tests.JDBC_tasks_using_DBUtils - lastname is 
13:16:37.960 [main] INFO  com.business.Tests.JDBC_tasks_using_DBUtils - lastname is 
13:17:24.726 [main] INFO  com.business.Tests.JDBC_tasks_using_DBUtils - lastname is 
13:17:24.741 [main] INFO  com.business.Tests.JDBC_tasks_using_DBUtils - lastname is 
13:17:24.757 [main] INFO  com.business.Tests.JDBC_tasks_using_DBUtils - lastname is 
13:17:24.757 [main] INFO  com.business.Tests.JDBC_tasks_using_DBUtils - lastname is 
13:17:24.757 [main] INFO  com.business.Tests.JDBC_tasks_using_DBUtils - lastname is 
13:18:12.287 [main] INFO  com.business.Tests.JDBC_tasks_using_DBUtils - lastname is 
13:18:12.318 [main] INFO  com.business.Tests.JDBC_tasks_using_DBUtils - lastname is 
13:18:12.318 [main] INFO  com.business.Tests.JDBC_tasks_using_DBUtils - lastname is 
13:18:12.318 [main] INFO  com.business.Tests.JDBC_tasks_using_DBUtils - lastname is 
13:18:12.318 [main] INFO  com.business.Tests.JDBC_tasks_using_DBUtils - lastname is 
13:18:53.484 [main] INFO  com.business.Tests.JDBC_tasks_using_DBUtils - lastname is null
13:18:53.499 [main] INFO  com.business.Tests.JDBC_tasks_using_DBUtils - lastname is null
13:18:53.503 [main] INFO  com.business.Tests.JDBC_tasks_using_DBUtils - lastname is null
13:18:53.503 [main] INFO  com.business.Tests.JDBC_tasks_using_DBUtils - lastname is null
13:18:53.503 [main] INFO  com.business.Tests.JDBC_tasks_using_DBUtils - lastname is null
13:19:46.710 [main] INFO  com.business.Tests.JDBC_tasks_using_DBUtils - lastname is Samir
13:20:28.585 [main] INFO  com.business.Tests.JDBC_tasks_using_DBUtils - lastname is Samir
13:21:05.134 [main] INFO  com.business.Tests.JDBC_tasks_using_DBUtils - lastname is Babayev
13:21:56.131 [main] INFO  com.business.Tests.JDBC_tasks_using_DBUtils - lastname is 
13:21:56.163 [main] INFO  com.business.Tests.JDBC_tasks_using_DBUtils - lastname is 
13:21:56.163 [main] INFO  com.business.Tests.JDBC_tasks_using_DBUtils - lastname is 
13:21:56.163 [main] INFO  com.business.Tests.JDBC_tasks_using_DBUtils - lastname is 
13:21:56.163 [main] INFO  com.business.Tests.JDBC_tasks_using_DBUtils - lastname is 
13:21:56.163 [main] INFO  com.business.Tests.JDBC_tasks_using_DBUtils - lastname is Babayev
13:23:38.648 [main] INFO  com.business.Tests.JDBC_tasks_using_DBUtils - lastname is null
13:23:38.664 [main] INFO  com.business.Tests.JDBC_tasks_using_DBUtils - lastname is null
13:23:38.664 [main] INFO  com.business.Tests.JDBC_tasks_using_DBUtils - lastname is null
13:23:38.664 [main] INFO  com.business.Tests.JDBC_tasks_using_DBUtils - lastname is null
13:23:38.664 [main] INFO  com.business.Tests.JDBC_tasks_using_DBUtils - lastname is null
13:23:38.664 [main] INFO  com.business.Tests.JDBC_tasks_using_DBUtils - lastname is Babayev
13:24:04.647 [main] INFO  com.business.Tests.JDBC_tasks_using_DBUtils - lastname is null
13:24:04.678 [main] INFO  com.business.Tests.JDBC_tasks_using_DBUtils - lastname is null
13:24:04.678 [main] INFO  com.business.Tests.JDBC_tasks_using_DBUtils - lastname is null
13:24:04.678 [main] INFO  com.business.Tests.JDBC_tasks_using_DBUtils - lastname is null
13:24:04.678 [main] INFO  com.business.Tests.JDBC_tasks_using_DBUtils - lastname is null
13:24:42.554 [main] INFO  com.business.Tests.JDBC_tasks_using_DBUtils - lastname is Babayev
13:24:58.600 [main] INFO  com.business.Tests.JDBC_tasks_using_DBUtils - lastname is Babayev
13:25:55.293 [main] INFO  com.business.Tests.JDBC_tasks_using_DBUtils - lastname is Babayev
13:26:50.428 [main] INFO  com.business.Tests.JDBC_tasks_using_DBUtils - lastname is Babayev
13:29:51.800 [main] INFO  com.business.Utilities.Base - chrome launched
13:30:41.244 [main] INFO  com.business.Utilities.Base - browser closed
13:37:20.045 [main] INFO  com.business.Utilities.Base - chrome launched
13:37:45.416 [main] INFO  com.business.Utilities.Base - browser closed
13:39:52.963 [main] INFO  com.business.Utilities.Base - chrome launched
13:40:17.650 [main] INFO  com.business.Utilities.Base - browser closed
13:41:29.615 [main] INFO  com.business.Utilities.Base - chrome launched
13:42:07.690 [main] INFO  com.business.Utilities.Base - browser closed
13:43:36.330 [main] INFO  com.business.Utilities.Base - chrome launched
13:44:00.461 [main] INFO  com.business.Utilities.Base - browser closed
13:45:50.265 [main] INFO  com.business.Utilities.Base - chrome launched
13:46:15.716 [main] INFO  com.business.Utilities.Base - browser closed
13:49:28.228 [main] INFO  com.business.Utilities.Base - chrome launched
13:49:51.806 [main] INFO  com.business.Utilities.Base - browser closed
13:54:24.760 [TestNG-test=Regression-1] INFO  com.business.Utilities.Base - chrome launched
13:54:24.760 [TestNG-test=Regression-2] INFO  com.business.Utilities.Base - chrome launched
13:54:24.760 [TestNG-test=Regression-4] INFO  com.business.Utilities.Base - chrome launched
13:54:24.760 [TestNG-test=Regression-3] INFO  com.business.Utilities.Base - chrome launched
13:54:39.697 [TestNG-test=Regression-4] INFO  com.business.Utilities.Base - browser closed
13:54:45.620 [TestNG-test=Regression-4] INFO  com.business.Utilities.Base - chrome launched
13:54:53.104 [TestNG-test=Regression-2] INFO  com.business.Tests.BrushUp - verified editbox contains given value
13:54:54.739 [TestNG-test=Regression-1] INFO  com.business.Utilities.Base - browser closed
13:54:55.409 [TestNG-test=Regression-3] INFO  com.business.Utilities.Base - browser closed
13:54:55.477 [TestNG-test=Regression-2] INFO  com.business.Utilities.Base - browser closed
13:54:59.970 [TestNG-test=Regression-1] INFO  com.business.Utilities.Base - chrome launched
13:55:01.137 [TestNG-test=Regression-2] INFO  com.business.Utilities.Base - chrome launched
13:55:02.155 [TestNG-test=Regression-3] INFO  com.business.Utilities.Base - chrome launched
13:55:15.455 [TestNG-test=Regression-3] INFO  com.business.Utilities.Base - browser closed
13:55:20.168 [TestNG-test=Regression-3] INFO  com.business.Utilities.Base - chrome launched
13:55:24.016 [TestNG-test=Regression-4] INFO  com.business.Utilities.Base - browser closed
13:55:26.809 [TestNG-test=Regression-2] INFO  com.business.Utilities.Base - browser closed
13:55:28.283 [TestNG-test=Regression-4] INFO  com.business.Utilities.Base - chrome launched
13:55:30.448 [TestNG-test=Regression-3] INFO  com.business.Utilities.Base - browser closed
13:55:30.861 [TestNG-test=Regression-2] INFO  com.business.Utilities.Base - chrome launched
13:55:34.539 [TestNG-test=Regression-3] INFO  com.business.Utilities.Base - chrome launched
13:55:44.848 [TestNG-test=Regression-3] INFO  com.business.Utilities.Base - browser closed
13:55:45.599 [TestNG-test=Regression-2] INFO  com.business.Tests.Dropdown_Dynamic - Chennai (MAA)
13:55:48.344 [TestNG-test=Regression-2] INFO  com.business.Tests.Dropdown_Dynamic - Delhi (DEL)
13:55:49.175 [TestNG-test=Regression-3] INFO  com.business.Utilities.Base - chrome launched
13:55:49.371 [TestNG-test=Regression-2] INFO  com.business.Utilities.Base - browser closed
13:55:53.827 [TestNG-test=Regression-2] INFO  com.business.Utilities.Base - chrome launched
13:55:57.780 [TestNG-test=Regression-2] INFO  com.business.Utilities.Base - browser closed
13:55:58.201 [TestNG-test=Regression-3] INFO  com.business.Utilities.Base - browser closed
13:56:01.942 [TestNG-test=Regression-2] INFO  com.business.Utilities.Base - chrome launched
13:56:02.916 [TestNG-test=Regression-3] INFO  com.business.Utilities.Base - chrome launched
13:56:05.164 [TestNG-test=Regression-1] INFO  com.business.Tests.Actions_mouse - navigated to website
13:56:07.233 [TestNG-test=Regression-2] INFO  com.business.Utilities.Base - browser closed
13:56:07.345 [TestNG-test=Regression-3] INFO  com.business.Utilities.Base - browser closed
13:56:11.187 [TestNG-test=Regression-1] INFO  com.business.Tests.Actions_mouse - switching to the frame
13:56:12.938 [TestNG-test=Regression-3] INFO  com.business.Utilities.Base - chrome launched
13:56:13.549 [TestNG-test=Regression-2] INFO  com.business.Utilities.Base - chrome launched
13:56:19.457 [TestNG-test=Regression-1] INFO  com.business.Utilities.Base - browser closed
13:56:24.082 [TestNG-test=Regression-2] INFO  com.business.Utilities.Base - browser closed
13:56:24.694 [TestNG-test=Regression-3] INFO  com.business.Utilities.Base - browser closed
13:56:26.215 [TestNG-test=Regression-1] INFO  com.business.Utilities.Base - chrome launched
13:56:28.700 [TestNG-test=Regression-2] INFO  com.business.Utilities.Base - chrome launched
13:56:31.050 [TestNG-test=Regression-4] INFO  com.business.Utilities.Base - browser closed
13:56:36.763 [TestNG-test=Regression-4] INFO  com.business.Utilities.Base - chrome launched
13:56:39.689 [TestNG-test=Regression-2] INFO  com.business.Utilities.Base - browser closed
13:56:45.813 [TestNG-test=Regression-1] INFO  com.business.Utilities.Base - browser closed
13:56:47.716 [TestNG-test=Regression-2] INFO  com.business.Utilities.Base - chrome launched
13:56:53.887 [TestNG-test=Regression-1] INFO  com.business.Utilities.Base - chrome launched
13:57:04.977 [TestNG-test=Regression-2] INFO  com.business.Utilities.Base - browser closed
13:57:06.520 [TestNG-test=Regression-4] INFO  com.business.Utilities.Base - browser closed
13:57:10.342 [TestNG-test=Regression-3] INFO  com.business.Utilities.Base - chrome launched
13:57:10.345 [TestNG-test=Regression-2] INFO  com.business.Utilities.Base - chrome launched
13:57:12.132 [TestNG-test=Regression-4] INFO  com.business.Utilities.Base - chrome launched
13:57:24.074 [TestNG-test=Regression-2] INFO  com.business.Utilities.Base - browser closed
13:57:37.786 [TestNG-test=Regression-2] INFO  com.business.Utilities.Base - chrome launched
13:58:52.030 [TestNG-test=Regression-3] INFO  com.business.Utilities.Base - browser closed
13:59:17.441 [TestNG-test=Regression-3] INFO  com.business.Utilities.Base - chrome launched
13:59:32.112 [TestNG-test=Regression-3] INFO  com.business.Utilities.Base - browser closed
13:59:35.679 [TestNG-test=Regression-4] INFO  com.business.Utilities.Base - browser closed
13:59:45.556 [TestNG-test=Regression-4] INFO  com.business.Utilities.Base - chrome launched
13:59:45.842 [TestNG-test=Regression-3] INFO  com.business.Utilities.Base - chrome launched
14:00:22.243 [TestNG-test=Regression-3] INFO  com.business.Utilities.Base - browser closed
14:00:36.884 [TestNG-test=Regression-2] INFO  com.business.Utilities.Base - browser closed
14:00:40.040 [TestNG-test=Regression-2] INFO  com.business.Tests.JDBC_tasks_using_DBUtils - lastname is Babayev
14:00:47.681 [TestNG-test=Regression-3] INFO  com.business.Utilities.Base - chrome launched
14:00:49.733 [TestNG-test=Regression-2] INFO  com.business.Utilities.Base - chrome launched
14:00:54.739 [TestNG-test=Regression-1] INFO  com.business.Utilities.Base - browser closed
14:01:22.492 [TestNG-test=Regression-3] INFO  com.business.Utilities.Base - browser closed
14:01:22.508 [TestNG-test=Regression-2] INFO  com.business.Utilities.Base - browser closed
14:01:22.867 [TestNG-test=Regression-1] INFO  com.business.Utilities.Base - chrome launched
14:01:28.814 [TestNG-test=Regression-2] INFO  com.business.Utilities.Base - chrome launched
14:01:28.814 [TestNG-test=Regression-3] INFO  com.business.Utilities.Base - chrome launched
14:01:55.059 [TestNG-test=Regression-2] INFO  com.business.Utilities.Base - browser closed
14:02:01.925 [TestNG-test=Regression-4] INFO  com.business.Utilities.Base - browser closed
14:02:09.251 [TestNG-test=Regression-2] INFO  com.business.Utilities.Base - chrome launched
14:02:13.258 [TestNG-test=Regression-2] INFO  com.business.Tests.Popup_JS_with_Lof4J - navigated the website
14:02:13.761 [TestNG-test=Regression-4] INFO  com.business.Utilities.Base - chrome launched
14:02:14.593 [TestNG-test=Regression-2] INFO  com.business.Tests.Popup_JS_with_Lof4J - clicked text generating JS popup
14:02:17.189 [TestNG-test=Regression-2] INFO  com.business.Tests.Popup_JS_with_Lof4J - alert presents,alert text is: I am a JS Alert
14:02:19.394 [TestNG-test=Regression-3] INFO  com.business.Utilities.Base - browser closed
14:02:19.468 [TestNG-test=Regression-2] INFO  com.business.Tests.Popup_JS_with_Lof4J - alert presents,alert dismissed
14:02:23.523 [TestNG-test=Regression-2] INFO  com.business.Utilities.Base - browser closed
14:02:23.940 [TestNG-test=Regression-4] INFO  com.business.Utilities.Base - browser closed
14:02:27.498 [TestNG-test=Regression-3] INFO  com.business.Utilities.Base - chrome launched
14:02:35.142 [TestNG-test=Regression-4] INFO  com.business.Utilities.Base - chrome launched
14:02:35.738 [TestNG-test=Regression-2] INFO  com.business.Utilities.Base - chrome launched
14:02:38.475 [TestNG-test=Regression-3] INFO  com.business.Utilities.Base - browser closed
14:02:38.676 [TestNG-test=Regression-4] INFO  com.business.Utilities.Base - browser closed
14:02:47.006 [TestNG-test=Regression-2] INFO  com.business.Utilities.Base - browser closed
14:02:55.140 [TestNG-test=Regression-4] INFO  com.business.Utilities.Base - chrome launched
14:02:55.143 [TestNG-test=Regression-3] INFO  com.business.Utilities.Base - chrome launched
14:02:57.839 [TestNG-test=Regression-3] INFO  com.business.Utilities.Base - browser closed
14:03:00.507 [TestNG-test=Regression-2] INFO  com.business.Utilities.Base - chrome launched
14:03:06.295 [TestNG-test=Regression-3] INFO  com.business.Utilities.Base - chrome launched
14:03:12.600 [TestNG-test=Regression-4] INFO  com.business.Utilities.Base - browser closed
14:03:13.095 [TestNG-test=Regression-2] INFO  com.business.Utilities.Base - browser closed
14:03:18.856 [TestNG-test=Regression-4] INFO  com.business.Utilities.Base - chrome launched
14:03:20.796 [TestNG-test=Regression-2] INFO  com.business.Utilities.Base - chrome launched
14:03:25.491 [TestNG-test=Regression-4] INFO  com.business.Utilities.Base - browser closed
14:03:29.652 [TestNG-test=Regression-1] INFO  com.business.Utilities.Base - browser closed
14:03:30.150 [TestNG-test=Regression-4] INFO  com.business.Utilities.Base - chrome launched
14:03:33.525 [TestNG-test=Regression-2] INFO  com.business.Utilities.Base - browser closed
14:03:34.088 [TestNG-test=Regression-4] INFO  com.business.Utilities.Base - browser closed
14:03:36.053 [TestNG-test=Regression-1] INFO  com.business.Utilities.Base - chrome launched
14:03:40.424 [TestNG-test=Regression-2] INFO  com.business.Utilities.Base - chrome launched
14:03:40.565 [TestNG-test=Regression-4] INFO  com.business.Utilities.Base - chrome launched
14:03:51.087 [TestNG-test=Regression-4] INFO  com.business.Utilities.Base - browser closed
14:03:56.893 [TestNG-test=Regression-2] INFO  com.business.Utilities.Base - browser closed
14:03:58.449 [TestNG-test=Regression-4] INFO  com.business.Utilities.Base - chrome launched
14:04:03.238 [TestNG-test=Regression-2] INFO  com.business.Utilities.Base - chrome launched
14:04:07.288 [TestNG-test=Regression-4] INFO  com.business.Utilities.Base - browser closed
14:04:09.166 [TestNG-test=Regression-3] INFO  com.business.Utilities.Base - browser closed
14:04:13.635 [TestNG-test=Regression-4] INFO  com.business.Utilities.Base - chrome launched
14:04:13.699 [TestNG-test=Regression-2] INFO  com.business.Utilities.Base - browser closed
14:04:16.121 [TestNG-test=Regression-4] INFO  com.business.Utilities.Base - browser closed
14:04:19.298 [TestNG-test=Regression-1] INFO  com.business.Utilities.Base - browser closed
14:04:20.126 [TestNG-test=Regression-4] INFO  com.business.Utilities.Base - chrome launched
14:04:23.049 [TestNG-test=Regression-4] INFO  com.business.Utilities.Base - browser closed
14:04:26.955 [TestNG-test=Regression-4] INFO  com.business.Utilities.Base - chrome launched
14:04:29.275 [TestNG-test=Regression-4] INFO  com.business.Utilities.Base - browser closed
14:04:32.962 [TestNG-test=Regression-4] INFO  com.business.Utilities.Base - chrome launched
14:04:35.491 [TestNG-test=Regression-4] INFO  com.business.Utilities.Base - browser closed
