18:50:43.029 [main] INFO  com.business.Utilities.Base - chrome launched
18:50:51.077 [main] INFO  com.business.Utilities.Base - browser closed
18:51:05.899 [main] INFO  com.business.Utilities.Base - chrome launched
18:51:13.595 [main] INFO  com.business.Utilities.Base - browser closed
18:51:48.263 [main] INFO  com.business.Utilities.Base - chrome launched
18:51:52.618 [main] INFO  com.business.Utilities.Base - browser closed
18:53:24.595 [main] INFO  com.business.Utilities.Base - chrome launched
18:53:28.538 [main] INFO  com.business.Utilities.Base - browser closed
18:53:57.518 [main] INFO  com.business.Utilities.Base - chrome launched
18:54:05.656 [main] INFO  com.business.Utilities.Base - browser closed
18:54:35.288 [main] INFO  com.business.Utilities.Base - chrome launched
18:54:53.494 [main] INFO  com.business.Utilities.Base - browser closed
18:55:37.162 [main] INFO  com.business.Utilities.Base - chrome launched
18:55:43.569 [main] INFO  com.business.Utilities.Base - browser closed
18:56:40.668 [main] INFO  com.business.Utilities.Base - chrome launched
18:56:49.779 [main] INFO  com.business.Utilities.Base - browser closed
18:57:41.600 [main] INFO  com.business.Utilities.Base - chrome launched
18:57:46.734 [main] INFO  com.business.Utilities.Base - browser closed
18:58:16.037 [main] INFO  com.business.Utilities.Base - chrome launched
18:58:21.950 [main] INFO  com.business.Utilities.Base - browser closed
18:58:46.413 [main] INFO  com.business.Utilities.Base - chrome launched
18:58:56.654 [main] INFO  com.business.Utilities.Base - browser closed
18:59:28.684 [main] INFO  com.business.Utilities.Base - chrome launched
18:59:30.108 [main] INFO  com.business.Utilities.Base - browser closed
19:00:42.698 [main] INFO  com.business.Utilities.Base - chrome launched
19:00:44.319 [main] INFO  com.business.Utilities.Base - browser closed
19:02:35.522 [main] INFO  com.business.Utilities.Base - chrome launched
19:04:38.020 [main] INFO  com.business.Utilities.Base - chrome launched
19:07:13.754 [main] INFO  com.business.Utilities.Base - browser closed
19:09:41.985 [main] INFO  com.business.Utilities.Base - chrome launched
19:11:49.160 [main] INFO  com.business.Utilities.Base - chrome launched
19:12:30.513 [main] INFO  com.business.Utilities.Base - browser closed
19:13:33.244 [main] INFO  com.business.Utilities.Base - chrome launched
19:13:54.798 [main] INFO  com.business.Utilities.Base - browser closed
23:53:04.439 [TestNG-test=group Smoke-2] INFO  com.business.Utilities.Base - chrome launched
23:53:04.439 [TestNG-test=group Smoke-1] INFO  com.business.Utilities.Base - chrome launched
23:53:31.420 [TestNG-test=group Smoke-2] INFO  com.business.Utilities.Base - chrome launched
23:53:33.108 [TestNG-test=group Smoke-2] INFO  com.business.Utilities.Base - chrome launched
23:55:55.775 [TestNG-test=Regression groups-1] INFO  com.business.Utilities.Base - chrome launched
23:55:55.775 [TestNG-test=Regression groups-2] INFO  com.business.Utilities.Base - chrome launched
23:55:55.858 [TestNG-test=Regression groups-3] INFO  com.business.Utilities.Base - chrome launched
23:56:43.584 [TestNG-test=Regression groups-2] INFO  com.business.Utilities.Base - chrome launched
23:56:46.884 [TestNG-test=Regression groups-2] INFO  com.business.Utilities.Base - chrome launched
23:56:53.911 [TestNG-test=Regression groups-1] INFO  com.business.Utilities.Base - chrome launched
23:56:58.937 [TestNG-test=Regression groups-3] INFO  com.business.Utilities.Base - browser closed
