19:58:31.093 [main] INFO  com.business.Utilities.Base - chrome-headless launched
19:58:31.475 [main] INFO  com.business.Utilities.Base - browser closed
19:58:59.159 [main] INFO  com.business.Utilities.Base - chrome-headless launched
19:59:07.054 [main] INFO  com.business.Utilities.Base - browser closed
19:59:10.802 [main] INFO  com.business.Utilities.Base - chrome-headless launched
19:59:16.534 [main] INFO  com.business.Utilities.Base - browser closed
19:59:20.286 [main] INFO  com.business.Utilities.Base - chrome-headless launched
19:59:25.857 [main] INFO  com.business.Utilities.Base - browser closed
19:59:29.604 [main] INFO  com.business.Utilities.Base - chrome-headless launched
19:59:35.228 [main] INFO  com.business.Utilities.Base - browser closed
19:59:38.972 [main] INFO  com.business.Utilities.Base - chrome-headless launched
19:59:44.675 [main] INFO  com.business.Utilities.Base - browser closed
20:02:21.007 [main] INFO  com.business.Utilities.Base - chrome-headless launched
20:02:43.470 [main] INFO  com.business.Utilities.Base - browser closed
20:04:44.191 [main] INFO  com.business.Utilities.Base - chrome-headless launched
20:05:06.643 [main] INFO  com.business.Utilities.Base - browser closed
20:05:25.237 [main] INFO  com.business.Utilities.Base - chrome-headless launched
20:05:31.561 [main] INFO  com.business.Utilities.Base - browser closed
20:05:35.318 [main] INFO  com.business.Utilities.Base - chrome-headless launched
20:05:43.026 [main] INFO  com.business.Utilities.Base - browser closed
20:05:46.738 [main] INFO  com.business.Utilities.Base - chrome-headless launched
20:05:53.150 [main] INFO  com.business.Utilities.Base - browser closed
20:05:56.886 [main] INFO  com.business.Utilities.Base - chrome-headless launched
20:06:02.906 [main] INFO  com.business.Utilities.Base - browser closed
20:06:06.585 [main] INFO  com.business.Utilities.Base - chrome-headless launched
20:06:12.144 [main] INFO  com.business.Utilities.Base - browser closed
20:07:00.715 [main] INFO  com.business.Utilities.Base - chrome-headless launched
20:07:06.687 [main] INFO  com.business.Utilities.Base - browser closed
20:07:10.409 [main] INFO  com.business.Utilities.Base - chrome-headless launched
20:07:15.888 [main] INFO  com.business.Utilities.Base - browser closed
20:07:19.548 [main] INFO  com.business.Utilities.Base - chrome-headless launched
20:07:25.072 [main] INFO  com.business.Utilities.Base - browser closed
20:07:28.823 [main] INFO  com.business.Utilities.Base - chrome-headless launched
20:07:35.552 [main] INFO  com.business.Utilities.Base - browser closed
20:07:39.268 [main] INFO  com.business.Utilities.Base - chrome-headless launched
20:07:45.279 [main] INFO  com.business.Utilities.Base - browser closed
20:07:48.972 [main] INFO  com.business.Utilities.Base - chrome-headless launched
20:08:10.718 [main] INFO  com.business.Utilities.Base - browser closed
22:28:31.454 [TestNG-test=group Smoke-1] INFO  com.business.Utilities.Base - chrome-headless launched
22:28:31.454 [TestNG-test=group Smoke-2] INFO  com.business.Utilities.Base - chrome-headless launched
22:28:43.902 [TestNG-test=group Smoke-2] INFO  com.business.Utilities.Base - browser closed
22:28:46.461 [TestNG-test=group Smoke-1] INFO  com.business.Utilities.Base - browser closed
22:28:47.693 [TestNG-test=group Smoke-2] INFO  com.business.Utilities.Base - chrome-headless launched
22:29:18.693 [TestNG-test=group Smoke-2] INFO  com.business.Utilities.Base - browser closed
22:29:22.516 [TestNG-test=group Smoke-2] INFO  com.business.Utilities.Base - chrome-headless launched
22:29:24.209 [TestNG-test=group Smoke-2] INFO  com.business.Utilities.Base - browser closed
22:48:39.890 [TestNG-test=Regression groups-1] INFO  com.business.Utilities.Base - chrome-headless launched
22:48:39.890 [TestNG-test=Regression groups-2] INFO  com.business.Utilities.Base - chrome-headless launched
22:48:39.890 [TestNG-test=Regression groups-3] INFO  com.business.Utilities.Base - chrome-headless launched
22:48:58.876 [TestNG-test=Regression groups-2] INFO  com.business.Utilities.Base - browser closed
22:49:00.675 [TestNG-test=Regression groups-3] INFO  com.business.Utilities.Base - browser closed
22:49:02.596 [TestNG-test=Regression groups-1] INFO  com.business.Utilities.Base - browser closed
22:49:02.869 [TestNG-test=Regression groups-2] INFO  com.business.Utilities.Base - chrome-headless launched
22:49:04.171 [TestNG-test=Regression groups-2] INFO  com.business.Utilities.Base - browser closed
22:49:04.618 [TestNG-test=Regression groups-3] INFO  com.business.Utilities.Base - chrome-headless launched
22:49:08.056 [TestNG-test=Regression groups-2] INFO  com.business.Utilities.Base - chrome-headless launched
22:49:09.893 [TestNG-test=Regression groups-2] INFO  com.business.Utilities.Base - browser closed
22:49:34.591 [TestNG-test=Regression groups-3] INFO  com.business.Utilities.Base - browser closed
