00:22:53.706 [TestNG-test=Regression-1] INFO  com.business.Utilities.Base - chrome-headless launched
00:22:53.706 [TestNG-test=Regression-3] INFO  com.business.Utilities.Base - chrome-headless launched
00:22:53.706 [TestNG-test=Regression-2] INFO  com.business.Utilities.Base - chrome-headless launched
00:22:53.706 [TestNG-test=Regression-4] INFO  com.business.Utilities.Base - chrome-headless launched
00:23:00.866 [TestNG-test=Regression-3] INFO  com.business.Utilities.Base - browser closed
00:23:06.104 [TestNG-test=Regression-3] INFO  com.business.Utilities.Base - chrome-headless launched
00:23:11.488 [TestNG-test=Regression-1] INFO  com.business.Utilities.Base - browser closed
00:23:13.893 [TestNG-test=Regression-4] INFO  com.business.Utilities.Base - browser closed
00:23:15.883 [TestNG-test=Regression-1] INFO  com.business.Utilities.Base - chrome-headless launched
00:23:17.577 [TestNG-test=Regression-3] INFO  com.business.Utilities.Base - browser closed
00:23:18.139 [TestNG-test=Regression-4] INFO  com.business.Utilities.Base - chrome-headless launched
00:23:18.598 [TestNG-test=Regression-2] INFO  com.business.Utilities.Base - browser closed
00:23:19.352 [TestNG-test=Regression-1] INFO  com.business.Tests.Actions_mouse - navigated to website
00:23:21.777 [TestNG-test=Regression-3] INFO  com.business.Utilities.Base - chrome-headless launched
00:23:21.930 [TestNG-test=Regression-2] INFO  com.business.Utilities.Base - chrome-headless launched
00:23:24.450 [TestNG-test=Regression-1] INFO  com.business.Tests.Actions_mouse - switching to the frame
00:23:26.938 [TestNG-test=Regression-1] INFO  com.business.Tests.Actions_mouse - dragging the element and dropping to drop field
00:23:27.127 [TestNG-test=Regression-1] INFO  com.business.Tests.Actions_mouse - waiting for confirmation text to be visible
00:23:27.311 [TestNG-test=Regression-1] INFO  com.business.Tests.Actions_mouse - element dropped 
00:23:28.354 [TestNG-test=Regression-1] INFO  com.business.Utilities.Base - browser closed
00:23:28.430 [TestNG-test=Regression-3] INFO  com.business.Utilities.Base - browser closed
00:23:31.644 [TestNG-test=Regression-1] INFO  com.business.Utilities.Base - chrome-headless launched
00:23:31.791 [TestNG-test=Regression-3] INFO  com.business.Utilities.Base - chrome-headless launched
00:23:32.900 [TestNG-test=Regression-4] INFO  com.business.Utilities.Base - browser closed
00:23:36.480 [TestNG-test=Regression-4] INFO  com.business.Utilities.Base - chrome-headless launched
00:23:36.920 [TestNG-test=Regression-1] INFO  com.business.Utilities.Base - browser closed
00:23:38.589 [TestNG-test=Regression-4] INFO  com.business.Utilities.Base - browser closed
00:23:38.757 [TestNG-test=Regression-3] INFO  com.business.Utilities.Base - browser closed
00:23:40.120 [TestNG-test=Regression-1] INFO  com.business.Utilities.Base - chrome-headless launched
00:23:41.838 [TestNG-test=Regression-4] INFO  com.business.Utilities.Base - chrome-headless launched
00:23:42.032 [TestNG-test=Regression-3] INFO  com.business.Utilities.Base - chrome-headless launched
00:23:45.637 [TestNG-test=Regression-4] INFO  com.business.Utilities.Base - browser closed
00:23:50.135 [TestNG-test=Regression-3] INFO  com.business.Utilities.Base - browser closed
00:23:50.575 [TestNG-test=Regression-4] INFO  com.business.Utilities.Base - chrome-headless launched
00:23:53.414 [TestNG-test=Regression-3] INFO  com.business.Utilities.Base - chrome-headless launched
00:23:53.790 [TestNG-test=Regression-4] INFO  com.business.Utilities.Base - browser closed
00:23:57.170 [TestNG-test=Regression-4] INFO  com.business.Utilities.Base - chrome-headless launched
00:23:57.437 [TestNG-test=Regression-3] INFO  com.business.Utilities.Base - browser closed
00:23:59.421 [TestNG-test=Regression-4] INFO  com.business.Utilities.Base - browser closed
00:24:00.808 [TestNG-test=Regression-3] INFO  com.business.Utilities.Base - chrome-headless launched
00:24:00.855 [TestNG-test=Regression-1] INFO  com.business.Utilities.Base - browser closed
00:24:04.221 [TestNG-test=Regression-1] INFO  com.business.Utilities.Base - chrome-headless launched
00:24:04.232 [TestNG-test=Regression-1] INFO  com.business.Tests.Actions_mouse - navigating the amazon.com
00:24:04.560 [TestNG-test=Regression-3] INFO  com.business.Utilities.Base - browser closed
00:24:11.094 [TestNG-test=Regression-1] INFO  com.business.Tests.Actions_mouse - entering text in Upeercase
00:24:11.333 [TestNG-test=Regression-2] INFO  com.business.Utilities.Base - browser closed
00:24:11.481 [TestNG-test=Regression-3] INFO  com.business.Utilities.Base - chrome-headless launched
00:24:13.706 [TestNG-test=Regression-1] INFO  com.business.Tests.Actions_mouse - Verifying text added in Upeercase
00:24:14.188 [TestNG-test=Regression-1] INFO  com.business.Tests.Actions_mouse - text passed in Uppercase
00:24:15.958 [TestNG-test=Regression-2] INFO  com.business.Utilities.Base - chrome-headless launched
00:24:16.900 [TestNG-test=Regression-1] INFO  com.business.Utilities.Base - browser closed
00:24:18.560 [TestNG-test=Regression-3] INFO  com.business.Utilities.Base - browser closed
00:24:21.118 [TestNG-test=Regression-1] INFO  com.business.Utilities.Base - chrome-headless launched
00:24:23.185 [TestNG-test=Regression-3] INFO  com.business.Utilities.Base - chrome-headless launched
00:24:26.539 [TestNG-test=Regression-2] INFO  com.business.Utilities.Base - browser closed
00:24:30.704 [TestNG-test=Regression-2] INFO  com.business.Utilities.Base - chrome-headless launched
00:24:33.630 [TestNG-test=Regression-1] INFO  com.business.Utilities.Base - browser closed
00:24:33.734 [TestNG-test=Regression-4] INFO  com.business.Utilities.Base - chrome-headless launched
00:24:35.124 [TestNG-test=Regression-2] INFO  com.business.Utilities.Base - browser closed
00:24:37.086 [TestNG-test=Regression-1] INFO  com.business.Utilities.Base - chrome-headless launched
00:24:39.978 [TestNG-test=Regression-1] INFO  com.business.Utilities.Base - browser closed
00:24:43.893 [TestNG-test=Regression-1] INFO  com.business.Utilities.Base - chrome-headless launched
00:24:47.993 [TestNG-test=Regression-1] INFO  com.business.Utilities.Base - browser closed
00:24:50.481 [TestNG-test=Regression-1] INFO  com.business.Tests.JDBC_tasks_using_DBUtils - lastname is Babayev
00:24:53.268 [TestNG-test=Regression-2] INFO  com.business.Utilities.Base - chrome-headless launched
00:24:53.960 [TestNG-test=Regression-1] INFO  com.business.Utilities.Base - chrome-headless launched
00:24:59.118 [TestNG-test=Regression-3] INFO  com.business.Tests.HiddenElements - Element does not exist in the page
00:25:00.080 [TestNG-test=Regression-3] INFO  com.business.Utilities.Base - browser closed
00:25:03.390 [TestNG-test=Regression-2] INFO  com.business.Utilities.Base - browser closed
00:25:03.546 [TestNG-test=Regression-3] INFO  com.business.Utilities.Base - chrome-headless launched
00:25:07.355 [TestNG-test=Regression-2] INFO  com.business.Utilities.Base - chrome-headless launched
00:25:07.787 [TestNG-test=Regression-1] INFO  com.business.Utilities.Base - browser closed
00:25:11.168 [TestNG-test=Regression-3] INFO  com.business.Utilities.Base - browser closed
00:25:11.288 [TestNG-test=Regression-1] INFO  com.business.Utilities.Base - chrome-headless launched
00:25:14.451 [TestNG-test=Regression-3] INFO  com.business.Utilities.Base - chrome-headless launched
00:26:05.486 [TestNG-test=Regression-4] INFO  com.business.Utilities.Base - browser closed
00:26:13.359 [TestNG-test=Regression-4] INFO  com.business.Utilities.Base - chrome-headless launched
00:26:15.005 [TestNG-test=Regression-1] INFO  com.business.Utilities.Base - browser closed
00:26:21.056 [TestNG-test=Regression-1] INFO  com.business.Utilities.Base - chrome-headless launched
00:26:23.760 [TestNG-test=Regression-1] INFO  com.business.Tests.Popup_JS_with_Lof4J - navigated the website
00:26:24.849 [TestNG-test=Regression-1] INFO  com.business.Tests.Popup_JS_with_Lof4J - clicked text generating JS popup
00:26:26.095 [TestNG-test=Regression-3] INFO  com.business.Utilities.Base - browser closed
00:26:26.904 [TestNG-test=Regression-1] INFO  com.business.Tests.Popup_JS_with_Lof4J - alert presents,alert text is: I am a JS Alert
00:26:28.011 [TestNG-test=Regression-4] INFO  com.business.Utilities.Base - browser closed
00:26:28.927 [TestNG-test=Regression-1] INFO  com.business.Tests.Popup_JS_with_Lof4J - alert presents,alert dismissed
00:26:29.645 [TestNG-test=Regression-1] INFO  com.business.Utilities.Base - browser closed
00:26:30.997 [TestNG-test=Regression-3] INFO  com.business.Utilities.Base - chrome-headless launched
00:26:32.497 [TestNG-test=Regression-4] INFO  com.business.Utilities.Base - chrome-headless launched
00:26:34.736 [TestNG-test=Regression-1] INFO  com.business.Utilities.Base - chrome-headless launched
00:26:35.500 [TestNG-test=Regression-3] INFO  com.business.Utilities.Base - browser closed
00:26:38.888 [TestNG-test=Regression-4] INFO  com.business.Utilities.Base - browser closed
00:26:40.587 [TestNG-test=Regression-3] INFO  com.business.Utilities.Base - chrome-headless launched
00:26:41.949 [TestNG-test=Regression-3] INFO  com.business.Utilities.Base - browser closed
00:26:43.782 [TestNG-test=Regression-4] INFO  com.business.Utilities.Base - chrome-headless launched
00:26:44.447 [TestNG-test=Regression-4] INFO  com.business.Utilities.Base - browser closed
00:26:46.209 [TestNG-test=Regression-3] INFO  com.business.Utilities.Base - chrome-headless launched
00:26:48.659 [TestNG-test=Regression-4] INFO  com.business.Utilities.Base - chrome-headless launched
00:26:55.673 [TestNG-test=Regression-3] INFO  com.business.Utilities.Base - browser closed
00:26:56.285 [TestNG-test=Regression-4] INFO  com.business.Utilities.Base - browser closed
00:26:56.381 [TestNG-test=Regression-2] INFO  com.business.Utilities.Base - browser closed
00:26:59.198 [TestNG-test=Regression-3] INFO  com.business.Utilities.Base - chrome-headless launched
00:26:59.655 [TestNG-test=Regression-4] INFO  com.business.Utilities.Base - chrome-headless launched
00:26:59.871 [TestNG-test=Regression-2] INFO  com.business.Utilities.Base - chrome-headless launched
00:27:00.933 [TestNG-test=Regression-4] INFO  com.business.Tests.Tables_Static - Bach
00:27:00.974 [TestNG-test=Regression-4] INFO  com.business.Tests.Tables_Static - Frank
00:27:01.002 [TestNG-test=Regression-4] INFO  com.business.Tests.Tables_Static - fbach@yahoo.com
00:27:01.035 [TestNG-test=Regression-4] INFO  com.business.Tests.Tables_Static - $51.00
00:27:01.068 [TestNG-test=Regression-4] INFO  com.business.Tests.Tables_Static - http://www.frank.com
00:27:01.101 [TestNG-test=Regression-4] INFO  com.business.Tests.Tables_Static - edit delete
00:27:01.826 [TestNG-test=Regression-4] INFO  com.business.Utilities.Base - browser closed
00:27:05.190 [TestNG-test=Regression-4] INFO  com.business.Utilities.Base - chrome-headless launched
00:27:05.573 [TestNG-test=Regression-2] INFO  com.business.Utilities.Base - browser closed
00:27:06.400 [TestNG-test=Regression-4] INFO  com.business.Tests.Tables_Static - Smith
00:27:06.444 [TestNG-test=Regression-4] INFO  com.business.Tests.Tables_Static - John
00:27:06.491 [TestNG-test=Regression-4] INFO  com.business.Tests.Tables_Static - jsmith@gmail.com
00:27:06.530 [TestNG-test=Regression-4] INFO  com.business.Tests.Tables_Static - $50.00
00:27:06.577 [TestNG-test=Regression-4] INFO  com.business.Tests.Tables_Static - http://www.jsmith.com
00:27:06.604 [TestNG-test=Regression-4] INFO  com.business.Tests.Tables_Static - edit delete
00:27:06.625 [TestNG-test=Regression-4] INFO  com.business.Tests.Tables_Static - Bach
00:27:06.644 [TestNG-test=Regression-4] INFO  com.business.Tests.Tables_Static - Frank
00:27:06.672 [TestNG-test=Regression-4] INFO  com.business.Tests.Tables_Static - fbach@yahoo.com
00:27:06.698 [TestNG-test=Regression-4] INFO  com.business.Tests.Tables_Static - $51.00
00:27:06.715 [TestNG-test=Regression-4] INFO  com.business.Tests.Tables_Static - http://www.frank.com
00:27:06.738 [TestNG-test=Regression-4] INFO  com.business.Tests.Tables_Static - edit delete
00:27:06.758 [TestNG-test=Regression-4] INFO  com.business.Tests.Tables_Static - Doe
00:27:06.774 [TestNG-test=Regression-4] INFO  com.business.Tests.Tables_Static - Jason
00:27:06.802 [TestNG-test=Regression-4] INFO  com.business.Tests.Tables_Static - jdoe@hotmail.com
00:27:06.822 [TestNG-test=Regression-4] INFO  com.business.Tests.Tables_Static - $100.00
00:27:06.842 [TestNG-test=Regression-4] INFO  com.business.Tests.Tables_Static - http://www.jdoe.com
00:27:06.862 [TestNG-test=Regression-4] INFO  com.business.Tests.Tables_Static - edit delete
00:27:06.886 [TestNG-test=Regression-4] INFO  com.business.Tests.Tables_Static - Conway
00:27:06.903 [TestNG-test=Regression-4] INFO  com.business.Tests.Tables_Static - Tim
00:27:06.919 [TestNG-test=Regression-4] INFO  com.business.Tests.Tables_Static - tconway@earthlink.net
00:27:06.943 [TestNG-test=Regression-4] INFO  com.business.Tests.Tables_Static - $50.00
00:27:06.969 [TestNG-test=Regression-4] INFO  com.business.Tests.Tables_Static - http://www.timconway.com
00:27:07.004 [TestNG-test=Regression-4] INFO  com.business.Tests.Tables_Static - edit delete
00:27:07.607 [TestNG-test=Regression-1] INFO  com.business.Utilities.Base - browser closed
00:27:07.623 [TestNG-test=Regression-4] INFO  com.business.Utilities.Base - browser closed
00:27:08.847 [TestNG-test=Regression-2] INFO  com.business.Utilities.Base - chrome-headless launched
00:27:10.814 [TestNG-test=Regression-1] INFO  com.business.Utilities.Base - chrome-headless launched
00:27:10.833 [TestNG-test=Regression-4] INFO  com.business.Utilities.Base - chrome-headless launched
00:27:12.541 [TestNG-test=Regression-4] INFO  com.business.Utilities.Base - browser closed
00:27:15.712 [TestNG-test=Regression-4] INFO  com.business.Utilities.Base - chrome-headless launched
00:27:16.009 [TestNG-test=Regression-2] INFO  com.business.Utilities.Base - browser closed
00:27:16.899 [TestNG-test=Regression-4] INFO  com.business.Tests.Tables_Static - Last Name
00:27:16.927 [TestNG-test=Regression-4] INFO  com.business.Tests.Tables_Static - First Name
00:27:16.950 [TestNG-test=Regression-4] INFO  com.business.Tests.Tables_Static - Email
00:27:16.972 [TestNG-test=Regression-4] INFO  com.business.Tests.Tables_Static - Due
00:27:16.993 [TestNG-test=Regression-4] INFO  com.business.Tests.Tables_Static - Web Site
00:27:17.011 [TestNG-test=Regression-4] INFO  com.business.Tests.Tables_Static - Action
00:27:17.609 [TestNG-test=Regression-4] INFO  com.business.Utilities.Base - browser closed
00:27:19.028 [TestNG-test=Regression-1] INFO  com.business.Utilities.Base - browser closed
00:27:19.170 [TestNG-test=Regression-2] INFO  com.business.Utilities.Base - chrome-headless launched
00:27:20.773 [TestNG-test=Regression-4] INFO  com.business.Utilities.Base - chrome-headless launched
00:27:21.868 [TestNG-test=Regression-4] INFO  com.business.Tests.Tables_Static - Smith John jsmith@gmail.com $50.00 http://www.jsmith.com edit delete
00:27:21.894 [TestNG-test=Regression-4] INFO  com.business.Tests.Tables_Static - Bach Frank fbach@yahoo.com $51.00 http://www.frank.com edit delete
00:27:21.921 [TestNG-test=Regression-4] INFO  com.business.Tests.Tables_Static - Doe Jason jdoe@hotmail.com $100.00 http://www.jdoe.com edit delete
00:27:21.945 [TestNG-test=Regression-4] INFO  com.business.Tests.Tables_Static - Conway Tim tconway@earthlink.net $50.00 http://www.timconway.com edit delete
00:27:21.960 [TestNG-test=Regression-4] INFO  com.business.Tests.Tables_Static - Doe Jason jdoe@hotmail.com $100.00 http://www.jdoe.com edit delete
00:27:22.579 [TestNG-test=Regression-4] INFO  com.business.Utilities.Base - browser closed
00:27:25.742 [TestNG-test=Regression-4] INFO  com.business.Utilities.Base - chrome-headless launched
00:27:26.232 [TestNG-test=Regression-2] INFO  com.business.Utilities.Base - browser closed
00:27:26.874 [TestNG-test=Regression-4] INFO  com.business.Tests.Tables_Static - John
00:27:26.896 [TestNG-test=Regression-4] INFO  com.business.Tests.Tables_Static - Frank
00:27:26.916 [TestNG-test=Regression-4] INFO  com.business.Tests.Tables_Static - Jason
00:27:26.935 [TestNG-test=Regression-4] INFO  com.business.Tests.Tables_Static - Tim
00:27:27.520 [TestNG-test=Regression-4] INFO  com.business.Utilities.Base - browser closed
00:27:30.667 [TestNG-test=Regression-4] INFO  com.business.Utilities.Base - chrome-headless launched
00:27:31.805 [TestNG-test=Regression-4] INFO  com.business.Tests.Tables_Static - Email
00:27:32.434 [TestNG-test=Regression-4] INFO  com.business.Utilities.Base - browser closed
00:27:35.644 [TestNG-test=Regression-4] INFO  com.business.Utilities.Base - chrome-headless launched
00:27:37.464 [TestNG-test=Regression-4] INFO  com.business.Utilities.Base - browser closed
00:27:40.564 [TestNG-test=Regression-4] INFO  com.business.Utilities.Base - chrome-headless launched
00:27:42.246 [TestNG-test=Regression-4] INFO  com.business.Utilities.Base - browser closed
00:27:42.861 [TestNG-test=Regression-3] INFO  com.business.Utilities.Base - browser closed
00:30:29.461 [main] INFO  com.business.Utilities.Base - chrome-headless launched
00:30:48.190 [main] INFO  com.business.Utilities.Base - browser closed
00:35:28.725 [main] INFO  com.business.Utilities.Base - chrome-headless launched
00:36:01.938 [main] INFO  com.business.Utilities.Base - browser closed
00:36:19.389 [main] INFO  com.business.Utilities.Base - chrome-headless launched
00:36:22.172 [main] INFO  com.business.Utilities.Base - browser closed
00:36:43.699 [main] INFO  com.business.Utilities.Base - chrome-headless launched
00:36:45.904 [main] INFO  com.business.Utilities.Base - browser closed
00:37:35.409 [main] INFO  com.business.Utilities.Base - chrome-headless launched
00:37:38.159 [main] INFO  com.business.Utilities.Base - browser closed
00:37:51.404 [main] INFO  com.business.Utilities.Base - chrome-headless launched
00:37:53.857 [main] INFO  com.business.Utilities.Base - browser closed
00:38:24.967 [main] INFO  com.business.Utilities.Base - chrome-headless launched
00:38:27.045 [main] INFO  com.business.Utilities.Base - browser closed
00:38:41.922 [main] INFO  com.business.Utilities.Base - chrome-headless launched
00:38:43.997 [main] INFO  com.business.Utilities.Base - browser closed
