21:09:50.284 [TestNG-test=Regression groups-3] INFO  com.business.Utilities.Base - chrome-headless launched
21:09:50.284 [TestNG-test=Regression groups-1] INFO  com.business.Utilities.Base - chrome-headless launched
21:09:50.284 [TestNG-test=Regression groups-2] INFO  com.business.Utilities.Base - chrome-headless launched
21:10:24.678 [TestNG-test=Regression groups-3] INFO  com.business.Utilities.Base - browser closed
21:10:24.678 [TestNG-test=Regression groups-2] INFO  com.business.Utilities.Base - browser closed
21:10:24.678 [TestNG-test=Regression groups-1] INFO  com.business.Utilities.Base - browser closed
21:10:28.678 [TestNG-test=Regression groups-2] INFO  com.business.Utilities.Base - chrome-headless launched
21:10:28.694 [TestNG-test=Regression groups-3] INFO  com.business.Utilities.Base - chrome-headless launched
21:10:29.929 [TestNG-test=Regression groups-2] INFO  com.business.Utilities.Base - browser closed
21:10:33.969 [TestNG-test=Regression groups-2] INFO  com.business.Utilities.Base - chrome-headless launched
21:10:35.585 [TestNG-test=Regression groups-2] INFO  com.business.Utilities.Base - browser closed
21:10:59.768 [TestNG-test=Regression groups-3] INFO  com.business.Utilities.Base - browser closed
23:55:36.563 [TestNG-test=Regression-1] INFO  com.business.Utilities.Base - chrome-headless launched
23:55:36.563 [TestNG-test=Regression-2] INFO  com.business.Utilities.Base - chrome-headless launched
23:55:36.563 [TestNG-test=Regression-3] INFO  com.business.Utilities.Base - chrome-headless launched
23:55:40.676 [TestNG-test=Regression-3] INFO  com.business.Utilities.Base - browser closed
23:55:44.444 [TestNG-test=Regression-3] INFO  com.business.Utilities.Base - chrome-headless launched
23:55:49.691 [TestNG-test=Regression-1] INFO  com.business.Utilities.Base - browser closed
23:55:50.613 [TestNG-test=Regression-2] INFO  com.business.Utilities.Base - browser closed
23:55:53.794 [TestNG-test=Regression-1] INFO  com.business.Utilities.Base - chrome-headless launched
23:55:55.291 [TestNG-test=Regression-1] INFO  com.business.Tests.Actions_mouse - navigated to website
23:55:56.013 [TestNG-test=Regression-2] INFO  com.business.Utilities.Base - chrome-headless launched
23:56:00.368 [TestNG-test=Regression-1] INFO  com.business.Tests.Actions_mouse - switching to the frame
23:56:01.276 [TestNG-test=Regression-3] INFO  com.business.Utilities.Base - browser closed
23:56:02.764 [TestNG-test=Regression-1] INFO  com.business.Tests.Actions_mouse - dragging the element and dropping to drop field
23:56:02.822 [TestNG-test=Regression-2] INFO  com.business.Utilities.Base - browser closed
23:56:02.853 [TestNG-test=Regression-1] INFO  com.business.Tests.Actions_mouse - waiting for confirmation text to be visible
23:56:02.903 [TestNG-test=Regression-1] INFO  com.business.Tests.Actions_mouse - element dropped 
23:56:02.954 [TestNG-test=Regression-1] INFO  com.business.Utilities.Base - browser closed
23:56:05.091 [TestNG-test=Regression-3] INFO  com.business.Utilities.Base - chrome-headless launched
23:56:06.573 [TestNG-test=Regression-2] INFO  com.business.Utilities.Base - chrome-headless launched
23:56:06.741 [TestNG-test=Regression-1] INFO  com.business.Utilities.Base - chrome-headless launched
23:56:11.816 [TestNG-test=Regression-1] INFO  com.business.Utilities.Base - browser closed
23:56:14.645 [TestNG-test=Regression-2] INFO  com.business.Utilities.Base - browser closed
23:56:15.707 [TestNG-test=Regression-1] INFO  com.business.Utilities.Base - chrome-headless launched
23:56:18.560 [TestNG-test=Regression-2] INFO  com.business.Utilities.Base - chrome-headless launched
23:56:27.083 [TestNG-test=Regression-2] INFO  com.business.Utilities.Base - browser closed
23:56:31.048 [TestNG-test=Regression-2] INFO  com.business.Utilities.Base - chrome-headless launched
23:56:32.601 [TestNG-test=Regression-1] INFO  com.business.Utilities.Base - browser closed
23:56:36.441 [TestNG-test=Regression-1] INFO  com.business.Utilities.Base - chrome-headless launched
23:56:36.455 [TestNG-test=Regression-1] INFO  com.business.Tests.Actions_mouse - navigating the amazon.com
23:56:38.069 [TestNG-test=Regression-2] INFO  com.business.Utilities.Base - browser closed
23:56:42.464 [TestNG-test=Regression-2] INFO  com.business.Utilities.Base - chrome-headless launched
23:56:43.133 [TestNG-test=Regression-1] INFO  com.business.Tests.Actions_mouse - entering text in Uppercase
23:56:45.539 [TestNG-test=Regression-1] INFO  com.business.Tests.Actions_mouse - Verifying text added in Uppercase
23:56:45.566 [TestNG-test=Regression-1] INFO  com.business.Tests.Actions_mouse - text passed in Uppercase
23:56:45.658 [TestNG-test=Regression-1] INFO  com.business.Utilities.Base - browser closed
23:56:48.664 [TestNG-test=Regression-2] INFO  com.business.Utilities.Base - browser closed
23:56:49.545 [TestNG-test=Regression-1] INFO  com.business.Utilities.Base - chrome-headless launched
23:56:52.699 [TestNG-test=Regression-2] INFO  com.business.Utilities.Base - chrome-headless launched
23:57:15.245 [TestNG-test=Regression-2] INFO  com.business.Utilities.Base - browser closed
23:57:18.959 [TestNG-test=Regression-2] INFO  com.business.Utilities.Base - chrome-headless launched
23:57:20.924 [TestNG-test=Regression-2] INFO  com.business.Utilities.Base - browser closed
23:57:24.617 [TestNG-test=Regression-2] INFO  com.business.Utilities.Base - chrome-headless launched
23:57:27.500 [TestNG-test=Regression-2] INFO  com.business.Utilities.Base - browser closed
23:57:31.381 [TestNG-test=Regression-2] INFO  com.business.Utilities.Base - chrome-headless launched
23:57:37.758 [TestNG-test=Regression-1] INFO  com.business.Utilities.Base - browser closed
23:57:38.058 [TestNG-test=Regression-2] INFO  com.business.Utilities.Base - browser closed
23:57:41.569 [TestNG-test=Regression-1] INFO  com.business.Utilities.Base - chrome-headless launched
23:57:41.904 [TestNG-test=Regression-2] INFO  com.business.Utilities.Base - chrome-headless launched
23:57:42.708 [TestNG-test=Regression-1] INFO  com.business.Utilities.Base - browser closed
23:57:44.400 [TestNG-test=Regression-2] INFO  com.business.Utilities.Base - browser closed
23:57:46.578 [TestNG-test=Regression-1] INFO  com.business.Utilities.Base - chrome-headless launched
23:57:48.092 [TestNG-test=Regression-1] INFO  com.business.Utilities.Base - browser closed
23:57:48.119 [TestNG-test=Regression-2] INFO  com.business.Utilities.Base - chrome-headless launched
23:57:50.754 [TestNG-test=Regression-2] INFO  com.business.Utilities.Base - browser closed
23:57:51.792 [TestNG-test=Regression-1] INFO  com.business.Utilities.Base - chrome-headless launched
23:57:54.477 [TestNG-test=Regression-1] INFO  com.business.Utilities.Base - browser closed
23:57:56.202 [TestNG-test=Regression-2] INFO  com.business.Utilities.Base - chrome-headless launched
23:57:58.210 [TestNG-test=Regression-1] INFO  com.business.Utilities.Base - chrome-headless launched
23:57:58.274 [TestNG-test=Regression-2] INFO  com.business.Utilities.Base - browser closed
23:58:01.789 [TestNG-test=Regression-1] INFO  com.business.Utilities.Base - browser closed
23:58:01.996 [TestNG-test=Regression-2] INFO  com.business.Utilities.Base - chrome-headless launched
23:58:05.473 [TestNG-test=Regression-1] INFO  com.business.Utilities.Base - chrome-headless launched
23:58:05.637 [TestNG-test=Regression-2] INFO  com.business.Utilities.Base - browser closed
23:58:09.726 [TestNG-test=Regression-2] INFO  com.business.Utilities.Base - chrome-headless launched
23:58:13.345 [TestNG-test=Regression-1] INFO  com.business.Utilities.Base - browser closed
23:58:13.434 [TestNG-test=Regression-2] INFO  com.business.Tests.HiddenElements - Element does not exist in the page
23:58:13.532 [TestNG-test=Regression-2] INFO  com.business.Utilities.Base - browser closed
23:58:17.408 [TestNG-test=Regression-1] INFO  com.business.Utilities.Base - chrome-headless launched
23:58:17.555 [TestNG-test=Regression-2] INFO  com.business.Utilities.Base - chrome-headless launched
23:58:18.510 [TestNG-test=Regression-1] INFO  com.business.Utilities.Base - browser closed
23:58:22.231 [TestNG-test=Regression-1] INFO  com.business.Utilities.Base - chrome-headless launched
23:58:22.433 [TestNG-test=Regression-2] INFO  com.business.Utilities.Base - browser closed
23:58:23.790 [TestNG-test=Regression-1] INFO  com.business.Utilities.Base - browser closed
23:58:30.178 [TestNG-test=Regression-1] INFO  com.business.Tests.JDBC_tasks_using_DBUtils - lastname is Babayev
23:58:33.788 [TestNG-test=Regression-2] INFO  com.business.Utilities.Base - chrome-headless launched
23:58:35.137 [TestNG-test=Regression-1] INFO  com.business.Utilities.Base - chrome-headless launched
23:58:58.326 [TestNG-test=Regression-2] INFO  com.business.Utilities.Base - browser closed
23:59:02.087 [TestNG-test=Regression-2] INFO  com.business.Utilities.Base - chrome-headless launched
23:59:13.928 [TestNG-test=Regression-2] INFO  com.business.Utilities.Base - browser closed
23:59:18.588 [TestNG-test=Regression-2] INFO  com.business.Utilities.Base - chrome-headless launched
00:00:06.076 [TestNG-test=Regression-1] INFO  com.business.Utilities.Base - browser closed
00:00:13.004 [TestNG-test=Regression-1] INFO  com.business.Utilities.Base - chrome-headless launched
00:00:47.033 [TestNG-test=Regression-1] INFO  com.business.Utilities.Base - browser closed
