01:08:32.406 [TestNG-test=Parallel classes-3] INFO  com.business.Utilities.Base - chrome-headless launched
01:08:32.406 [TestNG-test=Parallel classes-2] INFO  com.business.Utilities.Base - chrome-headless launched
01:08:32.406 [TestNG-test=Parallel classes-1] INFO  com.business.Utilities.Base - chrome-headless launched
01:08:37.321 [TestNG-test=Parallel classes-1] INFO  com.business.Tests.Tables_Static - Doe
01:08:37.385 [TestNG-test=Parallel classes-1] INFO  com.business.Tests.Tables_Static - Jason
01:08:37.423 [TestNG-test=Parallel classes-1] INFO  com.business.Tests.Tables_Static - jdoe@hotmail.com
01:08:37.463 [TestNG-test=Parallel classes-1] INFO  com.business.Tests.Tables_Static - $100.00
01:08:37.515 [TestNG-test=Parallel classes-1] INFO  com.business.Tests.Tables_Static - http://www.jdoe.com
01:08:37.519 [TestNG-test=Parallel classes-2] INFO  com.business.Utilities.Base - browser closed
01:08:37.565 [TestNG-test=Parallel classes-1] INFO  com.business.Tests.Tables_Static - edit delete
01:08:37.611 [TestNG-test=Parallel classes-1] INFO  com.business.Utilities.Base - browser closed
01:08:39.528 [TestNG-test=Parallel classes-1] INFO  com.business.Utilities.Base - chrome-headless launched
01:08:42.555 [TestNG-test=Parallel classes-3] INFO  com.business.Utilities.Base - browser closed
01:08:42.828 [TestNG-test=Parallel classes-1] INFO  com.business.Tests.Tables_Static - Smith
01:08:42.845 [TestNG-test=Parallel classes-1] INFO  com.business.Tests.Tables_Static - John
01:08:42.862 [TestNG-test=Parallel classes-1] INFO  com.business.Tests.Tables_Static - jsmith@gmail.com
01:08:42.879 [TestNG-test=Parallel classes-1] INFO  com.business.Tests.Tables_Static - $50.00
01:08:42.900 [TestNG-test=Parallel classes-1] INFO  com.business.Tests.Tables_Static - http://www.jsmith.com
01:08:42.922 [TestNG-test=Parallel classes-1] INFO  com.business.Tests.Tables_Static - edit delete
01:08:42.944 [TestNG-test=Parallel classes-1] INFO  com.business.Tests.Tables_Static - Bach
01:08:42.965 [TestNG-test=Parallel classes-1] INFO  com.business.Tests.Tables_Static - Frank
01:08:42.993 [TestNG-test=Parallel classes-1] INFO  com.business.Tests.Tables_Static - fbach@yahoo.com
01:08:43.036 [TestNG-test=Parallel classes-1] INFO  com.business.Tests.Tables_Static - $51.00
01:08:43.083 [TestNG-test=Parallel classes-1] INFO  com.business.Tests.Tables_Static - http://www.frank.com
01:08:43.122 [TestNG-test=Parallel classes-1] INFO  com.business.Tests.Tables_Static - edit delete
01:08:43.146 [TestNG-test=Parallel classes-1] INFO  com.business.Tests.Tables_Static - Doe
01:08:43.165 [TestNG-test=Parallel classes-1] INFO  com.business.Tests.Tables_Static - Jason
01:08:43.180 [TestNG-test=Parallel classes-1] INFO  com.business.Tests.Tables_Static - jdoe@hotmail.com
01:08:43.211 [TestNG-test=Parallel classes-1] INFO  com.business.Tests.Tables_Static - $100.00
01:08:43.243 [TestNG-test=Parallel classes-1] INFO  com.business.Tests.Tables_Static - http://www.jdoe.com
01:08:43.274 [TestNG-test=Parallel classes-1] INFO  com.business.Tests.Tables_Static - edit delete
01:08:43.290 [TestNG-test=Parallel classes-1] INFO  com.business.Tests.Tables_Static - Conway
01:08:43.305 [TestNG-test=Parallel classes-1] INFO  com.business.Tests.Tables_Static - Tim
01:08:43.352 [TestNG-test=Parallel classes-1] INFO  com.business.Tests.Tables_Static - tconway@earthlink.net
01:08:43.383 [TestNG-test=Parallel classes-1] INFO  com.business.Tests.Tables_Static - $50.00
01:08:43.426 [TestNG-test=Parallel classes-1] INFO  com.business.Tests.Tables_Static - http://www.timconway.com
01:08:43.497 [TestNG-test=Parallel classes-1] INFO  com.business.Tests.Tables_Static - edit delete
01:08:43.560 [TestNG-test=Parallel classes-1] INFO  com.business.Utilities.Base - browser closed
01:08:46.109 [TestNG-test=Parallel classes-1] INFO  com.business.Utilities.Base - chrome-headless launched
01:08:47.834 [TestNG-test=Parallel classes-1] INFO  com.business.Utilities.Base - browser closed
01:08:49.702 [TestNG-test=Parallel classes-1] INFO  com.business.Utilities.Base - chrome-headless launched
01:08:50.992 [TestNG-test=Parallel classes-1] INFO  com.business.Tests.Tables_Static - Last Name
01:08:51.023 [TestNG-test=Parallel classes-1] INFO  com.business.Tests.Tables_Static - First Name
01:08:51.039 [TestNG-test=Parallel classes-1] INFO  com.business.Tests.Tables_Static - Email
01:08:51.055 [TestNG-test=Parallel classes-1] INFO  com.business.Tests.Tables_Static - Due
01:08:51.070 [TestNG-test=Parallel classes-1] INFO  com.business.Tests.Tables_Static - Web Site
01:08:51.102 [TestNG-test=Parallel classes-1] INFO  com.business.Tests.Tables_Static - Action
01:08:51.165 [TestNG-test=Parallel classes-1] INFO  com.business.Utilities.Base - browser closed
01:08:52.955 [TestNG-test=Parallel classes-1] INFO  com.business.Utilities.Base - chrome-headless launched
01:08:54.209 [TestNG-test=Parallel classes-1] INFO  com.business.Tests.Tables_Static - Smith John jsmith@gmail.com $50.00 http://www.jsmith.com edit delete
01:08:54.226 [TestNG-test=Parallel classes-1] INFO  com.business.Tests.Tables_Static - Bach Frank fbach@yahoo.com $51.00 http://www.frank.com edit delete
01:08:54.257 [TestNG-test=Parallel classes-1] INFO  com.business.Tests.Tables_Static - Doe Jason jdoe@hotmail.com $100.00 http://www.jdoe.com edit delete
01:08:54.288 [TestNG-test=Parallel classes-1] INFO  com.business.Tests.Tables_Static - Conway Tim tconway@earthlink.net $50.00 http://www.timconway.com edit delete
01:08:54.304 [TestNG-test=Parallel classes-1] INFO  com.business.Tests.Tables_Static - Doe Jason jdoe@hotmail.com $100.00 http://www.jdoe.com edit delete
01:08:54.358 [TestNG-test=Parallel classes-1] INFO  com.business.Utilities.Base - browser closed
01:08:56.224 [TestNG-test=Parallel classes-1] INFO  com.business.Utilities.Base - chrome-headless launched
01:08:59.193 [TestNG-test=Parallel classes-1] INFO  com.business.Tests.Tables_Static - John
01:08:59.208 [TestNG-test=Parallel classes-1] INFO  com.business.Tests.Tables_Static - Frank
01:08:59.240 [TestNG-test=Parallel classes-1] INFO  com.business.Tests.Tables_Static - Jason
01:08:59.255 [TestNG-test=Parallel classes-1] INFO  com.business.Tests.Tables_Static - Tim
01:08:59.309 [TestNG-test=Parallel classes-1] INFO  com.business.Utilities.Base - browser closed
01:09:01.034 [TestNG-test=Parallel classes-1] INFO  com.business.Utilities.Base - chrome-headless launched
01:09:02.209 [TestNG-test=Parallel classes-1] INFO  com.business.Tests.Tables_Static - Email
01:09:02.260 [TestNG-test=Parallel classes-1] INFO  com.business.Utilities.Base - browser closed
01:09:03.963 [TestNG-test=Parallel classes-1] INFO  com.business.Utilities.Base - chrome-headless launched
01:09:06.942 [TestNG-test=Parallel classes-1] INFO  com.business.Utilities.Base - browser closed
01:09:08.614 [TestNG-test=Parallel classes-1] INFO  com.business.Utilities.Base - chrome-headless launched
01:09:09.858 [TestNG-test=Parallel classes-1] INFO  com.business.Utilities.Base - browser closed
01:10:52.066 [TestNG-test=Parallel classes-3] INFO  com.business.Utilities.Base - chrome-headless launched
01:10:52.066 [TestNG-test=Parallel classes-1] INFO  com.business.Utilities.Base - chrome-headless launched
01:10:52.066 [TestNG-test=Parallel classes-2] INFO  com.business.Utilities.Base - chrome-headless launched
01:10:53.901 [TestNG-test=Parallel classes-1] INFO  com.business.Tests.Tables_Static - Doe
01:10:53.941 [TestNG-test=Parallel classes-1] INFO  com.business.Tests.Tables_Static - Jason
01:10:53.979 [TestNG-test=Parallel classes-1] INFO  com.business.Tests.Tables_Static - jdoe@hotmail.com
01:10:54.024 [TestNG-test=Parallel classes-1] INFO  com.business.Tests.Tables_Static - $100.00
01:10:54.077 [TestNG-test=Parallel classes-1] INFO  com.business.Tests.Tables_Static - http://www.jdoe.com
01:10:54.152 [TestNG-test=Parallel classes-1] INFO  com.business.Tests.Tables_Static - edit delete
01:10:54.230 [TestNG-test=Parallel classes-1] INFO  com.business.Utilities.Base - browser closed
01:10:54.308 [TestNG-test=Parallel classes-2] INFO  com.business.Utilities.Base - browser closed
01:10:56.183 [TestNG-test=Parallel classes-1] INFO  com.business.Utilities.Base - chrome-headless launched
01:10:59.871 [TestNG-test=Parallel classes-1] INFO  com.business.Tests.Tables_Static - Smith
01:10:59.896 [TestNG-test=Parallel classes-1] INFO  com.business.Tests.Tables_Static - John
01:10:59.915 [TestNG-test=Parallel classes-1] INFO  com.business.Tests.Tables_Static - jsmith@gmail.com
01:10:59.933 [TestNG-test=Parallel classes-1] INFO  com.business.Tests.Tables_Static - $50.00
01:10:59.961 [TestNG-test=Parallel classes-1] INFO  com.business.Tests.Tables_Static - http://www.jsmith.com
01:10:59.997 [TestNG-test=Parallel classes-1] INFO  com.business.Tests.Tables_Static - edit delete
01:11:00.030 [TestNG-test=Parallel classes-1] INFO  com.business.Tests.Tables_Static - Bach
01:11:00.056 [TestNG-test=Parallel classes-1] INFO  com.business.Tests.Tables_Static - Frank
01:11:00.081 [TestNG-test=Parallel classes-1] INFO  com.business.Tests.Tables_Static - fbach@yahoo.com
01:11:00.107 [TestNG-test=Parallel classes-1] INFO  com.business.Tests.Tables_Static - $51.00
01:11:00.134 [TestNG-test=Parallel classes-1] INFO  com.business.Tests.Tables_Static - http://www.frank.com
01:11:00.167 [TestNG-test=Parallel classes-1] INFO  com.business.Tests.Tables_Static - edit delete
01:11:00.188 [TestNG-test=Parallel classes-1] INFO  com.business.Tests.Tables_Static - Doe
01:11:00.213 [TestNG-test=Parallel classes-1] INFO  com.business.Tests.Tables_Static - Jason
01:11:00.246 [TestNG-test=Parallel classes-1] INFO  com.business.Tests.Tables_Static - jdoe@hotmail.com
01:11:00.268 [TestNG-test=Parallel classes-1] INFO  com.business.Tests.Tables_Static - $100.00
01:11:00.289 [TestNG-test=Parallel classes-1] INFO  com.business.Tests.Tables_Static - http://www.jdoe.com
01:11:00.314 [TestNG-test=Parallel classes-1] INFO  com.business.Tests.Tables_Static - edit delete
01:11:00.334 [TestNG-test=Parallel classes-1] INFO  com.business.Tests.Tables_Static - Conway
01:11:00.354 [TestNG-test=Parallel classes-1] INFO  com.business.Tests.Tables_Static - Tim
01:11:00.372 [TestNG-test=Parallel classes-1] INFO  com.business.Tests.Tables_Static - tconway@earthlink.net
01:11:00.392 [TestNG-test=Parallel classes-1] INFO  com.business.Tests.Tables_Static - $50.00
01:11:00.423 [TestNG-test=Parallel classes-1] INFO  com.business.Tests.Tables_Static - http://www.timconway.com
01:11:00.449 [TestNG-test=Parallel classes-1] INFO  com.business.Tests.Tables_Static - edit delete
01:11:00.515 [TestNG-test=Parallel classes-1] INFO  com.business.Utilities.Base - browser closed
01:11:02.314 [TestNG-test=Parallel classes-1] INFO  com.business.Utilities.Base - chrome-headless launched
01:11:03.256 [TestNG-test=Parallel classes-3] INFO  com.business.Utilities.Base - browser closed
01:11:03.705 [TestNG-test=Parallel classes-1] INFO  com.business.Utilities.Base - browser closed
01:11:05.402 [TestNG-test=Parallel classes-1] INFO  com.business.Utilities.Base - chrome-headless launched
01:11:06.932 [TestNG-test=Parallel classes-1] INFO  com.business.Tests.Tables_Static - Last Name
01:11:06.939 [TestNG-test=Parallel classes-1] INFO  com.business.Tests.Tables_Static - First Name
01:11:06.955 [TestNG-test=Parallel classes-1] INFO  com.business.Tests.Tables_Static - Email
01:11:06.980 [TestNG-test=Parallel classes-1] INFO  com.business.Tests.Tables_Static - Due
01:11:06.988 [TestNG-test=Parallel classes-1] INFO  com.business.Tests.Tables_Static - Web Site
01:11:07.004 [TestNG-test=Parallel classes-1] INFO  com.business.Tests.Tables_Static - Action
01:11:07.054 [TestNG-test=Parallel classes-1] INFO  com.business.Utilities.Base - browser closed
01:11:08.719 [TestNG-test=Parallel classes-1] INFO  com.business.Utilities.Base - chrome-headless launched
01:11:11.527 [TestNG-test=Parallel classes-1] INFO  com.business.Tests.Tables_Static - Smith John jsmith@gmail.com $50.00 http://www.jsmith.com edit delete
01:11:11.538 [TestNG-test=Parallel classes-1] INFO  com.business.Tests.Tables_Static - Bach Frank fbach@yahoo.com $51.00 http://www.frank.com edit delete
01:11:11.554 [TestNG-test=Parallel classes-1] INFO  com.business.Tests.Tables_Static - Doe Jason jdoe@hotmail.com $100.00 http://www.jdoe.com edit delete
01:11:11.580 [TestNG-test=Parallel classes-1] INFO  com.business.Tests.Tables_Static - Conway Tim tconway@earthlink.net $50.00 http://www.timconway.com edit delete
01:11:11.592 [TestNG-test=Parallel classes-1] INFO  com.business.Tests.Tables_Static - Doe Jason jdoe@hotmail.com $100.00 http://www.jdoe.com edit delete
01:11:11.634 [TestNG-test=Parallel classes-1] INFO  com.business.Utilities.Base - browser closed
01:11:13.321 [TestNG-test=Parallel classes-1] INFO  com.business.Utilities.Base - chrome-headless launched
01:11:14.547 [TestNG-test=Parallel classes-1] INFO  com.business.Tests.Tables_Static - John
01:11:14.568 [TestNG-test=Parallel classes-1] INFO  com.business.Tests.Tables_Static - Frank
01:11:14.591 [TestNG-test=Parallel classes-1] INFO  com.business.Tests.Tables_Static - Jason
01:11:14.615 [TestNG-test=Parallel classes-1] INFO  com.business.Tests.Tables_Static - Tim
01:11:14.645 [TestNG-test=Parallel classes-1] INFO  com.business.Utilities.Base - browser closed
01:11:16.364 [TestNG-test=Parallel classes-1] INFO  com.business.Utilities.Base - chrome-headless launched
01:11:17.656 [TestNG-test=Parallel classes-1] INFO  com.business.Tests.Tables_Static - Email
01:11:17.699 [TestNG-test=Parallel classes-1] INFO  com.business.Utilities.Base - browser closed
01:11:19.392 [TestNG-test=Parallel classes-1] INFO  com.business.Utilities.Base - chrome-headless launched
01:11:20.768 [TestNG-test=Parallel classes-1] INFO  com.business.Utilities.Base - browser closed
01:11:22.482 [TestNG-test=Parallel classes-1] INFO  com.business.Utilities.Base - chrome-headless launched
01:11:23.574 [TestNG-test=Parallel classes-1] INFO  com.business.Utilities.Base - browser closed
01:12:29.427 [TestNG-test=Parallel classes-2] INFO  com.business.Utilities.Base - chrome-headless launched
01:12:29.427 [TestNG-test=Parallel classes-3] INFO  com.business.Utilities.Base - chrome-headless launched
01:12:29.427 [TestNG-test=Parallel classes-1] INFO  com.business.Utilities.Base - chrome-headless launched
01:12:31.281 [TestNG-test=Parallel classes-2] INFO  com.business.Utilities.Base - browser closed
01:12:32.435 [TestNG-test=Parallel classes-1] INFO  com.business.Tests.Tables_Static - Doe
01:12:32.466 [TestNG-test=Parallel classes-1] INFO  com.business.Tests.Tables_Static - Jason
01:12:32.482 [TestNG-test=Parallel classes-1] INFO  com.business.Tests.Tables_Static - jdoe@hotmail.com
01:12:32.513 [TestNG-test=Parallel classes-1] INFO  com.business.Tests.Tables_Static - $100.00
01:12:32.529 [TestNG-test=Parallel classes-1] INFO  com.business.Tests.Tables_Static - http://www.jdoe.com
01:12:32.560 [TestNG-test=Parallel classes-1] INFO  com.business.Tests.Tables_Static - edit delete
01:12:32.601 [TestNG-test=Parallel classes-1] INFO  com.business.Utilities.Base - browser closed
01:12:34.296 [TestNG-test=Parallel classes-1] INFO  com.business.Utilities.Base - chrome-headless launched
01:12:35.541 [TestNG-test=Parallel classes-1] INFO  com.business.Tests.Tables_Static - Smith
01:12:35.551 [TestNG-test=Parallel classes-1] INFO  com.business.Tests.Tables_Static - John
01:12:35.566 [TestNG-test=Parallel classes-1] INFO  com.business.Tests.Tables_Static - jsmith@gmail.com
01:12:35.582 [TestNG-test=Parallel classes-1] INFO  com.business.Tests.Tables_Static - $50.00
01:12:35.598 [TestNG-test=Parallel classes-1] INFO  com.business.Tests.Tables_Static - http://www.jsmith.com
01:12:35.613 [TestNG-test=Parallel classes-1] INFO  com.business.Tests.Tables_Static - edit delete
01:12:35.629 [TestNG-test=Parallel classes-1] INFO  com.business.Tests.Tables_Static - Bach
01:12:35.645 [TestNG-test=Parallel classes-1] INFO  com.business.Tests.Tables_Static - Frank
01:12:35.660 [TestNG-test=Parallel classes-1] INFO  com.business.Tests.Tables_Static - fbach@yahoo.com
01:12:35.676 [TestNG-test=Parallel classes-1] INFO  com.business.Tests.Tables_Static - $51.00
01:12:35.691 [TestNG-test=Parallel classes-1] INFO  com.business.Tests.Tables_Static - http://www.frank.com
01:12:35.707 [TestNG-test=Parallel classes-1] INFO  com.business.Tests.Tables_Static - edit delete
01:12:35.723 [TestNG-test=Parallel classes-1] INFO  com.business.Tests.Tables_Static - Doe
01:12:35.738 [TestNG-test=Parallel classes-1] INFO  com.business.Tests.Tables_Static - Jason
01:12:35.754 [TestNG-test=Parallel classes-1] INFO  com.business.Tests.Tables_Static - jdoe@hotmail.com
01:12:35.770 [TestNG-test=Parallel classes-1] INFO  com.business.Tests.Tables_Static - $100.00
01:12:35.785 [TestNG-test=Parallel classes-1] INFO  com.business.Tests.Tables_Static - http://www.jdoe.com
01:12:35.801 [TestNG-test=Parallel classes-1] INFO  com.business.Tests.Tables_Static - edit delete
01:12:35.816 [TestNG-test=Parallel classes-1] INFO  com.business.Tests.Tables_Static - Conway
01:12:35.832 [TestNG-test=Parallel classes-1] INFO  com.business.Tests.Tables_Static - Tim
01:12:35.848 [TestNG-test=Parallel classes-1] INFO  com.business.Tests.Tables_Static - tconway@earthlink.net
01:12:35.879 [TestNG-test=Parallel classes-1] INFO  com.business.Tests.Tables_Static - $50.00
01:12:35.895 [TestNG-test=Parallel classes-1] INFO  com.business.Tests.Tables_Static - http://www.timconway.com
01:12:35.910 [TestNG-test=Parallel classes-1] INFO  com.business.Tests.Tables_Static - edit delete
01:12:35.936 [TestNG-test=Parallel classes-1] INFO  com.business.Utilities.Base - browser closed
01:12:36.786 [TestNG-test=Parallel classes-3] INFO  com.business.Utilities.Base - browser closed
01:12:37.687 [TestNG-test=Parallel classes-1] INFO  com.business.Utilities.Base - chrome-headless launched
01:12:39.004 [TestNG-test=Parallel classes-1] INFO  com.business.Utilities.Base - browser closed
01:12:40.670 [TestNG-test=Parallel classes-1] INFO  com.business.Utilities.Base - chrome-headless launched
01:12:41.784 [TestNG-test=Parallel classes-1] INFO  com.business.Tests.Tables_Static - Last Name
01:12:41.800 [TestNG-test=Parallel classes-1] INFO  com.business.Tests.Tables_Static - First Name
01:12:41.815 [TestNG-test=Parallel classes-1] INFO  com.business.Tests.Tables_Static - Email
01:12:41.847 [TestNG-test=Parallel classes-1] INFO  com.business.Tests.Tables_Static - Due
01:12:41.862 [TestNG-test=Parallel classes-1] INFO  com.business.Tests.Tables_Static - Web Site
01:12:41.878 [TestNG-test=Parallel classes-1] INFO  com.business.Tests.Tables_Static - Action
01:12:41.918 [TestNG-test=Parallel classes-1] INFO  com.business.Utilities.Base - browser closed
01:12:43.603 [TestNG-test=Parallel classes-1] INFO  com.business.Utilities.Base - chrome-headless launched
01:12:44.751 [TestNG-test=Parallel classes-1] INFO  com.business.Tests.Tables_Static - Smith John jsmith@gmail.com $50.00 http://www.jsmith.com edit delete
01:12:44.767 [TestNG-test=Parallel classes-1] INFO  com.business.Tests.Tables_Static - Bach Frank fbach@yahoo.com $51.00 http://www.frank.com edit delete
01:12:44.782 [TestNG-test=Parallel classes-1] INFO  com.business.Tests.Tables_Static - Doe Jason jdoe@hotmail.com $100.00 http://www.jdoe.com edit delete
01:12:44.798 [TestNG-test=Parallel classes-1] INFO  com.business.Tests.Tables_Static - Conway Tim tconway@earthlink.net $50.00 http://www.timconway.com edit delete
01:12:44.814 [TestNG-test=Parallel classes-1] INFO  com.business.Tests.Tables_Static - Doe Jason jdoe@hotmail.com $100.00 http://www.jdoe.com edit delete
01:12:44.867 [TestNG-test=Parallel classes-1] INFO  com.business.Utilities.Base - browser closed
01:12:46.521 [TestNG-test=Parallel classes-1] INFO  com.business.Utilities.Base - chrome-headless launched
01:12:47.751 [TestNG-test=Parallel classes-1] INFO  com.business.Tests.Tables_Static - John
01:12:47.766 [TestNG-test=Parallel classes-1] INFO  com.business.Tests.Tables_Static - Frank
01:12:47.798 [TestNG-test=Parallel classes-1] INFO  com.business.Tests.Tables_Static - Jason
01:12:47.813 [TestNG-test=Parallel classes-1] INFO  com.business.Tests.Tables_Static - Tim
01:12:47.866 [TestNG-test=Parallel classes-1] INFO  com.business.Utilities.Base - browser closed
01:12:49.537 [TestNG-test=Parallel classes-1] INFO  com.business.Utilities.Base - chrome-headless launched
01:12:50.808 [TestNG-test=Parallel classes-1] INFO  com.business.Tests.Tables_Static - Email
01:12:50.850 [TestNG-test=Parallel classes-1] INFO  com.business.Utilities.Base - browser closed
01:12:52.520 [TestNG-test=Parallel classes-1] INFO  com.business.Utilities.Base - chrome-headless launched
01:12:53.800 [TestNG-test=Parallel classes-1] INFO  com.business.Utilities.Base - browser closed
01:12:55.455 [TestNG-test=Parallel classes-1] INFO  com.business.Utilities.Base - chrome-headless launched
01:12:56.733 [TestNG-test=Parallel classes-1] INFO  com.business.Utilities.Base - browser closed
