14:29:30.289 [main] INFO  com.business.Utilities.Base - chrome launched
14:35:06.163 [main] INFO  com.business.Utilities.Base - chrome launched
14:40:24.157 [main] INFO  com.business.Utilities.Base - chrome launched
23:13:07.324 [TestNG-test=Regression-3] INFO  com.business.Utilities.Base - chrome-headless launched
23:13:07.324 [TestNG-test=Regression-2] INFO  com.business.Utilities.Base - chrome-headless launched
23:13:07.324 [TestNG-test=Regression-1] INFO  com.business.Utilities.Base - chrome-headless launched
23:13:07.778 [TestNG-test=Regression-2] INFO  com.business.Utilities.Base - chrome-headless launched
23:13:07.801 [TestNG-test=Regression-3] INFO  com.business.Utilities.Base - chrome-headless launched
23:13:08.481 [TestNG-test=Regression-2] INFO  com.business.Utilities.Base - chrome-headless launched
23:13:08.556 [TestNG-test=Regression-3] INFO  com.business.Utilities.Base - chrome-headless launched
23:13:08.642 [TestNG-test=Regression-3] INFO  com.business.Utilities.Base - chrome-headless launched
23:13:08.717 [TestNG-test=Regression-3] INFO  com.business.Utilities.Base - chrome-headless launched
23:13:08.782 [TestNG-test=Regression-3] INFO  com.business.Utilities.Base - chrome-headless launched
23:13:09.363 [TestNG-test=Regression-2] INFO  com.business.Utilities.Base - chrome-headless launched
23:13:09.514 [TestNG-test=Regression-3] INFO  com.business.Utilities.Base - chrome-headless launched
23:13:10.019 [TestNG-test=Regression-2] INFO  com.business.Utilities.Base - chrome-headless launched
23:13:10.348 [TestNG-test=Regression-3] INFO  com.business.Utilities.Base - chrome-headless launched
23:13:11.324 [TestNG-test=Regression-3] INFO  com.business.Utilities.Base - chrome-headless launched
23:13:12.144 [TestNG-test=Regression-3] INFO  com.business.Utilities.Base - chrome-headless launched
23:13:14.314 [TestNG-test=Regression-2] INFO  com.business.Utilities.Base - chrome-headless launched
23:13:14.339 [TestNG-test=Regression-2] INFO  com.business.Utilities.Base - chrome-headless launched
23:13:18.440 [TestNG-test=Regression-2] INFO  com.business.Utilities.Base - chrome-headless launched
23:13:18.463 [TestNG-test=Regression-2] INFO  com.business.Utilities.Base - chrome-headless launched
23:13:18.861 [TestNG-test=Regression-2] INFO  com.business.Utilities.Base - chrome-headless launched
23:13:18.885 [TestNG-test=Regression-2] INFO  com.business.Utilities.Base - chrome-headless launched
23:13:18.902 [TestNG-test=Regression-2] INFO  com.business.Utilities.Base - chrome-headless launched
23:13:19.269 [TestNG-test=Regression-2] INFO  com.business.Utilities.Base - chrome-headless launched
23:13:26.326 [TestNG-test=Regression-1] INFO  com.business.Utilities.Base - browser closed
23:13:31.413 [TestNG-test=Regression-1] INFO  com.business.Utilities.Base - chrome-headless launched
23:13:34.079 [TestNG-test=Regression-1] INFO  com.business.Tests.Actions_mouse - navigated to website
23:13:39.513 [TestNG-test=Regression-1] INFO  com.business.Tests.Actions_mouse - switching to the frame
23:13:41.422 [TestNG-test=Regression-2] INFO  com.business.Tests.JDBC_tasks_using_DBUtils - lastname is Babayev
23:13:42.304 [TestNG-test=Regression-3] INFO  com.business.Utilities.Base - chrome-headless launched
23:13:42.665 [TestNG-test=Regression-2] INFO  com.business.Utilities.Base - chrome-headless launched
23:13:42.845 [TestNG-test=Regression-1] INFO  com.business.Tests.Actions_mouse - dragging the element and dropping to drop field
23:13:42.918 [TestNG-test=Regression-3] INFO  com.business.Utilities.Base - chrome-headless launched
23:13:43.292 [TestNG-test=Regression-1] INFO  com.business.Tests.Actions_mouse - waiting for confirmation text to be visible
23:13:43.500 [TestNG-test=Regression-1] INFO  com.business.Tests.Actions_mouse - element dropped 
23:13:43.503 [TestNG-test=Regression-2] INFO  com.business.Utilities.Base - chrome-headless launched
23:13:43.539 [TestNG-test=Regression-2] INFO  com.business.Utilities.Base - chrome-headless launched
23:13:43.623 [TestNG-test=Regression-3] INFO  com.business.Utilities.Base - chrome-headless launched
23:13:44.279 [TestNG-test=Regression-3] INFO  com.business.Utilities.Base - chrome-headless launched
23:13:44.362 [TestNG-test=Regression-2] INFO  com.business.Utilities.Base - chrome-headless launched
23:13:44.568 [TestNG-test=Regression-1] INFO  com.business.Utilities.Base - browser closed
23:13:44.702 [TestNG-test=Regression-3] INFO  com.business.Utilities.Base - chrome-headless launched
23:13:44.778 [TestNG-test=Regression-2] INFO  com.business.Utilities.Base - chrome-headless launched
23:13:44.979 [TestNG-test=Regression-3] INFO  com.business.Utilities.Base - chrome-headless launched
23:13:45.051 [TestNG-test=Regression-2] INFO  com.business.Utilities.Base - chrome-headless launched
23:13:45.071 [TestNG-test=Regression-2] INFO  com.business.Utilities.Base - chrome-headless launched
23:13:45.086 [TestNG-test=Regression-2] INFO  com.business.Utilities.Base - chrome-headless launched
23:13:45.218 [TestNG-test=Regression-3] INFO  com.business.Utilities.Base - chrome-headless launched
23:13:45.364 [TestNG-test=Regression-2] INFO  com.business.Utilities.Base - chrome-headless launched
23:13:45.469 [TestNG-test=Regression-3] INFO  com.business.Utilities.Base - chrome-headless launched
23:13:45.675 [TestNG-test=Regression-2] INFO  com.business.Utilities.Base - chrome-headless launched
23:13:45.744 [TestNG-test=Regression-3] INFO  com.business.Utilities.Base - chrome-headless launched
23:13:45.760 [TestNG-test=Regression-3] INFO  com.business.Utilities.Base - chrome-headless launched
23:13:45.775 [TestNG-test=Regression-3] INFO  com.business.Utilities.Base - chrome-headless launched
23:13:45.789 [TestNG-test=Regression-3] INFO  com.business.Utilities.Base - chrome-headless launched
23:13:45.804 [TestNG-test=Regression-3] INFO  com.business.Utilities.Base - chrome-headless launched
23:13:45.821 [TestNG-test=Regression-3] INFO  com.business.Utilities.Base - chrome-headless launched
23:13:45.836 [TestNG-test=Regression-3] INFO  com.business.Utilities.Base - chrome-headless launched
23:13:45.852 [TestNG-test=Regression-3] INFO  com.business.Utilities.Base - chrome-headless launched
23:13:45.867 [TestNG-test=Regression-3] INFO  com.business.Utilities.Base - chrome-headless launched
23:13:45.949 [TestNG-test=Regression-2] INFO  com.business.Utilities.Base - chrome-headless launched
23:13:45.961 [TestNG-test=Regression-2] INFO  com.business.Utilities.Base - chrome-headless launched
23:13:47.885 [TestNG-test=Regression-1] INFO  com.business.Utilities.Base - chrome-headless launched
23:13:51.611 [TestNG-test=Regression-1] INFO  com.business.Utilities.Base - browser closed
23:13:55.490 [TestNG-test=Regression-1] INFO  com.business.Utilities.Base - chrome-headless launched
23:14:14.212 [TestNG-test=Regression-1] INFO  com.business.Utilities.Base - browser closed
23:14:17.430 [TestNG-test=Regression-1] INFO  com.business.Utilities.Base - chrome-headless launched
23:14:17.434 [TestNG-test=Regression-1] INFO  com.business.Tests.Actions_mouse - navigating the amazon.com
23:14:22.868 [TestNG-test=Regression-1] INFO  com.business.Tests.Actions_mouse - entering text in Upeercase
23:14:25.523 [TestNG-test=Regression-1] INFO  com.business.Tests.Actions_mouse - Verifying text added in Upeercase
23:14:25.548 [TestNG-test=Regression-1] INFO  com.business.Tests.Actions_mouse - text passed in Uppercase
23:14:26.209 [TestNG-test=Regression-1] INFO  com.business.Utilities.Base - browser closed
23:23:03.778 [TestNG-test=Regression-3] INFO  com.business.Utilities.Base - chrome-headless launched
23:23:03.778 [TestNG-test=Regression-2] INFO  com.business.Utilities.Base - chrome-headless launched
23:23:03.778 [TestNG-test=Regression-1] INFO  com.business.Utilities.Base - chrome-headless launched
23:23:04.193 [TestNG-test=Regression-2] INFO  com.business.Utilities.Base - chrome-headless launched
23:23:04.211 [TestNG-test=Regression-3] INFO  com.business.Utilities.Base - chrome-headless launched
23:23:04.440 [TestNG-test=Regression-2] INFO  com.business.Utilities.Base - chrome-headless launched
23:23:04.452 [TestNG-test=Regression-3] INFO  com.business.Utilities.Base - chrome-headless launched
23:23:04.461 [TestNG-test=Regression-3] INFO  com.business.Utilities.Base - chrome-headless launched
23:23:04.476 [TestNG-test=Regression-3] INFO  com.business.Utilities.Base - chrome-headless launched
23:23:04.492 [TestNG-test=Regression-3] INFO  com.business.Utilities.Base - chrome-headless launched
23:23:04.695 [TestNG-test=Regression-2] INFO  com.business.Utilities.Base - chrome-headless launched
23:23:04.738 [TestNG-test=Regression-3] INFO  com.business.Utilities.Base - chrome-headless launched
23:23:04.931 [TestNG-test=Regression-2] INFO  com.business.Utilities.Base - chrome-headless launched
23:23:05.000 [TestNG-test=Regression-3] INFO  com.business.Utilities.Base - chrome-headless launched
23:23:05.251 [TestNG-test=Regression-3] INFO  com.business.Utilities.Base - chrome-headless launched
23:23:05.505 [TestNG-test=Regression-3] INFO  com.business.Utilities.Base - chrome-headless launched
23:23:07.992 [TestNG-test=Regression-2] INFO  com.business.Utilities.Base - chrome-headless launched
23:23:08.018 [TestNG-test=Regression-2] INFO  com.business.Utilities.Base - chrome-headless launched
23:23:11.190 [TestNG-test=Regression-2] INFO  com.business.Utilities.Base - chrome-headless launched
23:23:11.210 [TestNG-test=Regression-2] INFO  com.business.Utilities.Base - chrome-headless launched
23:23:11.572 [TestNG-test=Regression-2] INFO  com.business.Utilities.Base - chrome-headless launched
23:23:11.588 [TestNG-test=Regression-2] INFO  com.business.Utilities.Base - chrome-headless launched
23:23:11.602 [TestNG-test=Regression-2] INFO  com.business.Utilities.Base - chrome-headless launched
23:23:11.983 [TestNG-test=Regression-2] INFO  com.business.Utilities.Base - chrome-headless launched
23:23:15.447 [TestNG-test=Regression-1] INFO  com.business.Utilities.Base - browser closed
23:23:18.896 [TestNG-test=Regression-1] INFO  com.business.Utilities.Base - chrome-headless launched
23:23:21.591 [TestNG-test=Regression-1] INFO  com.business.Tests.Actions_mouse - navigated to website
23:23:23.044 [TestNG-test=Regression-2] INFO  com.business.Tests.JDBC_tasks_using_DBUtils - lastname is Babayev
23:23:24.164 [TestNG-test=Regression-2] INFO  com.business.Utilities.Base - chrome-headless launched
23:23:24.431 [TestNG-test=Regression-2] INFO  com.business.Utilities.Base - chrome-headless launched
23:23:24.731 [TestNG-test=Regression-2] INFO  com.business.Utilities.Base - chrome-headless launched
23:23:24.752 [TestNG-test=Regression-2] INFO  com.business.Utilities.Base - chrome-headless launched
23:23:25.016 [TestNG-test=Regression-2] INFO  com.business.Utilities.Base - chrome-headless launched
23:23:25.278 [TestNG-test=Regression-2] INFO  com.business.Utilities.Base - chrome-headless launched
23:23:25.530 [TestNG-test=Regression-2] INFO  com.business.Utilities.Base - chrome-headless launched
23:23:25.777 [TestNG-test=Regression-2] INFO  com.business.Utilities.Base - chrome-headless launched
23:23:26.060 [TestNG-test=Regression-2] INFO  com.business.Utilities.Base - chrome-headless launched
23:23:26.342 [TestNG-test=Regression-2] INFO  com.business.Utilities.Base - chrome-headless launched
23:23:26.600 [TestNG-test=Regression-2] INFO  com.business.Utilities.Base - chrome-headless launched
23:23:26.683 [TestNG-test=Regression-1] INFO  com.business.Tests.Actions_mouse - switching to the frame
23:23:26.892 [TestNG-test=Regression-2] INFO  com.business.Utilities.Base - chrome-headless launched
23:23:26.914 [TestNG-test=Regression-2] INFO  com.business.Utilities.Base - chrome-headless launched
23:23:26.932 [TestNG-test=Regression-2] INFO  com.business.Utilities.Base - chrome-headless launched
23:23:27.205 [TestNG-test=Regression-2] INFO  com.business.Utilities.Base - chrome-headless launched
23:23:27.468 [TestNG-test=Regression-2] INFO  com.business.Utilities.Base - chrome-headless launched
23:23:27.487 [TestNG-test=Regression-3] INFO  com.business.Utilities.Base - chrome-headless launched
23:23:27.739 [TestNG-test=Regression-2] INFO  com.business.Utilities.Base - chrome-headless launched
23:23:27.772 [TestNG-test=Regression-3] INFO  com.business.Utilities.Base - chrome-headless launched
23:23:27.787 [TestNG-test=Regression-3] INFO  com.business.Utilities.Base - chrome-headless launched
23:23:27.805 [TestNG-test=Regression-3] INFO  com.business.Utilities.Base - chrome-headless launched
23:23:27.819 [TestNG-test=Regression-3] INFO  com.business.Utilities.Base - chrome-headless launched
23:23:27.834 [TestNG-test=Regression-3] INFO  com.business.Utilities.Base - chrome-headless launched
23:23:27.851 [TestNG-test=Regression-3] INFO  com.business.Utilities.Base - chrome-headless launched
23:23:27.868 [TestNG-test=Regression-3] INFO  com.business.Utilities.Base - chrome-headless launched
23:23:27.884 [TestNG-test=Regression-3] INFO  com.business.Utilities.Base - chrome-headless launched
23:23:27.902 [TestNG-test=Regression-3] INFO  com.business.Utilities.Base - chrome-headless launched
23:23:28.466 [TestNG-test=Regression-2] INFO  com.business.Utilities.Base - chrome-headless launched
23:23:28.493 [TestNG-test=Regression-2] INFO  com.business.Utilities.Base - chrome-headless launched
23:23:29.125 [TestNG-test=Regression-1] INFO  com.business.Tests.Actions_mouse - dragging the element and dropping to drop field
23:23:29.229 [TestNG-test=Regression-1] INFO  com.business.Tests.Actions_mouse - waiting for confirmation text to be visible
23:23:29.272 [TestNG-test=Regression-1] INFO  com.business.Tests.Actions_mouse - element dropped 
23:23:29.992 [TestNG-test=Regression-1] INFO  com.business.Utilities.Base - browser closed
23:23:33.537 [TestNG-test=Regression-1] INFO  com.business.Utilities.Base - chrome-headless launched
23:24:06.406 [TestNG-test=Regression-1] INFO  com.business.Utilities.Base - browser closed
23:24:09.790 [TestNG-test=Regression-1] INFO  com.business.Utilities.Base - chrome-headless launched
23:24:23.531 [TestNG-test=Regression-1] INFO  com.business.Utilities.Base - browser closed
23:24:26.815 [TestNG-test=Regression-1] INFO  com.business.Utilities.Base - chrome-headless launched
23:24:26.832 [TestNG-test=Regression-1] INFO  com.business.Tests.Actions_mouse - navigating the amazon.com
23:24:29.680 [TestNG-test=Regression-1] INFO  com.business.Tests.Actions_mouse - entering text in Upeercase
23:24:32.256 [TestNG-test=Regression-1] INFO  com.business.Tests.Actions_mouse - Verifying text added in Upeercase
23:24:32.283 [TestNG-test=Regression-1] INFO  com.business.Tests.Actions_mouse - text passed in Uppercase
23:24:32.927 [TestNG-test=Regression-1] INFO  com.business.Utilities.Base - browser closed
23:25:31.729 [TestNG-test=Regression-3] INFO  com.business.Utilities.Base - chrome-headless launched
23:25:31.769 [TestNG-test=Regression-2] INFO  com.business.Utilities.Base - chrome-headless launched
23:25:31.769 [TestNG-test=Regression-1] INFO  com.business.Utilities.Base - chrome-headless launched
23:25:35.692 [TestNG-test=Regression-3] INFO  com.business.Utilities.Base - browser closed
23:25:39.122 [TestNG-test=Regression-3] INFO  com.business.Utilities.Base - chrome-headless launched
23:25:56.321 [TestNG-test=Regression-2] INFO  com.business.Utilities.Base - browser closed
23:26:01.015 [TestNG-test=Regression-2] INFO  com.business.Utilities.Base - chrome-headless launched
23:26:01.744 [TestNG-test=Regression-3] INFO  com.business.Utilities.Base - browser closed
23:26:05.069 [TestNG-test=Regression-3] INFO  com.business.Utilities.Base - chrome-headless launched
23:26:07.428 [TestNG-test=Regression-2] INFO  com.business.Utilities.Base - browser closed
23:26:11.068 [TestNG-test=Regression-2] INFO  com.business.Utilities.Base - chrome-headless launched
23:26:14.089 [TestNG-test=Regression-1] INFO  com.business.Utilities.Base - browser closed
23:26:17.282 [TestNG-test=Regression-1] INFO  com.business.Utilities.Base - chrome-headless launched
23:26:18.604 [TestNG-test=Regression-2] INFO  com.business.Utilities.Base - browser closed
23:26:18.650 [TestNG-test=Regression-1] INFO  com.business.Tests.Actions_mouse - navigated to website
23:26:21.816 [TestNG-test=Regression-2] INFO  com.business.Utilities.Base - chrome-headless launched
23:26:23.750 [TestNG-test=Regression-1] INFO  com.business.Tests.Actions_mouse - switching to the frame
23:26:24.669 [TestNG-test=Regression-3] INFO  com.business.Utilities.Base - browser closed
23:26:26.217 [TestNG-test=Regression-1] INFO  com.business.Tests.Actions_mouse - dragging the element and dropping to drop field
23:26:26.309 [TestNG-test=Regression-1] INFO  com.business.Tests.Actions_mouse - waiting for confirmation text to be visible
23:26:26.352 [TestNG-test=Regression-1] INFO  com.business.Tests.Actions_mouse - element dropped 
23:26:26.999 [TestNG-test=Regression-1] INFO  com.business.Utilities.Base - browser closed
23:26:27.865 [TestNG-test=Regression-2] INFO  com.business.Utilities.Base - browser closed
23:26:27.872 [TestNG-test=Regression-3] INFO  com.business.Utilities.Base - chrome-headless launched
23:26:30.215 [TestNG-test=Regression-1] INFO  com.business.Utilities.Base - chrome-headless launched
23:26:31.102 [TestNG-test=Regression-2] INFO  com.business.Utilities.Base - chrome-headless launched
23:26:38.243 [TestNG-test=Regression-1] INFO  com.business.Utilities.Base - browser closed
23:26:38.570 [TestNG-test=Regression-2] INFO  com.business.Utilities.Base - browser closed
23:26:41.656 [TestNG-test=Regression-1] INFO  com.business.Utilities.Base - chrome-headless launched
23:26:41.974 [TestNG-test=Regression-2] INFO  com.business.Utilities.Base - chrome-headless launched
23:26:45.047 [TestNG-test=Regression-2] INFO  com.business.Utilities.Base - browser closed
23:26:48.611 [TestNG-test=Regression-2] INFO  com.business.Utilities.Base - chrome-headless launched
23:26:51.084 [TestNG-test=Regression-2] INFO  com.business.Utilities.Base - browser closed
23:26:54.429 [TestNG-test=Regression-2] INFO  com.business.Utilities.Base - chrome-headless launched
23:26:56.025 [TestNG-test=Regression-2] INFO  com.business.Utilities.Base - browser closed
23:26:58.078 [TestNG-test=Regression-1] INFO  com.business.Utilities.Base - browser closed
23:26:59.331 [TestNG-test=Regression-2] INFO  com.business.Utilities.Base - chrome-headless launched
23:27:01.295 [TestNG-test=Regression-1] INFO  com.business.Utilities.Base - chrome-headless launched
23:27:01.308 [TestNG-test=Regression-1] INFO  com.business.Tests.Actions_mouse - navigating the amazon.com
23:27:01.353 [TestNG-test=Regression-2] INFO  com.business.Utilities.Base - browser closed
23:27:04.880 [TestNG-test=Regression-2] INFO  com.business.Utilities.Base - chrome-headless launched
23:27:09.083 [TestNG-test=Regression-1] INFO  com.business.Tests.Actions_mouse - entering text in Upeercase
23:27:11.429 [TestNG-test=Regression-1] INFO  com.business.Tests.Actions_mouse - Verifying text added in Upeercase
23:27:11.457 [TestNG-test=Regression-1] INFO  com.business.Tests.Actions_mouse - text passed in Uppercase
23:27:12.142 [TestNG-test=Regression-1] INFO  com.business.Utilities.Base - browser closed
23:27:16.596 [TestNG-test=Regression-1] INFO  com.business.Utilities.Base - chrome-headless launched
23:27:17.749 [TestNG-test=Regression-3] INFO  com.business.Utilities.Base - browser closed
23:27:18.750 [TestNG-test=Regression-1] INFO  com.business.Utilities.Base - browser closed
23:27:21.929 [TestNG-test=Regression-1] INFO  com.business.Utilities.Base - chrome-headless launched
23:27:25.166 [TestNG-test=Regression-1] INFO  com.business.Utilities.Base - browser closed
23:27:28.438 [TestNG-test=Regression-1] INFO  com.business.Utilities.Base - chrome-headless launched
23:27:33.623 [TestNG-test=Regression-1] INFO  com.business.Utilities.Base - browser closed
23:27:37.103 [TestNG-test=Regression-1] INFO  com.business.Utilities.Base - chrome-headless launched
23:27:37.351 [TestNG-test=Regression-2] INFO  com.business.Utilities.Base - browser closed
23:27:40.443 [TestNG-test=Regression-2] INFO  com.business.Utilities.Base - chrome-headless launched
23:27:40.687 [TestNG-test=Regression-1] INFO  com.business.Utilities.Base - browser closed
23:27:42.767 [TestNG-test=Regression-3] INFO  com.business.Utilities.Base - chrome-headless launched
23:27:43.946 [TestNG-test=Regression-1] INFO  com.business.Utilities.Base - chrome-headless launched
23:27:44.535 [TestNG-test=Regression-3] INFO  com.business.Tests.HiddenElements - Element does not exist in the page
23:27:45.157 [TestNG-test=Regression-3] INFO  com.business.Utilities.Base - browser closed
23:27:51.499 [TestNG-test=Regression-2] INFO  com.business.Utilities.Base - browser closed
23:27:54.530 [TestNG-test=Regression-3] INFO  com.business.Tests.JDBC_tasks_using_DBUtils - lastname is Babayev
23:27:54.665 [TestNG-test=Regression-2] INFO  com.business.Utilities.Base - chrome-headless launched
23:27:56.282 [TestNG-test=Regression-2] INFO  com.business.Utilities.Base - browser closed
23:27:58.848 [TestNG-test=Regression-3] INFO  com.business.Utilities.Base - chrome-headless launched
23:27:59.471 [TestNG-test=Regression-2] INFO  com.business.Utilities.Base - chrome-headless launched
23:28:01.417 [TestNG-test=Regression-2] INFO  com.business.Utilities.Base - browser closed
23:28:04.556 [TestNG-test=Regression-2] INFO  com.business.Utilities.Base - chrome-headless launched
23:28:08.523 [TestNG-test=Regression-3] INFO  com.business.Utilities.Base - browser closed
23:28:11.810 [TestNG-test=Regression-3] INFO  com.business.Utilities.Base - chrome-headless launched
23:28:16.769 [TestNG-test=Regression-2] INFO  com.business.Utilities.Base - browser closed
23:28:19.384 [TestNG-test=Regression-3] INFO  com.business.Utilities.Base - browser closed
23:28:20.067 [TestNG-test=Regression-2] INFO  com.business.Utilities.Base - chrome-headless launched
23:28:22.682 [TestNG-test=Regression-3] INFO  com.business.Utilities.Base - chrome-headless launched
23:29:04.595 [TestNG-test=Regression-2] INFO  com.business.Utilities.Base - browser closed
23:29:04.892 [TestNG-test=Regression-1] INFO  com.business.Utilities.Base - browser closed
23:29:35.547 [TestNG-test=Regression-2] INFO  com.business.Utilities.Base - chrome-headless launched
23:29:38.173 [TestNG-test=Regression-1] INFO  com.business.Utilities.Base - chrome-headless launched
23:30:02.722 [TestNG-test=Regression-1] INFO  com.business.Utilities.Base - browser closed
23:30:08.240 [TestNG-test=Regression-1] INFO  com.business.Utilities.Base - chrome-headless launched
23:30:10.789 [TestNG-test=Regression-1] INFO  com.business.Tests.Popup_JS_with_Lof4J - navigated the website
23:30:12.132 [TestNG-test=Regression-1] INFO  com.business.Tests.Popup_JS_with_Lof4J - clicked text generating JS popup
23:30:14.169 [TestNG-test=Regression-1] INFO  com.business.Tests.Popup_JS_with_Lof4J - alert presents,alert text is: I am a JS Alert
23:30:16.204 [TestNG-test=Regression-1] INFO  com.business.Tests.Popup_JS_with_Lof4J - alert presents,alert dismissed
23:30:17.787 [TestNG-test=Regression-1] INFO  com.business.Utilities.Base - browser closed
23:30:23.182 [TestNG-test=Regression-1] INFO  com.business.Utilities.Base - chrome-headless launched
23:30:25.836 [TestNG-test=Regression-1] INFO  com.business.Utilities.Base - browser closed
23:30:26.796 [TestNG-test=Regression-3] INFO  com.business.Utilities.Base - browser closed
23:30:28.826 [TestNG-test=Regression-2] INFO  com.business.Utilities.Base - browser closed
23:30:29.557 [TestNG-test=Regression-1] INFO  com.business.Utilities.Base - chrome-headless launched
23:30:30.303 [TestNG-test=Regression-3] INFO  com.business.Utilities.Base - chrome-headless launched
23:30:31.582 [TestNG-test=Regression-1] INFO  com.business.Utilities.Base - browser closed
23:30:32.094 [TestNG-test=Regression-2] INFO  com.business.Utilities.Base - chrome-headless launched
23:30:32.312 [TestNG-test=Regression-3] INFO  com.business.Utilities.Base - browser closed
23:30:32.720 [TestNG-test=Regression-2] INFO  com.business.Utilities.Base - browser closed
23:30:34.815 [TestNG-test=Regression-1] INFO  com.business.Utilities.Base - chrome-headless launched
23:30:35.417 [TestNG-test=Regression-1] INFO  com.business.Utilities.Base - browser closed
23:30:35.531 [TestNG-test=Regression-3] INFO  com.business.Utilities.Base - chrome-headless launched
23:30:35.938 [TestNG-test=Regression-2] INFO  com.business.Utilities.Base - chrome-headless launched
23:30:38.719 [TestNG-test=Regression-1] INFO  com.business.Utilities.Base - chrome-headless launched
23:30:39.396 [TestNG-test=Regression-3] INFO  com.business.Utilities.Base - browser closed
23:30:42.418 [TestNG-test=Regression-2] INFO  com.business.Utilities.Base - browser closed
23:30:42.702 [TestNG-test=Regression-3] INFO  com.business.Utilities.Base - chrome-headless launched
23:30:44.261 [TestNG-test=Regression-3] INFO  com.business.Tests.Tables_Static - Bach
23:30:44.280 [TestNG-test=Regression-3] INFO  com.business.Tests.Tables_Static - Frank
23:30:44.307 [TestNG-test=Regression-3] INFO  com.business.Tests.Tables_Static - fbach@yahoo.com
23:30:44.324 [TestNG-test=Regression-3] INFO  com.business.Tests.Tables_Static - $51.00
23:30:44.341 [TestNG-test=Regression-3] INFO  com.business.Tests.Tables_Static - http://www.frank.com
23:30:44.359 [TestNG-test=Regression-3] INFO  com.business.Tests.Tables_Static - edit delete
23:30:44.991 [TestNG-test=Regression-3] INFO  com.business.Utilities.Base - browser closed
23:30:45.809 [TestNG-test=Regression-2] INFO  com.business.Utilities.Base - chrome-headless launched
23:30:48.172 [TestNG-test=Regression-3] INFO  com.business.Utilities.Base - chrome-headless launched
23:30:49.586 [TestNG-test=Regression-3] INFO  com.business.Tests.Tables_Static - Smith
23:30:49.603 [TestNG-test=Regression-3] INFO  com.business.Tests.Tables_Static - John
23:30:49.630 [TestNG-test=Regression-3] INFO  com.business.Tests.Tables_Static - jsmith@gmail.com
23:30:49.650 [TestNG-test=Regression-3] INFO  com.business.Tests.Tables_Static - $50.00
23:30:49.673 [TestNG-test=Regression-3] INFO  com.business.Tests.Tables_Static - http://www.jsmith.com
23:30:49.701 [TestNG-test=Regression-3] INFO  com.business.Tests.Tables_Static - edit delete
23:30:49.715 [TestNG-test=Regression-3] INFO  com.business.Tests.Tables_Static - Bach
23:30:49.734 [TestNG-test=Regression-3] INFO  com.business.Tests.Tables_Static - Frank
23:30:49.751 [TestNG-test=Regression-3] INFO  com.business.Tests.Tables_Static - fbach@yahoo.com
23:30:49.766 [TestNG-test=Regression-3] INFO  com.business.Tests.Tables_Static - $51.00
23:30:49.784 [TestNG-test=Regression-3] INFO  com.business.Tests.Tables_Static - http://www.frank.com
23:30:49.806 [TestNG-test=Regression-3] INFO  com.business.Tests.Tables_Static - edit delete
23:30:49.823 [TestNG-test=Regression-3] INFO  com.business.Tests.Tables_Static - Doe
23:30:49.843 [TestNG-test=Regression-3] INFO  com.business.Tests.Tables_Static - Jason
23:30:49.861 [TestNG-test=Regression-3] INFO  com.business.Tests.Tables_Static - jdoe@hotmail.com
23:30:49.886 [TestNG-test=Regression-3] INFO  com.business.Tests.Tables_Static - $100.00
23:30:49.906 [TestNG-test=Regression-3] INFO  com.business.Tests.Tables_Static - http://www.jdoe.com
23:30:49.931 [TestNG-test=Regression-3] INFO  com.business.Tests.Tables_Static - edit delete
23:30:49.950 [TestNG-test=Regression-3] INFO  com.business.Tests.Tables_Static - Conway
23:30:49.971 [TestNG-test=Regression-3] INFO  com.business.Tests.Tables_Static - Tim
23:30:49.992 [TestNG-test=Regression-3] INFO  com.business.Tests.Tables_Static - tconway@earthlink.net
23:30:50.010 [TestNG-test=Regression-3] INFO  com.business.Tests.Tables_Static - $50.00
23:30:50.033 [TestNG-test=Regression-3] INFO  com.business.Tests.Tables_Static - http://www.timconway.com
23:30:50.057 [TestNG-test=Regression-3] INFO  com.business.Tests.Tables_Static - edit delete
23:30:50.677 [TestNG-test=Regression-3] INFO  com.business.Utilities.Base - browser closed
23:30:51.437 [TestNG-test=Regression-2] INFO  com.business.Utilities.Base - browser closed
23:30:53.868 [TestNG-test=Regression-3] INFO  com.business.Utilities.Base - chrome-headless launched
23:30:54.619 [TestNG-test=Regression-2] INFO  com.business.Utilities.Base - chrome-headless launched
23:30:59.486 [TestNG-test=Regression-3] INFO  com.business.Utilities.Base - browser closed
23:31:01.861 [TestNG-test=Regression-2] INFO  com.business.Utilities.Base - browser closed
23:31:02.671 [TestNG-test=Regression-3] INFO  com.business.Utilities.Base - chrome-headless launched
23:31:03.925 [TestNG-test=Regression-3] INFO  com.business.Tests.Tables_Static - Last Name
23:31:03.941 [TestNG-test=Regression-3] INFO  com.business.Tests.Tables_Static - First Name
23:31:03.956 [TestNG-test=Regression-3] INFO  com.business.Tests.Tables_Static - Email
23:31:03.976 [TestNG-test=Regression-3] INFO  com.business.Tests.Tables_Static - Due
23:31:04.001 [TestNG-test=Regression-3] INFO  com.business.Tests.Tables_Static - Web Site
23:31:04.023 [TestNG-test=Regression-3] INFO  com.business.Tests.Tables_Static - Action
23:31:04.665 [TestNG-test=Regression-3] INFO  com.business.Utilities.Base - browser closed
23:31:05.004 [TestNG-test=Regression-2] INFO  com.business.Utilities.Base - chrome-headless launched
23:31:07.808 [TestNG-test=Regression-3] INFO  com.business.Utilities.Base - chrome-headless launched
23:31:09.086 [TestNG-test=Regression-3] INFO  com.business.Tests.Tables_Static - Smith John jsmith@gmail.com $50.00 http://www.jsmith.com edit delete
23:31:09.126 [TestNG-test=Regression-3] INFO  com.business.Tests.Tables_Static - Bach Frank fbach@yahoo.com $51.00 http://www.frank.com edit delete
23:31:09.150 [TestNG-test=Regression-3] INFO  com.business.Tests.Tables_Static - Doe Jason jdoe@hotmail.com $100.00 http://www.jdoe.com edit delete
23:31:09.184 [TestNG-test=Regression-3] INFO  com.business.Tests.Tables_Static - Conway Tim tconway@earthlink.net $50.00 http://www.timconway.com edit delete
23:31:09.200 [TestNG-test=Regression-3] INFO  com.business.Tests.Tables_Static - Doe Jason jdoe@hotmail.com $100.00 http://www.jdoe.com edit delete
23:31:09.852 [TestNG-test=Regression-3] INFO  com.business.Utilities.Base - browser closed
23:31:13.095 [TestNG-test=Regression-3] INFO  com.business.Utilities.Base - chrome-headless launched
23:31:13.565 [TestNG-test=Regression-2] INFO  com.business.Utilities.Base - browser closed
23:31:14.391 [TestNG-test=Regression-3] INFO  com.business.Tests.Tables_Static - John
23:31:14.420 [TestNG-test=Regression-3] INFO  com.business.Tests.Tables_Static - Frank
23:31:14.540 [TestNG-test=Regression-3] INFO  com.business.Tests.Tables_Static - Jason
23:31:14.558 [TestNG-test=Regression-3] INFO  com.business.Tests.Tables_Static - Tim
23:31:15.192 [TestNG-test=Regression-3] INFO  com.business.Utilities.Base - browser closed
23:31:16.744 [TestNG-test=Regression-2] INFO  com.business.Utilities.Base - chrome-headless launched
23:31:16.778 [TestNG-test=Regression-1] INFO  com.business.Utilities.Base - browser closed
23:31:18.329 [TestNG-test=Regression-3] INFO  com.business.Utilities.Base - chrome-headless launched
23:31:19.562 [TestNG-test=Regression-3] INFO  com.business.Tests.Tables_Static - Email
23:31:20.183 [TestNG-test=Regression-3] INFO  com.business.Utilities.Base - browser closed
23:31:23.315 [TestNG-test=Regression-3] INFO  com.business.Utilities.Base - chrome-headless launched
23:31:24.858 [TestNG-test=Regression-2] INFO  com.business.Utilities.Base - browser closed
23:31:25.297 [TestNG-test=Regression-3] INFO  com.business.Utilities.Base - browser closed
23:31:28.384 [TestNG-test=Regression-3] INFO  com.business.Utilities.Base - chrome-headless launched
23:31:30.133 [TestNG-test=Regression-3] INFO  com.business.Utilities.Base - browser closed
