00:00:57.980 [TestNG-test=Regression groups-3] INFO  com.business.Utilities.Base - chrome-headless launched
00:00:57.980 [TestNG-test=Regression groups-1] INFO  com.business.Utilities.Base - chrome-headless launched
00:00:58.020 [TestNG-test=Regression groups-2] INFO  com.business.Utilities.Base - chrome-headless launched
00:01:35.887 [TestNG-test=Regression groups-2] INFO  com.business.Utilities.Base - browser closed
00:03:51.281 [TestNG-test=Regression groups-1] INFO  com.business.Utilities.Base - chrome-headless launched
00:03:51.281 [TestNG-test=Regression groups-2] INFO  com.business.Utilities.Base - chrome-headless launched
00:04:24.273 [TestNG-test=Regression groups-1] INFO  com.business.Utilities.Base - browser closed
00:04:28.826 [TestNG-test=Regression groups-1] INFO  com.business.Utilities.Base - chrome-headless launched
00:04:30.661 [TestNG-test=Regression groups-1] INFO  com.business.Utilities.Base - chrome-headless launched
00:04:32.130 [TestNG-test=Regression groups-1] INFO  com.business.Utilities.Base - chrome-headless launched
00:12:19.707 [TestNG-test=Regression-1] INFO  com.business.Utilities.Base - chrome-headless launched
00:12:19.706 [TestNG-test=Regression-4] INFO  com.business.Utilities.Base - chrome-headless launched
00:12:19.706 [TestNG-test=Regression-3] INFO  com.business.Utilities.Base - chrome-headless launched
00:12:19.706 [TestNG-test=Regression-2] INFO  com.business.Utilities.Base - chrome-headless launched
00:12:47.412 [TestNG-test=Regression-5] INFO  com.business.Utilities.Base - chrome-headless launched
00:12:47.429 [TestNG-test=Regression-5] INFO  com.business.Utilities.Base - chrome-headless launched
00:12:47.451 [TestNG-test=Regression-5] INFO  com.business.Utilities.Base - chrome-headless launched
00:13:27.613 [TestNG-test=Regression-7] INFO  com.business.Utilities.Base - chrome-headless launched
00:13:28.934 [TestNG-test=Regression-7] INFO  com.business.Utilities.Base - chrome-headless launched
00:13:30.078 [TestNG-test=Regression-7] INFO  com.business.Utilities.Base - chrome-headless launched
00:13:33.295 [TestNG-test=Regression-7] INFO  com.business.Utilities.Base - chrome-headless launched
00:13:34.366 [TestNG-test=Regression-7] INFO  com.business.Utilities.Base - chrome-headless launched
00:13:40.505 [TestNG-test=Regression-6] INFO  com.business.Utilities.Base - chrome-headless launched
00:13:45.701 [TestNG-test=Regression-6] INFO  com.business.Utilities.Base - chrome-headless launched
00:13:49.536 [TestNG-test=Regression-6] INFO  com.business.Utilities.Base - chrome-headless launched
00:14:12.548 [TestNG-test=Regression-6] INFO  com.business.Utilities.Base - chrome-headless launched
00:25:23.074 [TestNG-test=Regression-1] INFO  com.business.Utilities.Base - chrome-headless launched
00:25:23.074 [TestNG-test=Regression-4] INFO  com.business.Utilities.Base - chrome-headless launched
00:25:23.205 [TestNG-test=Regression-2] INFO  com.business.Utilities.Base - chrome-headless launched
00:25:23.355 [TestNG-test=Regression-3] INFO  com.business.Utilities.Base - chrome-headless launched
00:25:26.438 [TestNG-test=Regression-3] INFO  com.business.Utilities.Base - chrome-headless launched
00:25:35.979 [TestNG-test=Regression-3] INFO  com.business.Utilities.Base - chrome-headless launched
00:25:40.330 [TestNG-test=Regression-2] INFO  com.business.Utilities.Base - chrome-headless launched
00:25:40.897 [TestNG-test=Regression-3] INFO  com.business.Utilities.Base - chrome-headless launched
00:25:43.173 [TestNG-test=Regression-4] INFO  com.business.Utilities.Base - browser closed
00:25:45.783 [TestNG-test=Regression-3] INFO  com.business.Utilities.Base - chrome-headless launched
00:25:47.274 [TestNG-test=Regression-4] INFO  com.business.Utilities.Base - chrome-headless launched
00:25:49.891 [TestNG-test=Regression-3] INFO  com.business.Utilities.Base - chrome-headless launched
00:25:50.788 [TestNG-test=Regression-3] INFO  com.business.Utilities.Base - chrome-headless launched
00:25:52.139 [TestNG-test=Regression-3] INFO  com.business.Utilities.Base - chrome-headless launched
00:25:53.165 [TestNG-test=Regression-3] INFO  com.business.Utilities.Base - chrome-headless launched
00:25:54.182 [TestNG-test=Regression-3] INFO  com.business.Utilities.Base - chrome-headless launched
00:25:54.184 [TestNG-test=Regression-2] INFO  com.business.Utilities.Base - browser closed
00:25:57.659 [TestNG-test=Regression-2] INFO  com.business.Utilities.Base - chrome-headless launched
00:25:57.904 [TestNG-test=Regression-1] INFO  com.business.Utilities.Base - chrome-headless launched
00:26:00.433 [TestNG-test=Regression-1] INFO  com.business.Tests.Actions_mouse - navigated to website
00:26:00.569 [TestNG-test=Regression-2] INFO  com.business.Utilities.Base - chrome-headless launched
00:26:02.202 [TestNG-test=Regression-2] INFO  com.business.Utilities.Base - chrome-headless launched
00:26:05.844 [TestNG-test=Regression-1] INFO  com.business.Tests.Actions_mouse - switching to the frame
00:26:06.541 [TestNG-test=Regression-2] INFO  com.business.Utilities.Base - chrome-headless launched
00:26:08.429 [TestNG-test=Regression-1] INFO  com.business.Tests.Actions_mouse - dragging the element and dropping to drop field
00:26:08.582 [TestNG-test=Regression-1] INFO  com.business.Tests.Actions_mouse - waiting for confirmation text to be visible
00:26:08.687 [TestNG-test=Regression-1] INFO  com.business.Tests.Actions_mouse - element dropped 
00:26:08.689 [TestNG-test=Regression-1] INFO  com.business.Utilities.Base - chrome-headless launched
00:26:10.990 [TestNG-test=Regression-2] INFO  com.business.Utilities.Base - chrome-headless launched
00:26:15.922 [TestNG-test=Regression-1] INFO  com.business.Utilities.Base - chrome-headless launched
00:26:23.617 [TestNG-test=Regression-2] INFO  com.business.Utilities.Base - chrome-headless launched
00:26:27.252 [TestNG-test=Regression-2] INFO  com.business.Utilities.Base - chrome-headless launched
00:26:32.591 [TestNG-test=Regression-2] INFO  com.business.Utilities.Base - chrome-headless launched
00:26:32.965 [TestNG-test=Regression-4] INFO  com.business.Utilities.Base - chrome-headless launched
00:26:41.467 [TestNG-test=Regression-2] INFO  com.business.Tests.HiddenElements - Element does not exist in the page
00:26:57.845 [TestNG-test=Regression-1] INFO  com.business.Utilities.Base - chrome-headless launched
00:26:57.863 [TestNG-test=Regression-1] INFO  com.business.Tests.Actions_mouse - navigating the amazon.com
00:27:00.072 [TestNG-test=Regression-2] INFO  com.business.Tests.JDBC_tasks_using_DBUtils - lastname is Babayev
00:27:02.230 [TestNG-test=Regression-2] INFO  com.business.Utilities.Base - chrome-headless launched
00:27:02.298 [TestNG-test=Regression-1] INFO  com.business.Tests.Actions_mouse - entering text in Uppercase
00:27:05.117 [TestNG-test=Regression-1] INFO  com.business.Tests.Actions_mouse - Verifying text added in Uppercase
00:27:05.179 [TestNG-test=Regression-1] INFO  com.business.Tests.Actions_mouse - text passed in Uppercase
00:27:05.182 [TestNG-test=Regression-1] INFO  com.business.Utilities.Base - chrome-headless launched
00:27:12.473 [TestNG-test=Regression-2] INFO  com.business.Utilities.Base - chrome-headless launched
00:27:23.010 [TestNG-test=Regression-1] INFO  com.business.Utilities.Base - chrome-headless launched
00:27:24.029 [TestNG-test=Regression-3] INFO  com.business.Utilities.Base - chrome-headless launched
00:27:25.887 [TestNG-test=Regression-2] INFO  com.business.Utilities.Base - chrome-headless launched
00:27:45.352 [TestNG-test=Regression-4] INFO  com.business.Utilities.Base - chrome-headless launched
00:29:06.878 [TestNG-test=Regression-5] INFO  com.business.Utilities.Base - chrome-headless launched
00:29:08.204 [TestNG-test=Regression-5] INFO  com.business.Utilities.Base - chrome-headless launched
00:29:08.237 [TestNG-test=Regression-5] INFO  com.business.Utilities.Base - chrome-headless launched
00:29:08.254 [TestNG-test=Regression-5] INFO  com.business.Utilities.Base - chrome-headless launched
00:29:11.358 [TestNG-test=Regression-5] INFO  com.business.Utilities.Base - chrome-headless launched
00:29:16.103 [TestNG-test=Regression-5] INFO  com.business.Utilities.Base - chrome-headless launched
00:29:23.218 [TestNG-test=Regression-5] INFO  com.business.Utilities.Base - browser closed
00:29:26.559 [TestNG-test=Regression-5] INFO  com.business.Utilities.Base - chrome-headless launched
00:29:42.448 [TestNG-test=Regression-6] INFO  com.business.Utilities.Base - chrome-headless launched
00:29:43.665 [TestNG-test=Regression-6] INFO  com.business.Tests.Tables_Static - Bach
00:29:43.688 [TestNG-test=Regression-6] INFO  com.business.Tests.Tables_Static - Frank
00:29:43.709 [TestNG-test=Regression-6] INFO  com.business.Tests.Tables_Static - fbach@yahoo.com
00:29:43.731 [TestNG-test=Regression-6] INFO  com.business.Tests.Tables_Static - $51.00
00:29:43.756 [TestNG-test=Regression-6] INFO  com.business.Tests.Tables_Static - http://www.frank.com
00:29:43.788 [TestNG-test=Regression-6] INFO  com.business.Tests.Tables_Static - edit delete
00:29:43.791 [TestNG-test=Regression-6] INFO  com.business.Utilities.Base - chrome-headless launched
00:29:44.107 [TestNG-test=Regression-6] INFO  com.business.Tests.Tables_Static - Smith
00:29:44.128 [TestNG-test=Regression-6] INFO  com.business.Tests.Tables_Static - John
00:29:44.156 [TestNG-test=Regression-6] INFO  com.business.Tests.Tables_Static - jsmith@gmail.com
00:29:44.183 [TestNG-test=Regression-6] INFO  com.business.Tests.Tables_Static - $50.00
00:29:44.207 [TestNG-test=Regression-6] INFO  com.business.Tests.Tables_Static - http://www.jsmith.com
00:29:44.234 [TestNG-test=Regression-6] INFO  com.business.Tests.Tables_Static - edit delete
00:29:44.256 [TestNG-test=Regression-6] INFO  com.business.Tests.Tables_Static - Bach
00:29:44.275 [TestNG-test=Regression-6] INFO  com.business.Tests.Tables_Static - Frank
00:29:44.299 [TestNG-test=Regression-6] INFO  com.business.Tests.Tables_Static - fbach@yahoo.com
00:29:44.325 [TestNG-test=Regression-6] INFO  com.business.Tests.Tables_Static - $51.00
00:29:44.350 [TestNG-test=Regression-6] INFO  com.business.Tests.Tables_Static - http://www.frank.com
00:29:44.374 [TestNG-test=Regression-6] INFO  com.business.Tests.Tables_Static - edit delete
00:29:44.400 [TestNG-test=Regression-6] INFO  com.business.Tests.Tables_Static - Doe
00:29:44.424 [TestNG-test=Regression-6] INFO  com.business.Tests.Tables_Static - Jason
00:29:44.448 [TestNG-test=Regression-6] INFO  com.business.Tests.Tables_Static - jdoe@hotmail.com
00:29:44.473 [TestNG-test=Regression-6] INFO  com.business.Tests.Tables_Static - $100.00
00:29:44.502 [TestNG-test=Regression-6] INFO  com.business.Tests.Tables_Static - http://www.jdoe.com
00:29:44.529 [TestNG-test=Regression-6] INFO  com.business.Tests.Tables_Static - edit delete
00:29:44.640 [TestNG-test=Regression-6] INFO  com.business.Tests.Tables_Static - Conway
00:29:44.665 [TestNG-test=Regression-6] INFO  com.business.Tests.Tables_Static - Tim
00:29:44.688 [TestNG-test=Regression-6] INFO  com.business.Tests.Tables_Static - tconway@earthlink.net
00:29:44.712 [TestNG-test=Regression-6] INFO  com.business.Tests.Tables_Static - $50.00
00:29:44.735 [TestNG-test=Regression-6] INFO  com.business.Tests.Tables_Static - http://www.timconway.com
00:29:44.756 [TestNG-test=Regression-6] INFO  com.business.Tests.Tables_Static - edit delete
00:29:44.758 [TestNG-test=Regression-6] INFO  com.business.Utilities.Base - chrome-headless launched
00:29:45.002 [TestNG-test=Regression-6] INFO  com.business.Utilities.Base - chrome-headless launched
00:29:45.433 [TestNG-test=Regression-6] INFO  com.business.Tests.Tables_Static - Last Name
00:29:45.456 [TestNG-test=Regression-6] INFO  com.business.Tests.Tables_Static - First Name
00:29:45.477 [TestNG-test=Regression-6] INFO  com.business.Tests.Tables_Static - Email
00:29:45.505 [TestNG-test=Regression-6] INFO  com.business.Tests.Tables_Static - Due
00:29:45.527 [TestNG-test=Regression-6] INFO  com.business.Tests.Tables_Static - Web Site
00:29:45.553 [TestNG-test=Regression-6] INFO  com.business.Tests.Tables_Static - Action
00:29:45.573 [TestNG-test=Regression-6] INFO  com.business.Utilities.Base - chrome-headless launched
00:29:45.836 [TestNG-test=Regression-6] INFO  com.business.Tests.Tables_Static - Smith John jsmith@gmail.com $50.00 http://www.jsmith.com edit delete
00:29:45.876 [TestNG-test=Regression-6] INFO  com.business.Tests.Tables_Static - Bach Frank fbach@yahoo.com $51.00 http://www.frank.com edit delete
00:29:45.906 [TestNG-test=Regression-6] INFO  com.business.Tests.Tables_Static - Doe Jason jdoe@hotmail.com $100.00 http://www.jdoe.com edit delete
00:29:45.935 [TestNG-test=Regression-6] INFO  com.business.Tests.Tables_Static - Conway Tim tconway@earthlink.net $50.00 http://www.timconway.com edit delete
00:29:45.960 [TestNG-test=Regression-6] INFO  com.business.Tests.Tables_Static - Doe Jason jdoe@hotmail.com $100.00 http://www.jdoe.com edit delete
00:29:45.992 [TestNG-test=Regression-6] INFO  com.business.Utilities.Base - chrome-headless launched
00:29:46.253 [TestNG-test=Regression-6] INFO  com.business.Tests.Tables_Static - John
00:29:46.275 [TestNG-test=Regression-6] INFO  com.business.Tests.Tables_Static - Frank
00:29:46.299 [TestNG-test=Regression-6] INFO  com.business.Tests.Tables_Static - Jason
00:29:46.322 [TestNG-test=Regression-6] INFO  com.business.Tests.Tables_Static - Tim
00:29:46.323 [TestNG-test=Regression-6] INFO  com.business.Utilities.Base - chrome-headless launched
00:29:46.556 [TestNG-test=Regression-6] INFO  com.business.Tests.Tables_Static - Email
00:29:46.570 [TestNG-test=Regression-6] INFO  com.business.Utilities.Base - chrome-headless launched
00:29:46.821 [TestNG-test=Regression-6] INFO  com.business.Utilities.Base - chrome-headless launched
00:29:47.062 [TestNG-test=Regression-6] INFO  com.business.Utilities.Base - chrome-headless launched
00:29:51.203 [TestNG-test=Regression-6] INFO  com.business.Utilities.Base - chrome-headless launched
00:29:57.042 [TestNG-test=Regression-6] INFO  com.business.Utilities.Base - chrome-headless launched
00:30:03.046 [TestNG-test=Regression-6] INFO  com.business.Utilities.Base - chrome-headless launched
00:30:04.529 [TestNG-test=Regression-5] INFO  com.business.Utilities.Base - browser closed
00:41:13.415 [main] INFO  com.business.Utilities.Base - chrome-headless launched
00:41:29.108 [main] INFO  com.business.Utilities.Base - chrome-headless launched
00:42:02.544 [main] INFO  com.business.Utilities.Base - browser closed
00:42:08.155 [main] INFO  com.business.Utilities.Base - chrome-headless launched
00:42:11.030 [main] INFO  com.business.Utilities.Base - chrome-headless launched
00:44:27.324 [main] INFO  com.business.Utilities.Base - chrome-headless launched
