19:29:29.945 [main] INFO  com.business.Utilities.Base - chrome-headless launched
19:29:41.692 [main] INFO  com.business.Utilities.Base - browser closed
19:29:44.855 [main] INFO  com.business.Utilities.Base - chrome-headless launched
19:29:46.821 [main] INFO  com.business.Utilities.Base - browser closed
19:30:16.953 [main] INFO  com.business.Utilities.Base - chrome-headless launched
19:30:24.205 [main] INFO  com.business.Utilities.Base - browser closed
19:30:27.509 [main] INFO  com.business.Utilities.Base - chrome-headless launched
19:30:29.255 [main] INFO  com.business.Utilities.Base - browser closed
19:31:06.831 [main] INFO  com.business.Utilities.Base - chrome-headless launched
19:31:14.934 [main] INFO  com.business.Utilities.Base - browser closed
19:31:18.144 [main] INFO  com.business.Utilities.Base - chrome-headless launched
19:31:19.619 [main] INFO  com.business.Utilities.Base - browser closed
19:31:22.779 [main] INFO  com.business.Utilities.Base - chrome-headless launched
19:31:24.592 [main] INFO  com.business.Utilities.Base - browser closed
19:31:58.547 [TestNG-test=Smoke groups-1] INFO  com.business.Utilities.Base - chrome-headless launched
19:31:58.547 [TestNG-test=Smoke groups-3] INFO  com.business.Utilities.Base - chrome-headless launched
19:31:58.547 [TestNG-test=Smoke groups-2] INFO  com.business.Utilities.Base - chrome-headless launched
19:32:00.454 [TestNG-test=Smoke groups-3] INFO  com.business.Utilities.Base - browser closed
19:32:00.484 [TestNG-test=Smoke groups-2] INFO  com.business.Utilities.Base - browser closed
19:32:05.299 [TestNG-test=Smoke groups-1] INFO  com.business.Utilities.Base - browser closed
19:32:47.159 [main] INFO  com.business.Utilities.Base - chrome-headless launched
19:32:54.055 [main] INFO  com.business.Utilities.Base - browser closed
19:32:57.322 [main] INFO  com.business.Utilities.Base - chrome-headless launched
19:32:58.664 [main] INFO  com.business.Utilities.Base - browser closed
19:33:01.767 [main] INFO  com.business.Utilities.Base - chrome-headless launched
19:33:03.428 [main] INFO  com.business.Utilities.Base - browser closed
19:33:29.745 [TestNG-test=Smoke groups-1] INFO  com.business.Utilities.Base - chrome-headless launched
19:33:36.504 [TestNG-test=Smoke groups-1] INFO  com.business.Utilities.Base - browser closed
19:33:39.809 [TestNG-test=Smoke groups-1] INFO  com.business.Utilities.Base - chrome-headless launched
19:33:41.217 [TestNG-test=Smoke groups-1] INFO  com.business.Utilities.Base - browser closed
19:33:44.456 [TestNG-test=Smoke groups-1] INFO  com.business.Utilities.Base - chrome-headless launched
19:33:46.124 [TestNG-test=Smoke groups-1] INFO  com.business.Utilities.Base - browser closed
19:38:23.190 [TestNG-test=Smoke groups-1] INFO  com.business.Utilities.Base - chrome-headless launched
19:38:31.405 [TestNG-test=Smoke groups-1] INFO  com.business.Utilities.Base - browser closed
19:38:34.693 [TestNG-test=Smoke groups-1] INFO  com.business.Utilities.Base - chrome-headless launched
19:38:36.189 [TestNG-test=Smoke groups-1] INFO  com.business.Utilities.Base - browser closed
19:38:39.374 [TestNG-test=Smoke groups-1] INFO  com.business.Utilities.Base - chrome-headless launched
19:38:41.128 [TestNG-test=Smoke groups-1] INFO  com.business.Utilities.Base - browser closed
19:40:06.346 [TestNG-test=group Smoke-1] INFO  com.business.Utilities.Base - chrome-headless launched
19:40:15.182 [TestNG-test=group Smoke-1] INFO  com.business.Utilities.Base - browser closed
19:40:18.373 [TestNG-test=group Smoke-1] INFO  com.business.Utilities.Base - chrome-headless launched
19:40:19.927 [TestNG-test=group Smoke-1] INFO  com.business.Utilities.Base - browser closed
19:40:23.290 [TestNG-test=group Smoke-1] INFO  com.business.Utilities.Base - chrome-headless launched
19:40:25.066 [TestNG-test=group Smoke-1] INFO  com.business.Utilities.Base - browser closed
19:40:47.254 [TestNG-test=group Smoke-1] INFO  com.business.Utilities.Base - chrome-headless launched
19:40:47.254 [TestNG-test=group Smoke-2] INFO  com.business.Utilities.Base - chrome-headless launched
19:40:57.538 [TestNG-test=group Smoke-2] INFO  com.business.Utilities.Base - browser closed
19:40:57.617 [TestNG-test=group Smoke-1] INFO  com.business.Utilities.Base - browser closed
19:41:01.044 [TestNG-test=group Smoke-2] INFO  com.business.Utilities.Base - chrome-headless launched
19:41:02.538 [TestNG-test=group Smoke-2] INFO  com.business.Utilities.Base - browser closed
19:41:05.719 [TestNG-test=group Smoke-2] INFO  com.business.Utilities.Base - chrome-headless launched
19:41:07.486 [TestNG-test=group Smoke-2] INFO  com.business.Utilities.Base - browser closed
19:43:20.526 [main] INFO  com.business.Utilities.Base - chrome-headless launched
19:43:27.908 [main] INFO  com.business.Utilities.Base - browser closed
19:43:31.120 [main] INFO  com.business.Utilities.Base - chrome-headless launched
19:43:33.269 [main] INFO  com.business.Utilities.Base - browser closed
19:44:12.280 [main] INFO  com.business.Utilities.Base - chrome-headless launched
19:44:20.614 [main] INFO  com.business.Utilities.Base - browser closed
19:44:23.804 [main] INFO  com.business.Utilities.Base - chrome-headless launched
19:44:25.205 [main] INFO  com.business.Utilities.Base - browser closed
19:44:28.363 [main] INFO  com.business.Utilities.Base - chrome-headless launched
19:44:30.093 [main] INFO  com.business.Utilities.Base - browser closed
19:47:30.631 [TestNG-test=Parallel classes-3] INFO  com.business.Utilities.Base - chrome-headless launched
19:47:30.631 [TestNG-test=Parallel classes-2] INFO  com.business.Utilities.Base - chrome-headless launched
19:47:30.631 [TestNG-test=Parallel classes-1] INFO  com.business.Utilities.Base - chrome-headless launched
19:47:31.846 [TestNG-test=Parallel classes-1] INFO  com.business.Tests.Tables_Static - Bach
19:47:31.867 [TestNG-test=Parallel classes-1] INFO  com.business.Tests.Tables_Static - Frank
19:47:31.885 [TestNG-test=Parallel classes-1] INFO  com.business.Tests.Tables_Static - fbach@yahoo.com
19:47:31.899 [TestNG-test=Parallel classes-1] INFO  com.business.Tests.Tables_Static - $51.00
19:47:31.914 [TestNG-test=Parallel classes-1] INFO  com.business.Tests.Tables_Static - http://www.frank.com
19:47:31.931 [TestNG-test=Parallel classes-1] INFO  com.business.Tests.Tables_Static - edit delete
19:47:33.062 [TestNG-test=Parallel classes-1] INFO  com.business.Utilities.Base - browser closed
19:47:33.125 [TestNG-test=Parallel classes-2] INFO  com.business.Utilities.Base - browser closed
19:47:36.232 [TestNG-test=Parallel classes-1] INFO  com.business.Utilities.Base - chrome-headless launched
19:47:37.348 [TestNG-test=Parallel classes-1] INFO  com.business.Tests.Tables_Static - Smith
19:47:37.361 [TestNG-test=Parallel classes-3] INFO  com.business.Utilities.Base - browser closed
19:47:37.366 [TestNG-test=Parallel classes-1] INFO  com.business.Tests.Tables_Static - John
19:47:37.384 [TestNG-test=Parallel classes-1] INFO  com.business.Tests.Tables_Static - jsmith@gmail.com
19:47:37.402 [TestNG-test=Parallel classes-1] INFO  com.business.Tests.Tables_Static - $50.00
19:47:37.420 [TestNG-test=Parallel classes-1] INFO  com.business.Tests.Tables_Static - http://www.jsmith.com
19:47:37.439 [TestNG-test=Parallel classes-1] INFO  com.business.Tests.Tables_Static - edit delete
19:47:37.464 [TestNG-test=Parallel classes-1] INFO  com.business.Tests.Tables_Static - Bach
19:47:37.485 [TestNG-test=Parallel classes-1] INFO  com.business.Tests.Tables_Static - Frank
19:47:37.504 [TestNG-test=Parallel classes-1] INFO  com.business.Tests.Tables_Static - fbach@yahoo.com
19:47:37.521 [TestNG-test=Parallel classes-1] INFO  com.business.Tests.Tables_Static - $51.00
19:47:37.538 [TestNG-test=Parallel classes-1] INFO  com.business.Tests.Tables_Static - http://www.frank.com
19:47:37.556 [TestNG-test=Parallel classes-1] INFO  com.business.Tests.Tables_Static - edit delete
19:47:37.572 [TestNG-test=Parallel classes-1] INFO  com.business.Tests.Tables_Static - Doe
19:47:37.593 [TestNG-test=Parallel classes-1] INFO  com.business.Tests.Tables_Static - Jason
19:47:37.610 [TestNG-test=Parallel classes-1] INFO  com.business.Tests.Tables_Static - jdoe@hotmail.com
19:47:37.629 [TestNG-test=Parallel classes-1] INFO  com.business.Tests.Tables_Static - $100.00
19:47:37.645 [TestNG-test=Parallel classes-1] INFO  com.business.Tests.Tables_Static - http://www.jdoe.com
19:47:37.664 [TestNG-test=Parallel classes-1] INFO  com.business.Tests.Tables_Static - edit delete
19:47:37.682 [TestNG-test=Parallel classes-1] INFO  com.business.Tests.Tables_Static - Conway
19:47:37.700 [TestNG-test=Parallel classes-1] INFO  com.business.Tests.Tables_Static - Tim
19:47:37.716 [TestNG-test=Parallel classes-1] INFO  com.business.Tests.Tables_Static - tconway@earthlink.net
19:47:37.732 [TestNG-test=Parallel classes-1] INFO  com.business.Tests.Tables_Static - $50.00
19:47:37.754 [TestNG-test=Parallel classes-1] INFO  com.business.Tests.Tables_Static - http://www.timconway.com
19:47:37.772 [TestNG-test=Parallel classes-1] INFO  com.business.Tests.Tables_Static - edit delete
19:47:38.380 [TestNG-test=Parallel classes-1] INFO  com.business.Utilities.Base - browser closed
19:47:41.483 [TestNG-test=Parallel classes-1] INFO  com.business.Utilities.Base - chrome-headless launched
19:47:43.180 [TestNG-test=Parallel classes-1] INFO  com.business.Utilities.Base - browser closed
19:47:46.274 [TestNG-test=Parallel classes-1] INFO  com.business.Utilities.Base - chrome-headless launched
19:47:47.427 [TestNG-test=Parallel classes-1] INFO  com.business.Tests.Tables_Static - Last Name
19:47:47.444 [TestNG-test=Parallel classes-1] INFO  com.business.Tests.Tables_Static - First Name
19:47:47.460 [TestNG-test=Parallel classes-1] INFO  com.business.Tests.Tables_Static - Email
19:47:47.477 [TestNG-test=Parallel classes-1] INFO  com.business.Tests.Tables_Static - Due
19:47:47.496 [TestNG-test=Parallel classes-1] INFO  com.business.Tests.Tables_Static - Web Site
19:47:47.512 [TestNG-test=Parallel classes-1] INFO  com.business.Tests.Tables_Static - Action
19:47:48.120 [TestNG-test=Parallel classes-1] INFO  com.business.Utilities.Base - browser closed
19:47:51.279 [TestNG-test=Parallel classes-1] INFO  com.business.Utilities.Base - chrome-headless launched
19:47:52.356 [TestNG-test=Parallel classes-1] INFO  com.business.Tests.Tables_Static - Smith John jsmith@gmail.com $50.00 http://www.jsmith.com edit delete
19:47:52.383 [TestNG-test=Parallel classes-1] INFO  com.business.Tests.Tables_Static - Bach Frank fbach@yahoo.com $51.00 http://www.frank.com edit delete
19:47:52.408 [TestNG-test=Parallel classes-1] INFO  com.business.Tests.Tables_Static - Doe Jason jdoe@hotmail.com $100.00 http://www.jdoe.com edit delete
19:47:52.441 [TestNG-test=Parallel classes-1] INFO  com.business.Tests.Tables_Static - Conway Tim tconway@earthlink.net $50.00 http://www.timconway.com edit delete
19:47:52.462 [TestNG-test=Parallel classes-1] INFO  com.business.Tests.Tables_Static - Doe Jason jdoe@hotmail.com $100.00 http://www.jdoe.com edit delete
19:47:53.068 [TestNG-test=Parallel classes-1] INFO  com.business.Utilities.Base - browser closed
19:47:56.153 [TestNG-test=Parallel classes-1] INFO  com.business.Utilities.Base - chrome-headless launched
19:47:57.166 [TestNG-test=Parallel classes-1] INFO  com.business.Tests.Tables_Static - John
19:47:57.181 [TestNG-test=Parallel classes-1] INFO  com.business.Tests.Tables_Static - Frank
19:47:57.198 [TestNG-test=Parallel classes-1] INFO  com.business.Tests.Tables_Static - Jason
19:47:57.214 [TestNG-test=Parallel classes-1] INFO  com.business.Tests.Tables_Static - Tim
19:47:57.818 [TestNG-test=Parallel classes-1] INFO  com.business.Utilities.Base - browser closed
19:48:00.911 [TestNG-test=Parallel classes-1] INFO  com.business.Utilities.Base - chrome-headless launched
19:48:01.976 [TestNG-test=Parallel classes-1] INFO  com.business.Tests.Tables_Static - Email
19:48:02.582 [TestNG-test=Parallel classes-1] INFO  com.business.Utilities.Base - browser closed
19:48:05.682 [TestNG-test=Parallel classes-1] INFO  com.business.Utilities.Base - chrome-headless launched
19:48:07.388 [TestNG-test=Parallel classes-1] INFO  com.business.Utilities.Base - browser closed
19:48:10.477 [TestNG-test=Parallel classes-1] INFO  com.business.Utilities.Base - chrome-headless launched
19:48:12.104 [TestNG-test=Parallel classes-1] INFO  com.business.Utilities.Base - browser closed
19:48:22.396 [TestNG-test=Regression-3] INFO  com.business.Utilities.Base - chrome-headless launched
19:48:22.418 [TestNG-test=Regression-2] INFO  com.business.Utilities.Base - chrome-headless launched
19:48:22.419 [TestNG-test=Regression-4] INFO  com.business.Utilities.Base - chrome-headless launched
19:48:22.435 [TestNG-test=Regression-1] INFO  com.business.Utilities.Base - chrome-headless launched
19:48:25.473 [TestNG-test=Regression-3] INFO  com.business.Utilities.Base - browser closed
19:48:28.928 [TestNG-test=Regression-3] INFO  com.business.Utilities.Base - chrome-headless launched
19:48:31.397 [TestNG-test=Regression-1] INFO  com.business.Utilities.Base - browser closed
19:48:34.705 [TestNG-test=Regression-1] INFO  com.business.Utilities.Base - chrome-headless launched
19:48:36.258 [TestNG-test=Regression-3] INFO  com.business.Utilities.Base - browser closed
19:48:36.525 [TestNG-test=Regression-1] INFO  com.business.Tests.Actions_mouse - navigated to website
19:48:37.031 [TestNG-test=Regression-2] INFO  com.business.Utilities.Base - browser closed
19:48:39.326 [TestNG-test=Regression-4] INFO  com.business.Utilities.Base - browser closed
19:48:39.501 [TestNG-test=Regression-3] INFO  com.business.Utilities.Base - chrome-headless launched
19:48:40.200 [TestNG-test=Regression-2] INFO  com.business.Utilities.Base - chrome-headless launched
19:48:41.594 [TestNG-test=Regression-1] INFO  com.business.Tests.Actions_mouse - switching to the frame
19:48:42.490 [TestNG-test=Regression-4] INFO  com.business.Utilities.Base - chrome-headless launched
19:48:44.016 [TestNG-test=Regression-1] INFO  com.business.Tests.Actions_mouse - dragging the element and dropping to drop field
19:48:44.083 [TestNG-test=Regression-1] INFO  com.business.Tests.Actions_mouse - waiting for confirmation text to be visible
19:48:44.110 [TestNG-test=Regression-1] INFO  com.business.Tests.Actions_mouse - element dropped 
19:48:44.713 [TestNG-test=Regression-1] INFO  com.business.Utilities.Base - browser closed
19:48:45.180 [TestNG-test=Regression-3] INFO  com.business.Utilities.Base - browser closed
19:48:47.861 [TestNG-test=Regression-1] INFO  com.business.Utilities.Base - chrome-headless launched
19:48:48.334 [TestNG-test=Regression-3] INFO  com.business.Utilities.Base - chrome-headless launched
19:48:52.371 [TestNG-test=Regression-1] INFO  com.business.Utilities.Base - browser closed
19:48:53.129 [TestNG-test=Regression-2] INFO  com.business.Utilities.Base - browser closed
19:48:53.922 [TestNG-test=Regression-3] INFO  com.business.Utilities.Base - browser closed
19:48:55.531 [TestNG-test=Regression-1] INFO  com.business.Utilities.Base - chrome-headless launched
19:48:56.290 [TestNG-test=Regression-2] INFO  com.business.Utilities.Base - chrome-headless launched
19:48:57.092 [TestNG-test=Regression-3] INFO  com.business.Utilities.Base - chrome-headless launched
19:48:58.407 [TestNG-test=Regression-2] INFO  com.business.Utilities.Base - browser closed
19:49:01.681 [TestNG-test=Regression-2] INFO  com.business.Utilities.Base - chrome-headless launched
19:49:02.734 [TestNG-test=Regression-3] INFO  com.business.Utilities.Base - browser closed
19:49:04.048 [TestNG-test=Regression-2] INFO  com.business.Utilities.Base - browser closed
19:49:05.945 [TestNG-test=Regression-3] INFO  com.business.Utilities.Base - chrome-headless launched
19:49:07.188 [TestNG-test=Regression-2] INFO  com.business.Utilities.Base - chrome-headless launched
19:49:07.381 [TestNG-test=Regression-3] INFO  com.business.Utilities.Base - browser closed
19:49:10.544 [TestNG-test=Regression-3] INFO  com.business.Utilities.Base - chrome-headless launched
19:49:10.657 [TestNG-test=Regression-1] INFO  com.business.Utilities.Base - browser closed
19:49:10.924 [TestNG-test=Regression-2] INFO  com.business.Utilities.Base - browser closed
19:49:12.368 [TestNG-test=Regression-3] INFO  com.business.Utilities.Base - browser closed
19:49:13.839 [TestNG-test=Regression-1] INFO  com.business.Utilities.Base - chrome-headless launched
19:49:13.857 [TestNG-test=Regression-1] INFO  com.business.Tests.Actions_mouse - navigating the amazon.com
19:49:14.123 [TestNG-test=Regression-2] INFO  com.business.Utilities.Base - chrome-headless launched
19:49:16.487 [TestNG-test=Regression-2] INFO  com.business.Utilities.Base - browser closed
19:49:20.202 [TestNG-test=Regression-2] INFO  com.business.Utilities.Base - chrome-headless launched
19:49:20.840 [TestNG-test=Regression-1] INFO  com.business.Tests.Actions_mouse - entering text in Upeercase
19:49:23.721 [TestNG-test=Regression-1] INFO  com.business.Tests.Actions_mouse - Verifying text added in Upeercase
19:49:23.759 [TestNG-test=Regression-1] INFO  com.business.Tests.Actions_mouse - text passed in Uppercase
19:49:24.821 [TestNG-test=Regression-1] INFO  com.business.Utilities.Base - browser closed
19:49:24.868 [TestNG-test=Regression-2] INFO  com.business.Utilities.Base - browser closed
19:49:28.021 [TestNG-test=Regression-4] INFO  com.business.Utilities.Base - browser closed
19:49:28.513 [TestNG-test=Regression-1] INFO  com.business.Utilities.Base - chrome-headless launched
19:49:28.643 [TestNG-test=Regression-2] INFO  com.business.Utilities.Base - chrome-headless launched
19:49:31.334 [TestNG-test=Regression-3] INFO  com.business.Utilities.Base - chrome-headless launched
19:49:31.837 [TestNG-test=Regression-4] INFO  com.business.Utilities.Base - chrome-headless launched
19:49:33.552 [TestNG-test=Regression-3] INFO  com.business.Tests.HiddenElements - Element does not exist in the page
19:49:33.641 [TestNG-test=Regression-1] INFO  com.business.Utilities.Base - browser closed
19:49:34.189 [TestNG-test=Regression-3] INFO  com.business.Utilities.Base - browser closed
19:49:36.924 [TestNG-test=Regression-1] INFO  com.business.Utilities.Base - chrome-headless launched
19:49:37.204 [TestNG-test=Regression-2] INFO  com.business.Utilities.Base - browser closed
19:49:38.744 [TestNG-test=Regression-3] INFO  com.business.Tests.JDBC_tasks_using_DBUtils - lastname is Babayev
19:49:40.575 [TestNG-test=Regression-2] INFO  com.business.Utilities.Base - chrome-headless launched
19:49:42.009 [TestNG-test=Regression-2] INFO  com.business.Utilities.Base - browser closed
19:49:43.435 [TestNG-test=Regression-3] INFO  com.business.Utilities.Base - chrome-headless launched
19:49:44.954 [TestNG-test=Regression-1] INFO  com.business.Utilities.Base - browser closed
19:49:45.158 [TestNG-test=Regression-2] INFO  com.business.Utilities.Base - chrome-headless launched
19:49:47.023 [TestNG-test=Regression-2] INFO  com.business.Utilities.Base - browser closed
19:49:48.199 [TestNG-test=Regression-1] INFO  com.business.Utilities.Base - chrome-headless launched
19:49:50.111 [TestNG-test=Regression-2] INFO  com.business.Utilities.Base - chrome-headless launched
19:49:53.694 [TestNG-test=Regression-3] INFO  com.business.Utilities.Base - browser closed
19:49:56.986 [TestNG-test=Regression-3] INFO  com.business.Utilities.Base - chrome-headless launched
19:50:00.355 [TestNG-test=Regression-1] INFO  com.business.Utilities.Base - browser closed
19:50:03.048 [TestNG-test=Regression-2] INFO  com.business.Utilities.Base - browser closed
19:50:03.562 [TestNG-test=Regression-1] INFO  com.business.Utilities.Base - chrome-headless launched
19:50:06.413 [TestNG-test=Regression-2] INFO  com.business.Utilities.Base - chrome-headless launched
19:50:42.897 [TestNG-test=Regression-4] INFO  com.business.Utilities.Base - browser closed
19:50:47.889 [TestNG-test=Regression-1] INFO  com.business.Utilities.Base - browser closed
19:50:49.849 [TestNG-test=Regression-4] INFO  com.business.Utilities.Base - chrome-headless launched
19:50:53.262 [TestNG-test=Regression-1] INFO  com.business.Utilities.Base - chrome-headless launched
19:50:53.875 [TestNG-test=Regression-2] INFO  com.business.Utilities.Base - browser closed
19:50:54.486 [TestNG-test=Regression-1] INFO  com.business.Tests.Popup_JS_with_Lof4J - navigated the website
19:50:54.758 [TestNG-test=Regression-1] INFO  com.business.Tests.Popup_JS_with_Lof4J - clicked text generating JS popup
19:50:56.783 [TestNG-test=Regression-1] INFO  com.business.Tests.Popup_JS_with_Lof4J - alert presents,alert text is: I am a JS Alert
19:50:57.473 [TestNG-test=Regression-4] INFO  com.business.Utilities.Base - browser closed
19:50:57.650 [TestNG-test=Regression-2] INFO  com.business.Utilities.Base - chrome-headless launched
19:50:58.856 [TestNG-test=Regression-1] INFO  com.business.Tests.Popup_JS_with_Lof4J - alert presents,alert dismissed
19:50:59.562 [TestNG-test=Regression-2] INFO  com.business.Utilities.Base - browser closed
19:50:59.562 [TestNG-test=Regression-1] INFO  com.business.Utilities.Base - browser closed
19:51:01.027 [TestNG-test=Regression-4] INFO  com.business.Utilities.Base - chrome-headless launched
19:51:03.026 [TestNG-test=Regression-1] INFO  com.business.Utilities.Base - chrome-headless launched
19:51:03.171 [TestNG-test=Regression-2] INFO  com.business.Utilities.Base - chrome-headless launched
19:51:03.888 [TestNG-test=Regression-2] INFO  com.business.Utilities.Base - browser closed
19:51:06.485 [TestNG-test=Regression-4] INFO  com.business.Utilities.Base - browser closed
19:51:06.851 [TestNG-test=Regression-1] INFO  com.business.Utilities.Base - browser closed
19:51:09.736 [TestNG-test=Regression-2] INFO  com.business.Utilities.Base - chrome-headless launched
19:51:10.389 [TestNG-test=Regression-2] INFO  com.business.Utilities.Base - browser closed
19:51:10.743 [TestNG-test=Regression-4] INFO  com.business.Utilities.Base - chrome-headless launched
19:51:11.302 [TestNG-test=Regression-1] INFO  com.business.Utilities.Base - chrome-headless launched
19:51:14.226 [TestNG-test=Regression-2] INFO  com.business.Utilities.Base - chrome-headless launched
19:51:16.783 [TestNG-test=Regression-4] INFO  com.business.Utilities.Base - browser closed
19:51:18.546 [TestNG-test=Regression-1] INFO  com.business.Utilities.Base - browser closed
19:51:20.684 [TestNG-test=Regression-4] INFO  com.business.Utilities.Base - chrome-headless launched
19:51:22.184 [TestNG-test=Regression-4] INFO  com.business.Tests.Tables_Static - Bach
19:51:22.232 [TestNG-test=Regression-4] INFO  com.business.Tests.Tables_Static - Frank
19:51:22.309 [TestNG-test=Regression-1] INFO  com.business.Utilities.Base - chrome-headless launched
19:51:22.372 [TestNG-test=Regression-4] INFO  com.business.Tests.Tables_Static - fbach@yahoo.com
19:51:22.572 [TestNG-test=Regression-4] INFO  com.business.Tests.Tables_Static - $51.00
19:51:22.677 [TestNG-test=Regression-4] INFO  com.business.Tests.Tables_Static - http://www.frank.com
19:51:22.727 [TestNG-test=Regression-4] INFO  com.business.Tests.Tables_Static - edit delete
19:51:23.514 [TestNG-test=Regression-4] INFO  com.business.Utilities.Base - browser closed
19:51:27.238 [TestNG-test=Regression-4] INFO  com.business.Utilities.Base - chrome-headless launched
19:51:27.739 [TestNG-test=Regression-3] INFO  com.business.Utilities.Base - browser closed
19:51:28.270 [TestNG-test=Regression-1] INFO  com.business.Utilities.Base - browser closed
19:51:28.469 [TestNG-test=Regression-4] INFO  com.business.Tests.Tables_Static - Smith
19:51:28.486 [TestNG-test=Regression-4] INFO  com.business.Tests.Tables_Static - John
19:51:28.504 [TestNG-test=Regression-4] INFO  com.business.Tests.Tables_Static - jsmith@gmail.com
19:51:28.533 [TestNG-test=Regression-4] INFO  com.business.Tests.Tables_Static - $50.00
19:51:28.556 [TestNG-test=Regression-4] INFO  com.business.Tests.Tables_Static - http://www.jsmith.com
19:51:28.580 [TestNG-test=Regression-4] INFO  com.business.Tests.Tables_Static - edit delete
19:51:28.602 [TestNG-test=Regression-4] INFO  com.business.Tests.Tables_Static - Bach
19:51:28.630 [TestNG-test=Regression-4] INFO  com.business.Tests.Tables_Static - Frank
19:51:28.654 [TestNG-test=Regression-4] INFO  com.business.Tests.Tables_Static - fbach@yahoo.com
19:51:28.675 [TestNG-test=Regression-4] INFO  com.business.Tests.Tables_Static - $51.00
19:51:28.694 [TestNG-test=Regression-4] INFO  com.business.Tests.Tables_Static - http://www.frank.com
19:51:28.713 [TestNG-test=Regression-4] INFO  com.business.Tests.Tables_Static - edit delete
19:51:28.728 [TestNG-test=Regression-4] INFO  com.business.Tests.Tables_Static - Doe
19:51:28.746 [TestNG-test=Regression-4] INFO  com.business.Tests.Tables_Static - Jason
19:51:28.762 [TestNG-test=Regression-4] INFO  com.business.Tests.Tables_Static - jdoe@hotmail.com
19:51:28.781 [TestNG-test=Regression-4] INFO  com.business.Tests.Tables_Static - $100.00
19:51:28.805 [TestNG-test=Regression-4] INFO  com.business.Tests.Tables_Static - http://www.jdoe.com
19:51:28.830 [TestNG-test=Regression-4] INFO  com.business.Tests.Tables_Static - edit delete
19:51:28.861 [TestNG-test=Regression-4] INFO  com.business.Tests.Tables_Static - Conway
19:51:28.891 [TestNG-test=Regression-4] INFO  com.business.Tests.Tables_Static - Tim
19:51:28.914 [TestNG-test=Regression-4] INFO  com.business.Tests.Tables_Static - tconway@earthlink.net
19:51:28.934 [TestNG-test=Regression-4] INFO  com.business.Tests.Tables_Static - $50.00
19:51:28.958 [TestNG-test=Regression-4] INFO  com.business.Tests.Tables_Static - http://www.timconway.com
19:51:28.988 [TestNG-test=Regression-4] INFO  com.business.Tests.Tables_Static - edit delete
19:51:29.632 [TestNG-test=Regression-4] INFO  com.business.Utilities.Base - browser closed
19:51:30.930 [TestNG-test=Regression-3] INFO  com.business.Utilities.Base - chrome-headless launched
19:51:31.437 [TestNG-test=Regression-1] INFO  com.business.Utilities.Base - chrome-headless launched
19:51:32.955 [TestNG-test=Regression-4] INFO  com.business.Utilities.Base - chrome-headless launched
19:51:34.917 [TestNG-test=Regression-4] INFO  com.business.Utilities.Base - browser closed
19:51:38.036 [TestNG-test=Regression-4] INFO  com.business.Utilities.Base - chrome-headless launched
19:51:39.418 [TestNG-test=Regression-4] INFO  com.business.Tests.Tables_Static - Last Name
19:51:39.434 [TestNG-test=Regression-4] INFO  com.business.Tests.Tables_Static - First Name
19:51:39.451 [TestNG-test=Regression-4] INFO  com.business.Tests.Tables_Static - Email
19:51:39.468 [TestNG-test=Regression-4] INFO  com.business.Tests.Tables_Static - Due
19:51:39.488 [TestNG-test=Regression-4] INFO  com.business.Tests.Tables_Static - Web Site
19:51:39.506 [TestNG-test=Regression-4] INFO  com.business.Tests.Tables_Static - Action
19:51:39.588 [TestNG-test=Regression-1] INFO  com.business.Utilities.Base - browser closed
19:51:40.117 [TestNG-test=Regression-4] INFO  com.business.Utilities.Base - browser closed
19:51:40.243 [TestNG-test=Regression-3] INFO  com.business.Utilities.Base - browser closed
19:51:42.721 [TestNG-test=Regression-1] INFO  com.business.Utilities.Base - chrome-headless launched
19:51:43.259 [TestNG-test=Regression-4] INFO  com.business.Utilities.Base - chrome-headless launched
19:51:44.358 [TestNG-test=Regression-4] INFO  com.business.Tests.Tables_Static - Smith John jsmith@gmail.com $50.00 http://www.jsmith.com edit delete
19:51:44.375 [TestNG-test=Regression-4] INFO  com.business.Tests.Tables_Static - Bach Frank fbach@yahoo.com $51.00 http://www.frank.com edit delete
19:51:44.395 [TestNG-test=Regression-4] INFO  com.business.Tests.Tables_Static - Doe Jason jdoe@hotmail.com $100.00 http://www.jdoe.com edit delete
19:51:44.416 [TestNG-test=Regression-4] INFO  com.business.Tests.Tables_Static - Conway Tim tconway@earthlink.net $50.00 http://www.timconway.com edit delete
19:51:44.429 [TestNG-test=Regression-4] INFO  com.business.Tests.Tables_Static - Doe Jason jdoe@hotmail.com $100.00 http://www.jdoe.com edit delete
19:51:45.037 [TestNG-test=Regression-4] INFO  com.business.Utilities.Base - browser closed
19:51:48.196 [TestNG-test=Regression-4] INFO  com.business.Utilities.Base - chrome-headless launched
19:51:49.315 [TestNG-test=Regression-4] INFO  com.business.Tests.Tables_Static - John
19:51:49.331 [TestNG-test=Regression-4] INFO  com.business.Tests.Tables_Static - Frank
19:51:49.349 [TestNG-test=Regression-4] INFO  com.business.Tests.Tables_Static - Jason
19:51:49.366 [TestNG-test=Regression-4] INFO  com.business.Tests.Tables_Static - Tim
19:51:49.944 [TestNG-test=Regression-4] INFO  com.business.Utilities.Base - browser closed
19:51:50.365 [TestNG-test=Regression-1] INFO  com.business.Utilities.Base - browser closed
19:51:53.095 [TestNG-test=Regression-4] INFO  com.business.Utilities.Base - chrome-headless launched
19:51:54.173 [TestNG-test=Regression-4] INFO  com.business.Tests.Tables_Static - Email
19:51:54.776 [TestNG-test=Regression-4] INFO  com.business.Utilities.Base - browser closed
19:51:55.406 [TestNG-test=Regression-2] INFO  com.business.Utilities.Base - browser closed
19:51:57.912 [TestNG-test=Regression-4] INFO  com.business.Utilities.Base - chrome-headless launched
19:51:59.661 [TestNG-test=Regression-4] INFO  com.business.Utilities.Base - browser closed
19:52:02.844 [TestNG-test=Regression-4] INFO  com.business.Utilities.Base - chrome-headless launched
19:52:04.551 [TestNG-test=Regression-4] INFO  com.business.Utilities.Base - browser closed
19:53:28.394 [main] INFO  com.business.Utilities.Base - chrome-headless launched
19:53:41.855 [main] INFO  com.business.Utilities.Base - browser closed
19:54:29.584 [main] INFO  com.business.Utilities.Base - chrome launched
19:54:44.612 [main] INFO  com.business.Utilities.Base - browser closed
19:55:49.707 [main] INFO  com.business.Utilities.Base - chrome launched
19:55:59.877 [main] INFO  com.business.Utilities.Base - browser closed
19:56:24.124 [main] INFO  com.business.Utilities.Base - chrome launched
19:56:39.991 [main] INFO  com.business.Utilities.Base - browser closed
19:57:10.501 [main] INFO  com.business.Utilities.Base - chrome-headless launched
19:57:27.140 [main] INFO  com.business.Utilities.Base - browser closed
19:57:38.236 [main] INFO  com.business.Utilities.Base - chrome-headless launched
19:57:54.675 [main] INFO  com.business.Utilities.Base - browser closed
19:58:16.286 [main] INFO  com.business.Utilities.Base - chrome-headless launched
19:58:34.247 [main] INFO  com.business.Utilities.Base - browser closed
19:59:09.034 [TestNG-test=Regression-1] INFO  com.business.Utilities.Base - chrome-headless launched
19:59:09.034 [TestNG-test=Regression-4] INFO  com.business.Utilities.Base - chrome-headless launched
19:59:09.034 [TestNG-test=Regression-2] INFO  com.business.Utilities.Base - chrome-headless launched
19:59:09.034 [TestNG-test=Regression-3] INFO  com.business.Utilities.Base - chrome-headless launched
19:59:12.904 [TestNG-test=Regression-3] INFO  com.business.Utilities.Base - browser closed
19:59:16.453 [TestNG-test=Regression-3] INFO  com.business.Utilities.Base - chrome-headless launched
19:59:21.283 [TestNG-test=Regression-1] INFO  com.business.Utilities.Base - browser closed
19:59:23.036 [TestNG-test=Regression-2] INFO  com.business.Utilities.Base - browser closed
19:59:24.517 [TestNG-test=Regression-1] INFO  com.business.Utilities.Base - chrome-headless launched
19:59:24.693 [TestNG-test=Regression-3] INFO  com.business.Utilities.Base - browser closed
19:59:25.764 [TestNG-test=Regression-1] INFO  com.business.Tests.Actions_mouse - navigated to website
19:59:26.303 [TestNG-test=Regression-2] INFO  com.business.Utilities.Base - chrome-headless launched
19:59:27.756 [TestNG-test=Regression-4] INFO  com.business.Utilities.Base - browser closed
19:59:27.870 [TestNG-test=Regression-3] INFO  com.business.Utilities.Base - chrome-headless launched
19:59:30.831 [TestNG-test=Regression-1] INFO  com.business.Tests.Actions_mouse - switching to the frame
19:59:30.929 [TestNG-test=Regression-4] INFO  com.business.Utilities.Base - chrome-headless launched
19:59:33.241 [TestNG-test=Regression-1] INFO  com.business.Tests.Actions_mouse - dragging the element and dropping to drop field
19:59:33.241 [TestNG-test=Regression-3] INFO  com.business.Utilities.Base - browser closed
19:59:33.295 [TestNG-test=Regression-1] INFO  com.business.Tests.Actions_mouse - waiting for confirmation text to be visible
19:59:33.326 [TestNG-test=Regression-1] INFO  com.business.Tests.Actions_mouse - element dropped 
19:59:33.920 [TestNG-test=Regression-1] INFO  com.business.Utilities.Base - browser closed
19:59:36.400 [TestNG-test=Regression-3] INFO  com.business.Utilities.Base - chrome-headless launched
19:59:37.094 [TestNG-test=Regression-1] INFO  com.business.Utilities.Base - chrome-headless launched
19:59:41.597 [TestNG-test=Regression-1] INFO  com.business.Utilities.Base - browser closed
19:59:41.740 [TestNG-test=Regression-3] INFO  com.business.Utilities.Base - browser closed
19:59:43.022 [TestNG-test=Regression-2] INFO  com.business.Utilities.Base - browser closed
19:59:44.707 [TestNG-test=Regression-1] INFO  com.business.Utilities.Base - chrome-headless launched
19:59:44.953 [TestNG-test=Regression-3] INFO  com.business.Utilities.Base - chrome-headless launched
19:59:46.147 [TestNG-test=Regression-2] INFO  com.business.Utilities.Base - chrome-headless launched
19:59:48.379 [TestNG-test=Regression-2] INFO  com.business.Utilities.Base - browser closed
19:59:50.779 [TestNG-test=Regression-3] INFO  com.business.Utilities.Base - browser closed
19:59:51.554 [TestNG-test=Regression-2] INFO  com.business.Utilities.Base - chrome-headless launched
19:59:53.875 [TestNG-test=Regression-3] INFO  com.business.Utilities.Base - chrome-headless launched
19:59:53.908 [TestNG-test=Regression-2] INFO  com.business.Utilities.Base - browser closed
19:59:55.400 [TestNG-test=Regression-3] INFO  com.business.Utilities.Base - browser closed
19:59:57.095 [TestNG-test=Regression-2] INFO  com.business.Utilities.Base - chrome-headless launched
19:59:58.538 [TestNG-test=Regression-3] INFO  com.business.Utilities.Base - chrome-headless launched
19:59:59.061 [TestNG-test=Regression-1] INFO  com.business.Utilities.Base - browser closed
20:00:00.193 [TestNG-test=Regression-3] INFO  com.business.Utilities.Base - browser closed
20:00:00.730 [TestNG-test=Regression-2] INFO  com.business.Utilities.Base - browser closed
20:00:02.168 [TestNG-test=Regression-1] INFO  com.business.Utilities.Base - chrome-headless launched
20:00:02.186 [TestNG-test=Regression-1] INFO  com.business.Tests.Actions_mouse - navigating the amazon.com
20:00:03.348 [TestNG-test=Regression-3] INFO  com.business.Utilities.Base - chrome-headless launched
20:00:05.586 [TestNG-test=Regression-3] INFO  com.business.Utilities.Base - browser closed
20:00:05.849 [TestNG-test=Regression-1] INFO  com.business.Tests.Actions_mouse - entering text in Upeercase
20:00:08.952 [TestNG-test=Regression-3] INFO  com.business.Utilities.Base - chrome-headless launched
20:00:09.046 [TestNG-test=Regression-1] INFO  com.business.Tests.Actions_mouse - Verifying text added in Upeercase
20:00:09.087 [TestNG-test=Regression-1] INFO  com.business.Tests.Actions_mouse - text passed in Uppercase
20:00:09.766 [TestNG-test=Regression-1] INFO  com.business.Utilities.Base - browser closed
20:00:12.618 [TestNG-test=Regression-3] INFO  com.business.Utilities.Base - browser closed
20:00:12.994 [TestNG-test=Regression-1] INFO  com.business.Utilities.Base - chrome-headless launched
20:00:15.059 [TestNG-test=Regression-4] INFO  com.business.Utilities.Base - browser closed
20:00:16.894 [TestNG-test=Regression-3] INFO  com.business.Utilities.Base - chrome-headless launched
20:00:17.872 [TestNG-test=Regression-1] INFO  com.business.Utilities.Base - browser closed
20:00:19.050 [TestNG-test=Regression-4] INFO  com.business.Utilities.Base - chrome-headless launched
20:00:21.606 [TestNG-test=Regression-1] INFO  com.business.Utilities.Base - chrome-headless launched
20:00:21.722 [TestNG-test=Regression-4] INFO  com.business.Tests.HiddenElements - Element does not exist in the page
20:00:22.340 [TestNG-test=Regression-4] INFO  com.business.Utilities.Base - browser closed
20:00:27.537 [TestNG-test=Regression-4] INFO  com.business.Utilities.Base - chrome-headless launched
20:00:29.430 [TestNG-test=Regression-1] INFO  com.business.Utilities.Base - browser closed
20:00:30.330 [TestNG-test=Regression-3] INFO  com.business.Utilities.Base - browser closed
20:00:33.052 [TestNG-test=Regression-1] INFO  com.business.Tests.JDBC_tasks_using_DBUtils - lastname is Babayev
20:00:33.514 [TestNG-test=Regression-3] INFO  com.business.Utilities.Base - chrome-headless launched
20:00:35.023 [TestNG-test=Regression-3] INFO  com.business.Utilities.Base - browser closed
20:00:36.289 [TestNG-test=Regression-1] INFO  com.business.Utilities.Base - chrome-headless launched
20:00:36.926 [TestNG-test=Regression-2] INFO  com.business.Utilities.Base - chrome-headless launched
20:00:38.222 [TestNG-test=Regression-3] INFO  com.business.Utilities.Base - chrome-headless launched
20:00:40.755 [TestNG-test=Regression-3] INFO  com.business.Utilities.Base - browser closed
20:00:43.928 [TestNG-test=Regression-3] INFO  com.business.Utilities.Base - chrome-headless launched
20:00:45.989 [TestNG-test=Regression-1] INFO  com.business.Utilities.Base - browser closed
20:00:47.844 [TestNG-test=Regression-2] INFO  com.business.Utilities.Base - browser closed
20:00:49.224 [TestNG-test=Regression-1] INFO  com.business.Utilities.Base - chrome-headless launched
20:00:51.075 [TestNG-test=Regression-2] INFO  com.business.Utilities.Base - chrome-headless launched
20:00:53.968 [TestNG-test=Regression-3] INFO  com.business.Utilities.Base - browser closed
20:00:58.470 [TestNG-test=Regression-3] INFO  com.business.Utilities.Base - chrome-headless launched
20:01:35.655 [TestNG-test=Regression-4] INFO  com.business.Utilities.Base - browser closed
20:01:39.996 [TestNG-test=Regression-2] INFO  com.business.Utilities.Base - browser closed
20:01:41.794 [TestNG-test=Regression-4] INFO  com.business.Utilities.Base - chrome-headless launched
20:01:42.206 [TestNG-test=Regression-3] INFO  com.business.Utilities.Base - browser closed
20:01:43.869 [TestNG-test=Regression-2] INFO  com.business.Utilities.Base - chrome-headless launched
20:01:45.374 [TestNG-test=Regression-2] INFO  com.business.Tests.Popup_JS_with_Lof4J - navigated the website
20:01:45.498 [TestNG-test=Regression-2] INFO  com.business.Tests.Popup_JS_with_Lof4J - clicked text generating JS popup
20:01:45.903 [TestNG-test=Regression-3] INFO  com.business.Utilities.Base - chrome-headless launched
20:01:47.510 [TestNG-test=Regression-2] INFO  com.business.Tests.Popup_JS_with_Lof4J - alert presents,alert text is: I am a JS Alert
20:01:47.694 [TestNG-test=Regression-3] INFO  com.business.Utilities.Base - browser closed
20:01:49.076 [TestNG-test=Regression-4] INFO  com.business.Utilities.Base - browser closed
20:01:49.537 [TestNG-test=Regression-2] INFO  com.business.Tests.Popup_JS_with_Lof4J - alert presents,alert dismissed
20:01:50.152 [TestNG-test=Regression-2] INFO  com.business.Utilities.Base - browser closed
20:01:51.402 [TestNG-test=Regression-3] INFO  com.business.Utilities.Base - chrome-headless launched
20:01:52.892 [TestNG-test=Regression-4] INFO  com.business.Utilities.Base - chrome-headless launched
20:01:57.090 [TestNG-test=Regression-4] INFO  com.business.Utilities.Base - browser closed
20:01:57.994 [TestNG-test=Regression-2] INFO  com.business.Utilities.Base - chrome-headless launched
20:01:58.717 [TestNG-test=Regression-2] INFO  com.business.Utilities.Base - browser closed
20:01:58.782 [TestNG-test=Regression-3] INFO  com.business.Utilities.Base - browser closed
20:02:04.130 [TestNG-test=Regression-4] INFO  com.business.Utilities.Base - chrome-headless launched
20:02:05.124 [TestNG-test=Regression-4] INFO  com.business.Utilities.Base - browser closed
20:02:07.099 [TestNG-test=Regression-3] INFO  com.business.Utilities.Base - chrome-headless launched
20:02:07.108 [TestNG-test=Regression-2] INFO  com.business.Utilities.Base - chrome-headless launched
20:02:08.624 [TestNG-test=Regression-4] INFO  com.business.Utilities.Base - chrome-headless launched
20:02:15.947 [TestNG-test=Regression-3] INFO  com.business.Utilities.Base - browser closed
20:02:16.091 [TestNG-test=Regression-2] INFO  com.business.Utilities.Base - browser closed
20:02:22.659 [TestNG-test=Regression-3] INFO  com.business.Utilities.Base - chrome-headless launched
20:02:22.847 [TestNG-test=Regression-2] INFO  com.business.Utilities.Base - chrome-headless launched
20:02:24.148 [TestNG-test=Regression-3] INFO  com.business.Tests.Tables_Static - Bach
20:02:24.188 [TestNG-test=Regression-3] INFO  com.business.Tests.Tables_Static - Frank
20:02:24.209 [TestNG-test=Regression-3] INFO  com.business.Tests.Tables_Static - fbach@yahoo.com
20:02:24.240 [TestNG-test=Regression-3] INFO  com.business.Tests.Tables_Static - $51.00
20:02:24.280 [TestNG-test=Regression-3] INFO  com.business.Tests.Tables_Static - http://www.frank.com
20:02:24.334 [TestNG-test=Regression-3] INFO  com.business.Tests.Tables_Static - edit delete
20:02:25.408 [TestNG-test=Regression-3] INFO  com.business.Utilities.Base - browser closed
20:02:27.508 [TestNG-test=Regression-1] INFO  com.business.Utilities.Base - browser closed
20:02:28.887 [TestNG-test=Regression-2] INFO  com.business.Utilities.Base - browser closed
20:02:30.170 [TestNG-test=Regression-3] INFO  com.business.Utilities.Base - chrome-headless launched
20:02:31.204 [TestNG-test=Regression-3] INFO  com.business.Tests.Tables_Static - Smith
20:02:31.220 [TestNG-test=Regression-3] INFO  com.business.Tests.Tables_Static - John
20:02:31.236 [TestNG-test=Regression-3] INFO  com.business.Tests.Tables_Static - jsmith@gmail.com
20:02:31.256 [TestNG-test=Regression-3] INFO  com.business.Tests.Tables_Static - $50.00
20:02:31.274 [TestNG-test=Regression-3] INFO  com.business.Tests.Tables_Static - http://www.jsmith.com
20:02:31.274 [TestNG-test=Regression-1] INFO  com.business.Utilities.Base - chrome-headless launched
20:02:31.297 [TestNG-test=Regression-3] INFO  com.business.Tests.Tables_Static - edit delete
20:02:31.317 [TestNG-test=Regression-3] INFO  com.business.Tests.Tables_Static - Bach
20:02:31.335 [TestNG-test=Regression-3] INFO  com.business.Tests.Tables_Static - Frank
20:02:31.356 [TestNG-test=Regression-3] INFO  com.business.Tests.Tables_Static - fbach@yahoo.com
20:02:31.375 [TestNG-test=Regression-3] INFO  com.business.Tests.Tables_Static - $51.00
20:02:31.394 [TestNG-test=Regression-3] INFO  com.business.Tests.Tables_Static - http://www.frank.com
20:02:31.410 [TestNG-test=Regression-3] INFO  com.business.Tests.Tables_Static - edit delete
20:02:31.425 [TestNG-test=Regression-3] INFO  com.business.Tests.Tables_Static - Doe
20:02:31.440 [TestNG-test=Regression-3] INFO  com.business.Tests.Tables_Static - Jason
20:02:31.459 [TestNG-test=Regression-3] INFO  com.business.Tests.Tables_Static - jdoe@hotmail.com
20:02:31.476 [TestNG-test=Regression-3] INFO  com.business.Tests.Tables_Static - $100.00
20:02:31.493 [TestNG-test=Regression-3] INFO  com.business.Tests.Tables_Static - http://www.jdoe.com
20:02:31.512 [TestNG-test=Regression-3] INFO  com.business.Tests.Tables_Static - edit delete
20:02:31.530 [TestNG-test=Regression-3] INFO  com.business.Tests.Tables_Static - Conway
20:02:31.545 [TestNG-test=Regression-3] INFO  com.business.Tests.Tables_Static - Tim
20:02:31.559 [TestNG-test=Regression-3] INFO  com.business.Tests.Tables_Static - tconway@earthlink.net
20:02:31.574 [TestNG-test=Regression-3] INFO  com.business.Tests.Tables_Static - $50.00
20:02:31.590 [TestNG-test=Regression-3] INFO  com.business.Tests.Tables_Static - http://www.timconway.com
20:02:31.610 [TestNG-test=Regression-3] INFO  com.business.Tests.Tables_Static - edit delete
20:02:32.223 [TestNG-test=Regression-3] INFO  com.business.Utilities.Base - browser closed
20:02:32.255 [TestNG-test=Regression-2] INFO  com.business.Utilities.Base - chrome-headless launched
20:02:35.401 [TestNG-test=Regression-3] INFO  com.business.Utilities.Base - chrome-headless launched
20:02:37.019 [TestNG-test=Regression-3] INFO  com.business.Utilities.Base - browser closed
20:02:39.263 [TestNG-test=Regression-1] INFO  com.business.Utilities.Base - browser closed
20:02:39.421 [TestNG-test=Regression-2] INFO  com.business.Utilities.Base - browser closed
20:02:40.167 [TestNG-test=Regression-3] INFO  com.business.Utilities.Base - chrome-headless launched
20:02:42.633 [TestNG-test=Regression-2] INFO  com.business.Utilities.Base - chrome-headless launched
20:02:43.842 [TestNG-test=Regression-3] INFO  com.business.Tests.Tables_Static - Last Name
20:02:43.873 [TestNG-test=Regression-3] INFO  com.business.Tests.Tables_Static - First Name
20:02:43.904 [TestNG-test=Regression-3] INFO  com.business.Tests.Tables_Static - Email
20:02:43.930 [TestNG-test=Regression-3] INFO  com.business.Tests.Tables_Static - Due
20:02:43.954 [TestNG-test=Regression-3] INFO  com.business.Tests.Tables_Static - Web Site
20:02:43.983 [TestNG-test=Regression-3] INFO  com.business.Tests.Tables_Static - Action
20:02:44.647 [TestNG-test=Regression-3] INFO  com.business.Utilities.Base - browser closed
20:02:47.795 [TestNG-test=Regression-3] INFO  com.business.Utilities.Base - chrome-headless launched
20:02:48.875 [TestNG-test=Regression-3] INFO  com.business.Tests.Tables_Static - Smith John jsmith@gmail.com $50.00 http://www.jsmith.com edit delete
20:02:48.894 [TestNG-test=Regression-3] INFO  com.business.Tests.Tables_Static - Bach Frank fbach@yahoo.com $51.00 http://www.frank.com edit delete
20:02:48.916 [TestNG-test=Regression-3] INFO  com.business.Tests.Tables_Static - Doe Jason jdoe@hotmail.com $100.00 http://www.jdoe.com edit delete
20:02:48.941 [TestNG-test=Regression-3] INFO  com.business.Tests.Tables_Static - Conway Tim tconway@earthlink.net $50.00 http://www.timconway.com edit delete
20:02:48.958 [TestNG-test=Regression-3] INFO  com.business.Tests.Tables_Static - Doe Jason jdoe@hotmail.com $100.00 http://www.jdoe.com edit delete
20:02:49.545 [TestNG-test=Regression-3] INFO  com.business.Utilities.Base - browser closed
20:02:49.870 [TestNG-test=Regression-2] INFO  com.business.Utilities.Base - browser closed
20:02:52.692 [TestNG-test=Regression-3] INFO  com.business.Utilities.Base - chrome-headless launched
20:02:53.763 [TestNG-test=Regression-3] INFO  com.business.Tests.Tables_Static - John
20:02:53.779 [TestNG-test=Regression-3] INFO  com.business.Tests.Tables_Static - Frank
20:02:53.794 [TestNG-test=Regression-3] INFO  com.business.Tests.Tables_Static - Jason
20:02:53.810 [TestNG-test=Regression-3] INFO  com.business.Tests.Tables_Static - Tim
20:02:54.171 [TestNG-test=Regression-4] INFO  com.business.Utilities.Base - browser closed
20:02:54.391 [TestNG-test=Regression-3] INFO  com.business.Utilities.Base - browser closed
20:02:57.533 [TestNG-test=Regression-3] INFO  com.business.Utilities.Base - chrome-headless launched
20:02:58.600 [TestNG-test=Regression-3] INFO  com.business.Tests.Tables_Static - Email
20:02:59.192 [TestNG-test=Regression-3] INFO  com.business.Utilities.Base - browser closed
20:03:02.274 [TestNG-test=Regression-3] INFO  com.business.Utilities.Base - chrome-headless launched
20:03:05.446 [TestNG-test=Regression-3] INFO  com.business.Utilities.Base - browser closed
20:03:08.531 [TestNG-test=Regression-3] INFO  com.business.Utilities.Base - chrome-headless launched
20:03:10.223 [TestNG-test=Regression-3] INFO  com.business.Utilities.Base - browser closed
20:57:33.511 [TestNG-test=Regression-3] INFO  com.business.Utilities.Base - chrome-headless launched
20:57:33.511 [TestNG-test=Regression-1] INFO  com.business.Utilities.Base - chrome-headless launched
20:57:33.511 [TestNG-test=Regression-2] INFO  com.business.Utilities.Base - chrome-headless launched
20:57:33.511 [TestNG-test=Regression-4] INFO  com.business.Utilities.Base - chrome-headless launched
20:57:39.341 [TestNG-test=Regression-3] INFO  com.business.Utilities.Base - browser closed
20:57:42.661 [TestNG-test=Regression-3] INFO  com.business.Utilities.Base - chrome-headless launched
20:57:48.526 [TestNG-test=Regression-1] INFO  com.business.Utilities.Base - browser closed
20:57:49.201 [TestNG-test=Regression-3] INFO  com.business.Utilities.Base - browser closed
20:57:51.692 [TestNG-test=Regression-1] INFO  com.business.Utilities.Base - chrome-headless launched
20:57:52.104 [TestNG-test=Regression-2] INFO  com.business.Utilities.Base - browser closed
20:57:52.335 [TestNG-test=Regression-3] INFO  com.business.Utilities.Base - chrome-headless launched
20:57:53.365 [TestNG-test=Regression-1] INFO  com.business.Tests.Actions_mouse - navigated to website
20:57:54.680 [TestNG-test=Regression-4] INFO  com.business.Utilities.Base - browser closed
20:57:55.264 [TestNG-test=Regression-2] INFO  com.business.Utilities.Base - chrome-headless launched
20:57:57.824 [TestNG-test=Regression-4] INFO  com.business.Utilities.Base - chrome-headless launched
20:57:58.489 [TestNG-test=Regression-1] INFO  com.business.Tests.Actions_mouse - switching to the frame
20:57:58.789 [TestNG-test=Regression-3] INFO  com.business.Utilities.Base - browser closed
20:58:00.998 [TestNG-test=Regression-1] INFO  com.business.Tests.Actions_mouse - dragging the element and dropping to drop field
20:58:01.060 [TestNG-test=Regression-1] INFO  com.business.Tests.Actions_mouse - waiting for confirmation text to be visible
20:58:01.092 [TestNG-test=Regression-1] INFO  com.business.Tests.Actions_mouse - element dropped 
20:58:01.704 [TestNG-test=Regression-1] INFO  com.business.Utilities.Base - browser closed
20:58:01.938 [TestNG-test=Regression-3] INFO  com.business.Utilities.Base - chrome-headless launched
20:58:04.843 [TestNG-test=Regression-1] INFO  com.business.Utilities.Base - chrome-headless launched
20:58:07.842 [TestNG-test=Regression-3] INFO  com.business.Utilities.Base - browser closed
20:58:08.427 [TestNG-test=Regression-2] INFO  com.business.Utilities.Base - browser closed
20:58:09.218 [TestNG-test=Regression-1] INFO  com.business.Utilities.Base - browser closed
20:58:11.176 [TestNG-test=Regression-3] INFO  com.business.Utilities.Base - chrome-headless launched
20:58:11.516 [TestNG-test=Regression-2] INFO  com.business.Utilities.Base - chrome-headless launched
20:58:12.299 [TestNG-test=Regression-1] INFO  com.business.Utilities.Base - chrome-headless launched
20:58:13.532 [TestNG-test=Regression-2] INFO  com.business.Utilities.Base - browser closed
20:58:16.717 [TestNG-test=Regression-2] INFO  com.business.Utilities.Base - chrome-headless launched
20:58:19.185 [TestNG-test=Regression-2] INFO  com.business.Utilities.Base - browser closed
20:58:22.257 [TestNG-test=Regression-2] INFO  com.business.Utilities.Base - chrome-headless launched
20:58:23.239 [TestNG-test=Regression-3] INFO  com.business.Utilities.Base - browser closed
20:58:23.695 [TestNG-test=Regression-2] INFO  com.business.Utilities.Base - browser closed
20:58:26.125 [TestNG-test=Regression-1] INFO  com.business.Utilities.Base - browser closed
20:58:26.406 [TestNG-test=Regression-3] INFO  com.business.Utilities.Base - chrome-headless launched
20:58:26.778 [TestNG-test=Regression-2] INFO  com.business.Utilities.Base - chrome-headless launched
20:58:28.593 [TestNG-test=Regression-2] INFO  com.business.Utilities.Base - browser closed
20:58:29.202 [TestNG-test=Regression-1] INFO  com.business.Utilities.Base - chrome-headless launched
20:58:29.218 [TestNG-test=Regression-1] INFO  com.business.Tests.Actions_mouse - navigating the amazon.com
20:58:30.304 [TestNG-test=Regression-3] INFO  com.business.Utilities.Base - browser closed
20:58:31.793 [TestNG-test=Regression-2] INFO  com.business.Utilities.Base - chrome-headless launched
20:58:34.712 [TestNG-test=Regression-2] INFO  com.business.Utilities.Base - browser closed
20:58:36.700 [TestNG-test=Regression-1] INFO  com.business.Tests.Actions_mouse - entering text in Upeercase
20:58:38.018 [TestNG-test=Regression-2] INFO  com.business.Utilities.Base - chrome-headless launched
20:58:39.899 [TestNG-test=Regression-1] INFO  com.business.Tests.Actions_mouse - Verifying text added in Upeercase
20:58:40.446 [TestNG-test=Regression-1] INFO  com.business.Tests.Actions_mouse - text passed in Uppercase
20:58:41.290 [TestNG-test=Regression-1] INFO  com.business.Utilities.Base - browser closed
20:58:42.977 [TestNG-test=Regression-2] INFO  com.business.Utilities.Base - browser closed
20:58:45.121 [TestNG-test=Regression-1] INFO  com.business.Utilities.Base - chrome-headless launched
20:58:45.924 [TestNG-test=Regression-4] INFO  com.business.Utilities.Base - browser closed
20:58:46.418 [TestNG-test=Regression-2] INFO  com.business.Utilities.Base - chrome-headless launched
20:58:48.859 [TestNG-test=Regression-1] INFO  com.business.Utilities.Base - browser closed
20:58:49.081 [TestNG-test=Regression-4] INFO  com.business.Utilities.Base - chrome-headless launched
20:58:52.676 [TestNG-test=Regression-1] INFO  com.business.Utilities.Base - chrome-headless launched
20:58:53.391 [TestNG-test=Regression-4] INFO  com.business.Tests.HiddenElements - Element does not exist in the page
20:58:56.331 [TestNG-test=Regression-4] INFO  com.business.Utilities.Base - browser closed
20:58:58.678 [TestNG-test=Regression-1] INFO  com.business.Utilities.Base - browser closed
20:58:59.007 [TestNG-test=Regression-2] INFO  com.business.Utilities.Base - browser closed
20:59:00.412 [TestNG-test=Regression-4] INFO  com.business.Utilities.Base - chrome-headless launched
20:59:02.248 [TestNG-test=Regression-2] INFO  com.business.Utilities.Base - chrome-headless launched
20:59:04.036 [TestNG-test=Regression-2] INFO  com.business.Utilities.Base - browser closed
20:59:06.048 [TestNG-test=Regression-1] INFO  com.business.Tests.JDBC_tasks_using_DBUtils - lastname is Babayev
20:59:07.216 [TestNG-test=Regression-2] INFO  com.business.Utilities.Base - chrome-headless launched
20:59:08.896 [TestNG-test=Regression-3] INFO  com.business.Utilities.Base - chrome-headless launched
20:59:09.206 [TestNG-test=Regression-1] INFO  com.business.Utilities.Base - chrome-headless launched
20:59:09.844 [TestNG-test=Regression-2] INFO  com.business.Utilities.Base - browser closed
20:59:13.715 [TestNG-test=Regression-2] INFO  com.business.Utilities.Base - chrome-headless launched
20:59:18.448 [TestNG-test=Regression-3] INFO  com.business.Utilities.Base - browser closed
20:59:21.765 [TestNG-test=Regression-1] INFO  com.business.Utilities.Base - browser closed
20:59:21.859 [TestNG-test=Regression-2] INFO  com.business.Utilities.Base - browser closed
20:59:22.188 [TestNG-test=Regression-3] INFO  com.business.Utilities.Base - chrome-headless launched
20:59:25.162 [TestNG-test=Regression-1] INFO  com.business.Utilities.Base - chrome-headless launched
20:59:25.382 [TestNG-test=Regression-2] INFO  com.business.Utilities.Base - chrome-headless launched
21:00:06.969 [TestNG-test=Regression-2] INFO  com.business.Utilities.Base - browser closed
21:00:07.488 [TestNG-test=Regression-4] INFO  com.business.Utilities.Base - browser closed
21:00:11.633 [TestNG-test=Regression-1] INFO  com.business.Utilities.Base - browser closed
21:00:11.638 [TestNG-test=Regression-2] INFO  com.business.Utilities.Base - chrome-headless launched
21:00:11.706 [TestNG-test=Regression-4] INFO  com.business.Utilities.Base - chrome-headless launched
21:00:13.202 [TestNG-test=Regression-4] INFO  com.business.Tests.Popup_JS_with_Lof4J - navigated the website
21:00:13.421 [TestNG-test=Regression-4] INFO  com.business.Tests.Popup_JS_with_Lof4J - clicked text generating JS popup
21:00:15.324 [TestNG-test=Regression-1] INFO  com.business.Utilities.Base - chrome-headless launched
21:00:15.455 [TestNG-test=Regression-4] INFO  com.business.Tests.Popup_JS_with_Lof4J - alert presents,alert text is: I am a JS Alert
21:00:17.232 [TestNG-test=Regression-1] INFO  com.business.Utilities.Base - browser closed
21:00:17.490 [TestNG-test=Regression-4] INFO  com.business.Tests.Popup_JS_with_Lof4J - alert presents,alert dismissed
21:00:18.138 [TestNG-test=Regression-4] INFO  com.business.Utilities.Base - browser closed
21:00:19.117 [TestNG-test=Regression-2] INFO  com.business.Utilities.Base - browser closed
21:00:20.626 [TestNG-test=Regression-1] INFO  com.business.Utilities.Base - chrome-headless launched
21:00:21.787 [TestNG-test=Regression-4] INFO  com.business.Utilities.Base - chrome-headless launched
21:00:22.445 [TestNG-test=Regression-2] INFO  com.business.Utilities.Base - chrome-headless launched
21:00:23.276 [TestNG-test=Regression-2] INFO  com.business.Utilities.Base - browser closed
21:00:23.497 [TestNG-test=Regression-1] INFO  com.business.Utilities.Base - browser closed
21:00:23.827 [TestNG-test=Regression-4] INFO  com.business.Utilities.Base - browser closed
21:00:26.838 [TestNG-test=Regression-2] INFO  com.business.Utilities.Base - chrome-headless launched
21:00:27.001 [TestNG-test=Regression-1] INFO  com.business.Utilities.Base - chrome-headless launched
21:00:27.490 [TestNG-test=Regression-2] INFO  com.business.Utilities.Base - browser closed
21:00:27.554 [TestNG-test=Regression-4] INFO  com.business.Utilities.Base - chrome-headless launched
21:00:30.993 [TestNG-test=Regression-2] INFO  com.business.Utilities.Base - chrome-headless launched
21:00:31.874 [TestNG-test=Regression-1] INFO  com.business.Utilities.Base - browser closed
21:00:34.449 [TestNG-test=Regression-4] INFO  com.business.Utilities.Base - browser closed
21:00:35.943 [TestNG-test=Regression-1] INFO  com.business.Utilities.Base - chrome-headless launched
21:00:37.418 [TestNG-test=Regression-1] INFO  com.business.Tests.Tables_Static - Bach
21:00:37.449 [TestNG-test=Regression-1] INFO  com.business.Tests.Tables_Static - Frank
21:00:37.481 [TestNG-test=Regression-1] INFO  com.business.Tests.Tables_Static - fbach@yahoo.com
21:00:37.523 [TestNG-test=Regression-1] INFO  com.business.Tests.Tables_Static - $51.00
21:00:37.553 [TestNG-test=Regression-1] INFO  com.business.Tests.Tables_Static - http://www.frank.com
21:00:37.592 [TestNG-test=Regression-1] INFO  com.business.Tests.Tables_Static - edit delete
21:00:38.018 [TestNG-test=Regression-4] INFO  com.business.Utilities.Base - chrome-headless launched
21:00:38.321 [TestNG-test=Regression-1] INFO  com.business.Utilities.Base - browser closed
21:00:41.736 [TestNG-test=Regression-1] INFO  com.business.Utilities.Base - chrome-headless launched
21:00:43.110 [TestNG-test=Regression-1] INFO  com.business.Tests.Tables_Static - Smith
21:00:43.139 [TestNG-test=Regression-1] INFO  com.business.Tests.Tables_Static - John
21:00:43.165 [TestNG-test=Regression-1] INFO  com.business.Tests.Tables_Static - jsmith@gmail.com
21:00:43.191 [TestNG-test=Regression-1] INFO  com.business.Tests.Tables_Static - $50.00
21:00:43.221 [TestNG-test=Regression-1] INFO  com.business.Tests.Tables_Static - http://www.jsmith.com
21:00:43.258 [TestNG-test=Regression-1] INFO  com.business.Tests.Tables_Static - edit delete
21:00:43.286 [TestNG-test=Regression-1] INFO  com.business.Tests.Tables_Static - Bach
21:00:43.310 [TestNG-test=Regression-1] INFO  com.business.Tests.Tables_Static - Frank
21:00:43.344 [TestNG-test=Regression-1] INFO  com.business.Tests.Tables_Static - fbach@yahoo.com
21:00:43.385 [TestNG-test=Regression-1] INFO  com.business.Tests.Tables_Static - $51.00
21:00:43.470 [TestNG-test=Regression-1] INFO  com.business.Tests.Tables_Static - http://www.frank.com
21:00:43.502 [TestNG-test=Regression-1] INFO  com.business.Tests.Tables_Static - edit delete
21:00:43.536 [TestNG-test=Regression-1] INFO  com.business.Tests.Tables_Static - Doe
21:00:43.585 [TestNG-test=Regression-1] INFO  com.business.Tests.Tables_Static - Jason
21:00:43.624 [TestNG-test=Regression-1] INFO  com.business.Tests.Tables_Static - jdoe@hotmail.com
21:00:43.657 [TestNG-test=Regression-1] INFO  com.business.Tests.Tables_Static - $100.00
21:00:43.685 [TestNG-test=Regression-1] INFO  com.business.Tests.Tables_Static - http://www.jdoe.com
21:00:43.707 [TestNG-test=Regression-1] INFO  com.business.Tests.Tables_Static - edit delete
21:00:43.728 [TestNG-test=Regression-1] INFO  com.business.Tests.Tables_Static - Conway
21:00:43.755 [TestNG-test=Regression-1] INFO  com.business.Tests.Tables_Static - Tim
21:00:43.778 [TestNG-test=Regression-1] INFO  com.business.Tests.Tables_Static - tconway@earthlink.net
21:00:43.803 [TestNG-test=Regression-1] INFO  com.business.Tests.Tables_Static - $50.00
21:00:43.837 [TestNG-test=Regression-1] INFO  com.business.Tests.Tables_Static - http://www.timconway.com
21:00:43.867 [TestNG-test=Regression-1] INFO  com.business.Tests.Tables_Static - edit delete
21:00:44.148 [TestNG-test=Regression-4] INFO  com.business.Utilities.Base - browser closed
21:00:44.494 [TestNG-test=Regression-1] INFO  com.business.Utilities.Base - browser closed
21:00:47.576 [TestNG-test=Regression-4] INFO  com.business.Utilities.Base - chrome-headless launched
21:00:48.002 [TestNG-test=Regression-1] INFO  com.business.Utilities.Base - chrome-headless launched
21:00:49.409 [TestNG-test=Regression-3] INFO  com.business.Utilities.Base - browser closed
21:00:49.897 [TestNG-test=Regression-1] INFO  com.business.Utilities.Base - browser closed
21:00:52.503 [TestNG-test=Regression-3] INFO  com.business.Utilities.Base - chrome-headless launched
21:00:53.098 [TestNG-test=Regression-1] INFO  com.business.Utilities.Base - chrome-headless launched
21:00:54.584 [TestNG-test=Regression-1] INFO  com.business.Tests.Tables_Static - Last Name
21:00:54.601 [TestNG-test=Regression-1] INFO  com.business.Tests.Tables_Static - First Name
21:00:54.618 [TestNG-test=Regression-1] INFO  com.business.Tests.Tables_Static - Email
21:00:54.632 [TestNG-test=Regression-1] INFO  com.business.Tests.Tables_Static - Due
21:00:54.647 [TestNG-test=Regression-1] INFO  com.business.Tests.Tables_Static - Web Site
21:00:54.660 [TestNG-test=Regression-1] INFO  com.business.Tests.Tables_Static - Action
21:00:54.876 [TestNG-test=Regression-4] INFO  com.business.Utilities.Base - browser closed
21:00:55.266 [TestNG-test=Regression-1] INFO  com.business.Utilities.Base - browser closed
21:00:57.969 [TestNG-test=Regression-4] INFO  com.business.Utilities.Base - chrome-headless launched
21:00:58.424 [TestNG-test=Regression-1] INFO  com.business.Utilities.Base - chrome-headless launched
21:00:59.492 [TestNG-test=Regression-1] INFO  com.business.Tests.Tables_Static - Smith John jsmith@gmail.com $50.00 http://www.jsmith.com edit delete
21:00:59.511 [TestNG-test=Regression-1] INFO  com.business.Tests.Tables_Static - Bach Frank fbach@yahoo.com $51.00 http://www.frank.com edit delete
21:00:59.530 [TestNG-test=Regression-1] INFO  com.business.Tests.Tables_Static - Doe Jason jdoe@hotmail.com $100.00 http://www.jdoe.com edit delete
21:00:59.546 [TestNG-test=Regression-1] INFO  com.business.Tests.Tables_Static - Conway Tim tconway@earthlink.net $50.00 http://www.timconway.com edit delete
21:00:59.559 [TestNG-test=Regression-1] INFO  com.business.Tests.Tables_Static - Doe Jason jdoe@hotmail.com $100.00 http://www.jdoe.com edit delete
21:01:00.168 [TestNG-test=Regression-1] INFO  com.business.Utilities.Base - browser closed
21:01:01.162 [TestNG-test=Regression-3] INFO  com.business.Utilities.Base - browser closed
21:01:03.258 [TestNG-test=Regression-1] INFO  com.business.Utilities.Base - chrome-headless launched
21:01:04.343 [TestNG-test=Regression-1] INFO  com.business.Tests.Tables_Static - John
21:01:04.362 [TestNG-test=Regression-1] INFO  com.business.Tests.Tables_Static - Frank
21:01:04.378 [TestNG-test=Regression-1] INFO  com.business.Tests.Tables_Static - Jason
21:01:04.397 [TestNG-test=Regression-1] INFO  com.business.Tests.Tables_Static - Tim
21:01:04.975 [TestNG-test=Regression-1] INFO  com.business.Utilities.Base - browser closed
21:01:05.055 [TestNG-test=Regression-4] INFO  com.business.Utilities.Base - browser closed
21:01:08.080 [TestNG-test=Regression-1] INFO  com.business.Utilities.Base - chrome-headless launched
21:01:09.145 [TestNG-test=Regression-1] INFO  com.business.Tests.Tables_Static - Email
21:01:09.757 [TestNG-test=Regression-1] INFO  com.business.Utilities.Base - browser closed
21:01:11.080 [TestNG-test=Regression-2] INFO  com.business.Utilities.Base - browser closed
21:01:12.876 [TestNG-test=Regression-1] INFO  com.business.Utilities.Base - chrome-headless launched
21:01:14.554 [TestNG-test=Regression-1] INFO  com.business.Utilities.Base - browser closed
21:01:17.644 [TestNG-test=Regression-1] INFO  com.business.Utilities.Base - chrome-headless launched
21:01:19.286 [TestNG-test=Regression-1] INFO  com.business.Utilities.Base - browser closed
21:13:04.111 [main] INFO  com.business.Utilities.Base - chrome-headless launched
21:13:25.438 [main] INFO  com.business.Utilities.Base - browser closed
21:13:53.526 [main] INFO  com.business.Utilities.Base - chrome-headless launched
21:14:02.798 [main] INFO  com.business.Utilities.Base - browser closed
21:14:06.162 [main] INFO  com.business.Utilities.Base - chrome-headless launched
21:14:08.209 [main] INFO  com.business.Tests.Actions_mouse - navigated to website
21:14:13.342 [main] INFO  com.business.Tests.Actions_mouse - switching to the frame
21:14:15.847 [main] INFO  com.business.Tests.Actions_mouse - dragging the element and dropping to drop field
21:14:16.046 [main] INFO  com.business.Tests.Actions_mouse - waiting for confirmation text to be visible
21:14:16.095 [main] INFO  com.business.Tests.Actions_mouse - element dropped 
21:14:16.754 [main] INFO  com.business.Utilities.Base - browser closed
21:14:20.051 [main] INFO  com.business.Utilities.Base - chrome-headless launched
21:14:25.773 [main] INFO  com.business.Utilities.Base - browser closed
21:14:29.026 [main] INFO  com.business.Utilities.Base - chrome-headless launched
21:14:43.966 [main] INFO  com.business.Utilities.Base - browser closed
21:14:47.192 [main] INFO  com.business.Utilities.Base - chrome-headless launched
21:14:47.204 [main] INFO  com.business.Tests.Actions_mouse - navigating the amazon.com
21:14:50.823 [main] INFO  com.business.Tests.Actions_mouse - entering text in Upeercase
21:14:53.582 [main] INFO  com.business.Tests.Actions_mouse - Verifying text added in Upeercase
21:14:53.620 [main] INFO  com.business.Tests.Actions_mouse - text passed in Uppercase
21:14:54.301 [main] INFO  com.business.Utilities.Base - browser closed
21:14:57.591 [main] INFO  com.business.Utilities.Base - chrome-headless launched
21:15:09.067 [main] INFO  com.business.Utilities.Base - browser closed
21:15:12.294 [main] INFO  com.business.Utilities.Base - chrome-headless launched
21:15:14.556 [main] INFO  com.business.Utilities.Base - browser closed
21:15:17.724 [main] INFO  com.business.Utilities.Base - chrome-headless launched
21:15:24.435 [main] INFO  com.business.Utilities.Base - browser closed
21:15:27.594 [main] INFO  com.business.Utilities.Base - chrome-headless launched
21:15:28.199 [main] INFO  com.business.Utilities.Base - browser closed
21:15:31.430 [main] INFO  com.business.Utilities.Base - chrome-headless launched
21:15:35.462 [main] INFO  com.business.Utilities.Base - browser closed
21:15:38.661 [main] INFO  com.business.Utilities.Base - chrome-headless launched
21:15:44.328 [main] INFO  com.business.Utilities.Base - browser closed
21:15:47.511 [main] INFO  com.business.Utilities.Base - chrome-headless launched
21:15:54.889 [main] INFO  com.business.Utilities.Base - browser closed
21:15:58.134 [main] INFO  com.business.Utilities.Base - chrome-headless launched
21:16:05.178 [main] INFO  com.business.Utilities.Base - browser closed
21:16:08.493 [main] INFO  com.business.Utilities.Base - chrome-headless launched
21:16:10.337 [main] INFO  com.business.Utilities.Base - browser closed
21:16:13.553 [main] INFO  com.business.Utilities.Base - chrome-headless launched
21:16:16.032 [main] INFO  com.business.Utilities.Base - browser closed
21:16:19.253 [main] INFO  com.business.Utilities.Base - chrome-headless launched
21:16:20.400 [main] INFO  com.business.Tests.Popup_JS_with_Lof4J - navigated the website
21:16:20.527 [main] INFO  com.business.Tests.Popup_JS_with_Lof4J - clicked text generating JS popup
21:16:22.534 [main] INFO  com.business.Tests.Popup_JS_with_Lof4J - alert presents,alert text is: I am a JS Alert
21:16:24.557 [main] INFO  com.business.Tests.Popup_JS_with_Lof4J - alert presents,alert dismissed
21:16:25.200 [main] INFO  com.business.Utilities.Base - browser closed
21:16:28.389 [main] INFO  com.business.Utilities.Base - chrome-headless launched
21:16:29.012 [main] INFO  com.business.Utilities.Base - browser closed
21:16:32.214 [main] INFO  com.business.Utilities.Base - chrome-headless launched
21:16:37.909 [main] INFO  com.business.Utilities.Base - browser closed
21:16:41.147 [main] INFO  com.business.Utilities.Base - chrome-headless launched
21:16:49.890 [main] INFO  com.business.Utilities.Base - browser closed
21:16:53.302 [main] INFO  com.business.Utilities.Base - chrome-headless launched
21:17:12.710 [main] INFO  com.business.Utilities.Base - browser closed
21:17:15.928 [main] INFO  com.business.Utilities.Base - chrome-headless launched
21:17:17.579 [main] INFO  com.business.Utilities.Base - browser closed
21:17:20.832 [main] INFO  com.business.Utilities.Base - chrome-headless launched
21:17:22.899 [main] INFO  com.business.Utilities.Base - browser closed
21:17:26.135 [main] INFO  com.business.Utilities.Base - chrome-headless launched
21:17:27.698 [main] INFO  com.business.Utilities.Base - browser closed
21:17:31.039 [main] INFO  com.business.Utilities.Base - chrome-headless launched
21:18:10.654 [main] INFO  com.business.Utilities.Base - browser closed
21:18:13.838 [main] INFO  com.business.Utilities.Base - chrome-headless launched
21:18:19.439 [main] INFO  com.business.Utilities.Base - browser closed
21:18:22.580 [main] INFO  com.business.Utilities.Base - chrome-headless launched
21:18:28.179 [main] INFO  com.business.Utilities.Base - browser closed
21:18:31.357 [main] INFO  com.business.Utilities.Base - chrome-headless launched
21:18:36.726 [main] INFO  com.business.Utilities.Base - browser closed
21:18:39.823 [main] INFO  com.business.Utilities.Base - chrome-headless launched
21:18:45.233 [main] INFO  com.business.Utilities.Base - browser closed
21:18:48.301 [main] INFO  com.business.Utilities.Base - chrome-headless launched
21:18:51.948 [main] INFO  com.business.Utilities.Base - browser closed
21:18:55.068 [main] INFO  com.business.Utilities.Base - chrome-headless launched
21:18:57.050 [main] INFO  com.business.Utilities.Base - browser closed
21:19:00.241 [main] INFO  com.business.Utilities.Base - chrome-headless launched
21:19:01.386 [main] INFO  com.business.Tests.Tables_Static - Bach
21:19:01.405 [main] INFO  com.business.Tests.Tables_Static - Frank
21:19:01.424 [main] INFO  com.business.Tests.Tables_Static - fbach@yahoo.com
21:19:01.444 [main] INFO  com.business.Tests.Tables_Static - $51.00
21:19:01.462 [main] INFO  com.business.Tests.Tables_Static - http://www.frank.com
21:19:01.485 [main] INFO  com.business.Tests.Tables_Static - edit delete
21:19:02.092 [main] INFO  com.business.Utilities.Base - browser closed
21:19:05.262 [main] INFO  com.business.Utilities.Base - chrome-headless launched
21:19:06.328 [main] INFO  com.business.Tests.Tables_Static - Smith
21:19:06.346 [main] INFO  com.business.Tests.Tables_Static - John
21:19:06.361 [main] INFO  com.business.Tests.Tables_Static - jsmith@gmail.com
21:19:06.378 [main] INFO  com.business.Tests.Tables_Static - $50.00
21:19:06.396 [main] INFO  com.business.Tests.Tables_Static - http://www.jsmith.com
21:19:06.413 [main] INFO  com.business.Tests.Tables_Static - edit delete
21:19:06.431 [main] INFO  com.business.Tests.Tables_Static - Bach
21:19:06.451 [main] INFO  com.business.Tests.Tables_Static - Frank
21:19:06.457 [main] INFO  com.business.Tests.Tables_Static - fbach@yahoo.com
21:19:06.472 [main] INFO  com.business.Tests.Tables_Static - $51.00
21:19:06.505 [main] INFO  com.business.Tests.Tables_Static - http://www.frank.com
21:19:06.521 [main] INFO  com.business.Tests.Tables_Static - edit delete
21:19:06.540 [main] INFO  com.business.Tests.Tables_Static - Doe
21:19:06.560 [main] INFO  com.business.Tests.Tables_Static - Jason
21:19:06.577 [main] INFO  com.business.Tests.Tables_Static - jdoe@hotmail.com
21:19:06.598 [main] INFO  com.business.Tests.Tables_Static - $100.00
21:19:06.616 [main] INFO  com.business.Tests.Tables_Static - http://www.jdoe.com
21:19:06.636 [main] INFO  com.business.Tests.Tables_Static - edit delete
21:19:06.655 [main] INFO  com.business.Tests.Tables_Static - Conway
21:19:06.670 [main] INFO  com.business.Tests.Tables_Static - Tim
21:19:06.689 [main] INFO  com.business.Tests.Tables_Static - tconway@earthlink.net
21:19:06.707 [main] INFO  com.business.Tests.Tables_Static - $50.00
21:19:06.723 [main] INFO  com.business.Tests.Tables_Static - http://www.timconway.com
21:19:06.749 [main] INFO  com.business.Tests.Tables_Static - edit delete
21:19:07.338 [main] INFO  com.business.Utilities.Base - browser closed
21:19:10.500 [main] INFO  com.business.Utilities.Base - chrome-headless launched
21:19:12.223 [main] INFO  com.business.Utilities.Base - browser closed
21:19:15.483 [main] INFO  com.business.Utilities.Base - chrome-headless launched
21:19:16.679 [main] INFO  com.business.Tests.Tables_Static - Last Name
21:19:16.696 [main] INFO  com.business.Tests.Tables_Static - First Name
21:19:16.712 [main] INFO  com.business.Tests.Tables_Static - Email
21:19:16.732 [main] INFO  com.business.Tests.Tables_Static - Due
21:19:16.752 [main] INFO  com.business.Tests.Tables_Static - Web Site
21:19:16.770 [main] INFO  com.business.Tests.Tables_Static - Action
21:19:17.384 [main] INFO  com.business.Utilities.Base - browser closed
21:19:20.555 [main] INFO  com.business.Utilities.Base - chrome-headless launched
21:19:21.703 [main] INFO  com.business.Tests.Tables_Static - Smith John jsmith@gmail.com $50.00 http://www.jsmith.com edit delete
21:19:21.726 [main] INFO  com.business.Tests.Tables_Static - Bach Frank fbach@yahoo.com $51.00 http://www.frank.com edit delete
21:19:21.749 [main] INFO  com.business.Tests.Tables_Static - Doe Jason jdoe@hotmail.com $100.00 http://www.jdoe.com edit delete
21:19:21.769 [main] INFO  com.business.Tests.Tables_Static - Conway Tim tconway@earthlink.net $50.00 http://www.timconway.com edit delete
21:19:21.782 [main] INFO  com.business.Tests.Tables_Static - Doe Jason jdoe@hotmail.com $100.00 http://www.jdoe.com edit delete
21:19:22.407 [main] INFO  com.business.Utilities.Base - browser closed
21:19:25.502 [main] INFO  com.business.Utilities.Base - chrome-headless launched
21:19:26.836 [main] INFO  com.business.Tests.Tables_Static - John
21:19:26.859 [main] INFO  com.business.Tests.Tables_Static - Frank
21:19:26.878 [main] INFO  com.business.Tests.Tables_Static - Jason
21:19:26.904 [main] INFO  com.business.Tests.Tables_Static - Tim
21:19:27.521 [main] INFO  com.business.Utilities.Base - browser closed
21:19:30.794 [main] INFO  com.business.Utilities.Base - chrome-headless launched
21:19:31.958 [main] INFO  com.business.Tests.Tables_Static - Email
21:19:32.582 [main] INFO  com.business.Utilities.Base - browser closed
21:19:35.777 [main] INFO  com.business.Utilities.Base - chrome-headless launched
21:19:37.715 [main] INFO  com.business.Utilities.Base - browser closed
21:19:40.914 [main] INFO  com.business.Utilities.Base - chrome-headless launched
21:19:42.797 [main] INFO  com.business.Utilities.Base - browser closed
21:19:46.002 [main] INFO  com.business.Utilities.Base - chrome-headless launched
21:19:48.277 [main] INFO  com.business.Utilities.Base - browser closed
21:19:51.472 [main] INFO  com.business.Utilities.Base - chrome-headless launched
21:19:54.888 [main] INFO  com.business.Utilities.Base - browser closed
21:20:20.238 [main] INFO  com.business.Utilities.Base - chrome-headless launched
21:20:22.103 [main] INFO  com.business.Utilities.Base - browser closed
21:20:25.457 [main] INFO  com.business.Utilities.Base - chrome-headless launched
21:20:36.619 [main] INFO  com.business.Utilities.Base - browser closed
21:20:39.838 [main] INFO  com.business.Utilities.Base - chrome-headless launched
21:20:43.879 [main] INFO  com.business.Utilities.Base - browser closed
21:20:47.101 [main] INFO  com.business.Utilities.Base - chrome-headless launched
21:20:50.293 [main] INFO  com.business.Utilities.Base - browser closed
21:20:53.481 [main] INFO  com.business.Utilities.Base - chrome-headless launched
21:21:37.046 [main] INFO  com.business.Utilities.Base - browser closed
21:21:40.253 [main] INFO  com.business.Utilities.Base - chrome-headless launched
21:21:48.179 [main] INFO  com.business.Utilities.Base - browser closed
21:21:51.503 [main] INFO  com.business.Utilities.Base - chrome-headless launched
21:21:53.071 [main] INFO  com.business.Utilities.Base - browser closed
21:21:56.302 [main] INFO  com.business.Utilities.Base - chrome-headless launched
21:21:58.352 [main] INFO  com.business.Utilities.Base - browser closed
21:22:01.591 [main] INFO  com.business.Utilities.Base - chrome-headless launched
21:22:03.659 [main] INFO  com.business.Tests.HiddenElements - Element does not exist in the page
21:22:04.315 [main] INFO  com.business.Utilities.Base - browser closed
21:22:07.522 [main] INFO  com.business.Utilities.Base - chrome-headless launched
21:23:13.342 [main] INFO  com.business.Utilities.Base - browser closed
21:23:17.556 [main] INFO  com.business.Tests.JDBC_tasks_using_DBUtils - lastname is Babayev
21:23:21.711 [main] INFO  com.business.Utilities.Base - chrome-headless launched
21:23:31.382 [main] INFO  com.business.Utilities.Base - browser closed
21:23:34.634 [main] INFO  com.business.Utilities.Base - chrome-headless launched
21:23:46.905 [main] INFO  com.business.Utilities.Base - browser closed
21:23:50.124 [main] INFO  com.business.Utilities.Base - chrome-headless launched
21:24:18.852 [main] INFO  com.business.Utilities.Base - browser closed
21:24:22.063 [main] INFO  com.business.Utilities.Base - chrome-headless launched
21:24:30.227 [main] INFO  com.business.Utilities.Base - browser closed
21:24:33.437 [main] INFO  com.business.Utilities.Base - chrome-headless launched
21:25:59.847 [main] INFO  com.business.Utilities.Base - browser closed
21:26:03.633 [main] INFO  com.business.Utilities.Base - chrome-headless launched
21:26:20.757 [main] INFO  com.business.Utilities.Base - browser closed
21:27:46.777 [main] INFO  com.business.Utilities.Base - chrome-headless launched
21:27:54.470 [main] INFO  com.business.Utilities.Base - browser closed
21:27:57.803 [main] INFO  com.business.Utilities.Base - chrome-headless launched
21:27:59.279 [main] INFO  com.business.Utilities.Base - browser closed
21:28:02.645 [main] INFO  com.business.Utilities.Base - chrome-headless launched
21:28:04.547 [main] INFO  com.business.Utilities.Base - browser closed
21:33:04.151 [main] INFO  com.business.Utilities.Base - chrome-headless launched
21:33:12.397 [main] INFO  com.business.Utilities.Base - browser closed
21:33:15.625 [main] INFO  com.business.Utilities.Base - chrome-headless launched
21:33:22.517 [main] INFO  com.business.Utilities.Base - browser closed
21:33:25.791 [main] INFO  com.business.Utilities.Base - chrome-headless launched
21:33:27.314 [main] INFO  com.business.Utilities.Base - browser closed
21:33:30.492 [main] INFO  com.business.Utilities.Base - chrome-headless launched
21:33:32.432 [main] INFO  com.business.Utilities.Base - browser closed
23:23:14.361 [main] INFO  com.business.Utilities.Base - chrome-headless launched
23:24:33.201 [main] INFO  com.business.Utilities.Base - browser closed
