15:45:11.535 [TestNG-test=Regression-3] INFO  com.business.Utilities.Base - chrome-headless launched
15:45:11.535 [TestNG-test=Regression-1] INFO  com.business.Utilities.Base - chrome-headless launched
15:45:11.535 [TestNG-test=Regression-2] INFO  com.business.Utilities.Base - chrome-headless launched
15:45:18.124 [TestNG-test=Regression-3] INFO  com.business.Utilities.Base - browser closed
15:45:21.512 [TestNG-test=Regression-3] INFO  com.business.Utilities.Base - chrome-headless launched
15:45:22.464 [TestNG-test=Regression-1] INFO  com.business.Utilities.Base - browser closed
15:45:25.962 [TestNG-test=Regression-1] INFO  com.business.Utilities.Base - chrome-headless launched
15:45:27.846 [TestNG-test=Regression-1] INFO  com.business.Tests.Actions_mouse - navigated to website
15:45:28.759 [TestNG-test=Regression-2] INFO  com.business.Utilities.Base - browser closed
15:45:32.053 [TestNG-test=Regression-2] INFO  com.business.Utilities.Base - chrome-headless launched
15:45:32.917 [TestNG-test=Regression-1] INFO  com.business.Tests.Actions_mouse - switching to the frame
15:45:35.363 [TestNG-test=Regression-1] INFO  com.business.Tests.Actions_mouse - dragging the element and dropping to drop field
15:45:35.538 [TestNG-test=Regression-1] INFO  com.business.Tests.Actions_mouse - waiting for confirmation text to be visible
15:45:35.574 [TestNG-test=Regression-1] INFO  com.business.Tests.Actions_mouse - element dropped 
15:45:36.233 [TestNG-test=Regression-1] INFO  com.business.Utilities.Base - browser closed
15:45:38.559 [TestNG-test=Regression-2] INFO  com.business.Utilities.Base - browser closed
15:45:39.074 [TestNG-test=Regression-3] INFO  com.business.Utilities.Base - browser closed
15:45:39.381 [TestNG-test=Regression-1] INFO  com.business.Utilities.Base - chrome-headless launched
15:45:41.756 [TestNG-test=Regression-2] INFO  com.business.Utilities.Base - chrome-headless launched
15:45:42.260 [TestNG-test=Regression-3] INFO  com.business.Utilities.Base - chrome-headless launched
15:45:42.949 [TestNG-test=Regression-1] INFO  com.business.Utilities.Base - browser closed
15:45:46.155 [TestNG-test=Regression-1] INFO  com.business.Utilities.Base - chrome-headless launched
15:45:48.154 [TestNG-test=Regression-2] INFO  com.business.Utilities.Base - browser closed
15:45:51.556 [TestNG-test=Regression-2] INFO  com.business.Utilities.Base - chrome-headless launched
15:45:54.976 [TestNG-test=Regression-3] INFO  com.business.Utilities.Base - browser closed
15:45:58.189 [TestNG-test=Regression-3] INFO  com.business.Utilities.Base - chrome-headless launched
15:45:58.201 [TestNG-test=Regression-2] INFO  com.business.Utilities.Base - browser closed
15:46:01.799 [TestNG-test=Regression-2] INFO  com.business.Utilities.Base - chrome-headless launched
15:46:06.610 [TestNG-test=Regression-1] INFO  com.business.Utilities.Base - browser closed
15:46:09.644 [TestNG-test=Regression-2] INFO  com.business.Utilities.Base - browser closed
15:46:09.768 [TestNG-test=Regression-1] INFO  com.business.Utilities.Base - chrome-headless launched
15:46:09.774 [TestNG-test=Regression-1] INFO  com.business.Tests.Actions_mouse - navigating the amazon.com
15:46:13.728 [TestNG-test=Regression-2] INFO  com.business.Utilities.Base - chrome-headless launched
15:46:14.380 [TestNG-test=Regression-1] INFO  com.business.Tests.Actions_mouse - entering text in Upeercase
15:46:16.177 [TestNG-test=Regression-2] INFO  com.business.Utilities.Base - browser closed
15:46:16.853 [TestNG-test=Regression-1] INFO  com.business.Tests.Actions_mouse - Verifying text added in Upeercase
15:46:16.873 [TestNG-test=Regression-1] INFO  com.business.Tests.Actions_mouse - text passed in Uppercase
15:46:17.516 [TestNG-test=Regression-1] INFO  com.business.Utilities.Base - browser closed
15:46:19.417 [TestNG-test=Regression-2] INFO  com.business.Utilities.Base - chrome-headless launched
15:46:20.643 [TestNG-test=Regression-1] INFO  com.business.Utilities.Base - chrome-headless launched
15:46:22.031 [TestNG-test=Regression-1] INFO  com.business.Utilities.Base - browser closed
15:46:22.918 [TestNG-test=Regression-2] INFO  com.business.Utilities.Base - browser closed
15:46:25.180 [TestNG-test=Regression-1] INFO  com.business.Utilities.Base - chrome-headless launched
15:46:26.518 [TestNG-test=Regression-2] INFO  com.business.Utilities.Base - chrome-headless launched
15:46:26.890 [TestNG-test=Regression-1] INFO  com.business.Utilities.Base - browser closed
15:46:30.089 [TestNG-test=Regression-1] INFO  com.business.Utilities.Base - chrome-headless launched
15:46:32.192 [TestNG-test=Regression-1] INFO  com.business.Utilities.Base - browser closed
15:46:35.266 [TestNG-test=Regression-1] INFO  com.business.Utilities.Base - chrome-headless launched
15:46:38.400 [TestNG-test=Regression-1] INFO  com.business.Utilities.Base - browser closed
15:46:43.086 [TestNG-test=Regression-3] INFO  com.business.Utilities.Base - browser closed
15:46:46.283 [TestNG-test=Regression-3] INFO  com.business.Utilities.Base - chrome-headless launched
15:46:50.237 [TestNG-test=Regression-3] INFO  com.business.Utilities.Base - browser closed
15:46:53.665 [TestNG-test=Regression-3] INFO  com.business.Utilities.Base - chrome-headless launched
15:46:58.675 [TestNG-test=Regression-2] INFO  com.business.Utilities.Base - browser closed
15:46:58.817 [TestNG-test=Regression-3] INFO  com.business.Utilities.Base - browser closed
15:47:01.862 [TestNG-test=Regression-2] INFO  com.business.Utilities.Base - chrome-headless launched
15:47:02.049 [TestNG-test=Regression-3] INFO  com.business.Utilities.Base - chrome-headless launched
15:47:04.157 [TestNG-test=Regression-3] INFO  com.business.Tests.HiddenElements - Element does not exist in the page
15:47:04.775 [TestNG-test=Regression-3] INFO  com.business.Utilities.Base - browser closed
15:47:05.504 [TestNG-test=Regression-1] INFO  com.business.Utilities.Base - chrome-headless launched
15:47:13.640 [TestNG-test=Regression-3] INFO  com.business.Tests.JDBC_tasks_using_DBUtils - lastname is Babayev
15:47:17.675 [TestNG-test=Regression-2] INFO  com.business.Utilities.Base - browser closed
15:47:17.910 [TestNG-test=Regression-3] INFO  com.business.Utilities.Base - chrome-headless launched
15:47:20.831 [TestNG-test=Regression-2] INFO  com.business.Utilities.Base - chrome-headless launched
15:47:22.440 [TestNG-test=Regression-2] INFO  com.business.Utilities.Base - browser closed
15:47:25.601 [TestNG-test=Regression-2] INFO  com.business.Utilities.Base - chrome-headless launched
15:47:27.321 [TestNG-test=Regression-3] INFO  com.business.Utilities.Base - browser closed
15:47:27.543 [TestNG-test=Regression-2] INFO  com.business.Utilities.Base - browser closed
15:47:31.228 [TestNG-test=Regression-3] INFO  com.business.Utilities.Base - chrome-headless launched
15:47:31.438 [TestNG-test=Regression-2] INFO  com.business.Utilities.Base - chrome-headless launched
15:47:37.750 [TestNG-test=Regression-2] INFO  com.business.Utilities.Base - browser closed
15:47:41.017 [TestNG-test=Regression-2] INFO  com.business.Utilities.Base - chrome-headless launched
15:47:42.529 [TestNG-test=Regression-3] INFO  com.business.Utilities.Base - browser closed
15:47:45.800 [TestNG-test=Regression-3] INFO  com.business.Utilities.Base - chrome-headless launched
15:48:40.901 [TestNG-test=Regression-1] INFO  com.business.Utilities.Base - browser closed
15:48:52.115 [TestNG-test=Regression-1] INFO  com.business.Utilities.Base - chrome-headless launched
15:49:45.570 [TestNG-test=Regression-3] INFO  com.business.Utilities.Base - browser closed
15:49:48.150 [TestNG-test=Regression-2] INFO  com.business.Utilities.Base - browser closed
15:49:48.483 [TestNG-test=Regression-1] INFO  com.business.Utilities.Base - browser closed
15:49:52.146 [TestNG-test=Regression-2] INFO  com.business.Utilities.Base - chrome-headless launched
15:49:52.147 [TestNG-test=Regression-3] INFO  com.business.Utilities.Base - chrome-headless launched
15:49:52.432 [TestNG-test=Regression-1] INFO  com.business.Utilities.Base - chrome-headless launched
15:49:53.540 [TestNG-test=Regression-2] INFO  com.business.Tests.Popup_JS_with_Lof4J - navigated the website
15:49:53.778 [TestNG-test=Regression-2] INFO  com.business.Tests.Popup_JS_with_Lof4J - clicked text generating JS popup
15:49:54.314 [TestNG-test=Regression-1] INFO  com.business.Utilities.Base - browser closed
15:49:55.789 [TestNG-test=Regression-2] INFO  com.business.Tests.Popup_JS_with_Lof4J - alert presents,alert text is: I am a JS Alert
15:49:57.732 [TestNG-test=Regression-1] INFO  com.business.Utilities.Base - chrome-headless launched
15:49:57.849 [TestNG-test=Regression-2] INFO  com.business.Tests.Popup_JS_with_Lof4J - alert presents,alert dismissed
15:49:58.576 [TestNG-test=Regression-2] INFO  com.business.Utilities.Base - browser closed
15:49:59.655 [TestNG-test=Regression-3] INFO  com.business.Utilities.Base - browser closed
15:50:01.041 [TestNG-test=Regression-1] INFO  com.business.Utilities.Base - browser closed
15:50:02.462 [TestNG-test=Regression-2] INFO  com.business.Utilities.Base - chrome-headless launched
15:50:03.039 [TestNG-test=Regression-3] INFO  com.business.Utilities.Base - chrome-headless launched
15:50:03.632 [TestNG-test=Regression-3] INFO  com.business.Utilities.Base - browser closed
15:50:04.383 [TestNG-test=Regression-1] INFO  com.business.Utilities.Base - chrome-headless launched
15:50:05.115 [TestNG-test=Regression-1] INFO  com.business.Utilities.Base - browser closed
15:50:06.988 [TestNG-test=Regression-3] INFO  com.business.Utilities.Base - chrome-headless launched
15:50:07.956 [TestNG-test=Regression-2] INFO  com.business.Utilities.Base - browser closed
15:50:08.328 [TestNG-test=Regression-1] INFO  com.business.Utilities.Base - chrome-headless launched
15:50:10.605 [TestNG-test=Regression-3] INFO  com.business.Utilities.Base - browser closed
15:50:11.269 [TestNG-test=Regression-2] INFO  com.business.Utilities.Base - chrome-headless launched
15:50:13.794 [TestNG-test=Regression-3] INFO  com.business.Utilities.Base - chrome-headless launched
15:50:13.922 [TestNG-test=Regression-1] INFO  com.business.Utilities.Base - browser closed
15:50:15.824 [TestNG-test=Regression-3] INFO  com.business.Tests.Tables_Static - Bach
15:50:15.830 [TestNG-test=Regression-3] INFO  com.business.Tests.Tables_Static - Frank
15:50:15.862 [TestNG-test=Regression-3] INFO  com.business.Tests.Tables_Static - fbach@yahoo.com
15:50:15.883 [TestNG-test=Regression-3] INFO  com.business.Tests.Tables_Static - $51.00
15:50:15.900 [TestNG-test=Regression-3] INFO  com.business.Tests.Tables_Static - http://www.frank.com
15:50:15.922 [TestNG-test=Regression-3] INFO  com.business.Tests.Tables_Static - edit delete
15:50:16.556 [TestNG-test=Regression-3] INFO  com.business.Utilities.Base - browser closed
15:50:17.174 [TestNG-test=Regression-1] INFO  com.business.Utilities.Base - chrome-headless launched
15:50:19.730 [TestNG-test=Regression-3] INFO  com.business.Utilities.Base - chrome-headless launched
15:50:20.830 [TestNG-test=Regression-3] INFO  com.business.Tests.Tables_Static - Smith
15:50:20.846 [TestNG-test=Regression-3] INFO  com.business.Tests.Tables_Static - John
15:50:20.861 [TestNG-test=Regression-3] INFO  com.business.Tests.Tables_Static - jsmith@gmail.com
15:50:20.878 [TestNG-test=Regression-3] INFO  com.business.Tests.Tables_Static - $50.00
15:50:20.893 [TestNG-test=Regression-3] INFO  com.business.Tests.Tables_Static - http://www.jsmith.com
15:50:20.910 [TestNG-test=Regression-3] INFO  com.business.Tests.Tables_Static - edit delete
15:50:20.924 [TestNG-test=Regression-3] INFO  com.business.Tests.Tables_Static - Bach
15:50:20.940 [TestNG-test=Regression-3] INFO  com.business.Tests.Tables_Static - Frank
15:50:20.955 [TestNG-test=Regression-3] INFO  com.business.Tests.Tables_Static - fbach@yahoo.com
15:50:20.971 [TestNG-test=Regression-3] INFO  com.business.Tests.Tables_Static - $51.00
15:50:20.985 [TestNG-test=Regression-3] INFO  com.business.Tests.Tables_Static - http://www.frank.com
15:50:21.007 [TestNG-test=Regression-3] INFO  com.business.Tests.Tables_Static - edit delete
15:50:21.041 [TestNG-test=Regression-3] INFO  com.business.Tests.Tables_Static - Doe
15:50:21.060 [TestNG-test=Regression-3] INFO  com.business.Tests.Tables_Static - Jason
15:50:21.094 [TestNG-test=Regression-3] INFO  com.business.Tests.Tables_Static - jdoe@hotmail.com
15:50:21.111 [TestNG-test=Regression-3] INFO  com.business.Tests.Tables_Static - $100.00
15:50:21.127 [TestNG-test=Regression-3] INFO  com.business.Tests.Tables_Static - http://www.jdoe.com
15:50:21.148 [TestNG-test=Regression-3] INFO  com.business.Tests.Tables_Static - edit delete
15:50:21.179 [TestNG-test=Regression-3] INFO  com.business.Tests.Tables_Static - Conway
15:50:21.196 [TestNG-test=Regression-3] INFO  com.business.Tests.Tables_Static - Tim
15:50:21.212 [TestNG-test=Regression-3] INFO  com.business.Tests.Tables_Static - tconway@earthlink.net
15:50:21.243 [TestNG-test=Regression-3] INFO  com.business.Tests.Tables_Static - $50.00
15:50:21.267 [TestNG-test=Regression-3] INFO  com.business.Tests.Tables_Static - http://www.timconway.com
15:50:21.283 [TestNG-test=Regression-3] INFO  com.business.Tests.Tables_Static - edit delete
15:50:21.886 [TestNG-test=Regression-3] INFO  com.business.Utilities.Base - browser closed
15:50:22.593 [TestNG-test=Regression-1] INFO  com.business.Utilities.Base - browser closed
15:50:24.982 [TestNG-test=Regression-3] INFO  com.business.Utilities.Base - chrome-headless launched
15:50:25.735 [TestNG-test=Regression-1] INFO  com.business.Utilities.Base - chrome-headless launched
15:50:27.688 [TestNG-test=Regression-3] INFO  com.business.Utilities.Base - browser closed
15:50:30.762 [TestNG-test=Regression-3] INFO  com.business.Utilities.Base - chrome-headless launched
15:50:31.904 [TestNG-test=Regression-3] INFO  com.business.Tests.Tables_Static - Last Name
15:50:31.920 [TestNG-test=Regression-3] INFO  com.business.Tests.Tables_Static - First Name
15:50:31.939 [TestNG-test=Regression-3] INFO  com.business.Tests.Tables_Static - Email
15:50:31.959 [TestNG-test=Regression-3] INFO  com.business.Tests.Tables_Static - Due
15:50:31.976 [TestNG-test=Regression-3] INFO  com.business.Tests.Tables_Static - Web Site
15:50:31.993 [TestNG-test=Regression-3] INFO  com.business.Tests.Tables_Static - Action
15:50:32.589 [TestNG-test=Regression-3] INFO  com.business.Utilities.Base - browser closed
15:50:32.792 [TestNG-test=Regression-1] INFO  com.business.Utilities.Base - browser closed
15:50:35.785 [TestNG-test=Regression-3] INFO  com.business.Utilities.Base - chrome-headless launched
15:50:36.050 [TestNG-test=Regression-1] INFO  com.business.Utilities.Base - chrome-headless launched
15:50:37.488 [TestNG-test=Regression-3] INFO  com.business.Tests.Tables_Static - Smith John jsmith@gmail.com $50.00 http://www.jsmith.com edit delete
15:50:37.808 [TestNG-test=Regression-3] INFO  com.business.Tests.Tables_Static - Bach Frank fbach@yahoo.com $51.00 http://www.frank.com edit delete
15:50:37.891 [TestNG-test=Regression-3] INFO  com.business.Tests.Tables_Static - Doe Jason jdoe@hotmail.com $100.00 http://www.jdoe.com edit delete
15:50:37.941 [TestNG-test=Regression-3] INFO  com.business.Tests.Tables_Static - Conway Tim tconway@earthlink.net $50.00 http://www.timconway.com edit delete
15:50:37.964 [TestNG-test=Regression-3] INFO  com.business.Tests.Tables_Static - Doe Jason jdoe@hotmail.com $100.00 http://www.jdoe.com edit delete
15:50:38.609 [TestNG-test=Regression-3] INFO  com.business.Utilities.Base - browser closed
15:50:41.782 [TestNG-test=Regression-3] INFO  com.business.Utilities.Base - chrome-headless launched
15:50:42.924 [TestNG-test=Regression-3] INFO  com.business.Tests.Tables_Static - John
15:50:42.940 [TestNG-test=Regression-3] INFO  com.business.Tests.Tables_Static - Frank
15:50:42.955 [TestNG-test=Regression-3] INFO  com.business.Tests.Tables_Static - Jason
15:50:42.970 [TestNG-test=Regression-3] INFO  com.business.Tests.Tables_Static - Tim
15:50:43.549 [TestNG-test=Regression-3] INFO  com.business.Utilities.Base - browser closed
15:50:44.037 [TestNG-test=Regression-1] INFO  com.business.Utilities.Base - browser closed
15:50:46.653 [TestNG-test=Regression-3] INFO  com.business.Utilities.Base - chrome-headless launched
15:50:47.208 [TestNG-test=Regression-1] INFO  com.business.Utilities.Base - chrome-headless launched
15:50:47.781 [TestNG-test=Regression-3] INFO  com.business.Tests.Tables_Static - Email
15:50:48.377 [TestNG-test=Regression-3] INFO  com.business.Utilities.Base - browser closed
15:50:49.923 [TestNG-test=Regression-2] INFO  com.business.Utilities.Base - browser closed
15:50:51.473 [TestNG-test=Regression-3] INFO  com.business.Utilities.Base - chrome-headless launched
15:50:53.193 [TestNG-test=Regression-3] INFO  com.business.Utilities.Base - browser closed
15:50:55.332 [TestNG-test=Regression-1] INFO  com.business.Utilities.Base - browser closed
15:50:56.282 [TestNG-test=Regression-3] INFO  com.business.Utilities.Base - chrome-headless launched
15:50:58.006 [TestNG-test=Regression-3] INFO  com.business.Utilities.Base - browser closed
16:43:38.471 [TestNG-test=Regression-1] INFO  com.business.Utilities.Base - chrome launched
16:43:54.593 [TestNG-test=Regression-1] INFO  com.business.Utilities.Base - browser closed
16:43:58.072 [TestNG-test=Regression-1] INFO  com.business.Utilities.Base - chrome launched
16:43:59.408 [TestNG-test=Regression-1] INFO  com.business.Tests.Actions_mouse - navigated to website
16:44:04.502 [TestNG-test=Regression-1] INFO  com.business.Tests.Actions_mouse - switching to the frame
16:44:06.926 [TestNG-test=Regression-1] INFO  com.business.Tests.Actions_mouse - dragging the element and dropping to drop field
16:44:07.037 [TestNG-test=Regression-1] INFO  com.business.Tests.Actions_mouse - waiting for confirmation text to be visible
16:44:07.068 [TestNG-test=Regression-1] INFO  com.business.Tests.Actions_mouse - element dropped 
16:44:07.792 [TestNG-test=Regression-1] INFO  com.business.Utilities.Base - browser closed
16:44:11.044 [TestNG-test=Regression-1] INFO  com.business.Utilities.Base - chrome launched
16:44:14.469 [TestNG-test=Regression-1] INFO  com.business.Utilities.Base - browser closed
16:44:17.735 [TestNG-test=Regression-1] INFO  com.business.Utilities.Base - chrome launched
16:44:31.838 [TestNG-test=Regression-1] INFO  com.business.Utilities.Base - browser closed
16:44:35.079 [TestNG-test=Regression-1] INFO  com.business.Utilities.Base - chrome launched
16:44:35.099 [TestNG-test=Regression-1] INFO  com.business.Tests.Actions_mouse - navigating the amazon.com
16:44:36.848 [TestNG-test=Regression-1] INFO  com.business.Tests.Actions_mouse - entering text in Upeercase
16:44:39.079 [TestNG-test=Regression-1] INFO  com.business.Tests.Actions_mouse - Verifying text added in Upeercase
16:44:39.856 [TestNG-test=Regression-1] INFO  com.business.Tests.Actions_mouse - text passed in Uppercase
16:44:40.587 [TestNG-test=Regression-1] INFO  com.business.Utilities.Base - browser closed
16:45:59.289 [TestNG-test=Regression-1] INFO  com.business.Utilities.Base - chrome launched
16:46:05.122 [TestNG-test=Regression-1] INFO  com.business.Utilities.Base - browser closed
16:46:08.306 [TestNG-test=Regression-1] INFO  com.business.Utilities.Base - chrome launched
16:46:09.537 [TestNG-test=Regression-1] INFO  com.business.Tests.Actions_mouse - navigated to website
16:46:14.602 [TestNG-test=Regression-1] INFO  com.business.Tests.Actions_mouse - switching to the frame
16:46:17.046 [TestNG-test=Regression-1] INFO  com.business.Tests.Actions_mouse - dragging the element and dropping to drop field
16:46:17.202 [TestNG-test=Regression-1] INFO  com.business.Tests.Actions_mouse - waiting for confirmation text to be visible
16:46:17.233 [TestNG-test=Regression-1] INFO  com.business.Tests.Actions_mouse - element dropped 
16:46:17.908 [TestNG-test=Regression-1] INFO  com.business.Utilities.Base - browser closed
16:46:21.152 [TestNG-test=Regression-1] INFO  com.business.Utilities.Base - chrome launched
16:46:24.550 [TestNG-test=Regression-1] INFO  com.business.Utilities.Base - browser closed
16:46:27.918 [TestNG-test=Regression-1] INFO  com.business.Utilities.Base - chrome launched
16:46:42.090 [TestNG-test=Regression-1] INFO  com.business.Utilities.Base - browser closed
16:46:45.328 [TestNG-test=Regression-1] INFO  com.business.Utilities.Base - chrome launched
16:46:45.343 [TestNG-test=Regression-1] INFO  com.business.Tests.Actions_mouse - navigating the amazon.com
16:46:47.604 [TestNG-test=Regression-1] INFO  com.business.Tests.Actions_mouse - entering text in Upeercase
16:46:50.230 [TestNG-test=Regression-1] INFO  com.business.Tests.Actions_mouse - Verifying text added in Upeercase
16:46:50.260 [TestNG-test=Regression-1] INFO  com.business.Tests.Actions_mouse - text passed in Uppercase
16:46:51.055 [TestNG-test=Regression-1] INFO  com.business.Utilities.Base - browser closed
16:48:29.771 [TestNG-test=Regression-1] INFO  com.business.Utilities.Base - chrome launched
16:48:36.166 [TestNG-test=Regression-1] INFO  com.business.Utilities.Base - browser closed
16:48:39.562 [TestNG-test=Regression-1] INFO  com.business.Utilities.Base - chrome launched
16:48:40.996 [TestNG-test=Regression-1] INFO  com.business.Tests.Actions_mouse - navigated to website
16:48:46.106 [TestNG-test=Regression-1] INFO  com.business.Tests.Actions_mouse - switching to the frame
16:48:48.624 [TestNG-test=Regression-1] INFO  com.business.Tests.Actions_mouse - dragging the element and dropping to drop field
16:48:48.858 [TestNG-test=Regression-1] INFO  com.business.Tests.Actions_mouse - waiting for confirmation text to be visible
16:48:48.936 [TestNG-test=Regression-1] INFO  com.business.Tests.Actions_mouse - element dropped 
16:48:49.715 [TestNG-test=Regression-1] INFO  com.business.Utilities.Base - browser closed
16:48:53.099 [TestNG-test=Regression-1] INFO  com.business.Utilities.Base - chrome launched
16:48:55.367 [TestNG-test=Regression-1] INFO  com.business.Utilities.Base - browser closed
16:48:58.549 [TestNG-test=Regression-1] INFO  com.business.Utilities.Base - chrome launched
16:49:13.033 [TestNG-test=Regression-1] INFO  com.business.Utilities.Base - browser closed
16:49:16.245 [TestNG-test=Regression-1] INFO  com.business.Utilities.Base - chrome launched
16:49:16.261 [TestNG-test=Regression-1] INFO  com.business.Tests.Actions_mouse - navigating the amazon.com
16:49:17.968 [TestNG-test=Regression-1] INFO  com.business.Tests.Actions_mouse - entering text in Upeercase
16:49:20.855 [TestNG-test=Regression-1] INFO  com.business.Tests.Actions_mouse - Verifying text added in Upeercase
16:49:20.880 [TestNG-test=Regression-1] INFO  com.business.Tests.Actions_mouse - text passed in Uppercase
16:49:21.540 [TestNG-test=Regression-1] INFO  com.business.Utilities.Base - browser closed
16:50:18.890 [TestNG-test=Regression-1] INFO  com.business.Utilities.Base - chrome launched
16:50:18.890 [TestNG-test=Regression-2] INFO  com.business.Utilities.Base - chrome launched
16:50:18.963 [TestNG-test=Regression-3] INFO  com.business.Utilities.Base - chrome launched
16:50:22.239 [TestNG-test=Regression-2] INFO  com.business.Utilities.Base - browser closed
16:50:29.173 [TestNG-test=Regression-1] INFO  com.business.Utilities.Base - browser closed
16:50:29.658 [TestNG-test=Regression-3] INFO  com.business.Utilities.Base - browser closed
16:50:33.571 [TestNG-test=Regression-1] INFO  com.business.Utilities.Base - chrome launched
16:50:35.136 [TestNG-test=Regression-1] INFO  com.business.Tests.Actions_mouse - navigated to website
16:50:40.219 [TestNG-test=Regression-1] INFO  com.business.Tests.Actions_mouse - switching to the frame
16:50:42.608 [TestNG-test=Regression-1] INFO  com.business.Tests.Actions_mouse - dragging the element and dropping to drop field
16:50:42.718 [TestNG-test=Regression-1] INFO  com.business.Tests.Actions_mouse - waiting for confirmation text to be visible
16:50:42.749 [TestNG-test=Regression-1] INFO  com.business.Tests.Actions_mouse - element dropped 
16:50:43.407 [TestNG-test=Regression-1] INFO  com.business.Utilities.Base - browser closed
16:50:46.569 [TestNG-test=Regression-1] INFO  com.business.Utilities.Base - chrome launched
16:50:49.890 [TestNG-test=Regression-1] INFO  com.business.Utilities.Base - browser closed
16:50:53.040 [TestNG-test=Regression-1] INFO  com.business.Utilities.Base - chrome launched
16:51:07.603 [TestNG-test=Regression-1] INFO  com.business.Utilities.Base - browser closed
16:51:10.824 [TestNG-test=Regression-1] INFO  com.business.Utilities.Base - chrome launched
16:51:10.839 [TestNG-test=Regression-1] INFO  com.business.Tests.Actions_mouse - navigating the amazon.com
16:51:12.456 [TestNG-test=Regression-1] INFO  com.business.Tests.Actions_mouse - entering text in Upeercase
16:51:15.567 [TestNG-test=Regression-1] INFO  com.business.Tests.Actions_mouse - Verifying text added in Upeercase
16:51:15.596 [TestNG-test=Regression-1] INFO  com.business.Tests.Actions_mouse - text passed in Uppercase
16:51:16.318 [TestNG-test=Regression-1] INFO  com.business.Utilities.Base - browser closed
16:51:42.228 [TestNG-test=Regression-2] INFO  com.business.Utilities.Base - chrome launched
16:51:42.259 [TestNG-test=Regression-3] INFO  com.business.Utilities.Base - chrome launched
16:51:42.290 [TestNG-test=Regression-1] INFO  com.business.Utilities.Base - chrome launched
16:51:45.619 [TestNG-test=Regression-2] INFO  com.business.Utilities.Base - browser closed
16:51:49.724 [TestNG-test=Regression-2] INFO  com.business.Utilities.Base - chrome launched
16:52:08.181 [TestNG-test=Regression-1] INFO  com.business.Utilities.Base - chrome launched
16:52:08.181 [TestNG-test=Regression-2] INFO  com.business.Utilities.Base - chrome launched
16:52:08.181 [TestNG-test=Regression-4] INFO  com.business.Utilities.Base - chrome launched
16:52:08.260 [TestNG-test=Regression-3] INFO  com.business.Utilities.Base - chrome launched
16:52:12.747 [TestNG-test=Regression-4] INFO  com.business.Utilities.Base - browser closed
16:52:12.973 [TestNG-test=Regression-2] INFO  com.business.Utilities.Base - browser closed
16:52:18.933 [TestNG-test=Regression-3] INFO  com.business.Utilities.Base - browser closed
16:52:30.358 [TestNG-test=Regression-1] INFO  com.business.Utilities.Base - browser closed
16:52:33.793 [TestNG-test=Regression-1] INFO  com.business.Utilities.Base - chrome launched
16:52:35.075 [TestNG-test=Regression-1] INFO  com.business.Tests.Actions_mouse - navigated to website
16:52:40.170 [TestNG-test=Regression-1] INFO  com.business.Tests.Actions_mouse - switching to the frame
16:52:42.659 [TestNG-test=Regression-1] INFO  com.business.Tests.Actions_mouse - dragging the element and dropping to drop field
16:52:42.769 [TestNG-test=Regression-1] INFO  com.business.Tests.Actions_mouse - waiting for confirmation text to be visible
16:52:42.800 [TestNG-test=Regression-1] INFO  com.business.Tests.Actions_mouse - element dropped 
16:52:43.494 [TestNG-test=Regression-1] INFO  com.business.Utilities.Base - browser closed
16:52:46.652 [TestNG-test=Regression-1] INFO  com.business.Utilities.Base - chrome launched
16:52:49.955 [TestNG-test=Regression-1] INFO  com.business.Utilities.Base - browser closed
16:52:53.152 [TestNG-test=Regression-1] INFO  com.business.Utilities.Base - chrome launched
16:53:07.696 [TestNG-test=Regression-1] INFO  com.business.Utilities.Base - browser closed
16:53:10.846 [TestNG-test=Regression-1] INFO  com.business.Utilities.Base - chrome launched
16:53:10.862 [TestNG-test=Regression-1] INFO  com.business.Tests.Actions_mouse - navigating the amazon.com
16:53:13.043 [TestNG-test=Regression-1] INFO  com.business.Tests.Actions_mouse - entering text in Upeercase
16:53:15.460 [TestNG-test=Regression-1] INFO  com.business.Tests.Actions_mouse - Verifying text added in Upeercase
16:53:15.492 [TestNG-test=Regression-1] INFO  com.business.Tests.Actions_mouse - text passed in Uppercase
16:53:16.241 [TestNG-test=Regression-1] INFO  com.business.Utilities.Base - browser closed
16:57:16.513 [TestNG-test=Regression-2] INFO  com.business.Utilities.Base - chrome launched
16:57:16.550 [TestNG-test=Regression-1] INFO  com.business.Utilities.Base - chrome launched
16:57:16.600 [TestNG-test=Regression-3] INFO  com.business.Utilities.Base - chrome launched
16:57:16.615 [TestNG-test=Regression-4] INFO  com.business.Utilities.Base - chrome launched
16:57:21.876 [TestNG-test=Regression-2] INFO  com.business.Utilities.Base - browser closed
16:57:25.842 [TestNG-test=Regression-1] INFO  com.business.Utilities.Base - browser closed
16:57:29.729 [TestNG-test=Regression-1] INFO  com.business.Utilities.Base - chrome launched
16:57:31.384 [TestNG-test=Regression-3] INFO  com.business.Utilities.Base - browser closed
16:57:31.794 [TestNG-test=Regression-1] INFO  com.business.Tests.Actions_mouse - navigated to website
16:57:36.899 [TestNG-test=Regression-1] INFO  com.business.Tests.Actions_mouse - switching to the frame
16:57:37.008 [TestNG-test=Regression-4] INFO  com.business.Utilities.Base - browser closed
16:57:39.383 [TestNG-test=Regression-1] INFO  com.business.Tests.Actions_mouse - dragging the element and dropping to drop field
16:57:39.494 [TestNG-test=Regression-1] INFO  com.business.Tests.Actions_mouse - waiting for confirmation text to be visible
16:57:39.524 [TestNG-test=Regression-1] INFO  com.business.Tests.Actions_mouse - element dropped 
16:57:40.214 [TestNG-test=Regression-1] INFO  com.business.Utilities.Base - browser closed
16:57:43.483 [TestNG-test=Regression-1] INFO  com.business.Utilities.Base - chrome launched
16:57:45.712 [TestNG-test=Regression-1] INFO  com.business.Utilities.Base - browser closed
16:57:48.856 [TestNG-test=Regression-1] INFO  com.business.Utilities.Base - chrome launched
16:58:02.809 [TestNG-test=Regression-1] INFO  com.business.Utilities.Base - browser closed
16:58:06.068 [TestNG-test=Regression-1] INFO  com.business.Utilities.Base - chrome launched
16:58:06.083 [TestNG-test=Regression-1] INFO  com.business.Tests.Actions_mouse - navigating the amazon.com
16:58:11.636 [TestNG-test=Regression-1] INFO  com.business.Tests.Actions_mouse - entering text in Upeercase
16:58:13.904 [TestNG-test=Regression-1] INFO  com.business.Tests.Actions_mouse - Verifying text added in Upeercase
16:58:13.933 [TestNG-test=Regression-1] INFO  com.business.Tests.Actions_mouse - text passed in Uppercase
16:58:14.684 [TestNG-test=Regression-1] INFO  com.business.Utilities.Base - browser closed
16:58:52.219 [TestNG-test=Regression-1] INFO  com.business.Utilities.Base - chrome-headless launched
16:58:52.219 [TestNG-test=Regression-4] INFO  com.business.Utilities.Base - chrome-headless launched
16:58:52.203 [TestNG-test=Regression-3] INFO  com.business.Utilities.Base - chrome-headless launched
16:58:52.219 [TestNG-test=Regression-2] INFO  com.business.Utilities.Base - chrome-headless launched
16:58:56.478 [TestNG-test=Regression-2] INFO  com.business.Utilities.Base - browser closed
16:59:00.504 [TestNG-test=Regression-1] INFO  com.business.Utilities.Base - browser closed
16:59:03.825 [TestNG-test=Regression-1] INFO  com.business.Utilities.Base - chrome-headless launched
16:59:05.208 [TestNG-test=Regression-1] INFO  com.business.Tests.Actions_mouse - navigated to website
16:59:10.296 [TestNG-test=Regression-1] INFO  com.business.Tests.Actions_mouse - switching to the frame
16:59:12.703 [TestNG-test=Regression-1] INFO  com.business.Tests.Actions_mouse - dragging the element and dropping to drop field
16:59:12.798 [TestNG-test=Regression-1] INFO  com.business.Tests.Actions_mouse - waiting for confirmation text to be visible
16:59:12.829 [TestNG-test=Regression-1] INFO  com.business.Tests.Actions_mouse - element dropped 
16:59:13.409 [TestNG-test=Regression-1] INFO  com.business.Utilities.Base - browser closed
16:59:16.564 [TestNG-test=Regression-1] INFO  com.business.Utilities.Base - chrome-headless launched
16:59:20.371 [TestNG-test=Regression-1] INFO  com.business.Utilities.Base - browser closed
16:59:23.478 [TestNG-test=Regression-1] INFO  com.business.Utilities.Base - chrome-headless launched
16:59:23.889 [TestNG-test=Regression-3] INFO  com.business.Utilities.Base - browser closed
16:59:32.191 [TestNG-test=Regression-4] INFO  com.business.Utilities.Base - browser closed
16:59:37.067 [TestNG-test=Regression-1] INFO  com.business.Utilities.Base - browser closed
16:59:40.170 [TestNG-test=Regression-1] INFO  com.business.Utilities.Base - chrome-headless launched
16:59:40.185 [TestNG-test=Regression-1] INFO  com.business.Tests.Actions_mouse - navigating the amazon.com
16:59:42.930 [TestNG-test=Regression-1] INFO  com.business.Tests.Actions_mouse - entering text in Upeercase
16:59:45.313 [TestNG-test=Regression-1] INFO  com.business.Tests.Actions_mouse - Verifying text added in Upeercase
16:59:45.338 [TestNG-test=Regression-1] INFO  com.business.Tests.Actions_mouse - text passed in Uppercase
16:59:45.949 [TestNG-test=Regression-1] INFO  com.business.Utilities.Base - browser closed
17:09:26.138 [main] INFO  com.business.Utilities.Base - chrome-headless launched
17:10:05.791 [main] INFO  com.business.Utilities.Base - browser closed
17:31:15.184 [TestNG-test=Regression-3] INFO  com.business.Utilities.Base - chrome-headless launched
17:31:15.184 [TestNG-test=Regression-1] INFO  com.business.Utilities.Base - chrome-headless launched
17:31:15.184 [TestNG-test=Regression-4] INFO  com.business.Utilities.Base - chrome-headless launched
17:31:15.184 [TestNG-test=Regression-2] INFO  com.business.Utilities.Base - chrome-headless launched
17:31:19.848 [TestNG-test=Regression-2] INFO  com.business.Utilities.Base - browser closed
17:31:31.433 [TestNG-test=Regression-3] INFO  com.business.Utilities.Base - browser closed
17:31:33.100 [TestNG-test=Regression-1] INFO  com.business.Utilities.Base - browser closed
17:31:36.733 [TestNG-test=Regression-1] INFO  com.business.Utilities.Base - chrome-headless launched
17:31:38.177 [TestNG-test=Regression-1] INFO  com.business.Tests.Actions_mouse - navigated to website
17:31:43.293 [TestNG-test=Regression-1] INFO  com.business.Tests.Actions_mouse - switching to the frame
17:31:45.790 [TestNG-test=Regression-1] INFO  com.business.Tests.Actions_mouse - dragging the element and dropping to drop field
17:31:45.949 [TestNG-test=Regression-1] INFO  com.business.Tests.Actions_mouse - waiting for confirmation text to be visible
17:31:46.000 [TestNG-test=Regression-1] INFO  com.business.Tests.Actions_mouse - element dropped 
17:31:46.599 [TestNG-test=Regression-1] INFO  com.business.Utilities.Base - browser closed
17:31:49.906 [TestNG-test=Regression-1] INFO  com.business.Utilities.Base - chrome-headless launched
17:31:53.492 [TestNG-test=Regression-1] INFO  com.business.Utilities.Base - browser closed
17:31:55.826 [TestNG-test=Regression-4] INFO  com.business.Utilities.Base - browser closed
17:31:56.727 [TestNG-test=Regression-1] INFO  com.business.Utilities.Base - chrome-headless launched
17:32:11.955 [TestNG-test=Regression-1] INFO  com.business.Utilities.Base - browser closed
17:32:15.204 [TestNG-test=Regression-1] INFO  com.business.Utilities.Base - chrome-headless launched
17:32:15.213 [TestNG-test=Regression-1] INFO  com.business.Tests.Actions_mouse - navigating the amazon.com
17:32:18.252 [TestNG-test=Regression-1] INFO  com.business.Tests.Actions_mouse - entering text in Upeercase
17:32:20.777 [TestNG-test=Regression-1] INFO  com.business.Tests.Actions_mouse - Verifying text added in Upeercase
17:32:20.813 [TestNG-test=Regression-1] INFO  com.business.Tests.Actions_mouse - text passed in Uppercase
17:32:21.454 [TestNG-test=Regression-1] INFO  com.business.Utilities.Base - browser closed
17:40:23.522 [TestNG-test=Regression-2] INFO  com.business.Utilities.Base - chrome-headless launched
17:40:23.522 [TestNG-test=Regression-4] INFO  com.business.Utilities.Base - chrome-headless launched
17:40:23.522 [TestNG-test=Regression-3] INFO  com.business.Utilities.Base - chrome-headless launched
17:40:23.522 [TestNG-test=Regression-1] INFO  com.business.Utilities.Base - chrome-headless launched
17:40:32.724 [TestNG-test=Regression-1] INFO  com.business.Utilities.Base - chrome-headless launched
17:40:34.450 [TestNG-test=Regression-1] INFO  com.business.Tests.Actions_mouse - navigated to website
17:40:39.540 [TestNG-test=Regression-1] INFO  com.business.Tests.Actions_mouse - switching to the frame
17:40:41.961 [TestNG-test=Regression-1] INFO  com.business.Tests.Actions_mouse - dragging the element and dropping to drop field
17:40:42.074 [TestNG-test=Regression-1] INFO  com.business.Tests.Actions_mouse - waiting for confirmation text to be visible
17:40:42.108 [TestNG-test=Regression-1] INFO  com.business.Tests.Actions_mouse - element dropped 
17:40:42.112 [TestNG-test=Regression-1] INFO  com.business.Utilities.Base - chrome-headless launched
17:40:44.109 [TestNG-test=Regression-1] INFO  com.business.Utilities.Base - chrome-headless launched
17:40:57.107 [TestNG-test=Regression-1] INFO  com.business.Utilities.Base - chrome-headless launched
17:40:57.118 [TestNG-test=Regression-1] INFO  com.business.Tests.Actions_mouse - navigating the amazon.com
17:40:58.771 [TestNG-test=Regression-1] INFO  com.business.Tests.Actions_mouse - entering text in Upeercase
17:41:01.019 [TestNG-test=Regression-1] INFO  com.business.Tests.Actions_mouse - Verifying text added in Upeercase
17:41:01.042 [TestNG-test=Regression-1] INFO  com.business.Tests.Actions_mouse - text passed in Uppercase
17:41:05.189 [TestNG-test=Regression-4] INFO  com.business.Utilities.Base - browser closed
17:45:43.554 [TestNG-test=Regression-2] INFO  com.business.Utilities.Base - chrome-headless launched
17:45:43.554 [TestNG-test=Regression-4] INFO  com.business.Utilities.Base - chrome-headless launched
17:45:43.554 [TestNG-test=Regression-1] INFO  com.business.Utilities.Base - chrome-headless launched
17:45:43.554 [TestNG-test=Regression-3] INFO  com.business.Utilities.Base - chrome-headless launched
17:45:49.611 [TestNG-test=Regression-1] INFO  com.business.Utilities.Base - chrome-headless launched
17:45:51.463 [TestNG-test=Regression-1] INFO  com.business.Tests.Actions_mouse - navigated to website
17:45:56.547 [TestNG-test=Regression-1] INFO  com.business.Tests.Actions_mouse - switching to the frame
17:45:58.938 [TestNG-test=Regression-1] INFO  com.business.Tests.Actions_mouse - dragging the element and dropping to drop field
17:45:59.050 [TestNG-test=Regression-1] INFO  com.business.Tests.Actions_mouse - waiting for confirmation text to be visible
17:45:59.078 [TestNG-test=Regression-1] INFO  com.business.Tests.Actions_mouse - element dropped 
17:45:59.082 [TestNG-test=Regression-1] INFO  com.business.Utilities.Base - chrome-headless launched
17:46:01.544 [TestNG-test=Regression-1] INFO  com.business.Utilities.Base - chrome-headless launched
17:46:15.310 [TestNG-test=Regression-1] INFO  com.business.Utilities.Base - chrome-headless launched
17:46:15.321 [TestNG-test=Regression-1] INFO  com.business.Tests.Actions_mouse - navigating the amazon.com
17:46:18.288 [TestNG-test=Regression-1] INFO  com.business.Tests.Actions_mouse - entering text in Upeercase
17:46:20.544 [TestNG-test=Regression-1] INFO  com.business.Tests.Actions_mouse - Verifying text added in Upeercase
17:46:20.572 [TestNG-test=Regression-1] INFO  com.business.Tests.Actions_mouse - text passed in Uppercase
17:46:24.185 [TestNG-test=Regression-4] INFO  com.business.Utilities.Base - browser closed
17:58:59.617 [TestNG-test=Regression-4] INFO  com.business.Utilities.Base - chrome-headless launched
17:58:59.617 [TestNG-test=Regression-3] INFO  com.business.Utilities.Base - chrome-headless launched
17:58:59.617 [TestNG-test=Regression-1] INFO  com.business.Utilities.Base - chrome-headless launched
17:58:59.617 [TestNG-test=Regression-2] INFO  com.business.Utilities.Base - chrome-headless launched
17:59:41.438 [TestNG-test=Regression-4] INFO  com.business.Utilities.Base - browser closed
17:59:45.480 [TestNG-test=Regression-1] INFO  com.business.Utilities.Base - chrome-headless launched
17:59:47.597 [TestNG-test=Regression-1] INFO  com.business.Tests.Actions_mouse - navigated to website
17:59:52.678 [TestNG-test=Regression-1] INFO  com.business.Tests.Actions_mouse - switching to the frame
17:59:55.080 [TestNG-test=Regression-1] INFO  com.business.Tests.Actions_mouse - dragging the element and dropping to drop field
17:59:55.175 [TestNG-test=Regression-1] INFO  com.business.Tests.Actions_mouse - waiting for confirmation text to be visible
17:59:55.206 [TestNG-test=Regression-1] INFO  com.business.Tests.Actions_mouse - element dropped 
17:59:55.208 [TestNG-test=Regression-1] INFO  com.business.Utilities.Base - chrome-headless launched
17:59:57.169 [TestNG-test=Regression-1] INFO  com.business.Utilities.Base - chrome-headless launched
18:00:10.148 [TestNG-test=Regression-1] INFO  com.business.Utilities.Base - chrome-headless launched
18:00:10.159 [TestNG-test=Regression-1] INFO  com.business.Tests.Actions_mouse - navigating the amazon.com
18:00:11.838 [TestNG-test=Regression-1] INFO  com.business.Tests.Actions_mouse - entering text in Upeercase
18:00:14.115 [TestNG-test=Regression-1] INFO  com.business.Tests.Actions_mouse - Verifying text added in Upeercase
18:00:14.141 [TestNG-test=Regression-1] INFO  com.business.Tests.Actions_mouse - text passed in Uppercase
18:07:36.611 [main] INFO  com.business.Utilities.Base - chrome-headless launched
18:08:14.421 [main] INFO  com.business.Utilities.Base - browser closed
18:09:24.868 [TestNG-test=Regression-2] INFO  com.business.Utilities.Base - chrome-headless launched
18:09:24.868 [TestNG-test=Regression-4] INFO  com.business.Utilities.Base - chrome-headless launched
18:09:24.868 [TestNG-test=Regression-3] INFO  com.business.Utilities.Base - chrome-headless launched
18:09:24.868 [TestNG-test=Regression-1] INFO  com.business.Utilities.Base - chrome-headless launched
18:09:26.583 [TestNG-test=Regression-3] INFO  com.business.Utilities.Base - chrome-headless launched
18:09:32.059 [TestNG-test=Regression-3] INFO  com.business.Utilities.Base - chrome-headless launched
18:09:36.843 [TestNG-test=Regression-1] INFO  com.business.Utilities.Base - chrome-headless launched
18:09:38.621 [TestNG-test=Regression-3] INFO  com.business.Utilities.Base - chrome-headless launched
18:09:39.609 [TestNG-test=Regression-1] INFO  com.business.Tests.Actions_mouse - navigated to website
18:09:41.081 [TestNG-test=Regression-2] INFO  com.business.Utilities.Base - chrome-headless launched
18:09:42.371 [TestNG-test=Regression-4] INFO  com.business.Utilities.Base - browser closed
18:09:42.573 [TestNG-test=Regression-3] INFO  com.business.Utilities.Base - chrome-headless launched
18:09:44.673 [TestNG-test=Regression-1] INFO  com.business.Tests.Actions_mouse - switching to the frame
18:09:45.594 [TestNG-test=Regression-4] INFO  com.business.Utilities.Base - chrome-headless launched
18:09:46.564 [TestNG-test=Regression-3] INFO  com.business.Utilities.Base - chrome-headless launched
18:09:47.080 [TestNG-test=Regression-1] INFO  com.business.Tests.Actions_mouse - dragging the element and dropping to drop field
18:09:47.144 [TestNG-test=Regression-1] INFO  com.business.Tests.Actions_mouse - waiting for confirmation text to be visible
18:09:47.172 [TestNG-test=Regression-1] INFO  com.business.Tests.Actions_mouse - element dropped 
18:09:47.175 [TestNG-test=Regression-1] INFO  com.business.Utilities.Base - chrome-headless launched
18:09:47.248 [TestNG-test=Regression-3] INFO  com.business.Utilities.Base - chrome-headless launched
18:09:48.300 [TestNG-test=Regression-3] INFO  com.business.Utilities.Base - chrome-headless launched
18:09:49.142 [TestNG-test=Regression-3] INFO  com.business.Utilities.Base - chrome-headless launched
18:09:49.155 [TestNG-test=Regression-1] INFO  com.business.Utilities.Base - chrome-headless launched
18:09:49.931 [TestNG-test=Regression-3] INFO  com.business.Utilities.Base - chrome-headless launched
18:09:52.305 [TestNG-test=Regression-3] INFO  com.business.Utilities.Base - chrome-headless launched
18:09:53.258 [TestNG-test=Regression-3] INFO  com.business.Utilities.Base - chrome-headless launched
18:09:59.016 [TestNG-test=Regression-2] INFO  com.business.Utilities.Base - chrome-headless launched
18:10:02.013 [TestNG-test=Regression-2] INFO  com.business.Utilities.Base - chrome-headless launched
18:10:02.437 [TestNG-test=Regression-1] INFO  com.business.Utilities.Base - chrome-headless launched
18:10:02.448 [TestNG-test=Regression-1] INFO  com.business.Tests.Actions_mouse - navigating the amazon.com
18:10:04.555 [TestNG-test=Regression-2] INFO  com.business.Utilities.Base - chrome-headless launched
18:10:04.822 [TestNG-test=Regression-1] INFO  com.business.Tests.Actions_mouse - entering text in Upeercase
18:10:07.191 [TestNG-test=Regression-1] INFO  com.business.Tests.Actions_mouse - Verifying text added in Upeercase
18:10:07.348 [TestNG-test=Regression-1] INFO  com.business.Tests.Actions_mouse - text passed in Uppercase
18:10:07.351 [TestNG-test=Regression-1] INFO  com.business.Utilities.Base - chrome-headless launched
18:10:19.439 [TestNG-test=Regression-3] INFO  com.business.Utilities.Base - chrome-headless launched
18:10:26.406 [TestNG-test=Regression-2] INFO  com.business.Utilities.Base - chrome-headless launched
18:10:27.713 [TestNG-test=Regression-2] INFO  com.business.Utilities.Base - chrome-headless launched
18:10:32.641 [TestNG-test=Regression-2] INFO  com.business.Utilities.Base - chrome-headless launched
18:10:32.949 [TestNG-test=Regression-4] INFO  com.business.Utilities.Base - chrome-headless launched
18:10:41.959 [TestNG-test=Regression-1] INFO  com.business.Tests.HiddenElements - Element does not exist in the page
18:10:41.962 [TestNG-test=Regression-1] INFO  com.business.Utilities.Base - chrome-headless launched
18:10:42.372 [TestNG-test=Regression-2] INFO  com.business.Utilities.Base - chrome-headless launched
18:10:48.443 [TestNG-test=Regression-1] INFO  com.business.Utilities.Base - chrome-headless launched
18:11:17.504 [TestNG-test=Regression-1] INFO  com.business.Utilities.Base - chrome-headless launched
18:11:26.069 [TestNG-test=Regression-3] INFO  com.business.Utilities.Base - chrome-headless launched
18:11:28.009 [TestNG-test=Regression-3] INFO  com.business.Tests.Popup_JS_with_Lof4J - navigated the website
18:11:31.135 [TestNG-test=Regression-3] INFO  com.business.Tests.Popup_JS_with_Lof4J - clicked text generating JS popup
18:11:33.155 [TestNG-test=Regression-3] INFO  com.business.Tests.Popup_JS_with_Lof4J - alert presents,alert text is: I am a JS Alert
18:11:33.682 [TestNG-test=Regression-1] INFO  com.business.Utilities.Base - chrome-headless launched
18:11:35.189 [TestNG-test=Regression-3] INFO  com.business.Tests.Popup_JS_with_Lof4J - alert presents,alert dismissed
18:11:35.192 [TestNG-test=Regression-3] INFO  com.business.Utilities.Base - chrome-headless launched
18:11:35.574 [TestNG-test=Regression-1] INFO  com.business.Utilities.Base - chrome-headless launched
18:11:38.201 [TestNG-test=Regression-1] INFO  com.business.Utilities.Base - chrome-headless launched
18:11:38.278 [TestNG-test=Regression-1] INFO  com.business.Utilities.Base - chrome-headless launched
18:11:38.526 [TestNG-test=Regression-1] INFO  com.business.Utilities.Base - chrome-headless launched
18:11:40.245 [TestNG-test=Regression-3] INFO  com.business.Utilities.Base - chrome-headless launched
18:11:45.667 [TestNG-test=Regression-1] INFO  com.business.Utilities.Base - chrome-headless launched
18:11:48.540 [TestNG-test=Regression-3] INFO  com.business.Utilities.Base - chrome-headless launched
18:11:50.970 [TestNG-test=Regression-3] INFO  com.business.Tests.Tables_Static - Bach
18:11:51.058 [TestNG-test=Regression-3] INFO  com.business.Tests.Tables_Static - Frank
18:11:51.195 [TestNG-test=Regression-3] INFO  com.business.Tests.Tables_Static - fbach@yahoo.com
18:11:51.913 [TestNG-test=Regression-3] INFO  com.business.Tests.Tables_Static - $51.00
18:11:53.161 [TestNG-test=Regression-3] INFO  com.business.Tests.Tables_Static - http://www.frank.com
18:11:54.040 [TestNG-test=Regression-3] INFO  com.business.Tests.Tables_Static - edit delete
18:11:54.052 [TestNG-test=Regression-3] INFO  com.business.Utilities.Base - chrome-headless launched
18:11:58.226 [TestNG-test=Regression-3] INFO  com.business.Tests.Tables_Static - Smith
18:11:58.304 [TestNG-test=Regression-3] INFO  com.business.Tests.Tables_Static - John
18:11:58.380 [TestNG-test=Regression-3] INFO  com.business.Tests.Tables_Static - jsmith@gmail.com
18:11:58.489 [TestNG-test=Regression-3] INFO  com.business.Tests.Tables_Static - $50.00
18:11:58.711 [TestNG-test=Regression-3] INFO  com.business.Tests.Tables_Static - http://www.jsmith.com
18:11:58.789 [TestNG-test=Regression-3] INFO  com.business.Tests.Tables_Static - edit delete
18:11:59.282 [TestNG-test=Regression-3] INFO  com.business.Tests.Tables_Static - Bach
18:11:59.514 [TestNG-test=Regression-3] INFO  com.business.Tests.Tables_Static - Frank
18:11:59.887 [TestNG-test=Regression-3] INFO  com.business.Tests.Tables_Static - fbach@yahoo.com
18:12:00.006 [TestNG-test=Regression-3] INFO  com.business.Tests.Tables_Static - $51.00
18:12:00.186 [TestNG-test=Regression-3] INFO  com.business.Tests.Tables_Static - http://www.frank.com
18:12:00.271 [TestNG-test=Regression-3] INFO  com.business.Tests.Tables_Static - edit delete
18:12:00.387 [TestNG-test=Regression-3] INFO  com.business.Tests.Tables_Static - Doe
18:12:00.605 [TestNG-test=Regression-3] INFO  com.business.Tests.Tables_Static - Jason
18:12:00.703 [TestNG-test=Regression-3] INFO  com.business.Tests.Tables_Static - jdoe@hotmail.com
18:12:00.810 [TestNG-test=Regression-3] INFO  com.business.Tests.Tables_Static - $100.00
18:12:00.858 [TestNG-test=Regression-3] INFO  com.business.Tests.Tables_Static - http://www.jdoe.com
18:12:00.916 [TestNG-test=Regression-3] INFO  com.business.Tests.Tables_Static - edit delete
18:12:00.967 [TestNG-test=Regression-3] INFO  com.business.Tests.Tables_Static - Conway
18:12:01.006 [TestNG-test=Regression-3] INFO  com.business.Tests.Tables_Static - Tim
18:12:01.184 [TestNG-test=Regression-3] INFO  com.business.Tests.Tables_Static - tconway@earthlink.net
18:12:01.250 [TestNG-test=Regression-3] INFO  com.business.Tests.Tables_Static - $50.00
18:12:01.300 [TestNG-test=Regression-3] INFO  com.business.Tests.Tables_Static - http://www.timconway.com
18:12:01.421 [TestNG-test=Regression-3] INFO  com.business.Tests.Tables_Static - edit delete
18:12:01.429 [TestNG-test=Regression-3] INFO  com.business.Utilities.Base - chrome-headless launched
18:12:02.423 [TestNG-test=Regression-3] INFO  com.business.Utilities.Base - chrome-headless launched
18:12:03.086 [TestNG-test=Regression-3] INFO  com.business.Tests.Tables_Static - Last Name
18:12:03.173 [TestNG-test=Regression-3] INFO  com.business.Tests.Tables_Static - First Name
18:12:03.235 [TestNG-test=Regression-3] INFO  com.business.Tests.Tables_Static - Email
18:12:03.404 [TestNG-test=Regression-3] INFO  com.business.Tests.Tables_Static - Due
18:12:03.634 [TestNG-test=Regression-3] INFO  com.business.Tests.Tables_Static - Web Site
18:12:03.708 [TestNG-test=Regression-3] INFO  com.business.Tests.Tables_Static - Action
18:12:03.770 [TestNG-test=Regression-3] INFO  com.business.Utilities.Base - chrome-headless launched
18:12:04.359 [TestNG-test=Regression-3] INFO  com.business.Tests.Tables_Static - Smith John jsmith@gmail.com $50.00 http://www.jsmith.com edit delete
18:12:04.433 [TestNG-test=Regression-3] INFO  com.business.Tests.Tables_Static - Bach Frank fbach@yahoo.com $51.00 http://www.frank.com edit delete
18:12:04.525 [TestNG-test=Regression-3] INFO  com.business.Tests.Tables_Static - Doe Jason jdoe@hotmail.com $100.00 http://www.jdoe.com edit delete
18:12:04.586 [TestNG-test=Regression-3] INFO  com.business.Tests.Tables_Static - Conway Tim tconway@earthlink.net $50.00 http://www.timconway.com edit delete
18:12:04.626 [TestNG-test=Regression-3] INFO  com.business.Tests.Tables_Static - Doe Jason jdoe@hotmail.com $100.00 http://www.jdoe.com edit delete
18:12:04.693 [TestNG-test=Regression-3] INFO  com.business.Utilities.Base - chrome-headless launched
18:12:05.222 [TestNG-test=Regression-3] INFO  com.business.Tests.Tables_Static - John
18:12:05.270 [TestNG-test=Regression-3] INFO  com.business.Tests.Tables_Static - Frank
18:12:05.337 [TestNG-test=Regression-3] INFO  com.business.Tests.Tables_Static - Jason
18:12:05.417 [TestNG-test=Regression-3] INFO  com.business.Tests.Tables_Static - Tim
18:12:05.422 [TestNG-test=Regression-3] INFO  com.business.Utilities.Base - chrome-headless launched
18:12:06.137 [TestNG-test=Regression-3] INFO  com.business.Tests.Tables_Static - Email
18:12:06.860 [TestNG-test=Regression-3] INFO  com.business.Utilities.Base - chrome-headless launched
18:12:09.143 [TestNG-test=Regression-3] INFO  com.business.Utilities.Base - chrome-headless launched
18:12:11.154 [TestNG-test=Regression-3] INFO  com.business.Utilities.Base - chrome-headless launched
18:12:19.200 [TestNG-test=Regression-3] INFO  com.business.Utilities.Base - chrome-headless launched
18:12:20.184 [TestNG-test=Regression-2] INFO  com.business.Utilities.Base - chrome-headless launched
18:12:27.780 [TestNG-test=Regression-4] INFO  com.business.Utilities.Base - chrome-headless launched
18:12:28.801 [TestNG-test=Regression-3] INFO  com.business.Utilities.Base - chrome-headless launched
18:12:38.151 [TestNG-test=Regression-1] INFO  com.business.Utilities.Base - browser closed
18:16:20.865 [main] INFO  com.business.Utilities.Base - chrome-headless launched
18:17:13.550 [main] INFO  com.business.Utilities.Base - chrome-headless launched
18:17:15.767 [main] INFO  com.business.Tests.Actions_mouse - navigated to website
18:17:20.898 [main] INFO  com.business.Tests.Actions_mouse - switching to the frame
18:17:23.447 [main] INFO  com.business.Tests.Actions_mouse - dragging the element and dropping to drop field
18:17:23.752 [main] INFO  com.business.Tests.Actions_mouse - waiting for confirmation text to be visible
18:17:23.917 [main] INFO  com.business.Tests.Actions_mouse - element dropped 
18:17:23.919 [main] INFO  com.business.Utilities.Base - chrome-headless launched
18:17:28.765 [main] INFO  com.business.Utilities.Base - chrome-headless launched
18:17:56.016 [main] INFO  com.business.Utilities.Base - chrome-headless launched
18:17:56.038 [main] INFO  com.business.Tests.Actions_mouse - navigating the amazon.com
18:18:02.073 [main] INFO  com.business.Tests.Actions_mouse - entering text in Upeercase
18:18:04.812 [main] INFO  com.business.Tests.Actions_mouse - Verifying text added in Upeercase
18:18:05.717 [main] INFO  com.business.Tests.Actions_mouse - text passed in Uppercase
